Using pre-set license
Built from 'trunk' branch; Version is '6000.0.2f1 (c36be92430b9) revision 12807145'; Using compiler version '193933522'; Build Type 'Release'
OS: 'Windows 10  (10.0.19045) 64bit Professional' Language: 'en' Physical Memory: 32581 MB
BatchMode: 1, IsHumanControllingUs: 0, StartBugReporterOnCrash: 0, Is64bit: 1, IsPro: 1

COMMAND LINE ARGUMENTS:
C:\Program Files\Unity\Hub\Editor\6000.0.2f1\Editor\Unity.exe
-adb2
-batchMode
-noUpm
-name
AssetImportWorker77
-projectPath
C:/Users/PC/Documents/GitHub/AI-RPG/AI-RPG
-logFile
Logs/AssetImportWorker77.log
-srvPort
57376
-job-worker-count
13
-background-job-worker-count
8
-asset-garbage-collectors
1
Successfully changed project path to: C:/Users/PC/Documents/GitHub/AI-RPG/AI-RPG
C:/Users/PC/Documents/GitHub/AI-RPG/AI-RPG
[UnityMemory] Configuration Parameters - Can be set up in boot.config
    "memorysetup-bucket-allocator-granularity=16"
    "memorysetup-bucket-allocator-bucket-count=8"
    "memorysetup-bucket-allocator-block-size=33554432"
    "memorysetup-bucket-allocator-block-count=8"
    "memorysetup-main-allocator-block-size=16777216"
    "memorysetup-thread-allocator-block-size=16777216"
    "memorysetup-gfx-main-allocator-block-size=16777216"
    "memorysetup-gfx-thread-allocator-block-size=16777216"
    "memorysetup-cache-allocator-block-size=4194304"
    "memorysetup-typetree-allocator-block-size=2097152"
    "memorysetup-profiler-bucket-allocator-granularity=16"
    "memorysetup-profiler-bucket-allocator-bucket-count=8"
    "memorysetup-profiler-bucket-allocator-block-size=33554432"
    "memorysetup-profiler-bucket-allocator-block-count=8"
    "memorysetup-profiler-allocator-block-size=16777216"
    "memorysetup-profiler-editor-allocator-block-size=1048576"
    "memorysetup-temp-allocator-size-main=16777216"
    "memorysetup-job-temp-allocator-block-size=2097152"
    "memorysetup-job-temp-allocator-block-size-background=1048576"
    "memorysetup-job-temp-allocator-reduction-small-platforms=262144"
    "memorysetup-allocator-temp-initial-block-size-main=262144"
    "memorysetup-allocator-temp-initial-block-size-worker=262144"
    "memorysetup-temp-allocator-size-background-worker=32768"
    "memorysetup-temp-allocator-size-job-worker=262144"
    "memorysetup-temp-allocator-size-preload-manager=33554432"
    "memorysetup-temp-allocator-size-nav-mesh-worker=65536"
    "memorysetup-temp-allocator-size-audio-worker=65536"
    "memorysetup-temp-allocator-size-cloud-worker=32768"
    "memorysetup-temp-allocator-size-gi-baking-worker=262144"
    "memorysetup-temp-allocator-size-gi-baking-worker=262144"
    "memorysetup-temp-allocator-size-gi-baking-worker=262144"
    "memorysetup-temp-allocator-size-gi-baking-worker=262144"
    "memorysetup-temp-allocator-size-gi-baking-worker=262144"
    "memorysetup-temp-allocator-size-gfx=262144"
Player connection [43744]  Target information:

Player connection [43744]  * "[IP] 192.168.42.167 [Port] 0 [Flags] 2 [Guid] 525146118 [EditorId] 525146118 [Version] 1048832 [Id] WindowsEditor(7,DESKTOP-2VPR9IB) [Debug] 1 [PackageName] WindowsEditor [ProjectName] Editor" 

Player connection [43744]  * "[IP] 192.168.0.191 [Port] 0 [Flags] 2 [Guid] 525146118 [EditorId] 525146118 [Version] 1048832 [Id] WindowsEditor(7,DESKTOP-2VPR9IB) [Debug] 1 [PackageName] WindowsEditor [ProjectName] Editor" 

Player connection [43744] Host joined multi-casting on [225.0.0.222:54997]...
Player connection [43744] Host joined alternative multi-casting on [225.0.0.222:34997]...
JobSystem: Creating JobQueue using job-worker-count value 13
Library Redirect Path: Library/
[PhysX] Initialized MultithreadedTaskDispatcher with 14 workers.
Refreshing native plugins compatible for Editor in 1.88 ms, found 3 plugins.
Preloading 0 native plugins for Editor in 0.00 ms.
Initialize engine version: 6000.0.2f1 (c36be92430b9)
[Subsystems] Discovering subsystems at path C:/Program Files/Unity/Hub/Editor/6000.0.2f1/Editor/Data/Resources/UnitySubsystems
[Subsystems] Discovering subsystems at path C:/Users/PC/Documents/GitHub/AI-RPG/AI-RPG/Assets
GfxDevice: creating device client; kGfxThreadingModeNonThreaded
Direct3D:
    Version:  Direct3D 11.0 [level 11.1]
    Renderer: NVIDIA GeForce RTX 4070 SUPER (ID=0x2783)
    Vendor:   NVIDIA
    VRAM:     11999 MB
    Driver:   31.0.15.5222
Initialize mono
Mono path[0] = 'C:/Program Files/Unity/Hub/Editor/6000.0.2f1/Editor/Data/Managed'
Mono path[1] = 'C:/Program Files/Unity/Hub/Editor/6000.0.2f1/Editor/Data/MonoBleedingEdge/lib/mono/unityjit-win32'
Mono config path = 'C:/Program Files/Unity/Hub/Editor/6000.0.2f1/Editor/Data/MonoBleedingEdge/etc'
Using monoOptions --debugger-agent=transport=dt_socket,embedding=1,server=y,suspend=n,address=127.0.0.1:56912
Begin MonoManager ReloadAssembly
Registering precompiled unity dll's ...
Register platform support module: C:/Program Files/Unity/Hub/Editor/6000.0.2f1/Editor/Data/PlaybackEngines/WindowsStandaloneSupport/UnityEditor.WindowsStandalone.Extensions.dll
Registered in 0.003872 seconds.
- Loaded All Assemblies, in  0.828 seconds
Native extension for WindowsStandalone target not found
Mono: successfully reloaded assembly
- Finished resetting the current domain, in  0.824 seconds
Domain Reload Profiling: 1649ms
	BeginReloadAssembly (351ms)
		ExecutionOrderSort (0ms)
		DisableScriptedObjects (0ms)
		BackupInstance (0ms)
		ReleaseScriptingObjects (0ms)
		CreateAndSetChildDomain (1ms)
	RebuildCommonClasses (68ms)
	RebuildNativeTypeToScriptingClass (13ms)
	initialDomainReloadingComplete (105ms)
	LoadAllAssembliesAndSetupDomain (288ms)
		LoadAssemblies (347ms)
		RebuildTransferFunctionScriptingTraits (0ms)
		AnalyzeDomain (285ms)
			TypeCache.Refresh (284ms)
				TypeCache.ScanAssembly (268ms)
			BuildScriptInfoCaches (0ms)
			ResolveRequiredComponents (0ms)
	FinalizeReload (825ms)
		ReleaseScriptCaches (0ms)
		RebuildScriptCaches (0ms)
		SetupLoadedEditorAssemblies (746ms)
			LogAssemblyErrors (0ms)
			InitializePlatformSupportModulesInManaged (86ms)
			SetLoadedEditorAssemblies (6ms)
			BeforeProcessingInitializeOnLoad (9ms)
			ProcessInitializeOnLoadAttributes (179ms)
			ProcessInitializeOnLoadMethodAttributes (466ms)
			AfterProcessingInitializeOnLoad (0ms)
			EditorAssembliesLoaded (0ms)
		ExecutionOrderSort2 (0ms)
		AwakeInstancesAfterBackupRestoration (0ms)
========================================================================
Worker process is ready to serve import requests
Import Worker Mode flag is 0x00
Begin MonoManager ReloadAssembly
Symbol file LoadedFromMemory is not a mono symbol file
- Loaded All Assemblies, in  2.162 seconds
Refreshing native plugins compatible for Editor in 1.21 ms, found 3 plugins.
Native extension for WindowsStandalone target not found
Mono: successfully reloaded assembly
- Finished resetting the current domain, in  2.292 seconds
Domain Reload Profiling: 4439ms
	BeginReloadAssembly (942ms)
		ExecutionOrderSort (0ms)
		DisableScriptedObjects (7ms)
		BackupInstance (0ms)
		ReleaseScriptingObjects (0ms)
		CreateAndSetChildDomain (96ms)
	RebuildCommonClasses (44ms)
	RebuildNativeTypeToScriptingClass (32ms)
	initialDomainReloadingComplete (53ms)
	LoadAllAssembliesAndSetupDomain (1075ms)
		LoadAssemblies (950ms)
		RebuildTransferFunctionScriptingTraits (0ms)
		AnalyzeDomain (405ms)
			TypeCache.Refresh (301ms)
				TypeCache.ScanAssembly (278ms)
			BuildScriptInfoCaches (77ms)
			ResolveRequiredComponents (14ms)
	FinalizeReload (2292ms)
		ReleaseScriptCaches (0ms)
		RebuildScriptCaches (0ms)
		SetupLoadedEditorAssemblies (1830ms)
			LogAssemblyErrors (0ms)
			InitializePlatformSupportModulesInManaged (2ms)
			SetLoadedEditorAssemblies (5ms)
			BeforeProcessingInitializeOnLoad (228ms)
			ProcessInitializeOnLoadAttributes (546ms)
			ProcessInitializeOnLoadMethodAttributes (1041ms)
			AfterProcessingInitializeOnLoad (8ms)
			EditorAssembliesLoaded (0ms)
		ExecutionOrderSort2 (0ms)
		AwakeInstancesAfterBackupRestoration (6ms)
Launched and connected shader compiler UnityShaderCompiler.exe after 0.02 seconds
Refreshing native plugins compatible for Editor in 4.67 ms, found 3 plugins.
Preloading 0 native plugins for Editor in 0.00 ms.
Unloading 330 Unused Serialized files (Serialized files now loaded: 0)
Unloading 6381 unused Assets / (2.5 MB). Loaded Objects now: 7262.
Memory consumption went from 237.8 MB to 235.3 MB.
Total: 16.123900 ms (FindLiveObjects: 1.012000 ms CreateObjectMapping: 0.569100 ms MarkObjects: 12.627700 ms  DeleteObjects: 1.913700 ms)

========================================================================
Received Import Request.
  Time since last request: 50507.492538 seconds.
  path: Assets/Assets/Polaris - Low Poly Ecosystem/Poseidon - Low Poly Water System/Editor/Resources/SplineToolConfig.asset
  artifactKey: Guid(8e5e7a805294a72489c9d4af76a31acc) Importer(2089858483,192608db42251d675da83286b1cce702)
Start importing Assets/Assets/Polaris - Low Poly Ecosystem/Poseidon - Low Poly Water System/Editor/Resources/SplineToolConfig.asset using Guid(8e5e7a805294a72489c9d4af76a31acc) Importer(2089858483,192608db42251d675da83286b1cce702) (ScriptedImporter)[PhysX] Initialized MultithreadedTaskDispatcher with 14 workers.
 -> (artifact id: 'e48d28885b93388adc9508634e052b9d') in 0.1705868 seconds
Number of updated asset objects reloaded before import = 0Number of asset objects unloaded after import = 1

========================================================================
Received Import Request.
  Time since last request: 0.000022 seconds.
  path: Assets/Assets/Polaris - Low Poly Ecosystem/Polaris - Low Poly Terrain Engine/Samples/Pinwheel Studio/Materials/OldTree.mat
  artifactKey: Guid(f060003264469674aad81ac4c67a59e9) Importer(2089858483,192608db42251d675da83286b1cce702)
Start importing Assets/Assets/Polaris - Low Poly Ecosystem/Polaris - Low Poly Terrain Engine/Samples/Pinwheel Studio/Materials/OldTree.mat using Guid(f060003264469674aad81ac4c67a59e9) Importer(2089858483,192608db42251d675da83286b1cce702) (ScriptedImporter)[PhysX] Initialized MultithreadedTaskDispatcher with 14 workers.
 -> (artifact id: '52ec42b925525d656c7c1d359f2c86a3') in 0.0439475 seconds
Number of updated asset objects reloaded before import = 0Number of asset objects unloaded after import = 1

========================================================================
Received Import Request.
  Time since last request: 0.000034 seconds.
  path: Assets/Assets/Polaris - Low Poly Ecosystem/Polaris - Low Poly Terrain Engine/Editor/Models/Grid8.fbx
  artifactKey: Guid(9081e385818e5a34fa640710053249b6) Importer(2089858483,192608db42251d675da83286b1cce702)
Start importing Assets/Assets/Polaris - Low Poly Ecosystem/Polaris - Low Poly Terrain Engine/Editor/Models/Grid8.fbx using Guid(9081e385818e5a34fa640710053249b6) Importer(2089858483,192608db42251d675da83286b1cce702) (ScriptedImporter)[PhysX] Initialized MultithreadedTaskDispatcher with 14 workers.
 -> (artifact id: 'c8abaaa98a4f4fb4f818973ec7ed4a00') in 0.0924845 seconds
Number of updated asset objects reloaded before import = 0Number of asset objects unloaded after import = 8

========================================================================
Received Import Request.
  Time since last request: 0.000016 seconds.
  path: Assets/Assets/Polaris - Low Poly Ecosystem/Polaris - Low Poly Terrain Engine/Runtime/Scripts/TextureTool/Generators/GBlendLayer.cs
  artifactKey: Guid(2dad0566eee99ab4a830748b97e3f8b8) Importer(2089858483,192608db42251d675da83286b1cce702)
Start importing Assets/Assets/Polaris - Low Poly Ecosystem/Polaris - Low Poly Terrain Engine/Runtime/Scripts/TextureTool/Generators/GBlendLayer.cs using Guid(2dad0566eee99ab4a830748b97e3f8b8) Importer(2089858483,192608db42251d675da83286b1cce702) (ScriptedImporter)[PhysX] Initialized MultithreadedTaskDispatcher with 14 workers.
 -> (artifact id: 'd54438650338165571b9ce2b5c8ac272') in 0.0142613 seconds
Number of updated asset objects reloaded before import = 0Number of asset objects unloaded after import = 0

========================================================================
Received Import Request.
  Time since last request: 0.000018 seconds.
  path: Assets/Assets/Polaris - Low Poly Ecosystem/Polaris - Low Poly Terrain Engine/Editor/Scripts/Extensions/ExtensionPlaceholders/MeshToFilePlaceholder.cs
  artifactKey: Guid(bbc03eb773cca91498ca17956574f0e2) Importer(2089858483,192608db42251d675da83286b1cce702)
Start importing Assets/Assets/Polaris - Low Poly Ecosystem/Polaris - Low Poly Terrain Engine/Editor/Scripts/Extensions/ExtensionPlaceholders/MeshToFilePlaceholder.cs using Guid(bbc03eb773cca91498ca17956574f0e2) Importer(2089858483,192608db42251d675da83286b1cce702) (ScriptedImporter)[PhysX] Initialized MultithreadedTaskDispatcher with 14 workers.
 -> (artifact id: '85cb414ff129cafcc626d86203723512') in 0.0135497 seconds
Number of updated asset objects reloaded before import = 0Number of asset objects unloaded after import = 0

========================================================================
Received Import Request.
  Time since last request: 0.000024 seconds.
  path: Assets/Assets/Polaris - Low Poly Ecosystem/Poseidon - Low Poly Water System/Sample/Models/WaterPlane.fbx
  artifactKey: Guid(86d8315615075464a80ed706d7df78e3) Importer(2089858483,192608db42251d675da83286b1cce702)
Start importing Assets/Assets/Polaris - Low Poly Ecosystem/Poseidon - Low Poly Water System/Sample/Models/WaterPlane.fbx using Guid(86d8315615075464a80ed706d7df78e3) Importer(2089858483,192608db42251d675da83286b1cce702) (ScriptedImporter)[PhysX] Initialized MultithreadedTaskDispatcher with 14 workers.
 -> (artifact id: 'b006cb6ce6a11e3e76d5a9421af5d70a') in 0.0401348 seconds
Number of updated asset objects reloaded before import = 0Number of asset objects unloaded after import = 8

========================================================================
Received Import Request.
  Time since last request: 0.000025 seconds.
  path: Assets/Assets/Polaris - Low Poly Ecosystem/Polaris - Low Poly Terrain Engine/Editor/Scripts/Pinwheel.Polaris.Editor.asmdef
  artifactKey: Guid(5d7906c0134269149b5691f96c01c162) Importer(2089858483,192608db42251d675da83286b1cce702)
Start importing Assets/Assets/Polaris - Low Poly Ecosystem/Polaris - Low Poly Terrain Engine/Editor/Scripts/Pinwheel.Polaris.Editor.asmdef using Guid(5d7906c0134269149b5691f96c01c162) Importer(2089858483,192608db42251d675da83286b1cce702) (ScriptedImporter)[PhysX] Initialized MultithreadedTaskDispatcher with 14 workers.
 -> (artifact id: 'c362dc0f9b796ee05c1785445e56b35b') in 0.0164933 seconds
Number of updated asset objects reloaded before import = 0Number of asset objects unloaded after import = 1

========================================================================
Received Import Request.
  Time since last request: 0.000102 seconds.
  path: Assets/Assets/Polaris - Low Poly Ecosystem/Polaris - Low Poly Terrain Engine/Runtime/Scripts/Utilities/GNormalMapMode.cs
  artifactKey: Guid(7772edc54763e0c4abfcd23688e42651) Importer(2089858483,192608db42251d675da83286b1cce702)
Start importing Assets/Assets/Polaris - Low Poly Ecosystem/Polaris - Low Poly Terrain Engine/Runtime/Scripts/Utilities/GNormalMapMode.cs using Guid(7772edc54763e0c4abfcd23688e42651) Importer(2089858483,192608db42251d675da83286b1cce702) (ScriptedImporter)[PhysX] Initialized MultithreadedTaskDispatcher with 14 workers.
 -> (artifact id: '6d3cd4e0c9cbbe08e519e90c5d44db05') in 0.013072 seconds
Number of updated asset objects reloaded before import = 0Number of asset objects unloaded after import = 0

========================================================================
Received Import Request.
  Time since last request: 0.000023 seconds.
  path: Assets/Assets/Polaris - Low Poly Ecosystem/Polaris - Low Poly Terrain Engine/Runtime/Scripts/TerrainData/GAlbedoToVertexColorMode.cs
  artifactKey: Guid(400f8297c7702214bbf272e603499de0) Importer(2089858483,192608db42251d675da83286b1cce702)
Start importing Assets/Assets/Polaris - Low Poly Ecosystem/Polaris - Low Poly Terrain Engine/Runtime/Scripts/TerrainData/GAlbedoToVertexColorMode.cs using Guid(400f8297c7702214bbf272e603499de0) Importer(2089858483,192608db42251d675da83286b1cce702) (ScriptedImporter)[PhysX] Initialized MultithreadedTaskDispatcher with 14 workers.
 -> (artifact id: '26e50d19d9216f1f8df09adef91e3858') in 0.0166539 seconds
Number of updated asset objects reloaded before import = 0Number of asset objects unloaded after import = 0

========================================================================
Received Import Request.
  Time since last request: 0.000020 seconds.
  path: Assets/Assets/Polaris - Low Poly Ecosystem/Polaris - Low Poly Terrain Engine/Samples/Pinwheel Studio/Textures/GrassBlades_01.psd
  artifactKey: Guid(f72eaeae56b8a7b40aeff21652acc071) Importer(2089858483,192608db42251d675da83286b1cce702)
Start importing Assets/Assets/Polaris - Low Poly Ecosystem/Polaris - Low Poly Terrain Engine/Samples/Pinwheel Studio/Textures/GrassBlades_01.psd using Guid(f72eaeae56b8a7b40aeff21652acc071) Importer(2089858483,192608db42251d675da83286b1cce702) (ScriptedImporter)[PhysX] Initialized MultithreadedTaskDispatcher with 14 workers.
 -> (artifact id: '2939f7d2f733b7767e01f886a2abb56b') in 0.0620938 seconds
Number of updated asset objects reloaded before import = 0Number of asset objects unloaded after import = 1

========================================================================
Received Import Request.
  Time since last request: 0.000020 seconds.
  path: Assets/Assets/Polaris - Low Poly Ecosystem/Polaris - Low Poly Terrain Engine/Runtime/Materials/Terrain/Builtin_PBR_4Splats4Normals.mat
  artifactKey: Guid(8b56f8565d18b5a488774ab6a9517931) Importer(2089858483,192608db42251d675da83286b1cce702)
Start importing Assets/Assets/Polaris - Low Poly Ecosystem/Polaris - Low Poly Terrain Engine/Runtime/Materials/Terrain/Builtin_PBR_4Splats4Normals.mat using Guid(8b56f8565d18b5a488774ab6a9517931) Importer(2089858483,192608db42251d675da83286b1cce702) (ScriptedImporter)[PhysX] Initialized MultithreadedTaskDispatcher with 14 workers.
 -> (artifact id: 'ea0bcac371a3fa034401c411d1c0b20c') in 0.0135434 seconds
Number of updated asset objects reloaded before import = 0Number of asset objects unloaded after import = 1

========================================================================
Received Import Request.
  Time since last request: 0.000037 seconds.
  path: Assets/Assets/Polaris - Low Poly Ecosystem/Polaris - Low Poly Terrain Engine/Samples/Pinwheel Studio/Materials/Skeleton.mat
  artifactKey: Guid(7136b5e7cb6d2da4285f19308a5d484b) Importer(2089858483,192608db42251d675da83286b1cce702)
Start importing Assets/Assets/Polaris - Low Poly Ecosystem/Polaris - Low Poly Terrain Engine/Samples/Pinwheel Studio/Materials/Skeleton.mat using Guid(7136b5e7cb6d2da4285f19308a5d484b) Importer(2089858483,192608db42251d675da83286b1cce702) (ScriptedImporter)[PhysX] Initialized MultithreadedTaskDispatcher with 14 workers.
 -> (artifact id: '9e66b7f1ddb71a0c7fe1775ac1983cf8') in 0.0156441 seconds
Number of updated asset objects reloaded before import = 0Number of asset objects unloaded after import = 1

========================================================================
Received Import Request.
  Time since last request: 0.000016 seconds.
  path: Assets/Assets/Polaris - Low Poly Ecosystem/Poseidon - Low Poly Water System/Runtime/Shaders/Internal/SolidColor.shader
  artifactKey: Guid(b7af06121901bc949870ac3d8171a125) Importer(2089858483,192608db42251d675da83286b1cce702)
Start importing Assets/Assets/Polaris - Low Poly Ecosystem/Poseidon - Low Poly Water System/Runtime/Shaders/Internal/SolidColor.shader using Guid(b7af06121901bc949870ac3d8171a125) Importer(2089858483,192608db42251d675da83286b1cce702) (ScriptedImporter)[PhysX] Initialized MultithreadedTaskDispatcher with 14 workers.
 -> (artifact id: '922d771d113694add5097670e333a477') in 0.0158356 seconds
Number of updated asset objects reloaded before import = 0Number of asset objects unloaded after import = 1

========================================================================
Received Import Request.
  Time since last request: 2.108891 seconds.
  path: Assets/Assets/Polaris - Low Poly Ecosystem/Polaris - Low Poly Terrain Engine/Samples/Pinwheel Studio/Prefabs/Dead.prefab
  artifactKey: Guid(0c38cfea44e4e9c469223159012ec53f) Importer(2089858483,192608db42251d675da83286b1cce702)
Start importing Assets/Assets/Polaris - Low Poly Ecosystem/Polaris - Low Poly Terrain Engine/Samples/Pinwheel Studio/Prefabs/Dead.prefab using Guid(0c38cfea44e4e9c469223159012ec53f) Importer(2089858483,192608db42251d675da83286b1cce702) (ScriptedImporter)[PhysX] Initialized MultithreadedTaskDispatcher with 14 workers.
 -> (artifact id: 'e2f9eadd8d87537345d78611a00136a1') in 0.0328646 seconds
Number of updated asset objects reloaded before import = 0Number of asset objects unloaded after import = 8

========================================================================
Received Import Request.
  Time since last request: 0.000019 seconds.
  path: Assets/Assets/Polaris - Low Poly Ecosystem/Polaris - Low Poly Terrain Engine/Runtime/Scripts/StampTool/GObjectStamper.cs
  artifactKey: Guid(059eb2e48433fcb4d9e7de033a744202) Importer(2089858483,192608db42251d675da83286b1cce702)
Start importing Assets/Assets/Polaris - Low Poly Ecosystem/Polaris - Low Poly Terrain Engine/Runtime/Scripts/StampTool/GObjectStamper.cs using Guid(059eb2e48433fcb4d9e7de033a744202) Importer(2089858483,192608db42251d675da83286b1cce702) (ScriptedImporter)[PhysX] Initialized MultithreadedTaskDispatcher with 14 workers.
 -> (artifact id: 'cc5320f3b617fd9bf53ce2c5abbc23bf') in 0.0130078 seconds
Number of updated asset objects reloaded before import = 0Number of asset objects unloaded after import = 0

========================================================================
Received Import Request.
  Time since last request: 0.000026 seconds.
  path: Assets/Assets/Polaris - Low Poly Ecosystem/Polaris - Low Poly Terrain Engine/Runtime/Scripts/PaintTool/GeometryTexturePainters/GRemapPainter.cs
  artifactKey: Guid(7bd3b2c6a74be8e4da975dd2c362f071) Importer(2089858483,192608db42251d675da83286b1cce702)
Start importing Assets/Assets/Polaris - Low Poly Ecosystem/Polaris - Low Poly Terrain Engine/Runtime/Scripts/PaintTool/GeometryTexturePainters/GRemapPainter.cs using Guid(7bd3b2c6a74be8e4da975dd2c362f071) Importer(2089858483,192608db42251d675da83286b1cce702) (ScriptedImporter)[PhysX] Initialized MultithreadedTaskDispatcher with 14 workers.
 -> (artifact id: '46f1e23b1a72480791787a027fd3384c') in 0.011039 seconds
Number of updated asset objects reloaded before import = 0Number of asset objects unloaded after import = 0

========================================================================
Received Import Request.
  Time since last request: 0.000014 seconds.
  path: Assets/Assets/Polaris - Low Poly Ecosystem/Polaris - Low Poly Terrain Engine/Editor/Scripts/Core/GPackageInitializer.cs
  artifactKey: Guid(f0f1c762620d94c41a33e07bb21ece26) Importer(2089858483,192608db42251d675da83286b1cce702)
Start importing Assets/Assets/Polaris - Low Poly Ecosystem/Polaris - Low Poly Terrain Engine/Editor/Scripts/Core/GPackageInitializer.cs using Guid(f0f1c762620d94c41a33e07bb21ece26) Importer(2089858483,192608db42251d675da83286b1cce702) (ScriptedImporter)[PhysX] Initialized MultithreadedTaskDispatcher with 14 workers.
 -> (artifact id: 'd66dc5f64cffe5ccb28767ef901063b8') in 0.0140972 seconds
Number of updated asset objects reloaded before import = 0Number of asset objects unloaded after import = 0

========================================================================
Received Import Request.
  Time since last request: 0.000015 seconds.
  path: Assets/Assets/Polaris - Low Poly Ecosystem/Polaris - Low Poly Terrain Engine/Runtime/Shaders/BuiltinRP/Terrain/BuiltinRP_BlinnPhong_4Splats.shader
  artifactKey: Guid(302b95a44b67e11488203a6699357982) Importer(2089858483,192608db42251d675da83286b1cce702)
Start importing Assets/Assets/Polaris - Low Poly Ecosystem/Polaris - Low Poly Terrain Engine/Runtime/Shaders/BuiltinRP/Terrain/BuiltinRP_BlinnPhong_4Splats.shader using Guid(302b95a44b67e11488203a6699357982) Importer(2089858483,192608db42251d675da83286b1cce702) (ScriptedImporter)[PhysX] Initialized MultithreadedTaskDispatcher with 14 workers.
 -> (artifact id: 'd346d87d2736546f0efc92b0368ea654') in 0.0136958 seconds
Number of updated asset objects reloaded before import = 0Number of asset objects unloaded after import = 1

========================================================================
Received Import Request.
  Time since last request: 0.000015 seconds.
  path: Assets/Assets/Polaris - Low Poly Ecosystem/Polaris - Low Poly Terrain Engine/Runtime/Scripts/Rendering/GGrassPatchData.cs
  artifactKey: Guid(d8875b6227e50924cbf6acfb4716d1ca) Importer(2089858483,192608db42251d675da83286b1cce702)
Start importing Assets/Assets/Polaris - Low Poly Ecosystem/Polaris - Low Poly Terrain Engine/Runtime/Scripts/Rendering/GGrassPatchData.cs using Guid(d8875b6227e50924cbf6acfb4716d1ca) Importer(2089858483,192608db42251d675da83286b1cce702) (ScriptedImporter)[PhysX] Initialized MultithreadedTaskDispatcher with 14 workers.
 -> (artifact id: '3c16cb80200c3687d59b1a4350d7d8b1') in 0.0161515 seconds
Number of updated asset objects reloaded before import = 0Number of asset objects unloaded after import = 0

========================================================================
Received Import Request.
  Time since last request: 0.000016 seconds.
  path: Assets/Assets/Polaris - Low Poly Ecosystem/Poseidon - Low Poly Water System/Runtime/Shaders/CGIncludes/PMeshNoise.cginc
  artifactKey: Guid(ecf649469cdd7c640ba01bc894b9eff1) Importer(2089858483,192608db42251d675da83286b1cce702)
Start importing Assets/Assets/Polaris - Low Poly Ecosystem/Poseidon - Low Poly Water System/Runtime/Shaders/CGIncludes/PMeshNoise.cginc using Guid(ecf649469cdd7c640ba01bc894b9eff1) Importer(2089858483,192608db42251d675da83286b1cce702) (ScriptedImporter)[PhysX] Initialized MultithreadedTaskDispatcher with 14 workers.
 -> (artifact id: 'e44b115a198d074b2eba49504c4d55fd') in 0.0154485 seconds
Number of updated asset objects reloaded before import = 0Number of asset objects unloaded after import = 1

========================================================================
Received Import Request.
  Time since last request: 0.000021 seconds.
  path: Assets/Assets/Polaris - Low Poly Ecosystem/Polaris - Low Poly Terrain Engine/Runtime/Scripts/TerrainData/GTerrainResourceFlag.cs
  artifactKey: Guid(f310329d58589fb4a92ad28f559e8602) Importer(2089858483,192608db42251d675da83286b1cce702)
Start importing Assets/Assets/Polaris - Low Poly Ecosystem/Polaris - Low Poly Terrain Engine/Runtime/Scripts/TerrainData/GTerrainResourceFlag.cs using Guid(f310329d58589fb4a92ad28f559e8602) Importer(2089858483,192608db42251d675da83286b1cce702) (ScriptedImporter)[PhysX] Initialized MultithreadedTaskDispatcher with 14 workers.
 -> (artifact id: '6c4366e815315b94d9edd6ba5d6e2fc6') in 0.0147725 seconds
Number of updated asset objects reloaded before import = 0Number of asset objects unloaded after import = 0

========================================================================
Received Import Request.
  Time since last request: 0.000030 seconds.
  path: Assets/Assets/Polaris - Low Poly Ecosystem/Poseidon - Low Poly Water System/Runtime/Shaders/CGIncludes
  artifactKey: Guid(c6ac2380292fd96469b42d4aaa5e28a1) Importer(2089858483,192608db42251d675da83286b1cce702)
Start importing Assets/Assets/Polaris - Low Poly Ecosystem/Poseidon - Low Poly Water System/Runtime/Shaders/CGIncludes using Guid(c6ac2380292fd96469b42d4aaa5e28a1) Importer(2089858483,192608db42251d675da83286b1cce702) (ScriptedImporter)[PhysX] Initialized MultithreadedTaskDispatcher with 14 workers.
 -> (artifact id: 'eb3de9bac5fee30ca7fb091c5a7a03ec') in 0.0119431 seconds
Number of updated asset objects reloaded before import = 0Number of asset objects unloaded after import = 1

========================================================================
Received Import Request.
  Time since last request: 0.000018 seconds.
  path: Assets/Assets/Polaris - Low Poly Ecosystem/Polaris - Low Poly Terrain Engine/Runtime/Scripts/DataTool/GUnityTerrainDataImporter.cs
  artifactKey: Guid(c85a01858572a784fa54cdff98d3736a) Importer(2089858483,192608db42251d675da83286b1cce702)
Start importing Assets/Assets/Polaris - Low Poly Ecosystem/Polaris - Low Poly Terrain Engine/Runtime/Scripts/DataTool/GUnityTerrainDataImporter.cs using Guid(c85a01858572a784fa54cdff98d3736a) Importer(2089858483,192608db42251d675da83286b1cce702) (ScriptedImporter)[PhysX] Initialized MultithreadedTaskDispatcher with 14 workers.
 -> (artifact id: 'ac7207209ebf1256ed5742d33e63fed4') in 0.0133506 seconds
Number of updated asset objects reloaded before import = 0Number of asset objects unloaded after import = 0

========================================================================
Received Import Request.
  Time since last request: 0.000017 seconds.
  path: Assets/Assets/Polaris - Low Poly Ecosystem/Polaris - Low Poly Terrain Engine/Editor/Scripts/Build/GShaderBuildProcessor.cs
  artifactKey: Guid(616ec22d160357145a0e228a2c6b9041) Importer(2089858483,192608db42251d675da83286b1cce702)
Start importing Assets/Assets/Polaris - Low Poly Ecosystem/Polaris - Low Poly Terrain Engine/Editor/Scripts/Build/GShaderBuildProcessor.cs using Guid(616ec22d160357145a0e228a2c6b9041) Importer(2089858483,192608db42251d675da83286b1cce702) (ScriptedImporter)[PhysX] Initialized MultithreadedTaskDispatcher with 14 workers.
 -> (artifact id: 'd05ee45bac43993d3a0940a291627260') in 0.0133549 seconds
Number of updated asset objects reloaded before import = 0Number of asset objects unloaded after import = 0

========================================================================
Received Import Request.
  Time since last request: 0.000016 seconds.
  path: Assets/Assets/Polaris - Low Poly Ecosystem/Poseidon - Low Poly Water System/Runtime/Scripts/Core/PWaterProfile.cs
  artifactKey: Guid(004ffb8c9b4e90d438d35887f7b002e4) Importer(2089858483,192608db42251d675da83286b1cce702)
Start importing Assets/Assets/Polaris - Low Poly Ecosystem/Poseidon - Low Poly Water System/Runtime/Scripts/Core/PWaterProfile.cs using Guid(004ffb8c9b4e90d438d35887f7b002e4) Importer(2089858483,192608db42251d675da83286b1cce702) (ScriptedImporter)[PhysX] Initialized MultithreadedTaskDispatcher with 14 workers.
 -> (artifact id: 'edf3c2bfb3af30412919e1eb0ff59abf') in 0.0130844 seconds
Number of updated asset objects reloaded before import = 0Number of asset objects unloaded after import = 0

========================================================================
Received Import Request.
  Time since last request: 0.000018 seconds.
  path: Assets/Assets/Polaris - Low Poly Ecosystem/Poseidon - Low Poly Water System/Runtime/Shaders/CGIncludes/PWave.cginc
  artifactKey: Guid(fa461cb0cc467c14fac622a5ed1e0a26) Importer(2089858483,192608db42251d675da83286b1cce702)
Start importing Assets/Assets/Polaris - Low Poly Ecosystem/Poseidon - Low Poly Water System/Runtime/Shaders/CGIncludes/PWave.cginc using Guid(fa461cb0cc467c14fac622a5ed1e0a26) Importer(2089858483,192608db42251d675da83286b1cce702) (ScriptedImporter)[PhysX] Initialized MultithreadedTaskDispatcher with 14 workers.
 -> (artifact id: 'd6dc02c7502aa52cf3368dc91d5f98e0') in 0.0149569 seconds
Number of updated asset objects reloaded before import = 0Number of asset objects unloaded after import = 1

========================================================================
Received Import Request.
  Time since last request: 0.000017 seconds.
  path: Assets/Assets/Polaris - Low Poly Ecosystem/Polaris - Low Poly Terrain Engine/Runtime/Shaders/Internal/PaintTool/ConditionalPainting.cginc
  artifactKey: Guid(9e0abed4efb083f43a5f513c8078411d) Importer(2089858483,192608db42251d675da83286b1cce702)
Start importing Assets/Assets/Polaris - Low Poly Ecosystem/Polaris - Low Poly Terrain Engine/Runtime/Shaders/Internal/PaintTool/ConditionalPainting.cginc using Guid(9e0abed4efb083f43a5f513c8078411d) Importer(2089858483,192608db42251d675da83286b1cce702) (ScriptedImporter)[PhysX] Initialized MultithreadedTaskDispatcher with 14 workers.
 -> (artifact id: 'cd5892bedeabaca6c4c1b11b07b8560a') in 0.0174091 seconds
Number of updated asset objects reloaded before import = 0Number of asset objects unloaded after import = 1

========================================================================
Received Import Request.
  Time since last request: 0.000027 seconds.
  path: Assets/Assets/Polaris - Low Poly Ecosystem/Polaris - Low Poly Terrain Engine/Editor/Textures/MeshToFileIcon.png
  artifactKey: Guid(5ffa66cafc6dd054aaaef70f2872e654) Importer(2089858483,192608db42251d675da83286b1cce702)
Start importing Assets/Assets/Polaris - Low Poly Ecosystem/Polaris - Low Poly Terrain Engine/Editor/Textures/MeshToFileIcon.png using Guid(5ffa66cafc6dd054aaaef70f2872e654) Importer(2089858483,192608db42251d675da83286b1cce702) (ScriptedImporter)[PhysX] Initialized MultithreadedTaskDispatcher with 14 workers.
 -> (artifact id: '90411df307550b2152bb3c300b2b31cf') in 0.0268098 seconds
Number of updated asset objects reloaded before import = 0Number of asset objects unloaded after import = 1

========================================================================
Received Import Request.
  Time since last request: 0.000023 seconds.
  path: Assets/Assets/Polaris - Low Poly Ecosystem/Polaris - Low Poly Terrain Engine/Samples/Pinwheel Studio/Materials/AutumnTree2.mat
  artifactKey: Guid(6f0e4c3dd6e1bbc45aec4d7514a897d0) Importer(2089858483,192608db42251d675da83286b1cce702)
Start importing Assets/Assets/Polaris - Low Poly Ecosystem/Polaris - Low Poly Terrain Engine/Samples/Pinwheel Studio/Materials/AutumnTree2.mat using Guid(6f0e4c3dd6e1bbc45aec4d7514a897d0) Importer(2089858483,192608db42251d675da83286b1cce702) (ScriptedImporter)[PhysX] Initialized MultithreadedTaskDispatcher with 14 workers.
 -> (artifact id: '11a20dc510eabdd369ef0c9a3d749b58') in 0.0168469 seconds
Number of updated asset objects reloaded before import = 0Number of asset objects unloaded after import = 2

========================================================================
Received Import Request.
  Time since last request: 0.000016 seconds.
  path: Assets/Assets/Polaris - Low Poly Ecosystem/Poseidon - Low Poly Water System/Editor/Scripts/Core/PSplineEditingGUIDrawer.cs
  artifactKey: Guid(98ebbf81516ce744095876c548d6dbe4) Importer(2089858483,192608db42251d675da83286b1cce702)
Start importing Assets/Assets/Polaris - Low Poly Ecosystem/Poseidon - Low Poly Water System/Editor/Scripts/Core/PSplineEditingGUIDrawer.cs using Guid(98ebbf81516ce744095876c548d6dbe4) Importer(2089858483,192608db42251d675da83286b1cce702) (ScriptedImporter)[PhysX] Initialized MultithreadedTaskDispatcher with 14 workers.
 -> (artifact id: 'a7f5ab33cf021cccbf4d0ea7ab28d0ce') in 0.013282 seconds
Number of updated asset objects reloaded before import = 0Number of asset objects unloaded after import = 0

========================================================================
Received Import Request.
  Time since last request: 2.194039 seconds.
  path: Assets/Assets/Polaris - Low Poly Ecosystem/Poseidon - Low Poly Water System/Runtime/Scripts/Utilities/PUtilities.cs
  artifactKey: Guid(2b0fc59c1c3b1c142af7d8c71d61f3ff) Importer(2089858483,192608db42251d675da83286b1cce702)
Start importing Assets/Assets/Polaris - Low Poly Ecosystem/Poseidon - Low Poly Water System/Runtime/Scripts/Utilities/PUtilities.cs using Guid(2b0fc59c1c3b1c142af7d8c71d61f3ff) Importer(2089858483,192608db42251d675da83286b1cce702) (ScriptedImporter)[PhysX] Initialized MultithreadedTaskDispatcher with 14 workers.
 -> (artifact id: 'ae41cd458cc7480ce298c5107fb48b45') in 0.0133391 seconds
Number of updated asset objects reloaded before import = 0Number of asset objects unloaded after import = 0

========================================================================
Received Import Request.
  Time since last request: 0.000011 seconds.
  path: Assets/Assets/Polaris - Low Poly Ecosystem/Polaris - Low Poly Terrain Engine/Samples/Pinwheel Studio/Shaders/ThunderParticles.cginc
  artifactKey: Guid(43351939825a0f44c9cf29b1d2775ffa) Importer(2089858483,192608db42251d675da83286b1cce702)
Start importing Assets/Assets/Polaris - Low Poly Ecosystem/Polaris - Low Poly Terrain Engine/Samples/Pinwheel Studio/Shaders/ThunderParticles.cginc using Guid(43351939825a0f44c9cf29b1d2775ffa) Importer(2089858483,192608db42251d675da83286b1cce702) (ScriptedImporter)[PhysX] Initialized MultithreadedTaskDispatcher with 14 workers.
 -> (artifact id: '6df65ad543c6a305b4ab54969160d901') in 0.0165304 seconds
Number of updated asset objects reloaded before import = 0Number of asset objects unloaded after import = 1

========================================================================
Received Import Request.
  Time since last request: 0.000020 seconds.
  path: Assets/Assets/Polaris - Low Poly Ecosystem/Poseidon - Low Poly Water System/Sample/Textures/Demo_02_WaveMask.png.png
  artifactKey: Guid(df84b0e04058dbf448cb95616635cd26) Importer(2089858483,192608db42251d675da83286b1cce702)
Start importing Assets/Assets/Polaris - Low Poly Ecosystem/Poseidon - Low Poly Water System/Sample/Textures/Demo_02_WaveMask.png.png using Guid(df84b0e04058dbf448cb95616635cd26) Importer(2089858483,192608db42251d675da83286b1cce702) (ScriptedImporter)[PhysX] Initialized MultithreadedTaskDispatcher with 14 workers.
 -> (artifact id: 'b5fa8f90de3d966bd08a9e51c400bc8d') in 0.0262772 seconds
Number of updated asset objects reloaded before import = 0Number of asset objects unloaded after import = 1

========================================================================
Received Import Request.
  Time since last request: 0.000026 seconds.
  path: Assets/Assets/Polaris - Low Poly Ecosystem/Polaris - Low Poly Terrain Engine/Samples/Pinwheel Studio/Scenes/Demo_01/PostProcessingVolume Profile.asset
  artifactKey: Guid(6ad07dbaa5cf30f4e895d6d008946753) Importer(2089858483,192608db42251d675da83286b1cce702)
Start importing Assets/Assets/Polaris - Low Poly Ecosystem/Polaris - Low Poly Terrain Engine/Samples/Pinwheel Studio/Scenes/Demo_01/PostProcessingVolume Profile.asset using Guid(6ad07dbaa5cf30f4e895d6d008946753) Importer(2089858483,192608db42251d675da83286b1cce702) (ScriptedImporter)[PhysX] Initialized MultithreadedTaskDispatcher with 14 workers.
 -> (artifact id: 'fd1e607e128d594b7c83f131d7d7640f') in 0.0157508 seconds
Number of updated asset objects reloaded before import = 0Number of asset objects unloaded after import = 1

========================================================================
Received Import Request.
  Time since last request: 0.000017 seconds.
  path: Assets/Assets/Polaris - Low Poly Ecosystem/Polaris - Low Poly Terrain Engine/Runtime/Scripts/PaintTool/FoliagePainters/GTreeScaler.cs
  artifactKey: Guid(db6e69be87ee1bf40a74abc0b5b49946) Importer(2089858483,192608db42251d675da83286b1cce702)
Start importing Assets/Assets/Polaris - Low Poly Ecosystem/Polaris - Low Poly Terrain Engine/Runtime/Scripts/PaintTool/FoliagePainters/GTreeScaler.cs using Guid(db6e69be87ee1bf40a74abc0b5b49946) Importer(2089858483,192608db42251d675da83286b1cce702) (ScriptedImporter)[PhysX] Initialized MultithreadedTaskDispatcher with 14 workers.
 -> (artifact id: '90ee62bfa18f682b1ddc62cecacd9a76') in 0.0119369 seconds
Number of updated asset objects reloaded before import = 0Number of asset objects unloaded after import = 0

========================================================================
Received Import Request.
  Time since last request: 0.000018 seconds.
  path: Assets/Assets/Polaris - Low Poly Ecosystem/Polaris - Low Poly Terrain Engine/Runtime/Textures/PerlinNoise.png
  artifactKey: Guid(506efc34a9983ac4880684638edb4f9c) Importer(2089858483,192608db42251d675da83286b1cce702)
Start importing Assets/Assets/Polaris - Low Poly Ecosystem/Polaris - Low Poly Terrain Engine/Runtime/Textures/PerlinNoise.png using Guid(506efc34a9983ac4880684638edb4f9c) Importer(2089858483,192608db42251d675da83286b1cce702) (ScriptedImporter)[PhysX] Initialized MultithreadedTaskDispatcher with 14 workers.
 -> (artifact id: '7a4389164eb28e9025e0a73dfb2a0ac9') in 0.0265381 seconds
Number of updated asset objects reloaded before import = 0Number of asset objects unloaded after import = 1

========================================================================
Received Import Request.
  Time since last request: 0.000018 seconds.
  path: Assets/Assets/Polaris - Low Poly Ecosystem/Polaris - Low Poly Terrain Engine/Runtime/Scripts/Rendering/IGGrassMaterialConfigurator.cs
  artifactKey: Guid(cb9c323a4aad2d4469e14d941215b1ce) Importer(2089858483,192608db42251d675da83286b1cce702)
Start importing Assets/Assets/Polaris - Low Poly Ecosystem/Polaris - Low Poly Terrain Engine/Runtime/Scripts/Rendering/IGGrassMaterialConfigurator.cs using Guid(cb9c323a4aad2d4469e14d941215b1ce) Importer(2089858483,192608db42251d675da83286b1cce702) (ScriptedImporter)[PhysX] Initialized MultithreadedTaskDispatcher with 14 workers.
 -> (artifact id: '0657e97e50e65ade3e2e05fe6f0a4013') in 0.0115775 seconds
Number of updated asset objects reloaded before import = 0Number of asset objects unloaded after import = 0

========================================================================
Received Import Request.
  Time since last request: 0.000017 seconds.
  path: Assets/Assets/Polaris - Low Poly Ecosystem/Poseidon - Low Poly Water System/Sample/Scripts/SimpleBuoyController.cs
  artifactKey: Guid(2507eafd38a7a8a4ea3c2bf3040bac20) Importer(2089858483,192608db42251d675da83286b1cce702)
Start importing Assets/Assets/Polaris - Low Poly Ecosystem/Poseidon - Low Poly Water System/Sample/Scripts/SimpleBuoyController.cs using Guid(2507eafd38a7a8a4ea3c2bf3040bac20) Importer(2089858483,192608db42251d675da83286b1cce702) (ScriptedImporter)[PhysX] Initialized MultithreadedTaskDispatcher with 14 workers.
 -> (artifact id: 'ab16a990bc8203ba9372c800bc1148e7') in 0.0158619 seconds
Number of updated asset objects reloaded before import = 0Number of asset objects unloaded after import = 0

========================================================================
Received Import Request.
  Time since last request: 0.000019 seconds.
  path: Assets/Assets/Polaris - Low Poly Ecosystem/Polaris - Low Poly Terrain Engine/Runtime/Scripts/PaintTool/GeometryTexturePainters/IConditionalPainter.cs
  artifactKey: Guid(85dc21eb047aaaa4db54d9a3f9ed779c) Importer(2089858483,192608db42251d675da83286b1cce702)
Start importing Assets/Assets/Polaris - Low Poly Ecosystem/Polaris - Low Poly Terrain Engine/Runtime/Scripts/PaintTool/GeometryTexturePainters/IConditionalPainter.cs using Guid(85dc21eb047aaaa4db54d9a3f9ed779c) Importer(2089858483,192608db42251d675da83286b1cce702) (ScriptedImporter)[PhysX] Initialized MultithreadedTaskDispatcher with 14 workers.
 -> (artifact id: '5f1a5cf9838a0441afcb5062906e26e0') in 0.0125157 seconds
Number of updated asset objects reloaded before import = 0Number of asset objects unloaded after import = 0

========================================================================
Received Import Request.
  Time since last request: 0.000028 seconds.
  path: Assets/Assets/Polaris - Low Poly Ecosystem/Poseidon - Low Poly Water System/Runtime/Shaders/UniversalRP/WaterBackFaceURP.shader
  artifactKey: Guid(59d3c4f6b0aca0340a64c081a7b0dc1e) Importer(2089858483,192608db42251d675da83286b1cce702)
Start importing Assets/Assets/Polaris - Low Poly Ecosystem/Poseidon - Low Poly Water System/Runtime/Shaders/UniversalRP/WaterBackFaceURP.shader using Guid(59d3c4f6b0aca0340a64c081a7b0dc1e) Importer(2089858483,192608db42251d675da83286b1cce702) (ScriptedImporter)[PhysX] Initialized MultithreadedTaskDispatcher with 14 workers.
 -> (artifact id: 'fa3349deb7e5d371a44d54bc999620d4') in 0.0145595 seconds
Number of updated asset objects reloaded before import = 0Number of asset objects unloaded after import = 1

========================================================================
Received Import Request.
  Time since last request: 0.000018 seconds.
  path: Assets/Assets/Polaris - Low Poly Ecosystem/Jupiter - Procedural Sky/Sample/Scenes/StarryNight/SkyProfile-328763143758421736.asset
  artifactKey: Guid(d8aced6e1d4470c408ba6018f71fa776) Importer(2089858483,192608db42251d675da83286b1cce702)
Start importing Assets/Assets/Polaris - Low Poly Ecosystem/Jupiter - Procedural Sky/Sample/Scenes/StarryNight/SkyProfile-328763143758421736.asset using Guid(d8aced6e1d4470c408ba6018f71fa776) Importer(2089858483,192608db42251d675da83286b1cce702) (ScriptedImporter)[PhysX] Initialized MultithreadedTaskDispatcher with 14 workers.
 -> (artifact id: 'b8b7365342abd419493a9aadc58a0123') in 0.1135545 seconds
Number of updated asset objects reloaded before import = 0Number of asset objects unloaded after import = 4

========================================================================
Received Import Request.
  Time since last request: 0.000015 seconds.
  path: Assets/Assets/Polaris - Low Poly Ecosystem/Jupiter - Procedural Sky/Runtime/DefaultProfiles/DefaulDNC.asset
  artifactKey: Guid(038b4db3822d0934bafe44586a5925fe) Importer(2089858483,192608db42251d675da83286b1cce702)
Start importing Assets/Assets/Polaris - Low Poly Ecosystem/Jupiter - Procedural Sky/Runtime/DefaultProfiles/DefaulDNC.asset using Guid(038b4db3822d0934bafe44586a5925fe) Importer(2089858483,192608db42251d675da83286b1cce702) (ScriptedImporter)[PhysX] Initialized MultithreadedTaskDispatcher with 14 workers.
 -> (artifact id: '9bed3fdc2207c904ed280a18aac2eec7') in 0.0159415 seconds
Number of updated asset objects reloaded before import = 0Number of asset objects unloaded after import = 1

========================================================================
Received Import Request.
  Time since last request: 0.000019 seconds.
  path: Assets/Assets/Polaris - Low Poly Ecosystem/Polaris - Low Poly Terrain Engine/Samples/Pinwheel Studio/Prefabs/AutumnTree2.prefab
  artifactKey: Guid(991dab34aeadc1f499582a575f38896c) Importer(2089858483,192608db42251d675da83286b1cce702)
Start importing Assets/Assets/Polaris - Low Poly Ecosystem/Polaris - Low Poly Terrain Engine/Samples/Pinwheel Studio/Prefabs/AutumnTree2.prefab using Guid(991dab34aeadc1f499582a575f38896c) Importer(2089858483,192608db42251d675da83286b1cce702) (ScriptedImporter)[PhysX] Initialized MultithreadedTaskDispatcher with 14 workers.
 -> (artifact id: 'ce23bfbcfb92432ae58d09c5d802034e') in 0.0256364 seconds
Number of updated asset objects reloaded before import = 0Number of asset objects unloaded after import = 8

========================================================================
Received Import Request.
  Time since last request: 0.000025 seconds.
  path: Assets/Assets/Polaris - Low Poly Ecosystem/Polaris - Low Poly Terrain Engine/Runtime/Shaders/BuiltinRP/Terrain/BuiltinRP_BlinnPhong_GradientLookup.shader
  artifactKey: Guid(526d3dcad547e2443a873307fb454ba5) Importer(2089858483,192608db42251d675da83286b1cce702)
Start importing Assets/Assets/Polaris - Low Poly Ecosystem/Polaris - Low Poly Terrain Engine/Runtime/Shaders/BuiltinRP/Terrain/BuiltinRP_BlinnPhong_GradientLookup.shader using Guid(526d3dcad547e2443a873307fb454ba5) Importer(2089858483,192608db42251d675da83286b1cce702) (ScriptedImporter)[PhysX] Initialized MultithreadedTaskDispatcher with 14 workers.
 -> (artifact id: '275fffed0e380e91ddb408d19f2fe406') in 0.0142909 seconds
Number of updated asset objects reloaded before import = 0Number of asset objects unloaded after import = 1

========================================================================
Received Import Request.
  Time since last request: 2.210561 seconds.
  path: Assets/Assets/Polaris - Low Poly Ecosystem/Polaris - Low Poly Terrain Engine/Editor/Resources/PolarisBrushes/WhiteSquare.png
  artifactKey: Guid(a980d13c990ec08429a09a1d0c1edb47) Importer(2089858483,192608db42251d675da83286b1cce702)
Start importing Assets/Assets/Polaris - Low Poly Ecosystem/Polaris - Low Poly Terrain Engine/Editor/Resources/PolarisBrushes/WhiteSquare.png using Guid(a980d13c990ec08429a09a1d0c1edb47) Importer(2089858483,192608db42251d675da83286b1cce702) (ScriptedImporter)[PhysX] Initialized MultithreadedTaskDispatcher with 14 workers.
 -> (artifact id: 'f5580b167668b4715a4f0141cd0e0089') in 0.0215584 seconds
Number of updated asset objects reloaded before import = 0Number of asset objects unloaded after import = 1

========================================================================
Received Import Request.
  Time since last request: 0.000014 seconds.
  path: Assets/Assets/Polaris - Low Poly Ecosystem/Poseidon - Low Poly Water System/Runtime/Shaders/BuiltinRP/BuiltinRP_ForwardBase.cginc
  artifactKey: Guid(72fbdc83820bf7a44b4bb3d456a0ae6e) Importer(2089858483,192608db42251d675da83286b1cce702)
Start importing Assets/Assets/Polaris - Low Poly Ecosystem/Poseidon - Low Poly Water System/Runtime/Shaders/BuiltinRP/BuiltinRP_ForwardBase.cginc using Guid(72fbdc83820bf7a44b4bb3d456a0ae6e) Importer(2089858483,192608db42251d675da83286b1cce702) (ScriptedImporter)[PhysX] Initialized MultithreadedTaskDispatcher with 14 workers.
 -> (artifact id: '8b6672fb46ea0f641b560fcf1fd1b963') in 0.014635 seconds
Number of updated asset objects reloaded before import = 0Number of asset objects unloaded after import = 1

========================================================================
Received Import Request.
  Time since last request: 0.000014 seconds.
  path: Assets/Assets/Polaris - Low Poly Ecosystem/Polaris - Low Poly Terrain Engine/Samples/Pinwheel Studio/Scenes/Demo_00/RiverDeltaSplats.asset
  artifactKey: Guid(52a9979e1fd2da142a2316c5217c417f) Importer(2089858483,192608db42251d675da83286b1cce702)
Start importing Assets/Assets/Polaris - Low Poly Ecosystem/Polaris - Low Poly Terrain Engine/Samples/Pinwheel Studio/Scenes/Demo_00/RiverDeltaSplats.asset using Guid(52a9979e1fd2da142a2316c5217c417f) Importer(2089858483,192608db42251d675da83286b1cce702) (ScriptedImporter)[PhysX] Initialized MultithreadedTaskDispatcher with 14 workers.
 -> (artifact id: '5d1e6132c8b9fb934fd49cde7b4a79a8') in 0.0372856 seconds
Number of updated asset objects reloaded before import = 0Number of asset objects unloaded after import = 5

========================================================================
Received Import Request.
  Time since last request: 0.000014 seconds.
  path: Assets/Assets/Polaris - Low Poly Ecosystem/Polaris - Low Poly Terrain Engine/Runtime/Scripts/Core/GTerrainChunkLOD.cs
  artifactKey: Guid(7ea53212566efad49ba506844b5af0a2) Importer(2089858483,192608db42251d675da83286b1cce702)
Start importing Assets/Assets/Polaris - Low Poly Ecosystem/Polaris - Low Poly Terrain Engine/Runtime/Scripts/Core/GTerrainChunkLOD.cs using Guid(7ea53212566efad49ba506844b5af0a2) Importer(2089858483,192608db42251d675da83286b1cce702) (ScriptedImporter)[PhysX] Initialized MultithreadedTaskDispatcher with 14 workers.
 -> (artifact id: 'b302d05368e697dde2059e46866db121') in 0.0121044 seconds
Number of updated asset objects reloaded before import = 0Number of asset objects unloaded after import = 0

========================================================================
Received Import Request.
  Time since last request: 0.000019 seconds.
  path: Assets/Assets/Polaris - Low Poly Ecosystem/Polaris - Low Poly Terrain Engine/Runtime/Scripts/PaintTool/FoliagePainters/GFoliagePainter.cs
  artifactKey: Guid(2e2008cbec175ad4ebdeee8f0afc9a7e) Importer(2089858483,192608db42251d675da83286b1cce702)
Start importing Assets/Assets/Polaris - Low Poly Ecosystem/Polaris - Low Poly Terrain Engine/Runtime/Scripts/PaintTool/FoliagePainters/GFoliagePainter.cs using Guid(2e2008cbec175ad4ebdeee8f0afc9a7e) Importer(2089858483,192608db42251d675da83286b1cce702) (ScriptedImporter)[PhysX] Initialized MultithreadedTaskDispatcher with 14 workers.
 -> (artifact id: '69e4e81eba96a31bafdbd1b189604eeb') in 0.013523 seconds
Number of updated asset objects reloaded before import = 0Number of asset objects unloaded after import = 0

========================================================================
Received Import Request.
  Time since last request: 0.000024 seconds.
  path: Assets/Assets/Polaris - Low Poly Ecosystem/Polaris - Low Poly Terrain Engine/Samples/Pinwheel Studio/Scripts/GFpsCounter.cs
  artifactKey: Guid(dc664748b5c85ee4e89a3cc8374e578a) Importer(2089858483,192608db42251d675da83286b1cce702)
Start importing Assets/Assets/Polaris - Low Poly Ecosystem/Polaris - Low Poly Terrain Engine/Samples/Pinwheel Studio/Scripts/GFpsCounter.cs using Guid(dc664748b5c85ee4e89a3cc8374e578a) Importer(2089858483,192608db42251d675da83286b1cce702) (ScriptedImporter)[PhysX] Initialized MultithreadedTaskDispatcher with 14 workers.
 -> (artifact id: 'dbda366c25827add1b3bbec4d86f8d76') in 0.0113886 seconds
Number of updated asset objects reloaded before import = 0Number of asset objects unloaded after import = 0

========================================================================
Received Import Request.
  Time since last request: 0.000016 seconds.
  path: Assets/Assets/Polaris - Low Poly Ecosystem/Poseidon - Low Poly Water System/Runtime/Textures/DefaultNormalMap.png
  artifactKey: Guid(60b954d54d7515a4ca61b99ffb84bd35) Importer(2089858483,192608db42251d675da83286b1cce702)
Start importing Assets/Assets/Polaris - Low Poly Ecosystem/Poseidon - Low Poly Water System/Runtime/Textures/DefaultNormalMap.png using Guid(60b954d54d7515a4ca61b99ffb84bd35) Importer(2089858483,192608db42251d675da83286b1cce702) (ScriptedImporter)[PhysX] Initialized MultithreadedTaskDispatcher with 14 workers.
 -> (artifact id: '2c8a33f8bdbd9d6867d713b8f2b2f8d8') in 0.0216297 seconds
Number of updated asset objects reloaded before import = 0Number of asset objects unloaded after import = 1

========================================================================
Received Import Request.
  Time since last request: 0.000017 seconds.
  path: Assets/Assets/Polaris - Low Poly Ecosystem/Polaris - Low Poly Terrain Engine/Runtime/Scripts/BillboardTool/GBillboardRenderMode.cs
  artifactKey: Guid(1c1899d241a3f334db77c960024ddb3b) Importer(2089858483,192608db42251d675da83286b1cce702)
Start importing Assets/Assets/Polaris - Low Poly Ecosystem/Polaris - Low Poly Terrain Engine/Runtime/Scripts/BillboardTool/GBillboardRenderMode.cs using Guid(1c1899d241a3f334db77c960024ddb3b) Importer(2089858483,192608db42251d675da83286b1cce702) (ScriptedImporter)[PhysX] Initialized MultithreadedTaskDispatcher with 14 workers.
 -> (artifact id: '16420c1bfb7b8c9d10efe049fddf8d27') in 0.0119086 seconds
Number of updated asset objects reloaded before import = 0Number of asset objects unloaded after import = 0

========================================================================
Received Import Request.
  Time since last request: 0.000017 seconds.
  path: Assets/Assets/Polaris - Low Poly Ecosystem/Polaris - Low Poly Terrain Engine/Samples/Pinwheel Studio/Textures/TerrainMask_Edges.psd
  artifactKey: Guid(22709f1eedff1a74295ff77f5cf47763) Importer(2089858483,192608db42251d675da83286b1cce702)
Start importing Assets/Assets/Polaris - Low Poly Ecosystem/Polaris - Low Poly Terrain Engine/Samples/Pinwheel Studio/Textures/TerrainMask_Edges.psd using Guid(22709f1eedff1a74295ff77f5cf47763) Importer(2089858483,192608db42251d675da83286b1cce702) (ScriptedImporter)[PhysX] Initialized MultithreadedTaskDispatcher with 14 workers.
 -> (artifact id: 'b543f4e761664d5f8f16ace289fb5ac8') in 0.0278819 seconds
Number of updated asset objects reloaded before import = 0Number of asset objects unloaded after import = 1

========================================================================
Received Import Request.
  Time since last request: 0.000019 seconds.
  path: Assets/Assets/Polaris - Low Poly Ecosystem/Polaris - Low Poly Terrain Engine/Runtime/Scripts/DataTool/GBitDepth.cs
  artifactKey: Guid(97f8aa96543decd419fc44e24ad0b5b4) Importer(2089858483,192608db42251d675da83286b1cce702)
Start importing Assets/Assets/Polaris - Low Poly Ecosystem/Polaris - Low Poly Terrain Engine/Runtime/Scripts/DataTool/GBitDepth.cs using Guid(97f8aa96543decd419fc44e24ad0b5b4) Importer(2089858483,192608db42251d675da83286b1cce702) (ScriptedImporter)[PhysX] Initialized MultithreadedTaskDispatcher with 14 workers.
 -> (artifact id: '605efb9581aaa519678fed48ae31baea') in 0.013163 seconds
Number of updated asset objects reloaded before import = 0Number of asset objects unloaded after import = 0

========================================================================
Received Import Request.
  Time since last request: 0.000023 seconds.
  path: Assets/Assets/Polaris - Low Poly Ecosystem/Polaris - Low Poly Terrain Engine/Samples/Pinwheel Studio/Scenes/Demo_04/TerrainData_816030578723965736.asset
  artifactKey: Guid(c07aef332750c7348be40d508eb0f413) Importer(2089858483,192608db42251d675da83286b1cce702)
Start importing Assets/Assets/Polaris - Low Poly Ecosystem/Polaris - Low Poly Terrain Engine/Samples/Pinwheel Studio/Scenes/Demo_04/TerrainData_816030578723965736.asset using Guid(c07aef332750c7348be40d508eb0f413) Importer(2089858483,192608db42251d675da83286b1cce702) (ScriptedImporter)[PhysX] Initialized MultithreadedTaskDispatcher with 14 workers.
 -> (artifact id: 'bea6d7dbad1761b06b0e2538e01c162d') in 0.1881609 seconds
Number of updated asset objects reloaded before import = 0Number of asset objects unloaded after import = 125

========================================================================
Received Import Request.
  Time since last request: 0.000029 seconds.
  path: Assets/Assets/Polaris - Low Poly Ecosystem/Poseidon - Low Poly Water System/Sample/Models/Terrain.fbx
  artifactKey: Guid(d793abcad7ebcc64aa18e40cf75a9b3d) Importer(2089858483,192608db42251d675da83286b1cce702)
Start importing Assets/Assets/Polaris - Low Poly Ecosystem/Poseidon - Low Poly Water System/Sample/Models/Terrain.fbx using Guid(d793abcad7ebcc64aa18e40cf75a9b3d) Importer(2089858483,192608db42251d675da83286b1cce702) (ScriptedImporter)[PhysX] Initialized MultithreadedTaskDispatcher with 14 workers.
 -> (artifact id: 'c2e801488aae29b8810100ea1979149c') in 0.0323313 seconds
Number of updated asset objects reloaded before import = 0Number of asset objects unloaded after import = 8

========================================================================
Received Import Request.
  Time since last request: 0.000015 seconds.
  path: Assets/Assets/Polaris - Low Poly Ecosystem/Polaris - Low Poly Terrain Engine/Editor/Textures/SpawnObjectIcon.psd
  artifactKey: Guid(cc953290d309828419b257b5e9ad3530) Importer(2089858483,192608db42251d675da83286b1cce702)
Start importing Assets/Assets/Polaris - Low Poly Ecosystem/Polaris - Low Poly Terrain Engine/Editor/Textures/SpawnObjectIcon.psd using Guid(cc953290d309828419b257b5e9ad3530) Importer(2089858483,192608db42251d675da83286b1cce702) (ScriptedImporter)[PhysX] Initialized MultithreadedTaskDispatcher with 14 workers.
 -> (artifact id: 'bbc0c73baa7cfe157f72f731b64cbaee') in 0.0227827 seconds
Number of updated asset objects reloaded before import = 0Number of asset objects unloaded after import = 1

========================================================================
Received Import Request.
  Time since last request: 0.000018 seconds.
  path: Assets/Assets/Polaris - Low Poly Ecosystem/Polaris - Low Poly Terrain Engine/Samples/Pinwheel Studio/Cubemaps/Polaris_SkyCubemap_0.cubemap
  artifactKey: Guid(b12da5bb4a0ba5d4d8c085c47a7ca071) Importer(2089858483,192608db42251d675da83286b1cce702)
Start importing Assets/Assets/Polaris - Low Poly Ecosystem/Polaris - Low Poly Terrain Engine/Samples/Pinwheel Studio/Cubemaps/Polaris_SkyCubemap_0.cubemap using Guid(b12da5bb4a0ba5d4d8c085c47a7ca071) Importer(2089858483,192608db42251d675da83286b1cce702) (ScriptedImporter)[PhysX] Initialized MultithreadedTaskDispatcher with 14 workers.
 -> (artifact id: '9d3b422c0929cdd8ecc3ee20abcfa75d') in 0.4369144 seconds
Number of updated asset objects reloaded before import = 0Number of asset objects unloaded after import = 1

========================================================================
Received Prepare
Begin MonoManager ReloadAssembly
Symbol file LoadedFromMemory is not a mono symbol file
- Loaded All Assemblies, in  1.073 seconds
Refreshing native plugins compatible for Editor in 1.20 ms, found 3 plugins.
Native extension for WindowsStandalone target not found
System.Reflection.TargetInvocationException: Exception has been thrown by the target of an invocation. ---> System.IO.IOException: Sharing violation on path C:\Users\PC\Documents\GitHub\AI-RPG\AI-RPG\Assets\Assets\Polaris - Low Poly Ecosystem\Poseidon - Low Poly Water System\Runtime\Shaders\CGIncludes\PPostProcessingDefines.cs.cginc
  at System.IO.FileStream..ctor (System.String path, System.IO.FileMode mode, System.IO.FileAccess access, System.IO.FileShare share, System.Int32 bufferSize, System.Boolean anonymous, System.IO.FileOptions options) [0x0019e] in <f22cb97e7aa5412ba04225fa1fc145f2>:0 
  at System.IO.FileStream..ctor (System.String path, System.IO.FileMode mode, System.IO.FileAccess access, System.IO.FileShare share, System.Int32 bufferSize, System.IO.FileOptions options) [0x00000] in <f22cb97e7aa5412ba04225fa1fc145f2>:0 
  at (wrapper remoting-invoke-with-check) System.IO.FileStream..ctor(string,System.IO.FileMode,System.IO.FileAccess,System.IO.FileShare,int,System.IO.FileOptions)
  at System.IO.StreamWriter..ctor (System.String path, System.Boolean append, System.Text.Encoding encoding, System.Int32 bufferSize) [0x00055] in <f22cb97e7aa5412ba04225fa1fc145f2>:0 
  at System.IO.StreamWriter..ctor (System.String path) [0x00008] in <f22cb97e7aa5412ba04225fa1fc145f2>:0 
  at (wrapper remoting-invoke-with-check) System.IO.StreamWriter..ctor(string)
  at System.IO.File.WriteAllText (System.String path, System.String contents) [0x00026] in <f22cb97e7aa5412ba04225fa1fc145f2>:0 
  at Pinwheel.Poseidon.PPostProcessingDefines.GeneratePostProcessingDefines () [0x0005a] in C:\Users\PC\Documents\GitHub\AI-RPG\AI-RPG\Assets\Assets\Polaris - Low Poly Ecosystem\Poseidon - Low Poly Water System\Runtime\Shaders\CGIncludes\PPostProcessingDefines.cs:41 
  at Pinwheel.Poseidon.PPostProcessingDefines.OnInit () [0x00001] in C:\Users\PC\Documents\GitHub\AI-RPG\AI-RPG\Assets\Assets\Polaris - Low Poly Ecosystem\Poseidon - Low Poly Water System\Runtime\Shaders\CGIncludes\PPostProcessingDefines.cs:16 
  at (wrapper managed-to-native) System.Reflection.RuntimeMethodInfo.InternalInvoke(System.Reflection.RuntimeMethodInfo,object,object[],System.Exception&)
  at System.Reflection.RuntimeMethodInfo.Invoke (System.Object obj, System.Reflection.BindingFlags invokeAttr, System.Reflection.Binder binder, System.Object[] parameters, System.Globalization.CultureInfo culture) [0x0006a] in <f22cb97e7aa5412ba04225fa1fc145f2>:0 
   --- End of inner exception stack trace ---
  at System.Reflection.RuntimeMethodInfo.Invoke (System.Object obj, System.Reflection.BindingFlags invokeAttr, System.Reflection.Binder binder, System.Object[] parameters, System.Globalization.CultureInfo culture) [0x00083] in <f22cb97e7aa5412ba04225fa1fc145f2>:0 
  at System.Reflection.MethodBase.Invoke (System.Object obj, System.Object[] parameters) [0x00000] in <f22cb97e7aa5412ba04225fa1fc145f2>:0 
  at UnityEditor.EditorAssemblies.ProcessInitializeOnLoadMethodAttributes () [0x00056] in <26627f99a7af447db68cd5961117dc4a>:0 
UnityEngine.Debug:ExtractStackTraceNoAlloc (byte*,int,string)
UnityEngine.StackTraceUtility:ExtractStackTrace ()
UnityEngine.DebugLogHandler:Internal_Log (UnityEngine.LogType,UnityEngine.LogOption,string,UnityEngine.Object)
UnityEngine.DebugLogHandler:LogFormat (UnityEngine.LogType,UnityEngine.Object,string,object[])
UnityEngine.Logger:Log (UnityEngine.LogType,object)
UnityEngine.Debug:LogError (object)
UnityEditor.EditorAssemblies:ProcessInitializeOnLoadMethodAttributes ()

Mono: successfully reloaded assembly
- Finished resetting the current domain, in  1.429 seconds
Domain Reload Profiling: 2497ms
	BeginReloadAssembly (249ms)
		ExecutionOrderSort (0ms)
		DisableScriptedObjects (6ms)
		BackupInstance (0ms)
		ReleaseScriptingObjects (0ms)
		CreateAndSetChildDomain (91ms)
	RebuildCommonClasses (35ms)
	RebuildNativeTypeToScriptingClass (15ms)
	initialDomainReloadingComplete (33ms)
	LoadAllAssembliesAndSetupDomain (736ms)
		LoadAssemblies (633ms)
		RebuildTransferFunctionScriptingTraits (0ms)
		AnalyzeDomain (208ms)
			TypeCache.Refresh (15ms)
				TypeCache.ScanAssembly (0ms)
			BuildScriptInfoCaches (177ms)
			ResolveRequiredComponents (11ms)
	FinalizeReload (1429ms)
		ReleaseScriptCaches (0ms)
		RebuildScriptCaches (0ms)
		SetupLoadedEditorAssemblies (1125ms)
			LogAssemblyErrors (0ms)
			InitializePlatformSupportModulesInManaged (3ms)
			SetLoadedEditorAssemblies (6ms)
			BeforeProcessingInitializeOnLoad (154ms)
			ProcessInitializeOnLoadAttributes (387ms)
			ProcessInitializeOnLoadMethodAttributes (567ms)
			AfterProcessingInitializeOnLoad (9ms)
			EditorAssembliesLoaded (0ms)
		ExecutionOrderSort2 (0ms)
		AwakeInstancesAfterBackupRestoration (13ms)
Refreshing native plugins compatible for Editor in 1.33 ms, found 3 plugins.
Preloading 0 native plugins for Editor in 0.00 ms.
Unloading 27 Unused Serialized files (Serialized files now loaded: 0)
Unloading 6378 unused Assets / (4.3 MB). Loaded Objects now: 7273.
Memory consumption went from 192.0 MB to 187.7 MB.
Total: 10.381400 ms (FindLiveObjects: 0.881800 ms CreateObjectMapping: 0.438800 ms MarkObjects: 6.390700 ms  DeleteObjects: 2.668700 ms)

Prepare: number of updated asset objects reloaded= 0
========================================================================
Received Import Request.
  Time since last request: 53.071282 seconds.
  path: Assets/Assets/Polaris - Low Poly Ecosystem/Jupiter - Procedural Sky/Runtime/DefaultProfiles/SunnyDay.asset
  artifactKey: Guid(b4b856d2b3d3c164fbcf5c87fc2abee2) Importer(815301076,1909f56bfc062723c751e8b465ee728b)
Start importing Assets/Assets/Polaris - Low Poly Ecosystem/Jupiter - Procedural Sky/Runtime/DefaultProfiles/SunnyDay.asset using Guid(b4b856d2b3d3c164fbcf5c87fc2abee2) Importer(815301076,1909f56bfc062723c751e8b465ee728b) (PreviewImporter)[PhysX] Initialized MultithreadedTaskDispatcher with 14 workers.
[PhysX] Initialized MultithreadedTaskDispatcher with 14 workers.
 -> (artifact id: 'c4f861bedb1c1441c8cbcea5c12ff73a') in 0.5149324 seconds
Number of updated asset objects reloaded before import = 0Number of asset objects unloaded after import = 2

========================================================================
Received Prepare
Begin MonoManager ReloadAssembly
Symbol file LoadedFromMemory is not a mono symbol file
- Loaded All Assemblies, in  0.853 seconds
Refreshing native plugins compatible for Editor in 1.08 ms, found 3 plugins.
Native extension for WindowsStandalone target not found
Mono: successfully reloaded assembly
- Finished resetting the current domain, in  1.400 seconds
Domain Reload Profiling: 2250ms
	BeginReloadAssembly (237ms)
		ExecutionOrderSort (0ms)
		DisableScriptedObjects (21ms)
		BackupInstance (0ms)
		ReleaseScriptingObjects (0ms)
		CreateAndSetChildDomain (74ms)
	RebuildCommonClasses (34ms)
	RebuildNativeTypeToScriptingClass (13ms)
	initialDomainReloadingComplete (31ms)
	LoadAllAssembliesAndSetupDomain (535ms)
		LoadAssemblies (434ms)
		RebuildTransferFunctionScriptingTraits (0ms)
		AnalyzeDomain (198ms)
			TypeCache.Refresh (9ms)
				TypeCache.ScanAssembly (0ms)
			BuildScriptInfoCaches (174ms)
			ResolveRequiredComponents (11ms)
	FinalizeReload (1400ms)
		ReleaseScriptCaches (0ms)
		RebuildScriptCaches (0ms)
		SetupLoadedEditorAssemblies (1114ms)
			LogAssemblyErrors (0ms)
			InitializePlatformSupportModulesInManaged (3ms)
			SetLoadedEditorAssemblies (6ms)
			BeforeProcessingInitializeOnLoad (145ms)
			ProcessInitializeOnLoadAttributes (391ms)
			ProcessInitializeOnLoadMethodAttributes (561ms)
			AfterProcessingInitializeOnLoad (8ms)
			EditorAssembliesLoaded (0ms)
		ExecutionOrderSort2 (0ms)
		AwakeInstancesAfterBackupRestoration (14ms)
Refreshing native plugins compatible for Editor in 1.19 ms, found 3 plugins.
Preloading 0 native plugins for Editor in 0.00 ms.
Unloading 20 Unused Serialized files (Serialized files now loaded: 0)
Unloading 6377 unused Assets / (4.5 MB). Loaded Objects now: 7340.
Memory consumption went from 209.8 MB to 205.3 MB.
Total: 10.000900 ms (FindLiveObjects: 0.815900 ms CreateObjectMapping: 0.414900 ms MarkObjects: 6.277400 ms  DeleteObjects: 2.491100 ms)

Prepare: number of updated asset objects reloaded= 0
========================================================================
Received Prepare
Begin MonoManager ReloadAssembly
Symbol file LoadedFromMemory is not a mono symbol file
- Loaded All Assemblies, in  0.828 seconds
Refreshing native plugins compatible for Editor in 1.12 ms, found 3 plugins.
Native extension for WindowsStandalone target not found
Mono: successfully reloaded assembly
- Finished resetting the current domain, in  1.417 seconds
Domain Reload Profiling: 2242ms
	BeginReloadAssembly (211ms)
		ExecutionOrderSort (0ms)
		DisableScriptedObjects (6ms)
		BackupInstance (0ms)
		ReleaseScriptingObjects (0ms)
		CreateAndSetChildDomain (61ms)
	RebuildCommonClasses (34ms)
	RebuildNativeTypeToScriptingClass (13ms)
	initialDomainReloadingComplete (32ms)
	LoadAllAssembliesAndSetupDomain (533ms)
		LoadAssemblies (427ms)
		RebuildTransferFunctionScriptingTraits (0ms)
		AnalyzeDomain (204ms)
			TypeCache.Refresh (12ms)
				TypeCache.ScanAssembly (0ms)
			BuildScriptInfoCaches (177ms)
			ResolveRequiredComponents (11ms)
	FinalizeReload (1417ms)
		ReleaseScriptCaches (0ms)
		RebuildScriptCaches (0ms)
		SetupLoadedEditorAssemblies (1132ms)
			LogAssemblyErrors (0ms)
			InitializePlatformSupportModulesInManaged (3ms)
			SetLoadedEditorAssemblies (6ms)
			BeforeProcessingInitializeOnLoad (151ms)
			ProcessInitializeOnLoadAttributes (385ms)
			ProcessInitializeOnLoadMethodAttributes (580ms)
			AfterProcessingInitializeOnLoad (7ms)
			EditorAssembliesLoaded (0ms)
		ExecutionOrderSort2 (0ms)
		AwakeInstancesAfterBackupRestoration (12ms)
Refreshing native plugins compatible for Editor in 1.22 ms, found 3 plugins.
Preloading 0 native plugins for Editor in 0.00 ms.
Unloading 20 Unused Serialized files (Serialized files now loaded: 0)
Unloading 6377 unused Assets / (3.2 MB). Loaded Objects now: 7342.
Memory consumption went from 209.6 MB to 206.5 MB.
Total: 9.539900 ms (FindLiveObjects: 0.818000 ms CreateObjectMapping: 0.364100 ms MarkObjects: 6.196500 ms  DeleteObjects: 2.160300 ms)

Prepare: number of updated asset objects reloaded= 0
Editor requested this worker to shutdown with reason: Scaling down because of idle timeout
AssetImportWorker is now disconnected from the server
Process exiting
Exiting without the bug reporter. Application will terminate with return code 0