Using pre-set license
Built from 'trunk' branch; Version is '6000.0.2f1 (c36be92430b9) revision 12807145'; Using compiler version '193933522'; Build Type 'Release'
OS: 'Windows 10  (10.0.19045) 64bit Professional' Language: 'en' Physical Memory: 32581 MB
BatchMode: 1, IsHumanControllingUs: 0, StartBugReporterOnCrash: 0, Is64bit: 1, IsPro: 1

COMMAND LINE ARGUMENTS:
C:\Program Files\Unity\Hub\Editor\6000.0.2f1\Editor\Unity.exe
-adb2
-batchMode
-noUpm
-name
AssetImportWorker89
-projectPath
C:/Users/PC/Documents/GitHub/AI-RPG/AI-RPG
-logFile
Logs/AssetImportWorker89.log
-srvPort
57376
-job-worker-count
13
-background-job-worker-count
8
-asset-garbage-collectors
1
Successfully changed project path to: C:/Users/PC/Documents/GitHub/AI-RPG/AI-RPG
C:/Users/PC/Documents/GitHub/AI-RPG/AI-RPG
[UnityMemory] Configuration Parameters - Can be set up in boot.config
    "memorysetup-bucket-allocator-granularity=16"
    "memorysetup-bucket-allocator-bucket-count=8"
    "memorysetup-bucket-allocator-block-size=33554432"
    "memorysetup-bucket-allocator-block-count=8"
    "memorysetup-main-allocator-block-size=16777216"
    "memorysetup-thread-allocator-block-size=16777216"
    "memorysetup-gfx-main-allocator-block-size=16777216"
    "memorysetup-gfx-thread-allocator-block-size=16777216"
    "memorysetup-cache-allocator-block-size=4194304"
    "memorysetup-typetree-allocator-block-size=2097152"
    "memorysetup-profiler-bucket-allocator-granularity=16"
    "memorysetup-profiler-bucket-allocator-bucket-count=8"
    "memorysetup-profiler-bucket-allocator-block-size=33554432"
    "memorysetup-profiler-bucket-allocator-block-count=8"
    "memorysetup-profiler-allocator-block-size=16777216"
    "memorysetup-profiler-editor-allocator-block-size=1048576"
    "memorysetup-temp-allocator-size-main=16777216"
    "memorysetup-job-temp-allocator-block-size=2097152"
    "memorysetup-job-temp-allocator-block-size-background=1048576"
    "memorysetup-job-temp-allocator-reduction-small-platforms=262144"
    "memorysetup-allocator-temp-initial-block-size-main=262144"
    "memorysetup-allocator-temp-initial-block-size-worker=262144"
    "memorysetup-temp-allocator-size-background-worker=32768"
    "memorysetup-temp-allocator-size-job-worker=262144"
    "memorysetup-temp-allocator-size-preload-manager=33554432"
    "memorysetup-temp-allocator-size-nav-mesh-worker=65536"
    "memorysetup-temp-allocator-size-audio-worker=65536"
    "memorysetup-temp-allocator-size-cloud-worker=32768"
    "memorysetup-temp-allocator-size-gi-baking-worker=262144"
    "memorysetup-temp-allocator-size-gi-baking-worker=262144"
    "memorysetup-temp-allocator-size-gi-baking-worker=262144"
    "memorysetup-temp-allocator-size-gi-baking-worker=262144"
    "memorysetup-temp-allocator-size-gi-baking-worker=262144"
    "memorysetup-temp-allocator-size-gfx=262144"
Player connection [51468]  Target information:

Player connection [51468]  * "[IP] 192.168.42.167 [Port] 0 [Flags] 2 [Guid] 2224389888 [EditorId] 2224389888 [Version] 1048832 [Id] WindowsEditor(7,DESKTOP-2VPR9IB) [Debug] 1 [PackageName] WindowsEditor [ProjectName] Editor" 

Player connection [51468]  * "[IP] 192.168.0.191 [Port] 0 [Flags] 2 [Guid] 2224389888 [EditorId] 2224389888 [Version] 1048832 [Id] WindowsEditor(7,DESKTOP-2VPR9IB) [Debug] 1 [PackageName] WindowsEditor [ProjectName] Editor" 

Player connection [51468] Host joined multi-casting on [225.0.0.222:54997]...
Player connection [51468] Host joined alternative multi-casting on [225.0.0.222:34997]...
JobSystem: Creating JobQueue using job-worker-count value 13
Library Redirect Path: Library/
[PhysX] Initialized MultithreadedTaskDispatcher with 14 workers.
Refreshing native plugins compatible for Editor in 1.85 ms, found 3 plugins.
Preloading 0 native plugins for Editor in 0.00 ms.
Initialize engine version: 6000.0.2f1 (c36be92430b9)
[Subsystems] Discovering subsystems at path C:/Program Files/Unity/Hub/Editor/6000.0.2f1/Editor/Data/Resources/UnitySubsystems
[Subsystems] Discovering subsystems at path C:/Users/PC/Documents/GitHub/AI-RPG/AI-RPG/Assets
GfxDevice: creating device client; kGfxThreadingModeNonThreaded
Direct3D:
    Version:  Direct3D 11.0 [level 11.1]
    Renderer: NVIDIA GeForce RTX 4070 SUPER (ID=0x2783)
    Vendor:   NVIDIA
    VRAM:     11999 MB
    Driver:   31.0.15.5222
Initialize mono
Mono path[0] = 'C:/Program Files/Unity/Hub/Editor/6000.0.2f1/Editor/Data/Managed'
Mono path[1] = 'C:/Program Files/Unity/Hub/Editor/6000.0.2f1/Editor/Data/MonoBleedingEdge/lib/mono/unityjit-win32'
Mono config path = 'C:/Program Files/Unity/Hub/Editor/6000.0.2f1/Editor/Data/MonoBleedingEdge/etc'
Using monoOptions --debugger-agent=transport=dt_socket,embedding=1,server=y,suspend=n,address=127.0.0.1:56860
Begin MonoManager ReloadAssembly
Registering precompiled unity dll's ...
Register platform support module: C:/Program Files/Unity/Hub/Editor/6000.0.2f1/Editor/Data/PlaybackEngines/WindowsStandaloneSupport/UnityEditor.WindowsStandalone.Extensions.dll
Registered in 0.004803 seconds.
- Loaded All Assemblies, in  0.404 seconds
Native extension for WindowsStandalone target not found
Mono: successfully reloaded assembly
- Finished resetting the current domain, in  0.493 seconds
Domain Reload Profiling: 893ms
	BeginReloadAssembly (136ms)
		ExecutionOrderSort (0ms)
		DisableScriptedObjects (0ms)
		BackupInstance (0ms)
		ReleaseScriptingObjects (0ms)
		CreateAndSetChildDomain (1ms)
	RebuildCommonClasses (38ms)
	RebuildNativeTypeToScriptingClass (13ms)
	initialDomainReloadingComplete (57ms)
	LoadAllAssembliesAndSetupDomain (155ms)
		LoadAssemblies (131ms)
		RebuildTransferFunctionScriptingTraits (0ms)
		AnalyzeDomain (153ms)
			TypeCache.Refresh (151ms)
				TypeCache.ScanAssembly (135ms)
			BuildScriptInfoCaches (0ms)
			ResolveRequiredComponents (1ms)
	FinalizeReload (494ms)
		ReleaseScriptCaches (0ms)
		RebuildScriptCaches (0ms)
		SetupLoadedEditorAssemblies (427ms)
			LogAssemblyErrors (0ms)
			InitializePlatformSupportModulesInManaged (27ms)
			SetLoadedEditorAssemblies (6ms)
			BeforeProcessingInitializeOnLoad (5ms)
			ProcessInitializeOnLoadAttributes (152ms)
			ProcessInitializeOnLoadMethodAttributes (236ms)
			AfterProcessingInitializeOnLoad (0ms)
			EditorAssembliesLoaded (0ms)
		ExecutionOrderSort2 (0ms)
		AwakeInstancesAfterBackupRestoration (0ms)
========================================================================
Worker process is ready to serve import requests
Import Worker Mode flag is 0x00
Begin MonoManager ReloadAssembly
Symbol file LoadedFromMemory is not a mono symbol file
- Loaded All Assemblies, in  1.208 seconds
Refreshing native plugins compatible for Editor in 1.10 ms, found 3 plugins.
Native extension for WindowsStandalone target not found
System.Reflection.TargetInvocationException: Exception has been thrown by the target of an invocation. ---> System.IO.IOException: Sharing violation on path C:\Users\PC\Documents\GitHub\AI-RPG\AI-RPG\Assets\Assets\Polaris - Low Poly Ecosystem\Poseidon - Low Poly Water System\Runtime\Shaders\CGIncludes\PPostProcessingDefines.cs.cginc
  at System.IO.FileStream..ctor (System.String path, System.IO.FileMode mode, System.IO.FileAccess access, System.IO.FileShare share, System.Int32 bufferSize, System.Boolean anonymous, System.IO.FileOptions options) [0x0019e] in <f22cb97e7aa5412ba04225fa1fc145f2>:0 
  at System.IO.FileStream..ctor (System.String path, System.IO.FileMode mode, System.IO.FileAccess access, System.IO.FileShare share, System.Int32 bufferSize, System.IO.FileOptions options) [0x00000] in <f22cb97e7aa5412ba04225fa1fc145f2>:0 
  at (wrapper remoting-invoke-with-check) System.IO.FileStream..ctor(string,System.IO.FileMode,System.IO.FileAccess,System.IO.FileShare,int,System.IO.FileOptions)
  at System.IO.StreamWriter..ctor (System.String path, System.Boolean append, System.Text.Encoding encoding, System.Int32 bufferSize) [0x00055] in <f22cb97e7aa5412ba04225fa1fc145f2>:0 
  at System.IO.StreamWriter..ctor (System.String path) [0x00008] in <f22cb97e7aa5412ba04225fa1fc145f2>:0 
  at (wrapper remoting-invoke-with-check) System.IO.StreamWriter..ctor(string)
  at System.IO.File.WriteAllText (System.String path, System.String contents) [0x00026] in <f22cb97e7aa5412ba04225fa1fc145f2>:0 
  at Pinwheel.Poseidon.PPostProcessingDefines.GeneratePostProcessingDefines () [0x0005a] in C:\Users\PC\Documents\GitHub\AI-RPG\AI-RPG\Assets\Assets\Polaris - Low Poly Ecosystem\Poseidon - Low Poly Water System\Runtime\Shaders\CGIncludes\PPostProcessingDefines.cs:41 
  at Pinwheel.Poseidon.PPostProcessingDefines.OnInit () [0x00001] in C:\Users\PC\Documents\GitHub\AI-RPG\AI-RPG\Assets\Assets\Polaris - Low Poly Ecosystem\Poseidon - Low Poly Water System\Runtime\Shaders\CGIncludes\PPostProcessingDefines.cs:16 
  at (wrapper managed-to-native) System.Reflection.RuntimeMethodInfo.InternalInvoke(System.Reflection.RuntimeMethodInfo,object,object[],System.Exception&)
  at System.Reflection.RuntimeMethodInfo.Invoke (System.Object obj, System.Reflection.BindingFlags invokeAttr, System.Reflection.Binder binder, System.Object[] parameters, System.Globalization.CultureInfo culture) [0x0006a] in <f22cb97e7aa5412ba04225fa1fc145f2>:0 
   --- End of inner exception stack trace ---
  at System.Reflection.RuntimeMethodInfo.Invoke (System.Object obj, System.Reflection.BindingFlags invokeAttr, System.Reflection.Binder binder, System.Object[] parameters, System.Globalization.CultureInfo culture) [0x00083] in <f22cb97e7aa5412ba04225fa1fc145f2>:0 
  at System.Reflection.MethodBase.Invoke (System.Object obj, System.Object[] parameters) [0x00000] in <f22cb97e7aa5412ba04225fa1fc145f2>:0 
  at UnityEditor.EditorAssemblies.ProcessInitializeOnLoadMethodAttributes () [0x00056] in <26627f99a7af447db68cd5961117dc4a>:0 
UnityEngine.Debug:ExtractStackTraceNoAlloc (byte*,int,string)
UnityEngine.StackTraceUtility:ExtractStackTrace ()
UnityEngine.DebugLogHandler:Internal_Log (UnityEngine.LogType,UnityEngine.LogOption,string,UnityEngine.Object)
UnityEngine.DebugLogHandler:LogFormat (UnityEngine.LogType,UnityEngine.Object,string,object[])
UnityEngine.Logger:Log (UnityEngine.LogType,object)
UnityEngine.Debug:LogError (object)
UnityEditor.EditorAssemblies:ProcessInitializeOnLoadMethodAttributes ()

Mono: successfully reloaded assembly
- Finished resetting the current domain, in  1.447 seconds
Domain Reload Profiling: 2648ms
	BeginReloadAssembly (438ms)
		ExecutionOrderSort (0ms)
		DisableScriptedObjects (7ms)
		BackupInstance (0ms)
		ReleaseScriptingObjects (0ms)
		CreateAndSetChildDomain (37ms)
	RebuildCommonClasses (38ms)
	RebuildNativeTypeToScriptingClass (14ms)
	initialDomainReloadingComplete (47ms)
	LoadAllAssembliesAndSetupDomain (664ms)
		LoadAssemblies (484ms)
		RebuildTransferFunctionScriptingTraits (0ms)
		AnalyzeDomain (289ms)
			TypeCache.Refresh (199ms)
				TypeCache.ScanAssembly (177ms)
			BuildScriptInfoCaches (74ms)
			ResolveRequiredComponents (12ms)
	FinalizeReload (1448ms)
		ReleaseScriptCaches (0ms)
		RebuildScriptCaches (0ms)
		SetupLoadedEditorAssemblies (1189ms)
			LogAssemblyErrors (0ms)
			InitializePlatformSupportModulesInManaged (2ms)
			SetLoadedEditorAssemblies (6ms)
			BeforeProcessingInitializeOnLoad (138ms)
			ProcessInitializeOnLoadAttributes (447ms)
			ProcessInitializeOnLoadMethodAttributes (587ms)
			AfterProcessingInitializeOnLoad (9ms)
			EditorAssembliesLoaded (0ms)
		ExecutionOrderSort2 (0ms)
		AwakeInstancesAfterBackupRestoration (7ms)
Launched and connected shader compiler UnityShaderCompiler.exe after 0.01 seconds
Refreshing native plugins compatible for Editor in 1.47 ms, found 3 plugins.
Preloading 0 native plugins for Editor in 0.00 ms.
Unloading 330 Unused Serialized files (Serialized files now loaded: 0)
Unloading 6380 unused Assets / (4.7 MB). Loaded Objects now: 7262.
Memory consumption went from 235.9 MB to 231.2 MB.
Total: 10.054000 ms (FindLiveObjects: 1.063300 ms CreateObjectMapping: 0.446200 ms MarkObjects: 6.186200 ms  DeleteObjects: 2.357100 ms)

========================================================================
Received Import Request.
  Time since last request: 51555.801765 seconds.
  path: Assets/Assets/Polaris - Low Poly Ecosystem/Polaris - Low Poly Terrain Engine/Editor/Textures/SmoothnessIcon.psd
  artifactKey: Guid(d6d3a527a9addcd459b2dfa2dfe60f7d) Importer(815301076,1909f56bfc062723c751e8b465ee728b)
Start importing Assets/Assets/Polaris - Low Poly Ecosystem/Polaris - Low Poly Terrain Engine/Editor/Textures/SmoothnessIcon.psd using Guid(d6d3a527a9addcd459b2dfa2dfe60f7d) Importer(815301076,1909f56bfc062723c751e8b465ee728b) (PreviewImporter)[PhysX] Initialized MultithreadedTaskDispatcher with 14 workers.
[PhysX] Initialized MultithreadedTaskDispatcher with 14 workers.
 -> (artifact id: 'dee56db3df232e790ba6213fc4772334') in 0.0678062 seconds
Number of updated asset objects reloaded before import = 0Number of asset objects unloaded after import = 2

========================================================================
Received Import Request.
  Time since last request: 1.969548 seconds.
  path: Assets/Assets/Polaris - Low Poly Ecosystem/Polaris - Low Poly Terrain Engine/Samples/Pinwheel Studio/Heightmaps/Mountain00.png
  artifactKey: Guid(e8b70ed43f793074c976cc4affd3e037) Importer(815301076,1909f56bfc062723c751e8b465ee728b)
Start importing Assets/Assets/Polaris - Low Poly Ecosystem/Polaris - Low Poly Terrain Engine/Samples/Pinwheel Studio/Heightmaps/Mountain00.png using Guid(e8b70ed43f793074c976cc4affd3e037) Importer(815301076,1909f56bfc062723c751e8b465ee728b) (PreviewImporter)[PhysX] Initialized MultithreadedTaskDispatcher with 14 workers.
[PhysX] Initialized MultithreadedTaskDispatcher with 14 workers.
 -> (artifact id: 'dd5ce0748798fafb3647b4948708f15e') in 0.0154623 seconds
Number of updated asset objects reloaded before import = 0Number of asset objects unloaded after import = 2

========================================================================
Received Import Request.
  Time since last request: 62.253941 seconds.
  path: Assets/SkyProfile-593605917776515836.asset
  artifactKey: Guid(dd85a1f3d8b42ff4bb90d7f734cdec64) Importer(815301076,1909f56bfc062723c751e8b465ee728b)
Start importing Assets/SkyProfile-593605917776515836.asset using Guid(dd85a1f3d8b42ff4bb90d7f734cdec64) Importer(815301076,1909f56bfc062723c751e8b465ee728b) (PreviewImporter)[PhysX] Initialized MultithreadedTaskDispatcher with 14 workers.
[PhysX] Initialized MultithreadedTaskDispatcher with 14 workers.
[PhysX] Initialized MultithreadedTaskDispatcher with 14 workers.
 -> (artifact id: 'fe0992580e814e404d225d1851033c0f') in 0.4157609 seconds
Number of updated asset objects reloaded before import = 0Number of asset objects unloaded after import = 3

========================================================================
Received Prepare
Begin MonoManager ReloadAssembly
Symbol file LoadedFromMemory is not a mono symbol file
- Loaded All Assemblies, in  0.835 seconds
Refreshing native plugins compatible for Editor in 1.02 ms, found 3 plugins.
Assertion failed on expression: 'pred(*previous, *i)'
Assertion failed on expression: 'pred(*previous, *i)'
Native extension for WindowsStandalone target not found
Mono: successfully reloaded assembly
- Finished resetting the current domain, in  1.337 seconds
Domain Reload Profiling: 2169ms
	BeginReloadAssembly (233ms)
		ExecutionOrderSort (0ms)
		DisableScriptedObjects (20ms)
		BackupInstance (0ms)
		ReleaseScriptingObjects (0ms)
		CreateAndSetChildDomain (72ms)
	RebuildCommonClasses (34ms)
	RebuildNativeTypeToScriptingClass (13ms)
	initialDomainReloadingComplete (31ms)
	LoadAllAssembliesAndSetupDomain (521ms)
		LoadAssemblies (419ms)
		RebuildTransferFunctionScriptingTraits (0ms)
		AnalyzeDomain (197ms)
			TypeCache.Refresh (12ms)
				TypeCache.ScanAssembly (2ms)
			BuildScriptInfoCaches (170ms)
			ResolveRequiredComponents (11ms)
	FinalizeReload (1338ms)
		ReleaseScriptCaches (0ms)
		RebuildScriptCaches (0ms)
		SetupLoadedEditorAssemblies (1054ms)
			LogAssemblyErrors (0ms)
			InitializePlatformSupportModulesInManaged (2ms)
			SetLoadedEditorAssemblies (6ms)
			BeforeProcessingInitializeOnLoad (117ms)
			ProcessInitializeOnLoadAttributes (393ms)
			ProcessInitializeOnLoadMethodAttributes (528ms)
			AfterProcessingInitializeOnLoad (7ms)
			EditorAssembliesLoaded (1ms)
		ExecutionOrderSort2 (0ms)
		AwakeInstancesAfterBackupRestoration (13ms)
Refreshing native plugins compatible for Editor in 1.17 ms, found 3 plugins.
Preloading 0 native plugins for Editor in 0.00 ms.
Unloading 27 Unused Serialized files (Serialized files now loaded: 0)
Unloading 6377 unused Assets / (3.5 MB). Loaded Objects now: 7342.
Memory consumption went from 211.1 MB to 207.6 MB.
Total: 9.198400 ms (FindLiveObjects: 0.798600 ms CreateObjectMapping: 0.342900 ms MarkObjects: 6.129100 ms  DeleteObjects: 1.926600 ms)

Prepare: number of updated asset objects reloaded= 0
========================================================================
Received Import Request.
  Time since last request: 58.509456 seconds.
  path: Assets/SkyProfile-489276239686515836.asset
  artifactKey: Guid(b153d5b507aefc446805ac32a43bae08) Importer(815301076,1909f56bfc062723c751e8b465ee728b)
Start importing Assets/SkyProfile-489276239686515836.asset using Guid(b153d5b507aefc446805ac32a43bae08) Importer(815301076,1909f56bfc062723c751e8b465ee728b) (PreviewImporter)[PhysX] Initialized MultithreadedTaskDispatcher with 14 workers.
 -> (artifact id: '6cc9acbd27ea55f76b82e5b1bd417420') in 0.025314 seconds
Number of updated asset objects reloaded before import = 0Number of asset objects unloaded after import = 1

========================================================================
Received Import Request.
  Time since last request: 16.456718 seconds.
  path: Assets/SkyProfile-123561890786515836.asset
  artifactKey: Guid(9158ef899a767874f951410ca07371be) Importer(815301076,1909f56bfc062723c751e8b465ee728b)
Start importing Assets/SkyProfile-123561890786515836.asset using Guid(9158ef899a767874f951410ca07371be) Importer(815301076,1909f56bfc062723c751e8b465ee728b) (PreviewImporter)[PhysX] Initialized MultithreadedTaskDispatcher with 14 workers.
 -> (artifact id: '7fe615d8df48babaf9a1e120c6ddfdf7') in 0.0014133 seconds
Number of updated asset objects reloaded before import = 0Number of asset objects unloaded after import = 1

========================================================================
Received Import Request.
  Time since last request: 7.789333 seconds.
  path: Assets/SkyProfile-134234671786515836.asset
  artifactKey: Guid(fae638b983a356e4d95fa0d2af86af6f) Importer(815301076,1909f56bfc062723c751e8b465ee728b)
Start importing Assets/SkyProfile-134234671786515836.asset using Guid(fae638b983a356e4d95fa0d2af86af6f) Importer(815301076,1909f56bfc062723c751e8b465ee728b) (PreviewImporter)[PhysX] Initialized MultithreadedTaskDispatcher with 14 workers.
 -> (artifact id: '34b0b3c76abd5b3228f0064c6043e052') in 0.0012832 seconds
Number of updated asset objects reloaded before import = 0Number of asset objects unloaded after import = 1

========================================================================
Received Import Request.
  Time since last request: 17.338880 seconds.
  path: Assets/JDayNightCycleProfile-625361943786515836.asset
  artifactKey: Guid(9f27d3f2cf3eb7b4badf5e234587f03d) Importer(815301076,1909f56bfc062723c751e8b465ee728b)
Start importing Assets/JDayNightCycleProfile-625361943786515836.asset using Guid(9f27d3f2cf3eb7b4badf5e234587f03d) Importer(815301076,1909f56bfc062723c751e8b465ee728b) (PreviewImporter)[PhysX] Initialized MultithreadedTaskDispatcher with 14 workers.
 -> (artifact id: '20b05b271db2324657eac53c0a5d0da7') in 0.0019469 seconds
Number of updated asset objects reloaded before import = 0Number of asset objects unloaded after import = 1

========================================================================
Received Import Request.
  Time since last request: 0.000020 seconds.
  path: Assets/SkyProfile-489276239686515836.asset
  artifactKey: Guid(b153d5b507aefc446805ac32a43bae08) Importer(815301076,1909f56bfc062723c751e8b465ee728b)
Start importing Assets/SkyProfile-489276239686515836.asset using Guid(b153d5b507aefc446805ac32a43bae08) Importer(815301076,1909f56bfc062723c751e8b465ee728b) (PreviewImporter)[PhysX] Initialized MultithreadedTaskDispatcher with 14 workers.
[PhysX] Initialized MultithreadedTaskDispatcher with 14 workers.
[PhysX] Initialized MultithreadedTaskDispatcher with 14 workers.
 -> (artifact id: '5c48f70398717b101f21d7f3822c0115') in 0.5224895 seconds
Number of updated asset objects reloaded before import = 0Number of asset objects unloaded after import = 3

========================================================================
Received Import Request.
  Time since last request: 9.493132 seconds.
  path: Assets/Assets/Polaris - Low Poly Ecosystem/Jupiter - Procedural Sky/Sample/Scenes/DayNightCycle/DayNightCycleProfile.asset
  artifactKey: Guid(f1452483dfc6faf46821b29dba6061e0) Importer(815301076,1909f56bfc062723c751e8b465ee728b)
Start importing Assets/Assets/Polaris - Low Poly Ecosystem/Jupiter - Procedural Sky/Sample/Scenes/DayNightCycle/DayNightCycleProfile.asset using Guid(f1452483dfc6faf46821b29dba6061e0) Importer(815301076,1909f56bfc062723c751e8b465ee728b) (PreviewImporter)[PhysX] Initialized MultithreadedTaskDispatcher with 14 workers.
 -> (artifact id: '52c1082fb4348fff26adea4dfa8970c1') in 0.0020945 seconds
Number of updated asset objects reloaded before import = 0Number of asset objects unloaded after import = 1

========================================================================
Received Import Request.
  Time since last request: 47.583183 seconds.
  path: Assets/SkyProfile-545150729786515836.asset
  artifactKey: Guid(40da9a76b6cda714c89d459ee40500eb) Importer(815301076,1909f56bfc062723c751e8b465ee728b)
Start importing Assets/SkyProfile-545150729786515836.asset using Guid(40da9a76b6cda714c89d459ee40500eb) Importer(815301076,1909f56bfc062723c751e8b465ee728b) (PreviewImporter)[PhysX] Initialized MultithreadedTaskDispatcher with 14 workers.
 -> (artifact id: '65e0380994277a42f3bcfab4c7135634') in 0.0012748 seconds
Number of updated asset objects reloaded before import = 0Number of asset objects unloaded after import = 1

========================================================================
Received Import Request.
  Time since last request: 12.092837 seconds.
  path: Assets/SkyProfile-967682840886515836.asset
  artifactKey: Guid(bc06dfedc4ebbf14b81bf404b3ca8441) Importer(815301076,1909f56bfc062723c751e8b465ee728b)
Start importing Assets/SkyProfile-967682840886515836.asset using Guid(bc06dfedc4ebbf14b81bf404b3ca8441) Importer(815301076,1909f56bfc062723c751e8b465ee728b) (PreviewImporter)[PhysX] Initialized MultithreadedTaskDispatcher with 14 workers.
 -> (artifact id: 'c24f80fc30c0530e4c9182aa7b216608') in 0.0012078 seconds
Number of updated asset objects reloaded before import = 0Number of asset objects unloaded after import = 1

========================================================================
Received Import Request.
  Time since last request: 9.609889 seconds.
  path: Assets/JDayNightCycleProfile-252230441886515836.asset
  artifactKey: Guid(3aad00a271e91544f8cac8182e519560) Importer(815301076,1909f56bfc062723c751e8b465ee728b)
Start importing Assets/JDayNightCycleProfile-252230441886515836.asset using Guid(3aad00a271e91544f8cac8182e519560) Importer(815301076,1909f56bfc062723c751e8b465ee728b) (PreviewImporter)[PhysX] Initialized MultithreadedTaskDispatcher with 14 workers.
 -> (artifact id: 'fa00810a25b3863a30c0b06a4fdb8609') in 0.0011247 seconds
Number of updated asset objects reloaded before import = 0Number of asset objects unloaded after import = 1

========================================================================
Received Import Request.
  Time since last request: 0.000022 seconds.
  path: Assets/SkyProfile-967682840886515836.asset
  artifactKey: Guid(bc06dfedc4ebbf14b81bf404b3ca8441) Importer(815301076,1909f56bfc062723c751e8b465ee728b)
Start importing Assets/SkyProfile-967682840886515836.asset using Guid(bc06dfedc4ebbf14b81bf404b3ca8441) Importer(815301076,1909f56bfc062723c751e8b465ee728b) (PreviewImporter)[PhysX] Initialized MultithreadedTaskDispatcher with 14 workers.
[PhysX] Initialized MultithreadedTaskDispatcher with 14 workers.
[PhysX] Initialized MultithreadedTaskDispatcher with 14 workers.
 -> (artifact id: 'a73db34e8de4e7f239399ff20d17ef36') in 0.0196478 seconds
Number of updated asset objects reloaded before import = 0Number of asset objects unloaded after import = 3

========================================================================
Received Prepare
Begin MonoManager ReloadAssembly
Symbol file LoadedFromMemory is not a mono symbol file
- Loaded All Assemblies, in  0.854 seconds
Refreshing native plugins compatible for Editor in 1.10 ms, found 3 plugins.
Assertion failed on expression: 'pred(*previous, *i)'
Assertion failed on expression: 'pred(*previous, *i)'
Native extension for WindowsStandalone target not found
System.Reflection.TargetInvocationException: Exception has been thrown by the target of an invocation. ---> System.IO.IOException: Sharing violation on path C:\Users\PC\Documents\GitHub\AI-RPG\AI-RPG\Assets\Assets\Polaris - Low Poly Ecosystem\Poseidon - Low Poly Water System\Runtime\Shaders\CGIncludes\PPostProcessingDefines.cs.cginc
  at System.IO.FileStream..ctor (System.String path, System.IO.FileMode mode, System.IO.FileAccess access, System.IO.FileShare share, System.Int32 bufferSize, System.Boolean anonymous, System.IO.FileOptions options) [0x0019e] in <f22cb97e7aa5412ba04225fa1fc145f2>:0 
  at System.IO.FileStream..ctor (System.String path, System.IO.FileMode mode, System.IO.FileAccess access, System.IO.FileShare share, System.Int32 bufferSize, System.IO.FileOptions options) [0x00000] in <f22cb97e7aa5412ba04225fa1fc145f2>:0 
  at (wrapper remoting-invoke-with-check) System.IO.FileStream..ctor(string,System.IO.FileMode,System.IO.FileAccess,System.IO.FileShare,int,System.IO.FileOptions)
  at System.IO.StreamWriter..ctor (System.String path, System.Boolean append, System.Text.Encoding encoding, System.Int32 bufferSize) [0x00055] in <f22cb97e7aa5412ba04225fa1fc145f2>:0 
  at System.IO.StreamWriter..ctor (System.String path) [0x00008] in <f22cb97e7aa5412ba04225fa1fc145f2>:0 
  at (wrapper remoting-invoke-with-check) System.IO.StreamWriter..ctor(string)
  at System.IO.File.WriteAllText (System.String path, System.String contents) [0x00026] in <f22cb97e7aa5412ba04225fa1fc145f2>:0 
  at Pinwheel.Poseidon.PPostProcessingDefines.GeneratePostProcessingDefines () [0x0005a] in C:\Users\PC\Documents\GitHub\AI-RPG\AI-RPG\Assets\Assets\Polaris - Low Poly Ecosystem\Poseidon - Low Poly Water System\Runtime\Shaders\CGIncludes\PPostProcessingDefines.cs:41 
  at Pinwheel.Poseidon.PPostProcessingDefines.OnInit () [0x00001] in C:\Users\PC\Documents\GitHub\AI-RPG\AI-RPG\Assets\Assets\Polaris - Low Poly Ecosystem\Poseidon - Low Poly Water System\Runtime\Shaders\CGIncludes\PPostProcessingDefines.cs:16 
  at (wrapper managed-to-native) System.Reflection.RuntimeMethodInfo.InternalInvoke(System.Reflection.RuntimeMethodInfo,object,object[],System.Exception&)
  at System.Reflection.RuntimeMethodInfo.Invoke (System.Object obj, System.Reflection.BindingFlags invokeAttr, System.Reflection.Binder binder, System.Object[] parameters, System.Globalization.CultureInfo culture) [0x0006a] in <f22cb97e7aa5412ba04225fa1fc145f2>:0 
   --- End of inner exception stack trace ---
  at System.Reflection.RuntimeMethodInfo.Invoke (System.Object obj, System.Reflection.BindingFlags invokeAttr, System.Reflection.Binder binder, System.Object[] parameters, System.Globalization.CultureInfo culture) [0x00083] in <f22cb97e7aa5412ba04225fa1fc145f2>:0 
  at System.Reflection.MethodBase.Invoke (System.Object obj, System.Object[] parameters) [0x00000] in <f22cb97e7aa5412ba04225fa1fc145f2>:0 
  at UnityEditor.EditorAssemblies.ProcessInitializeOnLoadMethodAttributes () [0x00056] in <26627f99a7af447db68cd5961117dc4a>:0 
UnityEngine.Debug:ExtractStackTraceNoAlloc (byte*,int,string)
UnityEngine.StackTraceUtility:ExtractStackTrace ()
UnityEngine.DebugLogHandler:Internal_Log (UnityEngine.LogType,UnityEngine.LogOption,string,UnityEngine.Object)
UnityEngine.DebugLogHandler:LogFormat (UnityEngine.LogType,UnityEngine.Object,string,object[])
UnityEngine.Logger:Log (UnityEngine.LogType,object)
UnityEngine.Debug:LogError (object)
UnityEditor.EditorAssemblies:ProcessInitializeOnLoadMethodAttributes ()

Mono: successfully reloaded assembly
- Finished resetting the current domain, in  1.302 seconds
Domain Reload Profiling: 2153ms
	BeginReloadAssembly (236ms)
		ExecutionOrderSort (0ms)
		DisableScriptedObjects (21ms)
		BackupInstance (0ms)
		ReleaseScriptingObjects (0ms)
		CreateAndSetChildDomain (71ms)
	RebuildCommonClasses (33ms)
	RebuildNativeTypeToScriptingClass (13ms)
	initialDomainReloadingComplete (33ms)
	LoadAllAssembliesAndSetupDomain (535ms)
		LoadAssemblies (429ms)
		RebuildTransferFunctionScriptingTraits (0ms)
		AnalyzeDomain (203ms)
			TypeCache.Refresh (10ms)
				TypeCache.ScanAssembly (0ms)
			BuildScriptInfoCaches (176ms)
			ResolveRequiredComponents (12ms)
	FinalizeReload (1302ms)
		ReleaseScriptCaches (0ms)
		RebuildScriptCaches (0ms)
		SetupLoadedEditorAssemblies (1018ms)
			LogAssemblyErrors (0ms)
			InitializePlatformSupportModulesInManaged (2ms)
			SetLoadedEditorAssemblies (6ms)
			BeforeProcessingInitializeOnLoad (132ms)
			ProcessInitializeOnLoadAttributes (357ms)
			ProcessInitializeOnLoadMethodAttributes (512ms)
			AfterProcessingInitializeOnLoad (8ms)
			EditorAssembliesLoaded (0ms)
		ExecutionOrderSort2 (0ms)
		AwakeInstancesAfterBackupRestoration (15ms)
Refreshing native plugins compatible for Editor in 1.21 ms, found 3 plugins.
Preloading 0 native plugins for Editor in 0.00 ms.
Unloading 20 Unused Serialized files (Serialized files now loaded: 0)
Unloading 6377 unused Assets / (2.5 MB). Loaded Objects now: 7367.
Memory consumption went from 214.0 MB to 211.5 MB.
Total: 11.208000 ms (FindLiveObjects: 0.852100 ms CreateObjectMapping: 0.521200 ms MarkObjects: 7.694900 ms  DeleteObjects: 2.138600 ms)

Prepare: number of updated asset objects reloaded= 0
========================================================================
Received Import Request.
  Time since last request: 51.188193 seconds.
  path: Assets/SkyProfile-545150729786515836.asset
  artifactKey: Guid(40da9a76b6cda714c89d459ee40500eb) Importer(815301076,1909f56bfc062723c751e8b465ee728b)
Start importing Assets/SkyProfile-545150729786515836.asset using Guid(40da9a76b6cda714c89d459ee40500eb) Importer(815301076,1909f56bfc062723c751e8b465ee728b) (PreviewImporter)[PhysX] Initialized MultithreadedTaskDispatcher with 14 workers.
[PhysX] Initialized MultithreadedTaskDispatcher with 14 workers.
[PhysX] Initialized MultithreadedTaskDispatcher with 14 workers.
 -> (artifact id: 'eb86b2a1b5565c1658aa4dbf5821f474') in 0.4921502 seconds
Number of updated asset objects reloaded before import = 0Number of asset objects unloaded after import = 3

========================================================================
Received Prepare
Begin MonoManager ReloadAssembly
Symbol file LoadedFromMemory is not a mono symbol file
- Loaded All Assemblies, in  0.840 seconds
Refreshing native plugins compatible for Editor in 1.00 ms, found 3 plugins.
Assertion failed on expression: 'pred(*previous, *i)'
Assertion failed on expression: 'pred(*previous, *i)'
Native extension for WindowsStandalone target not found
Mono: successfully reloaded assembly
- Finished resetting the current domain, in  1.270 seconds
Domain Reload Profiling: 2108ms
	BeginReloadAssembly (230ms)
		ExecutionOrderSort (0ms)
		DisableScriptedObjects (20ms)
		BackupInstance (0ms)
		ReleaseScriptingObjects (0ms)
		CreateAndSetChildDomain (69ms)
	RebuildCommonClasses (34ms)
	RebuildNativeTypeToScriptingClass (13ms)
	initialDomainReloadingComplete (32ms)
	LoadAllAssembliesAndSetupDomain (527ms)
		LoadAssemblies (424ms)
		RebuildTransferFunctionScriptingTraits (0ms)
		AnalyzeDomain (200ms)
			TypeCache.Refresh (9ms)
				TypeCache.ScanAssembly (0ms)
			BuildScriptInfoCaches (176ms)
			ResolveRequiredComponents (11ms)
	FinalizeReload (1271ms)
		ReleaseScriptCaches (0ms)
		RebuildScriptCaches (0ms)
		SetupLoadedEditorAssemblies (997ms)
			LogAssemblyErrors (0ms)
			InitializePlatformSupportModulesInManaged (3ms)
			SetLoadedEditorAssemblies (6ms)
			BeforeProcessingInitializeOnLoad (122ms)
			ProcessInitializeOnLoadAttributes (352ms)
			ProcessInitializeOnLoadMethodAttributes (506ms)
			AfterProcessingInitializeOnLoad (8ms)
			EditorAssembliesLoaded (0ms)
		ExecutionOrderSort2 (0ms)
		AwakeInstancesAfterBackupRestoration (15ms)
Refreshing native plugins compatible for Editor in 1.18 ms, found 3 plugins.
Preloading 0 native plugins for Editor in 0.00 ms.
Unloading 20 Unused Serialized files (Serialized files now loaded: 0)
Unloading 6377 unused Assets / (4.6 MB). Loaded Objects now: 7392.
Memory consumption went from 218.2 MB to 213.6 MB.
Total: 11.829800 ms (FindLiveObjects: 0.835100 ms CreateObjectMapping: 0.334400 ms MarkObjects: 8.058700 ms  DeleteObjects: 2.600300 ms)

Prepare: number of updated asset objects reloaded= 0
========================================================================
Received Import Request.
  Time since last request: 64.318182 seconds.
  path: Assets/SkyProfile-545150729786515836.asset
  artifactKey: Guid(40da9a76b6cda714c89d459ee40500eb) Importer(815301076,1909f56bfc062723c751e8b465ee728b)
Start importing Assets/SkyProfile-545150729786515836.asset using Guid(40da9a76b6cda714c89d459ee40500eb) Importer(815301076,1909f56bfc062723c751e8b465ee728b) (PreviewImporter)[PhysX] Initialized MultithreadedTaskDispatcher with 14 workers.
[PhysX] Initialized MultithreadedTaskDispatcher with 14 workers.
[PhysX] Initialized MultithreadedTaskDispatcher with 14 workers.
 -> (artifact id: '12da3707f72465810a9f1728852416ec') in 0.4739347 seconds
Number of updated asset objects reloaded before import = 0Number of asset objects unloaded after import = 3

========================================================================
Received Prepare
Begin MonoManager ReloadAssembly
Symbol file LoadedFromMemory is not a mono symbol file
- Loaded All Assemblies, in  0.840 seconds
Refreshing native plugins compatible for Editor in 1.16 ms, found 3 plugins.
Assertion failed on expression: 'pred(*previous, *i)'
Assertion failed on expression: 'pred(*previous, *i)'
Native extension for WindowsStandalone target not found
Mono: successfully reloaded assembly
- Finished resetting the current domain, in  1.411 seconds
Domain Reload Profiling: 2249ms
	BeginReloadAssembly (233ms)
		ExecutionOrderSort (0ms)
		DisableScriptedObjects (21ms)
		BackupInstance (0ms)
		ReleaseScriptingObjects (0ms)
		CreateAndSetChildDomain (68ms)
	RebuildCommonClasses (33ms)
	RebuildNativeTypeToScriptingClass (13ms)
	initialDomainReloadingComplete (33ms)
	LoadAllAssembliesAndSetupDomain (525ms)
		LoadAssemblies (423ms)
		RebuildTransferFunctionScriptingTraits (0ms)
		AnalyzeDomain (201ms)
			TypeCache.Refresh (9ms)
				TypeCache.ScanAssembly (0ms)
			BuildScriptInfoCaches (176ms)
			ResolveRequiredComponents (11ms)
	FinalizeReload (1411ms)
		ReleaseScriptCaches (0ms)
		RebuildScriptCaches (0ms)
		SetupLoadedEditorAssemblies (1108ms)
			LogAssemblyErrors (0ms)
			InitializePlatformSupportModulesInManaged (2ms)
			SetLoadedEditorAssemblies (6ms)
			BeforeProcessingInitializeOnLoad (142ms)
			ProcessInitializeOnLoadAttributes (385ms)
			ProcessInitializeOnLoadMethodAttributes (563ms)
			AfterProcessingInitializeOnLoad (9ms)
			EditorAssembliesLoaded (0ms)
		ExecutionOrderSort2 (0ms)
		AwakeInstancesAfterBackupRestoration (15ms)
Refreshing native plugins compatible for Editor in 1.38 ms, found 3 plugins.
Preloading 0 native plugins for Editor in 0.00 ms.
Unloading 20 Unused Serialized files (Serialized files now loaded: 0)
Unloading 6377 unused Assets / (4.7 MB). Loaded Objects now: 7417.
Memory consumption went from 222.4 MB to 217.7 MB.
Total: 9.864600 ms (FindLiveObjects: 0.854000 ms CreateObjectMapping: 0.487900 ms MarkObjects: 6.011900 ms  DeleteObjects: 2.509200 ms)

Prepare: number of updated asset objects reloaded= 0
========================================================================
Received Import Request.
  Time since last request: 201.064358 seconds.
  path: Assets/Assets/Polaris - Low Poly Ecosystem/Jupiter - Procedural Sky/Sample/Scenes/DayNightCycle
  artifactKey: Guid(b9c745a61795a7c498492d529ef329c0) Importer(815301076,1909f56bfc062723c751e8b465ee728b)
Start importing Assets/Assets/Polaris - Low Poly Ecosystem/Jupiter - Procedural Sky/Sample/Scenes/DayNightCycle using Guid(b9c745a61795a7c498492d529ef329c0) Importer(815301076,1909f56bfc062723c751e8b465ee728b) (PreviewImporter)[PhysX] Initialized MultithreadedTaskDispatcher with 14 workers.
 -> (artifact id: '2a49a2d924d50e55c3b3d97c0543ef8a') in 0.0106459 seconds
Number of updated asset objects reloaded before import = 0Number of asset objects unloaded after import = 0

========================================================================
Received Import Request.
  Time since last request: 0.016243 seconds.
  path: Assets/Assets/Polaris - Low Poly Ecosystem/Jupiter - Procedural Sky/Sample/Scenes/DayNightCycle/SkyProfile-741169173868421736.asset
  artifactKey: Guid(e5bc0ed35fefb0c40a37544c3451413a) Importer(815301076,1909f56bfc062723c751e8b465ee728b)
Start importing Assets/Assets/Polaris - Low Poly Ecosystem/Jupiter - Procedural Sky/Sample/Scenes/DayNightCycle/SkyProfile-741169173868421736.asset using Guid(e5bc0ed35fefb0c40a37544c3451413a) Importer(815301076,1909f56bfc062723c751e8b465ee728b) (PreviewImporter)[PhysX] Initialized MultithreadedTaskDispatcher with 14 workers.
[PhysX] Initialized MultithreadedTaskDispatcher with 14 workers.
[PhysX] Initialized MultithreadedTaskDispatcher with 14 workers.
[PhysX] Initialized MultithreadedTaskDispatcher with 14 workers.
 -> (artifact id: '66c390b684866f81c5adc6ab322b08b2') in 0.4348757 seconds
Number of updated asset objects reloaded before import = 0Number of asset objects unloaded after import = 4

========================================================================
Received Import Request.
  Time since last request: 5.625445 seconds.
  path: Assets/SkyProfile-545150729786515836.asset
  artifactKey: Guid(40da9a76b6cda714c89d459ee40500eb) Importer(815301076,1909f56bfc062723c751e8b465ee728b)
Start importing Assets/SkyProfile-545150729786515836.asset using Guid(40da9a76b6cda714c89d459ee40500eb) Importer(815301076,1909f56bfc062723c751e8b465ee728b) (PreviewImporter)[PhysX] Initialized MultithreadedTaskDispatcher with 14 workers.
[PhysX] Initialized MultithreadedTaskDispatcher with 14 workers.
[PhysX] Initialized MultithreadedTaskDispatcher with 14 workers.
 -> (artifact id: '6e649d405a640efa5a30b687f4faf16e') in 0.0180147 seconds
Number of updated asset objects reloaded before import = 0Number of asset objects unloaded after import = 3

========================================================================
Received Import Request.
  Time since last request: 1.410826 seconds.
  path: Assets/Scenes/FantasyTown.unity
  artifactKey: Guid(5ed278260f53e47469814c103f848381) Importer(815301076,1909f56bfc062723c751e8b465ee728b)
Start importing Assets/Scenes/FantasyTown.unity using Guid(5ed278260f53e47469814c103f848381) Importer(815301076,1909f56bfc062723c751e8b465ee728b) (PreviewImporter)[PhysX] Initialized MultithreadedTaskDispatcher with 14 workers.
 -> (artifact id: '49e86a48983be199f7605c32b01460f8') in 0.0006689 seconds
Number of updated asset objects reloaded before import = 0Number of asset objects unloaded after import = 0

========================================================================
Received Prepare
Begin MonoManager ReloadAssembly
Symbol file LoadedFromMemory is not a mono symbol file
- Loaded All Assemblies, in  0.843 seconds
Refreshing native plugins compatible for Editor in 1.07 ms, found 3 plugins.
Assertion failed on expression: 'pred(*previous, *i)'
Assertion failed on expression: 'pred(*previous, *i)'
Native extension for WindowsStandalone target not found
Mono: successfully reloaded assembly
- Finished resetting the current domain, in  1.287 seconds
Domain Reload Profiling: 2128ms
	BeginReloadAssembly (231ms)
		ExecutionOrderSort (0ms)
		DisableScriptedObjects (20ms)
		BackupInstance (0ms)
		ReleaseScriptingObjects (0ms)
		CreateAndSetChildDomain (69ms)
	RebuildCommonClasses (34ms)
	RebuildNativeTypeToScriptingClass (13ms)
	initialDomainReloadingComplete (32ms)
	LoadAllAssembliesAndSetupDomain (531ms)
		LoadAssemblies (424ms)
		RebuildTransferFunctionScriptingTraits (0ms)
		AnalyzeDomain (202ms)
			TypeCache.Refresh (11ms)
				TypeCache.ScanAssembly (0ms)
			BuildScriptInfoCaches (176ms)
			ResolveRequiredComponents (11ms)
	FinalizeReload (1288ms)
		ReleaseScriptCaches (0ms)
		RebuildScriptCaches (0ms)
		SetupLoadedEditorAssemblies (1013ms)
			LogAssemblyErrors (0ms)
			InitializePlatformSupportModulesInManaged (2ms)
			SetLoadedEditorAssemblies (6ms)
			BeforeProcessingInitializeOnLoad (134ms)
			ProcessInitializeOnLoadAttributes (354ms)
			ProcessInitializeOnLoadMethodAttributes (509ms)
			AfterProcessingInitializeOnLoad (8ms)
			EditorAssembliesLoaded (0ms)
		ExecutionOrderSort2 (0ms)
		AwakeInstancesAfterBackupRestoration (16ms)
Refreshing native plugins compatible for Editor in 1.30 ms, found 3 plugins.
Preloading 0 native plugins for Editor in 0.00 ms.
Unloading 20 Unused Serialized files (Serialized files now loaded: 0)
Unloading 6377 unused Assets / (4.6 MB). Loaded Objects now: 7442.
Memory consumption went from 226.5 MB to 222.0 MB.
Total: 9.202800 ms (FindLiveObjects: 0.802900 ms CreateObjectMapping: 0.372200 ms MarkObjects: 5.710600 ms  DeleteObjects: 2.315900 ms)

Prepare: number of updated asset objects reloaded= 0
========================================================================
Received Prepare
Begin MonoManager ReloadAssembly
Symbol file LoadedFromMemory is not a mono symbol file
- Loaded All Assemblies, in  0.815 seconds
Refreshing native plugins compatible for Editor in 0.98 ms, found 3 plugins.
Assertion failed on expression: 'pred(*previous, *i)'
Assertion failed on expression: 'pred(*previous, *i)'
Native extension for WindowsStandalone target not found
Mono: successfully reloaded assembly
- Finished resetting the current domain, in  1.283 seconds
Domain Reload Profiling: 2094ms
	BeginReloadAssembly (207ms)
		ExecutionOrderSort (0ms)
		DisableScriptedObjects (6ms)
		BackupInstance (0ms)
		ReleaseScriptingObjects (0ms)
		CreateAndSetChildDomain (59ms)
	RebuildCommonClasses (34ms)
	RebuildNativeTypeToScriptingClass (13ms)
	initialDomainReloadingComplete (31ms)
	LoadAllAssembliesAndSetupDomain (526ms)
		LoadAssemblies (422ms)
		RebuildTransferFunctionScriptingTraits (0ms)
		AnalyzeDomain (199ms)
			TypeCache.Refresh (8ms)
				TypeCache.ScanAssembly (0ms)
			BuildScriptInfoCaches (175ms)
			ResolveRequiredComponents (11ms)
	FinalizeReload (1283ms)
		ReleaseScriptCaches (0ms)
		RebuildScriptCaches (0ms)
		SetupLoadedEditorAssemblies (1006ms)
			LogAssemblyErrors (0ms)
			InitializePlatformSupportModulesInManaged (2ms)
			SetLoadedEditorAssemblies (7ms)
			BeforeProcessingInitializeOnLoad (128ms)
			ProcessInitializeOnLoadAttributes (354ms)
			ProcessInitializeOnLoadMethodAttributes (506ms)
			AfterProcessingInitializeOnLoad (8ms)
			EditorAssembliesLoaded (0ms)
		ExecutionOrderSort2 (0ms)
		AwakeInstancesAfterBackupRestoration (16ms)
Refreshing native plugins compatible for Editor in 1.45 ms, found 3 plugins.
Preloading 0 native plugins for Editor in 0.00 ms.
Unloading 20 Unused Serialized files (Serialized files now loaded: 0)
Unloading 6377 unused Assets / (2.7 MB). Loaded Objects now: 7444.
Memory consumption went from 226.5 MB to 223.7 MB.
Total: 9.064400 ms (FindLiveObjects: 0.909000 ms CreateObjectMapping: 0.441600 ms MarkObjects: 5.749400 ms  DeleteObjects: 1.963000 ms)

Prepare: number of updated asset objects reloaded= 0
========================================================================
Received Import Request.
  Time since last request: 351.110143 seconds.
  path: Assets/Assets/Polaris - Low Poly Ecosystem/Jupiter - Procedural Sky/Sample/Textures/CloudTexture0.png
  artifactKey: Guid(d69d12cf3b1e2b144881667c78b2e4f9) Importer(815301076,1909f56bfc062723c751e8b465ee728b)
Start importing Assets/Assets/Polaris - Low Poly Ecosystem/Jupiter - Procedural Sky/Sample/Textures/CloudTexture0.png using Guid(d69d12cf3b1e2b144881667c78b2e4f9) Importer(815301076,1909f56bfc062723c751e8b465ee728b) (PreviewImporter)[PhysX] Initialized MultithreadedTaskDispatcher with 14 workers.
[PhysX] Initialized MultithreadedTaskDispatcher with 14 workers.
 -> (artifact id: 'd9da3af642728889f13670739f3c09f1') in 0.0744477 seconds
Number of updated asset objects reloaded before import = 0Number of asset objects unloaded after import = 2

========================================================================
Received Import Request.
  Time since last request: 3.491531 seconds.
  path: Assets/Assets/Polaris - Low Poly Ecosystem/Jupiter - Procedural Sky/Sample/Cubemaps/Cubemap-Moon.cubemap
  artifactKey: Guid(ef0c7a1c7205a274c8ae147b1fc68287) Importer(815301076,1909f56bfc062723c751e8b465ee728b)
Start importing Assets/Assets/Polaris - Low Poly Ecosystem/Jupiter - Procedural Sky/Sample/Cubemaps/Cubemap-Moon.cubemap using Guid(ef0c7a1c7205a274c8ae147b1fc68287) Importer(815301076,1909f56bfc062723c751e8b465ee728b) (PreviewImporter)[PhysX] Initialized MultithreadedTaskDispatcher with 14 workers.
[PhysX] Initialized MultithreadedTaskDispatcher with 14 workers.
[PhysX] Initialized MultithreadedTaskDispatcher with 14 workers.
 -> (artifact id: '6d7472987bbfbe8861f1313a045cd9ef') in 0.4715382 seconds
Number of updated asset objects reloaded before import = 0Number of asset objects unloaded after import = 1

========================================================================
Received Import Request.
  Time since last request: 0.000030 seconds.
  path: Assets/Assets/Polaris - Low Poly Ecosystem/Jupiter - Procedural Sky/Sample/Cubemaps/Cubemap-Sun.cubemap
  artifactKey: Guid(fd076cc0fa28689468954071d2137785) Importer(815301076,1909f56bfc062723c751e8b465ee728b)
Start importing Assets/Assets/Polaris - Low Poly Ecosystem/Jupiter - Procedural Sky/Sample/Cubemaps/Cubemap-Sun.cubemap using Guid(fd076cc0fa28689468954071d2137785) Importer(815301076,1909f56bfc062723c751e8b465ee728b) (PreviewImporter)[PhysX] Initialized MultithreadedTaskDispatcher with 14 workers.
[PhysX] Initialized MultithreadedTaskDispatcher with 14 workers.
[PhysX] Initialized MultithreadedTaskDispatcher with 14 workers.
 -> (artifact id: '5607f8741b76ece66684dec2c4dce9f2') in 0.0723547 seconds
Number of updated asset objects reloaded before import = 0Number of asset objects unloaded after import = 1

========================================================================
Received Import Request.
  Time since last request: 0.000037 seconds.
  path: Assets/Assets/Polaris - Low Poly Ecosystem/Polaris - Low Poly Terrain Engine/Samples/Pinwheel Studio/Textures/Lavender.psd
  artifactKey: Guid(07cfa61b0d7483f4b9e9f31242b13c52) Importer(815301076,1909f56bfc062723c751e8b465ee728b)
Start importing Assets/Assets/Polaris - Low Poly Ecosystem/Polaris - Low Poly Terrain Engine/Samples/Pinwheel Studio/Textures/Lavender.psd using Guid(07cfa61b0d7483f4b9e9f31242b13c52) Importer(815301076,1909f56bfc062723c751e8b465ee728b) (PreviewImporter)[PhysX] Initialized MultithreadedTaskDispatcher with 14 workers.
[PhysX] Initialized MultithreadedTaskDispatcher with 14 workers.
 -> (artifact id: '6d02924cfed9f6818928c7598a62e4f2') in 0.0142807 seconds
Number of updated asset objects reloaded before import = 0Number of asset objects unloaded after import = 2

========================================================================
Received Import Request.
  Time since last request: 0.000022 seconds.
  path: Assets/Assets/Polaris - Low Poly Ecosystem/Polaris - Low Poly Terrain Engine/Editor/Textures/MaskIcon.psd
  artifactKey: Guid(6d2e238d0fddfb84c8c89137c629430d) Importer(815301076,1909f56bfc062723c751e8b465ee728b)
Start importing Assets/Assets/Polaris - Low Poly Ecosystem/Polaris - Low Poly Terrain Engine/Editor/Textures/MaskIcon.psd using Guid(6d2e238d0fddfb84c8c89137c629430d) Importer(815301076,1909f56bfc062723c751e8b465ee728b) (PreviewImporter)[PhysX] Initialized MultithreadedTaskDispatcher with 14 workers.
[PhysX] Initialized MultithreadedTaskDispatcher with 14 workers.
 -> (artifact id: '5370d1234f31bfff32c69fb9e78c21e2') in 0.0120439 seconds
Number of updated asset objects reloaded before import = 0Number of asset objects unloaded after import = 2

========================================================================
Received Import Request.
  Time since last request: 0.000025 seconds.
  path: Assets/Assets/Polaris - Low Poly Ecosystem/Polaris - Low Poly Terrain Engine/Editor/Textures/Link.psd
  artifactKey: Guid(eea2d53261a58f7408cadc9ba801e74f) Importer(815301076,1909f56bfc062723c751e8b465ee728b)
Start importing Assets/Assets/Polaris - Low Poly Ecosystem/Polaris - Low Poly Terrain Engine/Editor/Textures/Link.psd using Guid(eea2d53261a58f7408cadc9ba801e74f) Importer(815301076,1909f56bfc062723c751e8b465ee728b) (PreviewImporter)[PhysX] Initialized MultithreadedTaskDispatcher with 14 workers.
[PhysX] Initialized MultithreadedTaskDispatcher with 14 workers.
 -> (artifact id: 'e78fa24e32cb2425c2274bbcd14d5648') in 0.0142754 seconds
Number of updated asset objects reloaded before import = 0Number of asset objects unloaded after import = 2

========================================================================
Received Import Request.
  Time since last request: 0.877264 seconds.
  path: Assets/Assets/Polaris - Low Poly Ecosystem/Polaris - Low Poly Terrain Engine/Editor/Textures/MeshToFileIcon.png
  artifactKey: Guid(5ffa66cafc6dd054aaaef70f2872e654) Importer(815301076,1909f56bfc062723c751e8b465ee728b)
Start importing Assets/Assets/Polaris - Low Poly Ecosystem/Polaris - Low Poly Terrain Engine/Editor/Textures/MeshToFileIcon.png using Guid(5ffa66cafc6dd054aaaef70f2872e654) Importer(815301076,1909f56bfc062723c751e8b465ee728b) (PreviewImporter)[PhysX] Initialized MultithreadedTaskDispatcher with 14 workers.
[PhysX] Initialized MultithreadedTaskDispatcher with 14 workers.
 -> (artifact id: '38f45ed5a0c5d9bbe358dede0b360103') in 0.0133195 seconds
Number of updated asset objects reloaded before import = 0Number of asset objects unloaded after import = 2

========================================================================
Received Import Request.
  Time since last request: 0.000024 seconds.
  path: Assets/Assets/Polaris - Low Poly Ecosystem/Polaris - Low Poly Terrain Engine/Editor/Textures/PaintTreeIcon.psd
  artifactKey: Guid(9b571de6a53b07e4dae2e7d5be148d75) Importer(815301076,1909f56bfc062723c751e8b465ee728b)
Start importing Assets/Assets/Polaris - Low Poly Ecosystem/Polaris - Low Poly Terrain Engine/Editor/Textures/PaintTreeIcon.psd using Guid(9b571de6a53b07e4dae2e7d5be148d75) Importer(815301076,1909f56bfc062723c751e8b465ee728b) (PreviewImporter)[PhysX] Initialized MultithreadedTaskDispatcher with 14 workers.
[PhysX] Initialized MultithreadedTaskDispatcher with 14 workers.
 -> (artifact id: '95a77eb908d8f6360fd4f4670dc9c57a') in 0.0111859 seconds
Number of updated asset objects reloaded before import = 0Number of asset objects unloaded after import = 2

========================================================================
Received Import Request.
  Time since last request: 0.000030 seconds.
  path: Assets/Assets/Polaris - Low Poly Ecosystem/Poseidon - Low Poly Water System/Sample/Textures/MetallicMap_4096x4096_522306463795664736.png
  artifactKey: Guid(9c6d9164eff5c8f4d8342e5f9b0cacc4) Importer(815301076,1909f56bfc062723c751e8b465ee728b)
Start importing Assets/Assets/Polaris - Low Poly Ecosystem/Poseidon - Low Poly Water System/Sample/Textures/MetallicMap_4096x4096_522306463795664736.png using Guid(9c6d9164eff5c8f4d8342e5f9b0cacc4) Importer(815301076,1909f56bfc062723c751e8b465ee728b) (PreviewImporter)[PhysX] Initialized MultithreadedTaskDispatcher with 14 workers.
[PhysX] Initialized MultithreadedTaskDispatcher with 14 workers.
 -> (artifact id: '9e361ffb9d4472e58a4852060248de62') in 0.0224343 seconds
Number of updated asset objects reloaded before import = 0Number of asset objects unloaded after import = 2

========================================================================
Received Import Request.
  Time since last request: 0.000025 seconds.
  path: Assets/Assets/Polaris - Low Poly Ecosystem/Polaris - Low Poly Terrain Engine/Runtime/Textures/PerlinNoise.png
  artifactKey: Guid(506efc34a9983ac4880684638edb4f9c) Importer(815301076,1909f56bfc062723c751e8b465ee728b)
Start importing Assets/Assets/Polaris - Low Poly Ecosystem/Polaris - Low Poly Terrain Engine/Runtime/Textures/PerlinNoise.png using Guid(506efc34a9983ac4880684638edb4f9c) Importer(815301076,1909f56bfc062723c751e8b465ee728b) (PreviewImporter)[PhysX] Initialized MultithreadedTaskDispatcher with 14 workers.
[PhysX] Initialized MultithreadedTaskDispatcher with 14 workers.
 -> (artifact id: '49cd2a5492dc42af7ce02f50b85af7fc') in 0.0114686 seconds
Number of updated asset objects reloaded before import = 0Number of asset objects unloaded after import = 2

========================================================================
Received Import Request.
  Time since last request: 0.000022 seconds.
  path: Assets/Assets/Polaris - Low Poly Ecosystem/Polaris - Low Poly Terrain Engine/Samples/Pinwheel Studio/Textures/PineTree.psd
  artifactKey: Guid(50c1709064ac04c45af6d7d8ff192b8f) Importer(815301076,1909f56bfc062723c751e8b465ee728b)
Start importing Assets/Assets/Polaris - Low Poly Ecosystem/Polaris - Low Poly Terrain Engine/Samples/Pinwheel Studio/Textures/PineTree.psd using Guid(50c1709064ac04c45af6d7d8ff192b8f) Importer(815301076,1909f56bfc062723c751e8b465ee728b) (PreviewImporter)[PhysX] Initialized MultithreadedTaskDispatcher with 14 workers.
[PhysX] Initialized MultithreadedTaskDispatcher with 14 workers.
 -> (artifact id: '6f07c36dddccfdd4db9348acd6ad84e0') in 0.010234 seconds
Number of updated asset objects reloaded before import = 0Number of asset objects unloaded after import = 2

========================================================================
Received Import Request.
  Time since last request: 0.000023 seconds.
  path: Assets/Assets/Polaris - Low Poly Ecosystem/Polaris - Low Poly Terrain Engine/Samples/Pinwheel Studio/Billboard/Pine_01/Pine_01_Atlas.png
  artifactKey: Guid(2f22d23282394654489671a857befab5) Importer(815301076,1909f56bfc062723c751e8b465ee728b)
Start importing Assets/Assets/Polaris - Low Poly Ecosystem/Polaris - Low Poly Terrain Engine/Samples/Pinwheel Studio/Billboard/Pine_01/Pine_01_Atlas.png using Guid(2f22d23282394654489671a857befab5) Importer(815301076,1909f56bfc062723c751e8b465ee728b) (PreviewImporter)[PhysX] Initialized MultithreadedTaskDispatcher with 14 workers.
[PhysX] Initialized MultithreadedTaskDispatcher with 14 workers.
 -> (artifact id: '049e5e6c50324eb7a3c795a51b5cedd7') in 0.0116676 seconds
Number of updated asset objects reloaded before import = 0Number of asset objects unloaded after import = 2

========================================================================
Received Import Request.
  Time since last request: 0.000026 seconds.
  path: Assets/Assets/Polaris - Low Poly Ecosystem/Polaris - Low Poly Terrain Engine/Samples/Pinwheel Studio/Billboard/Pine_00/Pine_00_Atlas.png
  artifactKey: Guid(7da7fa97724548e438a10a07047ffc29) Importer(815301076,1909f56bfc062723c751e8b465ee728b)
Start importing Assets/Assets/Polaris - Low Poly Ecosystem/Polaris - Low Poly Terrain Engine/Samples/Pinwheel Studio/Billboard/Pine_00/Pine_00_Atlas.png using Guid(7da7fa97724548e438a10a07047ffc29) Importer(815301076,1909f56bfc062723c751e8b465ee728b) (PreviewImporter)[PhysX] Initialized MultithreadedTaskDispatcher with 14 workers.
[PhysX] Initialized MultithreadedTaskDispatcher with 14 workers.
 -> (artifact id: 'd1abdc0c4979938be0eb3b5b11ed0842') in 0.014397 seconds
Number of updated asset objects reloaded before import = 0Number of asset objects unloaded after import = 2

========================================================================
Received Import Request.
  Time since last request: 0.000024 seconds.
  path: Assets/Assets/Polaris - Low Poly Ecosystem/Polaris - Low Poly Terrain Engine/Editor/Textures/PolarisIcon.png
  artifactKey: Guid(470cca2dec652ae47b48553cf4436ba8) Importer(815301076,1909f56bfc062723c751e8b465ee728b)
Start importing Assets/Assets/Polaris - Low Poly Ecosystem/Polaris - Low Poly Terrain Engine/Editor/Textures/PolarisIcon.png using Guid(470cca2dec652ae47b48553cf4436ba8) Importer(815301076,1909f56bfc062723c751e8b465ee728b) (PreviewImporter)[PhysX] Initialized MultithreadedTaskDispatcher with 14 workers.
[PhysX] Initialized MultithreadedTaskDispatcher with 14 workers.
 -> (artifact id: 'bc748b897857b698ce8a6ba715f5bfd3') in 0.0123203 seconds
Number of updated asset objects reloaded before import = 0Number of asset objects unloaded after import = 2

========================================================================
Received Import Request.
  Time since last request: 0.000034 seconds.
  path: Assets/Assets/Polaris - Low Poly Ecosystem/Polaris - Low Poly Terrain Engine/Samples/Pinwheel Studio/Billboard/Pine_00/Pine_00_Normal.png
  artifactKey: Guid(0b2ef3fd2ffce91409e2de6d379bd322) Importer(815301076,1909f56bfc062723c751e8b465ee728b)
Start importing Assets/Assets/Polaris - Low Poly Ecosystem/Polaris - Low Poly Terrain Engine/Samples/Pinwheel Studio/Billboard/Pine_00/Pine_00_Normal.png using Guid(0b2ef3fd2ffce91409e2de6d379bd322) Importer(815301076,1909f56bfc062723c751e8b465ee728b) (PreviewImporter)[PhysX] Initialized MultithreadedTaskDispatcher with 14 workers.
[PhysX] Initialized MultithreadedTaskDispatcher with 14 workers.
 -> (artifact id: '5eadfe0d97b1a4df451157b02296caa4') in 0.0202161 seconds
Number of updated asset objects reloaded before import = 0Number of asset objects unloaded after import = 2

========================================================================
Received Import Request.
  Time since last request: 0.000025 seconds.
  path: Assets/Assets/Polaris - Low Poly Ecosystem/Polaris - Low Poly Terrain Engine/Editor/Textures/NoiseIcon.psd
  artifactKey: Guid(d40864a6805879e4c9e45369718f6199) Importer(815301076,1909f56bfc062723c751e8b465ee728b)
Start importing Assets/Assets/Polaris - Low Poly Ecosystem/Polaris - Low Poly Terrain Engine/Editor/Textures/NoiseIcon.psd using Guid(d40864a6805879e4c9e45369718f6199) Importer(815301076,1909f56bfc062723c751e8b465ee728b) (PreviewImporter)[PhysX] Initialized MultithreadedTaskDispatcher with 14 workers.
[PhysX] Initialized MultithreadedTaskDispatcher with 14 workers.
 -> (artifact id: 'cfc7600e7a5f9bd1ec19a4cd2dce66f6') in 0.012051 seconds
Number of updated asset objects reloaded before import = 0Number of asset objects unloaded after import = 2

========================================================================
Received Import Request.
  Time since last request: 0.000023 seconds.
  path: Assets/Assets/Polaris - Low Poly Ecosystem/Polaris - Low Poly Terrain Engine/Samples/Pinwheel Studio/Cubemaps/Polaris_SkyCubemap_1.cubemap
  artifactKey: Guid(4a9e5149484c86846bcae1bab6cd0169) Importer(815301076,1909f56bfc062723c751e8b465ee728b)
Start importing Assets/Assets/Polaris - Low Poly Ecosystem/Polaris - Low Poly Terrain Engine/Samples/Pinwheel Studio/Cubemaps/Polaris_SkyCubemap_1.cubemap using Guid(4a9e5149484c86846bcae1bab6cd0169) Importer(815301076,1909f56bfc062723c751e8b465ee728b) (PreviewImporter)[PhysX] Initialized MultithreadedTaskDispatcher with 14 workers.
[PhysX] Initialized MultithreadedTaskDispatcher with 14 workers.
[PhysX] Initialized MultithreadedTaskDispatcher with 14 workers.
 -> (artifact id: '29f36bfb31e54cf64b9d75f8ef855463') in 0.3130393 seconds
Number of updated asset objects reloaded before import = 0Number of asset objects unloaded after import = 1

========================================================================
Received Import Request.
  Time since last request: 0.764114 seconds.
  path: Assets/Assets/Polaris - Low Poly Ecosystem/Poseidon - Low Poly Water System/Sample/Cubemaps/Poseidon_SkyCubemap_0.cubemap
  artifactKey: Guid(cb76f6c136cf36e4aae51b3a5552d104) Importer(815301076,1909f56bfc062723c751e8b465ee728b)
Start importing Assets/Assets/Polaris - Low Poly Ecosystem/Poseidon - Low Poly Water System/Sample/Cubemaps/Poseidon_SkyCubemap_0.cubemap using Guid(cb76f6c136cf36e4aae51b3a5552d104) Importer(815301076,1909f56bfc062723c751e8b465ee728b) (PreviewImporter)[PhysX] Initialized MultithreadedTaskDispatcher with 14 workers.
[PhysX] Initialized MultithreadedTaskDispatcher with 14 workers.
[PhysX] Initialized MultithreadedTaskDispatcher with 14 workers.
 -> (artifact id: 'eba5f3341df277d90569c0f84973866d') in 0.2384014 seconds
Number of updated asset objects reloaded before import = 0Number of asset objects unloaded after import = 1

========================================================================
Received Import Request.
  Time since last request: 0.000035 seconds.
  path: Assets/Assets/Polaris - Low Poly Ecosystem/Polaris - Low Poly Terrain Engine/Samples/Pinwheel Studio/Textures/SampleNoise.psd
  artifactKey: Guid(ba747e991187ae24da5b560872b5b7f1) Importer(815301076,1909f56bfc062723c751e8b465ee728b)
Start importing Assets/Assets/Polaris - Low Poly Ecosystem/Polaris - Low Poly Terrain Engine/Samples/Pinwheel Studio/Textures/SampleNoise.psd using Guid(ba747e991187ae24da5b560872b5b7f1) Importer(815301076,1909f56bfc062723c751e8b465ee728b) (PreviewImporter)[PhysX] Initialized MultithreadedTaskDispatcher with 14 workers.
[PhysX] Initialized MultithreadedTaskDispatcher with 14 workers.
 -> (artifact id: '6ae13f4a10d0b8a641cfa4af1979c7de') in 0.0137733 seconds
Number of updated asset objects reloaded before import = 0Number of asset objects unloaded after import = 2

========================================================================
Received Import Request.
  Time since last request: 0.000036 seconds.
  path: Assets/Assets/Polaris - Low Poly Ecosystem/Polaris - Low Poly Terrain Engine/Editor/Textures/ScaleObjectIcon.psd
  artifactKey: Guid(6c006b88daf9b734fa2c402508cdcd91) Importer(815301076,1909f56bfc062723c751e8b465ee728b)
Start importing Assets/Assets/Polaris - Low Poly Ecosystem/Polaris - Low Poly Terrain Engine/Editor/Textures/ScaleObjectIcon.psd using Guid(6c006b88daf9b734fa2c402508cdcd91) Importer(815301076,1909f56bfc062723c751e8b465ee728b) (PreviewImporter)[PhysX] Initialized MultithreadedTaskDispatcher with 14 workers.
[PhysX] Initialized MultithreadedTaskDispatcher with 14 workers.
 -> (artifact id: 'c0693c8453ba89d27e265ed80eeda7c8') in 0.010857 seconds
Number of updated asset objects reloaded before import = 0Number of asset objects unloaded after import = 2

========================================================================
Received Import Request.
  Time since last request: 0.000021 seconds.
  path: Assets/Assets/Polaris - Low Poly Ecosystem/Polaris - Low Poly Terrain Engine/Editor/Textures/ScaleTreeIcon.psd
  artifactKey: Guid(1ac3d37e93f95df438e9a7156efdc4f3) Importer(815301076,1909f56bfc062723c751e8b465ee728b)
Start importing Assets/Assets/Polaris - Low Poly Ecosystem/Polaris - Low Poly Terrain Engine/Editor/Textures/ScaleTreeIcon.psd using Guid(1ac3d37e93f95df438e9a7156efdc4f3) Importer(815301076,1909f56bfc062723c751e8b465ee728b) (PreviewImporter)[PhysX] Initialized MultithreadedTaskDispatcher with 14 workers.
[PhysX] Initialized MultithreadedTaskDispatcher with 14 workers.
 -> (artifact id: 'ca1e9fca63edcdd61e083681d5841e81') in 0.010051 seconds
Number of updated asset objects reloaded before import = 0Number of asset objects unloaded after import = 2

========================================================================
Received Import Request.
  Time since last request: 0.000023 seconds.
  path: Assets/Assets/Polaris - Low Poly Ecosystem/Polaris - Low Poly Terrain Engine/Runtime/Textures/RedTexture.psd
  artifactKey: Guid(be6c4d41444b35148b68cd4432974843) Importer(815301076,1909f56bfc062723c751e8b465ee728b)
Start importing Assets/Assets/Polaris - Low Poly Ecosystem/Polaris - Low Poly Terrain Engine/Runtime/Textures/RedTexture.psd using Guid(be6c4d41444b35148b68cd4432974843) Importer(815301076,1909f56bfc062723c751e8b465ee728b) (PreviewImporter)[PhysX] Initialized MultithreadedTaskDispatcher with 14 workers.
[PhysX] Initialized MultithreadedTaskDispatcher with 14 workers.
 -> (artifact id: '299add03d49527cf27624d29cd1480db') in 0.0103495 seconds
Number of updated asset objects reloaded before import = 0Number of asset objects unloaded after import = 2

========================================================================
Received Import Request.
  Time since last request: 0.000023 seconds.
  path: Assets/Assets/Polaris - Low Poly Ecosystem/Polaris - Low Poly Terrain Engine/Samples/Pinwheel Studio/Textures/SnowParticle.psd
  artifactKey: Guid(f177245e60119f34798e2103dc69f516) Importer(815301076,1909f56bfc062723c751e8b465ee728b)
Start importing Assets/Assets/Polaris - Low Poly Ecosystem/Polaris - Low Poly Terrain Engine/Samples/Pinwheel Studio/Textures/SnowParticle.psd using Guid(f177245e60119f34798e2103dc69f516) Importer(815301076,1909f56bfc062723c751e8b465ee728b) (PreviewImporter)[PhysX] Initialized MultithreadedTaskDispatcher with 14 workers.
[PhysX] Initialized MultithreadedTaskDispatcher with 14 workers.
 -> (artifact id: '763c46f24e64b0e5cf2124820980df59') in 0.0105104 seconds
Number of updated asset objects reloaded before import = 0Number of asset objects unloaded after import = 2

========================================================================
Received Import Request.
  Time since last request: 0.000023 seconds.
  path: Assets/Assets/Polaris - Low Poly Ecosystem/Polaris - Low Poly Terrain Engine/Samples/Pinwheel Studio/Textures/Stone01.psd
  artifactKey: Guid(bc4442aa91a69ae44afaa3034b5659c0) Importer(815301076,1909f56bfc062723c751e8b465ee728b)
Start importing Assets/Assets/Polaris - Low Poly Ecosystem/Polaris - Low Poly Terrain Engine/Samples/Pinwheel Studio/Textures/Stone01.psd using Guid(bc4442aa91a69ae44afaa3034b5659c0) Importer(815301076,1909f56bfc062723c751e8b465ee728b) (PreviewImporter)[PhysX] Initialized MultithreadedTaskDispatcher with 14 workers.
[PhysX] Initialized MultithreadedTaskDispatcher with 14 workers.
 -> (artifact id: '9432193a7460f45231f65dc2acc2de5e') in 0.0117158 seconds
Number of updated asset objects reloaded before import = 0Number of asset objects unloaded after import = 2

========================================================================
Received Import Request.
  Time since last request: 0.000031 seconds.
  path: Assets/Assets/Polaris - Low Poly Ecosystem/Polaris - Low Poly Terrain Engine/Editor/Textures/TerraceIcon.psd
  artifactKey: Guid(81dffbdd326cbc04b883684c728e009d) Importer(815301076,1909f56bfc062723c751e8b465ee728b)
Start importing Assets/Assets/Polaris - Low Poly Ecosystem/Polaris - Low Poly Terrain Engine/Editor/Textures/TerraceIcon.psd using Guid(81dffbdd326cbc04b883684c728e009d) Importer(815301076,1909f56bfc062723c751e8b465ee728b) (PreviewImporter)[PhysX] Initialized MultithreadedTaskDispatcher with 14 workers.
[PhysX] Initialized MultithreadedTaskDispatcher with 14 workers.
 -> (artifact id: '8f15ff088b0c3585956df55cc0ee1959') in 0.0115813 seconds
Number of updated asset objects reloaded before import = 0Number of asset objects unloaded after import = 2

========================================================================
Received Import Request.
  Time since last request: 0.000034 seconds.
  path: Assets/Assets/Polaris - Low Poly Ecosystem/Jupiter - Procedural Sky/Sample/Textures/Stroke.psd
  artifactKey: Guid(09ba4b1902659f24f931e5be505d306f) Importer(815301076,1909f56bfc062723c751e8b465ee728b)
Start importing Assets/Assets/Polaris - Low Poly Ecosystem/Jupiter - Procedural Sky/Sample/Textures/Stroke.psd using Guid(09ba4b1902659f24f931e5be505d306f) Importer(815301076,1909f56bfc062723c751e8b465ee728b) (PreviewImporter)[PhysX] Initialized MultithreadedTaskDispatcher with 14 workers.
[PhysX] Initialized MultithreadedTaskDispatcher with 14 workers.
 -> (artifact id: '4eb95b0a3469fbf0202c94ca45b125dd') in 0.0129837 seconds
Number of updated asset objects reloaded before import = 0Number of asset objects unloaded after import = 2

========================================================================
Received Import Request.
  Time since last request: 0.000023 seconds.
  path: Assets/Assets/Polaris - Low Poly Ecosystem/Poseidon - Low Poly Water System/Sample/Textures/Terrain-Color.png
  artifactKey: Guid(d1bb668e1b16c0a43b95cc501f3f9fd7) Importer(815301076,1909f56bfc062723c751e8b465ee728b)
Start importing Assets/Assets/Polaris - Low Poly Ecosystem/Poseidon - Low Poly Water System/Sample/Textures/Terrain-Color.png using Guid(d1bb668e1b16c0a43b95cc501f3f9fd7) Importer(815301076,1909f56bfc062723c751e8b465ee728b) (PreviewImporter)[PhysX] Initialized MultithreadedTaskDispatcher with 14 workers.
[PhysX] Initialized MultithreadedTaskDispatcher with 14 workers.
 -> (artifact id: '630001c22fa8bca3a0dce989f800ce2a') in 0.0376176 seconds
Number of updated asset objects reloaded before import = 0Number of asset objects unloaded after import = 2

========================================================================
Received Import Request.
  Time since last request: 0.000025 seconds.
  path: Assets/Assets/Polaris - Low Poly Ecosystem/Polaris - Low Poly Terrain Engine/Editor/Textures/TerrainDataIcon.psd
  artifactKey: Guid(0a8bc049445e99c4494f4fa2af77c8bb) Importer(815301076,1909f56bfc062723c751e8b465ee728b)
Start importing Assets/Assets/Polaris - Low Poly Ecosystem/Polaris - Low Poly Terrain Engine/Editor/Textures/TerrainDataIcon.psd using Guid(0a8bc049445e99c4494f4fa2af77c8bb) Importer(815301076,1909f56bfc062723c751e8b465ee728b) (PreviewImporter)[PhysX] Initialized MultithreadedTaskDispatcher with 14 workers.
[PhysX] Initialized MultithreadedTaskDispatcher with 14 workers.
 -> (artifact id: '43933b664385b70788c42b63af49f6bb') in 0.013223 seconds
Number of updated asset objects reloaded before import = 0Number of asset objects unloaded after import = 2

========================================================================
Received Import Request.
  Time since last request: 0.000026 seconds.
  path: Assets/Assets/Polaris - Low Poly Ecosystem/Polaris - Low Poly Terrain Engine/Editor/Textures/PoseidonIcon.png
  artifactKey: Guid(b8ef97d8e4f02524190cb79d1a442e11) Importer(815301076,1909f56bfc062723c751e8b465ee728b)
Start importing Assets/Assets/Polaris - Low Poly Ecosystem/Polaris - Low Poly Terrain Engine/Editor/Textures/PoseidonIcon.png using Guid(b8ef97d8e4f02524190cb79d1a442e11) Importer(815301076,1909f56bfc062723c751e8b465ee728b) (PreviewImporter)[PhysX] Initialized MultithreadedTaskDispatcher with 14 workers.
[PhysX] Initialized MultithreadedTaskDispatcher with 14 workers.
 -> (artifact id: 'bc515c21a44520c29b13fabc275e0bab') in 0.0127765 seconds
Number of updated asset objects reloaded before import = 0Number of asset objects unloaded after import = 2

========================================================================
Received Import Request.
  Time since last request: 0.000022 seconds.
  path: Assets/Assets/Polaris - Low Poly Ecosystem/Polaris - Low Poly Terrain Engine/Editor/Textures/SplatIcon.psd
  artifactKey: Guid(5b890136503b1ea4c97a74c0c3879303) Importer(815301076,1909f56bfc062723c751e8b465ee728b)
Start importing Assets/Assets/Polaris - Low Poly Ecosystem/Polaris - Low Poly Terrain Engine/Editor/Textures/SplatIcon.psd using Guid(5b890136503b1ea4c97a74c0c3879303) Importer(815301076,1909f56bfc062723c751e8b465ee728b) (PreviewImporter)[PhysX] Initialized MultithreadedTaskDispatcher with 14 workers.
[PhysX] Initialized MultithreadedTaskDispatcher with 14 workers.
 -> (artifact id: '7be20ce19c35ec786ca536b379179f8c') in 0.0113613 seconds
Number of updated asset objects reloaded before import = 0Number of asset objects unloaded after import = 2

========================================================================
Received Import Request.
  Time since last request: 0.000027 seconds.
  path: Assets/Assets/Polaris - Low Poly Ecosystem/Polaris - Low Poly Terrain Engine/Samples/Pinwheel Studio/Scenes/Demo_00/ReflectionProbe-0.exr
  artifactKey: Guid(750a42f25cf1d3b4d841a1dff2ff6a78) Importer(815301076,1909f56bfc062723c751e8b465ee728b)
Start importing Assets/Assets/Polaris - Low Poly Ecosystem/Polaris - Low Poly Terrain Engine/Samples/Pinwheel Studio/Scenes/Demo_00/ReflectionProbe-0.exr using Guid(750a42f25cf1d3b4d841a1dff2ff6a78) Importer(815301076,1909f56bfc062723c751e8b465ee728b) (PreviewImporter)[PhysX] Initialized MultithreadedTaskDispatcher with 14 workers.
[PhysX] Initialized MultithreadedTaskDispatcher with 14 workers.
[PhysX] Initialized MultithreadedTaskDispatcher with 14 workers.
 -> (artifact id: 'd5991e65be33bde774c11bdc33e07596') in 0.0151081 seconds
Number of updated asset objects reloaded before import = 0Number of asset objects unloaded after import = 1

========================================================================
Received Import Request.
  Time since last request: 0.000038 seconds.
  path: Assets/Assets/Polaris - Low Poly Ecosystem/Polaris - Low Poly Terrain Engine/Editor/Textures/SplatPrototypeGroupIcon.psd
  artifactKey: Guid(b6b0facc21280084a9353d66d8faa793) Importer(815301076,1909f56bfc062723c751e8b465ee728b)
Start importing Assets/Assets/Polaris - Low Poly Ecosystem/Polaris - Low Poly Terrain Engine/Editor/Textures/SplatPrototypeGroupIcon.psd using Guid(b6b0facc21280084a9353d66d8faa793) Importer(815301076,1909f56bfc062723c751e8b465ee728b) (PreviewImporter)[PhysX] Initialized MultithreadedTaskDispatcher with 14 workers.
[PhysX] Initialized MultithreadedTaskDispatcher with 14 workers.
 -> (artifact id: '8bb752e6b432cbe3603678409ed94405') in 0.015501 seconds
Number of updated asset objects reloaded before import = 0Number of asset objects unloaded after import = 2

========================================================================
Received Import Request.
  Time since last request: 0.000026 seconds.
  path: Assets/Assets/Polaris - Low Poly Ecosystem/Polaris - Low Poly Terrain Engine/Editor/Resources/PolarisBrushes/SampleBrush0.psd
  artifactKey: Guid(36ca50646fcd9bb438393fe69f4fce4d) Importer(815301076,1909f56bfc062723c751e8b465ee728b)
Start importing Assets/Assets/Polaris - Low Poly Ecosystem/Polaris - Low Poly Terrain Engine/Editor/Resources/PolarisBrushes/SampleBrush0.psd using Guid(36ca50646fcd9bb438393fe69f4fce4d) Importer(815301076,1909f56bfc062723c751e8b465ee728b) (PreviewImporter)[PhysX] Initialized MultithreadedTaskDispatcher with 14 workers.
[PhysX] Initialized MultithreadedTaskDispatcher with 14 workers.
 -> (artifact id: 'a558254b8c5faa6ee9827a2ddf3b7648') in 0.0149371 seconds
Number of updated asset objects reloaded before import = 0Number of asset objects unloaded after import = 2

========================================================================
Received Import Request.
  Time since last request: 0.041468 seconds.
  path: Assets/Assets/Polaris - Low Poly Ecosystem/Polaris - Low Poly Terrain Engine/Samples/Total Game Assets/Textures/texture_colour_palette.tga
  artifactKey: Guid(9123d6fad225dc54a8d8aedcfda3af82) Importer(815301076,1909f56bfc062723c751e8b465ee728b)
Start importing Assets/Assets/Polaris - Low Poly Ecosystem/Polaris - Low Poly Terrain Engine/Samples/Total Game Assets/Textures/texture_colour_palette.tga using Guid(9123d6fad225dc54a8d8aedcfda3af82) Importer(815301076,1909f56bfc062723c751e8b465ee728b) (PreviewImporter)[PhysX] Initialized MultithreadedTaskDispatcher with 14 workers.
[PhysX] Initialized MultithreadedTaskDispatcher with 14 workers.
 -> (artifact id: '1a96f98e4b0c54de806cc51128ab4c27') in 0.0135187 seconds
Number of updated asset objects reloaded before import = 0Number of asset objects unloaded after import = 2

========================================================================
Received Import Request.
  Time since last request: 0.000022 seconds.
  path: Assets/Assets/Polaris - Low Poly Ecosystem/Polaris - Low Poly Terrain Engine/Samples/Pinwheel Studio/Textures/TreeTexture2.psd
  artifactKey: Guid(10cd6ba0f4665744093b088a72cc704f) Importer(815301076,1909f56bfc062723c751e8b465ee728b)
Start importing Assets/Assets/Polaris - Low Poly Ecosystem/Polaris - Low Poly Terrain Engine/Samples/Pinwheel Studio/Textures/TreeTexture2.psd using Guid(10cd6ba0f4665744093b088a72cc704f) Importer(815301076,1909f56bfc062723c751e8b465ee728b) (PreviewImporter)[PhysX] Initialized MultithreadedTaskDispatcher with 14 workers.
[PhysX] Initialized MultithreadedTaskDispatcher with 14 workers.
 -> (artifact id: 'e7e874bf42fa7b425d819ac633d0dd90') in 0.0124634 seconds
Number of updated asset objects reloaded before import = 0Number of asset objects unloaded after import = 2

========================================================================
Received Import Request.
  Time since last request: 0.000024 seconds.
  path: Assets/Assets/Polaris - Low Poly Ecosystem/Polaris - Low Poly Terrain Engine/Samples/Pinwheel Studio/Textures/WhiteSquare.psd
  artifactKey: Guid(66ff4f3d0ef53454aa9e2389e3792e21) Importer(815301076,1909f56bfc062723c751e8b465ee728b)
Start importing Assets/Assets/Polaris - Low Poly Ecosystem/Polaris - Low Poly Terrain Engine/Samples/Pinwheel Studio/Textures/WhiteSquare.psd using Guid(66ff4f3d0ef53454aa9e2389e3792e21) Importer(815301076,1909f56bfc062723c751e8b465ee728b) (PreviewImporter)[PhysX] Initialized MultithreadedTaskDispatcher with 14 workers.
[PhysX] Initialized MultithreadedTaskDispatcher with 14 workers.
 -> (artifact id: '36bde6aa3dfdeb4f83a816903e23ca1a') in 0.0110656 seconds
Number of updated asset objects reloaded before import = 0Number of asset objects unloaded after import = 2

========================================================================
Received Import Request.
  Time since last request: 0.000040 seconds.
  path: Assets/Assets/Polaris - Low Poly Ecosystem/Polaris - Low Poly Terrain Engine/Editor/Textures/VisibilityIcon.psd
  artifactKey: Guid(064a1781acf1dfd4893e2a3000801cfd) Importer(815301076,1909f56bfc062723c751e8b465ee728b)
Start importing Assets/Assets/Polaris - Low Poly Ecosystem/Polaris - Low Poly Terrain Engine/Editor/Textures/VisibilityIcon.psd using Guid(064a1781acf1dfd4893e2a3000801cfd) Importer(815301076,1909f56bfc062723c751e8b465ee728b) (PreviewImporter)[PhysX] Initialized MultithreadedTaskDispatcher with 14 workers.
[PhysX] Initialized MultithreadedTaskDispatcher with 14 workers.
 -> (artifact id: 'f0a365b135242d16fa0673ac64f22bf0') in 0.0122231 seconds
Number of updated asset objects reloaded before import = 0Number of asset objects unloaded after import = 2

========================================================================
Received Import Request.
  Time since last request: 0.000024 seconds.
  path: Assets/Assets/Polaris - Low Poly Ecosystem/Polaris - Low Poly Terrain Engine/Editor/Resources/PolarisBrushes/WhiteSquare.png
  artifactKey: Guid(a980d13c990ec08429a09a1d0c1edb47) Importer(815301076,1909f56bfc062723c751e8b465ee728b)
Start importing Assets/Assets/Polaris - Low Poly Ecosystem/Polaris - Low Poly Terrain Engine/Editor/Resources/PolarisBrushes/WhiteSquare.png using Guid(a980d13c990ec08429a09a1d0c1edb47) Importer(815301076,1909f56bfc062723c751e8b465ee728b) (PreviewImporter)[PhysX] Initialized MultithreadedTaskDispatcher with 14 workers.
[PhysX] Initialized MultithreadedTaskDispatcher with 14 workers.
 -> (artifact id: '9117dde31e7e1355c42ef8219feee3f9') in 0.0120976 seconds
Number of updated asset objects reloaded before import = 0Number of asset objects unloaded after import = 2

========================================================================
Received Import Request.
  Time since last request: 0.000030 seconds.
  path: Assets/Assets/Polaris - Low Poly Ecosystem/Polaris - Low Poly Terrain Engine/Samples/Pinwheel Studio/Textures/WhiteFlower.psd
  artifactKey: Guid(a5e3b9884db02aa4bb3b73c6e0244c05) Importer(815301076,1909f56bfc062723c751e8b465ee728b)
Start importing Assets/Assets/Polaris - Low Poly Ecosystem/Polaris - Low Poly Terrain Engine/Samples/Pinwheel Studio/Textures/WhiteFlower.psd using Guid(a5e3b9884db02aa4bb3b73c6e0244c05) Importer(815301076,1909f56bfc062723c751e8b465ee728b) (PreviewImporter)[PhysX] Initialized MultithreadedTaskDispatcher with 14 workers.
[PhysX] Initialized MultithreadedTaskDispatcher with 14 workers.
 -> (artifact id: '9dd7ef4e3a0fe7df71e406d14752725d') in 0.0122274 seconds
Number of updated asset objects reloaded before import = 0Number of asset objects unloaded after import = 2

========================================================================
Received Import Request.
  Time since last request: 0.000024 seconds.
  path: Assets/Assets/Polaris - Low Poly Ecosystem/Polaris - Low Poly Terrain Engine/Samples/Pinwheel Studio/Textures/TreeTexture_00.psd
  artifactKey: Guid(bc1c217f4532b2f488e712564332b958) Importer(815301076,1909f56bfc062723c751e8b465ee728b)
Start importing Assets/Assets/Polaris - Low Poly Ecosystem/Polaris - Low Poly Terrain Engine/Samples/Pinwheel Studio/Textures/TreeTexture_00.psd using Guid(bc1c217f4532b2f488e712564332b958) Importer(815301076,1909f56bfc062723c751e8b465ee728b) (PreviewImporter)[PhysX] Initialized MultithreadedTaskDispatcher with 14 workers.
[PhysX] Initialized MultithreadedTaskDispatcher with 14 workers.
 -> (artifact id: 'ee84f4e0a119dd6b4814fefc72511f2d') in 0.0106372 seconds
Number of updated asset objects reloaded before import = 0Number of asset objects unloaded after import = 2

========================================================================
Received Import Request.
  Time since last request: 0.000021 seconds.
  path: Assets/Assets/Polaris - Low Poly Ecosystem/Jupiter - Procedural Sky/Sample/Textures/TransparentTexture.psd
  artifactKey: Guid(c5e4a25ceaec8e64090bcd1805f4b8c5) Importer(815301076,1909f56bfc062723c751e8b465ee728b)
Start importing Assets/Assets/Polaris - Low Poly Ecosystem/Jupiter - Procedural Sky/Sample/Textures/TransparentTexture.psd using Guid(c5e4a25ceaec8e64090bcd1805f4b8c5) Importer(815301076,1909f56bfc062723c751e8b465ee728b) (PreviewImporter)[PhysX] Initialized MultithreadedTaskDispatcher with 14 workers.
[PhysX] Initialized MultithreadedTaskDispatcher with 14 workers.
 -> (artifact id: '5e082c180ae91e4eba355b42a4a71ee7') in 0.0175855 seconds
Number of updated asset objects reloaded before import = 0Number of asset objects unloaded after import = 2

========================================================================
Received Import Request.
  Time since last request: 0.000028 seconds.
  path: Assets/Assets/Polaris - Low Poly Ecosystem/Polaris - Low Poly Terrain Engine/Samples/Pinwheel Studio/Textures/WinterPineTree.psd
  artifactKey: Guid(439f1cfd5ce3ddc409d76f4f45baba23) Importer(815301076,1909f56bfc062723c751e8b465ee728b)
Start importing Assets/Assets/Polaris - Low Poly Ecosystem/Polaris - Low Poly Terrain Engine/Samples/Pinwheel Studio/Textures/WinterPineTree.psd using Guid(439f1cfd5ce3ddc409d76f4f45baba23) Importer(815301076,1909f56bfc062723c751e8b465ee728b) (PreviewImporter)[PhysX] Initialized MultithreadedTaskDispatcher with 14 workers.
[PhysX] Initialized MultithreadedTaskDispatcher with 14 workers.
 -> (artifact id: '1987a43fa0ea519caddd663744a10143') in 0.01169 seconds
Number of updated asset objects reloaded before import = 0Number of asset objects unloaded after import = 2

========================================================================
Received Import Request.
  Time since last request: 0.000037 seconds.
  path: Assets/Assets/Polaris - Low Poly Ecosystem/Polaris - Low Poly Terrain Engine/Samples/Pinwheel Studio/Textures/TreeTexture1.psd
  artifactKey: Guid(4b7a8d6dabe421d458f62a81909a30b9) Importer(815301076,1909f56bfc062723c751e8b465ee728b)
Start importing Assets/Assets/Polaris - Low Poly Ecosystem/Polaris - Low Poly Terrain Engine/Samples/Pinwheel Studio/Textures/TreeTexture1.psd using Guid(4b7a8d6dabe421d458f62a81909a30b9) Importer(815301076,1909f56bfc062723c751e8b465ee728b) (PreviewImporter)[PhysX] Initialized MultithreadedTaskDispatcher with 14 workers.
[PhysX] Initialized MultithreadedTaskDispatcher with 14 workers.
 -> (artifact id: 'deab3c65b02a3cbf703efe3f79dc770f') in 0.0127542 seconds
Number of updated asset objects reloaded before import = 0Number of asset objects unloaded after import = 2

Editor requested this worker to shutdown with reason: Scaling down because of idle timeout
AssetImportWorker is now disconnected from the server
Process exiting
Exiting without the bug reporter. Application will terminate with return code 0