Using pre-set license
Built from 'trunk' branch; Version is '6000.0.2f1 (c36be92430b9) revision 12807145'; Using compiler version '193933522'; Build Type 'Release'
OS: 'Windows 10  (10.0.19045) 64bit Professional' Language: 'en' Physical Memory: 32581 MB
BatchMode: 1, IsHumanControllingUs: 0, StartBugReporterOnCrash: 0, Is64bit: 1, IsPro: 1

COMMAND LINE ARGUMENTS:
C:\Program Files\Unity\Hub\Editor\6000.0.2f1\Editor\Unity.exe
-adb2
-batchMode
-noUpm
-name
AssetImportWorker40
-projectPath
C:/Users/PC/Documents/GitHub/AI-RPG/AI-RPG
-logFile
Logs/AssetImportWorker40.log
-srvPort
57376
-job-worker-count
13
-background-job-worker-count
8
-asset-garbage-collectors
1
Successfully changed project path to: C:/Users/PC/Documents/GitHub/AI-RPG/AI-RPG
C:/Users/PC/Documents/GitHub/AI-RPG/AI-RPG
[UnityMemory] Configuration Parameters - Can be set up in boot.config
    "memorysetup-bucket-allocator-granularity=16"
    "memorysetup-bucket-allocator-bucket-count=8"
    "memorysetup-bucket-allocator-block-size=33554432"
    "memorysetup-bucket-allocator-block-count=8"
    "memorysetup-main-allocator-block-size=16777216"
    "memorysetup-thread-allocator-block-size=16777216"
    "memorysetup-gfx-main-allocator-block-size=16777216"
    "memorysetup-gfx-thread-allocator-block-size=16777216"
    "memorysetup-cache-allocator-block-size=4194304"
    "memorysetup-typetree-allocator-block-size=2097152"
    "memorysetup-profiler-bucket-allocator-granularity=16"
    "memorysetup-profiler-bucket-allocator-bucket-count=8"
    "memorysetup-profiler-bucket-allocator-block-size=33554432"
    "memorysetup-profiler-bucket-allocator-block-count=8"
    "memorysetup-profiler-allocator-block-size=16777216"
    "memorysetup-profiler-editor-allocator-block-size=1048576"
    "memorysetup-temp-allocator-size-main=16777216"
    "memorysetup-job-temp-allocator-block-size=2097152"
    "memorysetup-job-temp-allocator-block-size-background=1048576"
    "memorysetup-job-temp-allocator-reduction-small-platforms=262144"
    "memorysetup-allocator-temp-initial-block-size-main=262144"
    "memorysetup-allocator-temp-initial-block-size-worker=262144"
    "memorysetup-temp-allocator-size-background-worker=32768"
    "memorysetup-temp-allocator-size-job-worker=262144"
    "memorysetup-temp-allocator-size-preload-manager=33554432"
    "memorysetup-temp-allocator-size-nav-mesh-worker=65536"
    "memorysetup-temp-allocator-size-audio-worker=65536"
    "memorysetup-temp-allocator-size-cloud-worker=32768"
    "memorysetup-temp-allocator-size-gi-baking-worker=262144"
    "memorysetup-temp-allocator-size-gi-baking-worker=262144"
    "memorysetup-temp-allocator-size-gi-baking-worker=262144"
    "memorysetup-temp-allocator-size-gi-baking-worker=262144"
    "memorysetup-temp-allocator-size-gi-baking-worker=262144"
    "memorysetup-temp-allocator-size-gfx=262144"
Player connection [47592]  Target information:

Player connection [47592]  * "[IP] 192.168.42.167 [Port] 0 [Flags] 2 [Guid] 1840704131 [EditorId] 1840704131 [Version] 1048832 [Id] WindowsEditor(7,DESKTOP-2VPR9IB) [Debug] 1 [PackageName] WindowsEditor [ProjectName] Editor" 

Player connection [47592]  * "[IP] 192.168.0.191 [Port] 0 [Flags] 2 [Guid] 1840704131 [EditorId] 1840704131 [Version] 1048832 [Id] WindowsEditor(7,DESKTOP-2VPR9IB) [Debug] 1 [PackageName] WindowsEditor [ProjectName] Editor" 

Player connection [47592] Host joined multi-casting on [225.0.0.222:54997]...
Player connection [47592] Host joined alternative multi-casting on [225.0.0.222:34997]...
JobSystem: Creating JobQueue using job-worker-count value 13
Library Redirect Path: Library/
[PhysX] Initialized MultithreadedTaskDispatcher with 14 workers.
Refreshing native plugins compatible for Editor in 2.33 ms, found 3 plugins.
Preloading 0 native plugins for Editor in 0.00 ms.
Initialize engine version: 6000.0.2f1 (c36be92430b9)
[Subsystems] Discovering subsystems at path C:/Program Files/Unity/Hub/Editor/6000.0.2f1/Editor/Data/Resources/UnitySubsystems
[Subsystems] Discovering subsystems at path C:/Users/PC/Documents/GitHub/AI-RPG/AI-RPG/Assets
GfxDevice: creating device client; kGfxThreadingModeNonThreaded
Direct3D:
    Version:  Direct3D 11.0 [level 11.1]
    Renderer: NVIDIA GeForce RTX 4070 SUPER (ID=0x2783)
    Vendor:   NVIDIA
    VRAM:     11999 MB
    Driver:   31.0.15.5222
Initialize mono
Mono path[0] = 'C:/Program Files/Unity/Hub/Editor/6000.0.2f1/Editor/Data/Managed'
Mono path[1] = 'C:/Program Files/Unity/Hub/Editor/6000.0.2f1/Editor/Data/MonoBleedingEdge/lib/mono/unityjit-win32'
Mono config path = 'C:/Program Files/Unity/Hub/Editor/6000.0.2f1/Editor/Data/MonoBleedingEdge/etc'
Using monoOptions --debugger-agent=transport=dt_socket,embedding=1,server=y,suspend=n,address=127.0.0.1:56628
Begin MonoManager ReloadAssembly
Registering precompiled unity dll's ...
Register platform support module: C:/Program Files/Unity/Hub/Editor/6000.0.2f1/Editor/Data/PlaybackEngines/WindowsStandaloneSupport/UnityEditor.WindowsStandalone.Extensions.dll
Registered in 0.003534 seconds.
- Loaded All Assemblies, in  0.430 seconds
Native extension for WindowsStandalone target not found
Mono: successfully reloaded assembly
- Finished resetting the current domain, in  0.501 seconds
Domain Reload Profiling: 927ms
	BeginReloadAssembly (148ms)
		ExecutionOrderSort (0ms)
		DisableScriptedObjects (0ms)
		BackupInstance (0ms)
		ReleaseScriptingObjects (0ms)
		CreateAndSetChildDomain (1ms)
	RebuildCommonClasses (39ms)
	RebuildNativeTypeToScriptingClass (14ms)
	initialDomainReloadingComplete (58ms)
	LoadAllAssembliesAndSetupDomain (167ms)
		LoadAssemblies (143ms)
		RebuildTransferFunctionScriptingTraits (0ms)
		AnalyzeDomain (165ms)
			TypeCache.Refresh (163ms)
				TypeCache.ScanAssembly (146ms)
			BuildScriptInfoCaches (0ms)
			ResolveRequiredComponents (0ms)
	FinalizeReload (502ms)
		ReleaseScriptCaches (0ms)
		RebuildScriptCaches (0ms)
		SetupLoadedEditorAssemblies (434ms)
			LogAssemblyErrors (0ms)
			InitializePlatformSupportModulesInManaged (28ms)
			SetLoadedEditorAssemblies (6ms)
			BeforeProcessingInitializeOnLoad (6ms)
			ProcessInitializeOnLoadAttributes (140ms)
			ProcessInitializeOnLoadMethodAttributes (254ms)
			AfterProcessingInitializeOnLoad (0ms)
			EditorAssembliesLoaded (0ms)
		ExecutionOrderSort2 (0ms)
		AwakeInstancesAfterBackupRestoration (0ms)
========================================================================
Worker process is ready to serve import requests
Import Worker Mode flag is 0x00
Begin MonoManager ReloadAssembly
Symbol file LoadedFromMemory is not a mono symbol file
- Loaded All Assemblies, in  1.141 seconds
Refreshing native plugins compatible for Editor in 1.26 ms, found 3 plugins.
Native extension for WindowsStandalone target not found
Mono: successfully reloaded assembly
- Finished resetting the current domain, in  1.126 seconds
Domain Reload Profiling: 2259ms
	BeginReloadAssembly (400ms)
		ExecutionOrderSort (0ms)
		DisableScriptedObjects (6ms)
		BackupInstance (0ms)
		ReleaseScriptingObjects (0ms)
		CreateAndSetChildDomain (37ms)
	RebuildCommonClasses (37ms)
	RebuildNativeTypeToScriptingClass (13ms)
	initialDomainReloadingComplete (44ms)
	LoadAllAssembliesAndSetupDomain (638ms)
		LoadAssemblies (468ms)
		RebuildTransferFunctionScriptingTraits (0ms)
		AnalyzeDomain (278ms)
			TypeCache.Refresh (195ms)
				TypeCache.ScanAssembly (170ms)
			BuildScriptInfoCaches (68ms)
			ResolveRequiredComponents (11ms)
	FinalizeReload (1126ms)
		ReleaseScriptCaches (0ms)
		RebuildScriptCaches (0ms)
		SetupLoadedEditorAssemblies (867ms)
			LogAssemblyErrors (0ms)
			InitializePlatformSupportModulesInManaged (3ms)
			SetLoadedEditorAssemblies (6ms)
			BeforeProcessingInitializeOnLoad (121ms)
			ProcessInitializeOnLoadAttributes (444ms)
			ProcessInitializeOnLoadMethodAttributes (282ms)
			AfterProcessingInitializeOnLoad (10ms)
			EditorAssembliesLoaded (0ms)
		ExecutionOrderSort2 (0ms)
		AwakeInstancesAfterBackupRestoration (7ms)
Launched and connected shader compiler UnityShaderCompiler.exe after 0.01 seconds
Refreshing native plugins compatible for Editor in 1.26 ms, found 3 plugins.
Preloading 0 native plugins for Editor in 0.00 ms.
Unloading 221 Unused Serialized files (Serialized files now loaded: 0)
Unloading 5896 unused Assets / (2.4 MB). Loaded Objects now: 6677.
Memory consumption went from 200.7 MB to 198.3 MB.
Total: 17.749200 ms (FindLiveObjects: 0.729700 ms CreateObjectMapping: 0.311800 ms MarkObjects: 13.869000 ms  DeleteObjects: 2.837600 ms)

========================================================================
Received Import Request.
  Time since last request: 44926.784797 seconds.
  path: Assets/PolygonFantasyKingdom/Prefabs/Characters/SM_Chr_Rider_01.prefab
  artifactKey: Guid(e11051163540ebf4884417f50c226d1c) Importer(815301076,1909f56bfc062723c751e8b465ee728b)
Start importing Assets/PolygonFantasyKingdom/Prefabs/Characters/SM_Chr_Rider_01.prefab using Guid(e11051163540ebf4884417f50c226d1c) Importer(815301076,1909f56bfc062723c751e8b465ee728b) (PreviewImporter)[PhysX] Initialized MultithreadedTaskDispatcher with 14 workers.
[PhysX] Initialized MultithreadedTaskDispatcher with 14 workers.
 -> (artifact id: '85c05f0e811d5347dc121acb359e09bc') in 0.4270466 seconds
Number of updated asset objects reloaded before import = 0Number of asset objects unloaded after import = 198

========================================================================
Received Import Request.
  Time since last request: 26.060598 seconds.
  path: Assets/PolygonFantasyKingdom/Prefabs/FX_Prefabs/FX_Catapult_Fire_Barrage_01.prefab
  artifactKey: Guid(7cb518d7345a56d479da92506e126acb) Importer(815301076,1909f56bfc062723c751e8b465ee728b)
Start importing Assets/PolygonFantasyKingdom/Prefabs/FX_Prefabs/FX_Catapult_Fire_Barrage_01.prefab using Guid(7cb518d7345a56d479da92506e126acb) Importer(815301076,1909f56bfc062723c751e8b465ee728b) (PreviewImporter)[PhysX] Initialized MultithreadedTaskDispatcher with 14 workers.
[PhysX] Initialized MultithreadedTaskDispatcher with 14 workers.
 -> (artifact id: 'ee2861ab5b21b82a982e37082ba33cdc') in 0.048754 seconds
Number of updated asset objects reloaded before import = 0Number of asset objects unloaded after import = 169

========================================================================
Received Import Request.
  Time since last request: 0.000026 seconds.
  path: Assets/PolygonFantasyKingdom/Prefabs/FX_Prefabs/FX_Smoke_Dark_01.prefab
  artifactKey: Guid(8d20ea68bea30d64b8ce443c3138ab1e) Importer(815301076,1909f56bfc062723c751e8b465ee728b)
Start importing Assets/PolygonFantasyKingdom/Prefabs/FX_Prefabs/FX_Smoke_Dark_01.prefab using Guid(8d20ea68bea30d64b8ce443c3138ab1e) Importer(815301076,1909f56bfc062723c751e8b465ee728b) (PreviewImporter)[PhysX] Initialized MultithreadedTaskDispatcher with 14 workers.
[PhysX] Initialized MultithreadedTaskDispatcher with 14 workers.
 -> (artifact id: 'a5674283971b2d8a1aa1cbda59714f7a') in 0.0192575 seconds
Number of updated asset objects reloaded before import = 0Number of asset objects unloaded after import = 8

========================================================================
Received Import Request.
  Time since last request: 0.000023 seconds.
  path: Assets/PolygonFantasyKingdom/Prefabs/FX_Prefabs/FX_Smoke_Light_01.prefab
  artifactKey: Guid(4cbee084c386e7e4b8e3919f92246d08) Importer(815301076,1909f56bfc062723c751e8b465ee728b)
Start importing Assets/PolygonFantasyKingdom/Prefabs/FX_Prefabs/FX_Smoke_Light_01.prefab using Guid(4cbee084c386e7e4b8e3919f92246d08) Importer(815301076,1909f56bfc062723c751e8b465ee728b) (PreviewImporter)[PhysX] Initialized MultithreadedTaskDispatcher with 14 workers.
[PhysX] Initialized MultithreadedTaskDispatcher with 14 workers.
 -> (artifact id: '387957a7897b4247172fe6f35809fb88') in 0.0167697 seconds
Number of updated asset objects reloaded before import = 0Number of asset objects unloaded after import = 8

========================================================================
Received Import Request.
  Time since last request: 2.389188 seconds.
  path: Assets/PolygonFantasyKingdom/Prefabs/Environments/SM_Env_Bridge_Stone_Path_01.prefab
  artifactKey: Guid(98a791f79fddc8c4882a3518ef5ba3e5) Importer(815301076,1909f56bfc062723c751e8b465ee728b)
Start importing Assets/PolygonFantasyKingdom/Prefabs/Environments/SM_Env_Bridge_Stone_Path_01.prefab using Guid(98a791f79fddc8c4882a3518ef5ba3e5) Importer(815301076,1909f56bfc062723c751e8b465ee728b) (PreviewImporter)[PhysX] Initialized MultithreadedTaskDispatcher with 14 workers.
[PhysX] Initialized MultithreadedTaskDispatcher with 14 workers.
 -> (artifact id: '47d7bd2d9a63c0948a6f03c11640f1cd') in 0.0561489 seconds
Number of updated asset objects reloaded before import = 0Number of asset objects unloaded after import = 12

========================================================================
Received Import Request.
  Time since last request: 0.000030 seconds.
  path: Assets/PolygonFantasyKingdom/Prefabs/Environments/SM_Env_Bush_Flowers_02.prefab
  artifactKey: Guid(6f12d15fa441ca045a597687db81dd6f) Importer(815301076,1909f56bfc062723c751e8b465ee728b)
Start importing Assets/PolygonFantasyKingdom/Prefabs/Environments/SM_Env_Bush_Flowers_02.prefab using Guid(6f12d15fa441ca045a597687db81dd6f) Importer(815301076,1909f56bfc062723c751e8b465ee728b) (PreviewImporter)[PhysX] Initialized MultithreadedTaskDispatcher with 14 workers.
[PhysX] Initialized MultithreadedTaskDispatcher with 14 workers.
 -> (artifact id: '3a6e30b305c8269428453c1b86586146') in 0.0457717 seconds
Number of updated asset objects reloaded before import = 0Number of asset objects unloaded after import = 13

========================================================================
Received Import Request.
  Time since last request: 0.000030 seconds.
  path: Assets/PolygonFantasyKingdom/Prefabs/Environments/SM_Env_Fern_04.prefab
  artifactKey: Guid(1618cc105bd08384b92f3c0ab3567972) Importer(815301076,1909f56bfc062723c751e8b465ee728b)
Start importing Assets/PolygonFantasyKingdom/Prefabs/Environments/SM_Env_Fern_04.prefab using Guid(1618cc105bd08384b92f3c0ab3567972) Importer(815301076,1909f56bfc062723c751e8b465ee728b) (PreviewImporter)[PhysX] Initialized MultithreadedTaskDispatcher with 14 workers.
[PhysX] Initialized MultithreadedTaskDispatcher with 14 workers.
 -> (artifact id: '3f75e4688834c25da86101af229a7965') in 0.0448252 seconds
Number of updated asset objects reloaded before import = 0Number of asset objects unloaded after import = 11

========================================================================
Received Import Request.
  Time since last request: 0.000024 seconds.
  path: Assets/PolygonFantasyKingdom/Prefabs/Environments/SM_Env_Bush_Small_05.prefab
  artifactKey: Guid(601ac069937ccc644a3bbb1906ee9648) Importer(815301076,1909f56bfc062723c751e8b465ee728b)
Start importing Assets/PolygonFantasyKingdom/Prefabs/Environments/SM_Env_Bush_Small_05.prefab using Guid(601ac069937ccc644a3bbb1906ee9648) Importer(815301076,1909f56bfc062723c751e8b465ee728b) (PreviewImporter)[PhysX] Initialized MultithreadedTaskDispatcher with 14 workers.
[PhysX] Initialized MultithreadedTaskDispatcher with 14 workers.
 -> (artifact id: '2e9368f95a2d3c78d532089fa70da00a') in 0.0440885 seconds
Number of updated asset objects reloaded before import = 0Number of asset objects unloaded after import = 13

========================================================================
Received Import Request.
  Time since last request: 0.000029 seconds.
  path: Assets/PolygonFantasyKingdom/Prefabs/Environments/SM_Env_Bush_Small_04.prefab
  artifactKey: Guid(2813961d10a3ae04b9d03c18564db91a) Importer(815301076,1909f56bfc062723c751e8b465ee728b)
Start importing Assets/PolygonFantasyKingdom/Prefabs/Environments/SM_Env_Bush_Small_04.prefab using Guid(2813961d10a3ae04b9d03c18564db91a) Importer(815301076,1909f56bfc062723c751e8b465ee728b) (PreviewImporter)[PhysX] Initialized MultithreadedTaskDispatcher with 14 workers.
[PhysX] Initialized MultithreadedTaskDispatcher with 14 workers.
 -> (artifact id: '69008c56cd8cac80056a73d6b5f2a0ce') in 0.0457765 seconds
Number of updated asset objects reloaded before import = 0Number of asset objects unloaded after import = 13

========================================================================
Received Import Request.
  Time since last request: 0.000028 seconds.
  path: Assets/PolygonFantasyKingdom/Prefabs/Environments/SM_Env_Flowers_19.prefab
  artifactKey: Guid(3e26a597c53162442865d4d32b59cf23) Importer(815301076,1909f56bfc062723c751e8b465ee728b)
Start importing Assets/PolygonFantasyKingdom/Prefabs/Environments/SM_Env_Flowers_19.prefab using Guid(3e26a597c53162442865d4d32b59cf23) Importer(815301076,1909f56bfc062723c751e8b465ee728b) (PreviewImporter)[PhysX] Initialized MultithreadedTaskDispatcher with 14 workers.
[PhysX] Initialized MultithreadedTaskDispatcher with 14 workers.
 -> (artifact id: '83ba23b177a61d93034b85fd955b4cdd') in 0.0469199 seconds
Number of updated asset objects reloaded before import = 0Number of asset objects unloaded after import = 11

========================================================================
Received Import Request.
  Time since last request: 0.000044 seconds.
  path: Assets/PolygonFantasyKingdom/Prefabs/Environments/SM_Env_Bush_Flowers_06.prefab
  artifactKey: Guid(d938465d810e247488e49d2977795b46) Importer(815301076,1909f56bfc062723c751e8b465ee728b)
Start importing Assets/PolygonFantasyKingdom/Prefabs/Environments/SM_Env_Bush_Flowers_06.prefab using Guid(d938465d810e247488e49d2977795b46) Importer(815301076,1909f56bfc062723c751e8b465ee728b) (PreviewImporter)[PhysX] Initialized MultithreadedTaskDispatcher with 14 workers.
[PhysX] Initialized MultithreadedTaskDispatcher with 14 workers.
 -> (artifact id: 'b00c74b9695a1d83c56f0eba057f3bc7') in 0.0466713 seconds
Number of updated asset objects reloaded before import = 0Number of asset objects unloaded after import = 13

========================================================================
Received Import Request.
  Time since last request: 0.000027 seconds.
  path: Assets/PolygonFantasyKingdom/Prefabs/Environments/SM_Env_Bush_Flowers_03.prefab
  artifactKey: Guid(6c17a900ea5e69a4794dcb40340ed057) Importer(815301076,1909f56bfc062723c751e8b465ee728b)
Start importing Assets/PolygonFantasyKingdom/Prefabs/Environments/SM_Env_Bush_Flowers_03.prefab using Guid(6c17a900ea5e69a4794dcb40340ed057) Importer(815301076,1909f56bfc062723c751e8b465ee728b) (PreviewImporter)[PhysX] Initialized MultithreadedTaskDispatcher with 14 workers.
[PhysX] Initialized MultithreadedTaskDispatcher with 14 workers.
 -> (artifact id: '1618c36b1bbf763e82beac2e1bb1618c') in 0.0383945 seconds
Number of updated asset objects reloaded before import = 0Number of asset objects unloaded after import = 13

========================================================================
Received Import Request.
  Time since last request: 0.260483 seconds.
  path: Assets/PolygonFantasyKingdom/Prefabs/Environments/SM_Env_Grass_Tuft_01.prefab
  artifactKey: Guid(b1caf92b258944948a55d7a715a5afa0) Importer(815301076,1909f56bfc062723c751e8b465ee728b)
Start importing Assets/PolygonFantasyKingdom/Prefabs/Environments/SM_Env_Grass_Tuft_01.prefab using Guid(b1caf92b258944948a55d7a715a5afa0) Importer(815301076,1909f56bfc062723c751e8b465ee728b) (PreviewImporter)[PhysX] Initialized MultithreadedTaskDispatcher with 14 workers.
[PhysX] Initialized MultithreadedTaskDispatcher with 14 workers.
 -> (artifact id: 'fc1a0d110736f3dba80db630e0f7ca34') in 0.0602523 seconds
Number of updated asset objects reloaded before import = 0Number of asset objects unloaded after import = 11

========================================================================
Received Import Request.
  Time since last request: 0.000033 seconds.
  path: Assets/PolygonFantasyKingdom/Prefabs/Environments/SM_Env_Ground_Crater_03.prefab
  artifactKey: Guid(259f297162418b94c8e4b0d018262bc8) Importer(815301076,1909f56bfc062723c751e8b465ee728b)
Start importing Assets/PolygonFantasyKingdom/Prefabs/Environments/SM_Env_Ground_Crater_03.prefab using Guid(259f297162418b94c8e4b0d018262bc8) Importer(815301076,1909f56bfc062723c751e8b465ee728b) (PreviewImporter)[PhysX] Initialized MultithreadedTaskDispatcher with 14 workers.
[PhysX] Initialized MultithreadedTaskDispatcher with 14 workers.
 -> (artifact id: 'fabc1e9deed178af9034a874ba338401') in 0.0417533 seconds
Number of updated asset objects reloaded before import = 0Number of asset objects unloaded after import = 12

========================================================================
Received Import Request.
  Time since last request: 0.000025 seconds.
  path: Assets/PolygonFantasyKingdom/Prefabs/Environments/SM_Env_Hedge_01.prefab
  artifactKey: Guid(b19fad002d048c74c8540978be2e6ad9) Importer(815301076,1909f56bfc062723c751e8b465ee728b)
Start importing Assets/PolygonFantasyKingdom/Prefabs/Environments/SM_Env_Hedge_01.prefab using Guid(b19fad002d048c74c8540978be2e6ad9) Importer(815301076,1909f56bfc062723c751e8b465ee728b) (PreviewImporter)[PhysX] Initialized MultithreadedTaskDispatcher with 14 workers.
[PhysX] Initialized MultithreadedTaskDispatcher with 14 workers.
 -> (artifact id: 'b2be9c42d8ac5754cd3606e951edc79a') in 0.0413144 seconds
Number of updated asset objects reloaded before import = 0Number of asset objects unloaded after import = 11

========================================================================
Received Import Request.
  Time since last request: 0.000029 seconds.
  path: Assets/PolygonFantasyKingdom/Prefabs/Environments/SM_Env_Ground_Farm_Flat_01.prefab
  artifactKey: Guid(214073465227b5944a5a4716cbf03507) Importer(815301076,1909f56bfc062723c751e8b465ee728b)
Start importing Assets/PolygonFantasyKingdom/Prefabs/Environments/SM_Env_Ground_Farm_Flat_01.prefab using Guid(214073465227b5944a5a4716cbf03507) Importer(815301076,1909f56bfc062723c751e8b465ee728b) (PreviewImporter)[PhysX] Initialized MultithreadedTaskDispatcher with 14 workers.
[PhysX] Initialized MultithreadedTaskDispatcher with 14 workers.
 -> (artifact id: 'efc9c2dcd1f492fdba8eb47084cc1c63') in 0.0245478 seconds
Number of updated asset objects reloaded before import = 0Number of asset objects unloaded after import = 11

========================================================================
Received Import Request.
  Time since last request: 0.000039 seconds.
  path: Assets/PolygonFantasyKingdom/Prefabs/Environments/SM_Env_Ground_Flat_02.prefab
  artifactKey: Guid(aed71a26f6deb4948906a74ef02072e8) Importer(815301076,1909f56bfc062723c751e8b465ee728b)
Start importing Assets/PolygonFantasyKingdom/Prefabs/Environments/SM_Env_Ground_Flat_02.prefab using Guid(aed71a26f6deb4948906a74ef02072e8) Importer(815301076,1909f56bfc062723c751e8b465ee728b) (PreviewImporter)[PhysX] Initialized MultithreadedTaskDispatcher with 14 workers.
[PhysX] Initialized MultithreadedTaskDispatcher with 14 workers.
 -> (artifact id: 'd3b922366c0333e2bc724da8960d4e40') in 0.0192045 seconds
Number of updated asset objects reloaded before import = 0Number of asset objects unloaded after import = 11

========================================================================
Received Import Request.
  Time since last request: 0.000023 seconds.
  path: Assets/PolygonFantasyKingdom/Prefabs/Environments/SM_Env_Ground_Crater_02.prefab
  artifactKey: Guid(59feba50915132e4bab339579a1c06b8) Importer(815301076,1909f56bfc062723c751e8b465ee728b)
Start importing Assets/PolygonFantasyKingdom/Prefabs/Environments/SM_Env_Ground_Crater_02.prefab using Guid(59feba50915132e4bab339579a1c06b8) Importer(815301076,1909f56bfc062723c751e8b465ee728b) (PreviewImporter)[PhysX] Initialized MultithreadedTaskDispatcher with 14 workers.
[PhysX] Initialized MultithreadedTaskDispatcher with 14 workers.
 -> (artifact id: 'de6c52c38781ba77d6189f29bd4621f9') in 0.0460772 seconds
Number of updated asset objects reloaded before import = 0Number of asset objects unloaded after import = 12

========================================================================
Received Import Request.
  Time since last request: 0.000037 seconds.
  path: Assets/PolygonFantasyKingdom/Prefabs/Environments/SM_Env_Path_Raised_02.prefab
  artifactKey: Guid(104cacfdfac39d64793682999fe9c1b4) Importer(815301076,1909f56bfc062723c751e8b465ee728b)
Start importing Assets/PolygonFantasyKingdom/Prefabs/Environments/SM_Env_Path_Raised_02.prefab using Guid(104cacfdfac39d64793682999fe9c1b4) Importer(815301076,1909f56bfc062723c751e8b465ee728b) (PreviewImporter)[PhysX] Initialized MultithreadedTaskDispatcher with 14 workers.
[PhysX] Initialized MultithreadedTaskDispatcher with 14 workers.
 -> (artifact id: '4f0798c29b30b22b8cccac0b00d1bc4f') in 0.0466532 seconds
Number of updated asset objects reloaded before import = 0Number of asset objects unloaded after import = 12

========================================================================
Received Import Request.
  Time since last request: 0.000044 seconds.
  path: Assets/PolygonFantasyKingdom/Prefabs/Environments/SM_Env_Rock_01.prefab
  artifactKey: Guid(818fbf9ffe287c5489125f1d37e02de5) Importer(815301076,1909f56bfc062723c751e8b465ee728b)
Start importing Assets/PolygonFantasyKingdom/Prefabs/Environments/SM_Env_Rock_01.prefab using Guid(818fbf9ffe287c5489125f1d37e02de5) Importer(815301076,1909f56bfc062723c751e8b465ee728b) (PreviewImporter)[PhysX] Initialized MultithreadedTaskDispatcher with 14 workers.
[PhysX] Initialized MultithreadedTaskDispatcher with 14 workers.
 -> (artifact id: '5746afbefe1dd1a44d53a4cdb96ee562') in 0.0408228 seconds
Number of updated asset objects reloaded before import = 0Number of asset objects unloaded after import = 12

========================================================================
Received Import Request.
  Time since last request: 0.000071 seconds.
  path: Assets/PolygonFantasyKingdom/Prefabs/Environments/SM_Env_Reeds_02.prefab
  artifactKey: Guid(bf8fab545a9999c4e9dbe5bbb85b350a) Importer(815301076,1909f56bfc062723c751e8b465ee728b)
Start importing Assets/PolygonFantasyKingdom/Prefabs/Environments/SM_Env_Reeds_02.prefab using Guid(bf8fab545a9999c4e9dbe5bbb85b350a) Importer(815301076,1909f56bfc062723c751e8b465ee728b) (PreviewImporter)[PhysX] Initialized MultithreadedTaskDispatcher with 14 workers.
[PhysX] Initialized MultithreadedTaskDispatcher with 14 workers.
 -> (artifact id: '2328985d54d1bc8f9fe57c99e3ad82ca') in 0.0427032 seconds
Number of updated asset objects reloaded before import = 0Number of asset objects unloaded after import = 11

========================================================================
Received Import Request.
  Time since last request: 0.000045 seconds.
  path: Assets/PolygonFantasyKingdom/Prefabs/Environments/SM_Env_Planter_Preset_01.prefab
  artifactKey: Guid(4b5e7f84ab839d04faa4a3bfbd208112) Importer(815301076,1909f56bfc062723c751e8b465ee728b)
Start importing Assets/PolygonFantasyKingdom/Prefabs/Environments/SM_Env_Planter_Preset_01.prefab using Guid(4b5e7f84ab839d04faa4a3bfbd208112) Importer(815301076,1909f56bfc062723c751e8b465ee728b) (PreviewImporter)[PhysX] Initialized MultithreadedTaskDispatcher with 14 workers.
[PhysX] Initialized MultithreadedTaskDispatcher with 14 workers.
 -> (artifact id: 'f6597ef1660b3fb758134e87c65df66f') in 0.0413761 seconds
Number of updated asset objects reloaded before import = 0Number of asset objects unloaded after import = 13

========================================================================
Received Import Request.
  Time since last request: 0.000039 seconds.
  path: Assets/PolygonFantasyKingdom/Prefabs/Environments/SM_Env_Sunflower_01.prefab
  artifactKey: Guid(05cbc2a83a274fd4aa1c3ae57a3519f3) Importer(815301076,1909f56bfc062723c751e8b465ee728b)
Start importing Assets/PolygonFantasyKingdom/Prefabs/Environments/SM_Env_Sunflower_01.prefab using Guid(05cbc2a83a274fd4aa1c3ae57a3519f3) Importer(815301076,1909f56bfc062723c751e8b465ee728b) (PreviewImporter)[PhysX] Initialized MultithreadedTaskDispatcher with 14 workers.
[PhysX] Initialized MultithreadedTaskDispatcher with 14 workers.
 -> (artifact id: '19f3d10fcad07cbf669f7f2e4b116f1f') in 0.0415544 seconds
Number of updated asset objects reloaded before import = 0Number of asset objects unloaded after import = 11

========================================================================
Received Import Request.
  Time since last request: 0.000059 seconds.
  path: Assets/PolygonFantasyKingdom/Prefabs/Environments/SM_Env_Tree_Pine_Cluster_02.prefab
  artifactKey: Guid(b134f3b15eaeff041bc28faf7b5dc10c) Importer(815301076,1909f56bfc062723c751e8b465ee728b)
Start importing Assets/PolygonFantasyKingdom/Prefabs/Environments/SM_Env_Tree_Pine_Cluster_02.prefab using Guid(b134f3b15eaeff041bc28faf7b5dc10c) Importer(815301076,1909f56bfc062723c751e8b465ee728b) (PreviewImporter)[PhysX] Initialized MultithreadedTaskDispatcher with 14 workers.
[PhysX] Initialized MultithreadedTaskDispatcher with 14 workers.
 -> (artifact id: '97b1948fac7252d764dff841e08164e3') in 0.0403217 seconds
Number of updated asset objects reloaded before import = 0Number of asset objects unloaded after import = 13

========================================================================
Received Import Request.
  Time since last request: 0.000053 seconds.
  path: Assets/PolygonFantasyKingdom/Prefabs/Environments/SM_Env_Tree_Thin_02.prefab
  artifactKey: Guid(c9409a97af2dcc54a930bc02b81b4cda) Importer(815301076,1909f56bfc062723c751e8b465ee728b)
Start importing Assets/PolygonFantasyKingdom/Prefabs/Environments/SM_Env_Tree_Thin_02.prefab using Guid(c9409a97af2dcc54a930bc02b81b4cda) Importer(815301076,1909f56bfc062723c751e8b465ee728b) (PreviewImporter)[PhysX] Initialized MultithreadedTaskDispatcher with 14 workers.
[PhysX] Initialized MultithreadedTaskDispatcher with 14 workers.
 -> (artifact id: '913c27c18a7dca1109b37ca069bc3fec') in 0.0448674 seconds
Number of updated asset objects reloaded before import = 0Number of asset objects unloaded after import = 13

========================================================================
Received Import Request.
  Time since last request: 0.000046 seconds.
  path: Assets/PolygonFantasyKingdom/Prefabs/Environments/SM_Env_Path_Brick_Group_04.prefab
  artifactKey: Guid(54d1030f92cc25f45b7160cfd220d63a) Importer(815301076,1909f56bfc062723c751e8b465ee728b)
Start importing Assets/PolygonFantasyKingdom/Prefabs/Environments/SM_Env_Path_Brick_Group_04.prefab using Guid(54d1030f92cc25f45b7160cfd220d63a) Importer(815301076,1909f56bfc062723c751e8b465ee728b) (PreviewImporter)[PhysX] Initialized MultithreadedTaskDispatcher with 14 workers.
[PhysX] Initialized MultithreadedTaskDispatcher with 14 workers.
 -> (artifact id: '38693947f8b4a00a8da58d598c0b6429') in 0.0463137 seconds
Number of updated asset objects reloaded before import = 0Number of asset objects unloaded after import = 12

========================================================================
Received Import Request.
  Time since last request: 0.000033 seconds.
  path: Assets/PolygonFantasyKingdom/Prefabs/Environments/SM_Env_Tree_Large_01.prefab
  artifactKey: Guid(c5fa94f9ebb29bd478295e8701712698) Importer(815301076,1909f56bfc062723c751e8b465ee728b)
Start importing Assets/PolygonFantasyKingdom/Prefabs/Environments/SM_Env_Tree_Large_01.prefab using Guid(c5fa94f9ebb29bd478295e8701712698) Importer(815301076,1909f56bfc062723c751e8b465ee728b) (PreviewImporter)[PhysX] Initialized MultithreadedTaskDispatcher with 14 workers.
[PhysX] Initialized MultithreadedTaskDispatcher with 14 workers.
 -> (artifact id: 'c04cde3b27a5b0356e9473dd344b5147') in 0.0406938 seconds
Number of updated asset objects reloaded before import = 0Number of asset objects unloaded after import = 21

========================================================================
Received Import Request.
  Time since last request: 0.000036 seconds.
  path: Assets/PolygonFantasyKingdom/Prefabs/Environments/SM_Env_Rock_Chunk_01.prefab
  artifactKey: Guid(2f1cf358cb2eb1c43b8f7ecdad486700) Importer(815301076,1909f56bfc062723c751e8b465ee728b)
Start importing Assets/PolygonFantasyKingdom/Prefabs/Environments/SM_Env_Rock_Chunk_01.prefab using Guid(2f1cf358cb2eb1c43b8f7ecdad486700) Importer(815301076,1909f56bfc062723c751e8b465ee728b) (PreviewImporter)[PhysX] Initialized MultithreadedTaskDispatcher with 14 workers.
[PhysX] Initialized MultithreadedTaskDispatcher with 14 workers.
 -> (artifact id: '62585f3a97cdbeaa095eb068c30ec7a2') in 0.0416718 seconds
Number of updated asset objects reloaded before import = 0Number of asset objects unloaded after import = 12

========================================================================
Received Import Request.
  Time since last request: 0.000038 seconds.
  path: Assets/PolygonFantasyKingdom/Prefabs/Environments/SM_Env_Rock_Chunk_02.prefab
  artifactKey: Guid(23e06cc63cc3eb74791ede84dc942e66) Importer(815301076,1909f56bfc062723c751e8b465ee728b)
Start importing Assets/PolygonFantasyKingdom/Prefabs/Environments/SM_Env_Rock_Chunk_02.prefab using Guid(23e06cc63cc3eb74791ede84dc942e66) Importer(815301076,1909f56bfc062723c751e8b465ee728b) (PreviewImporter)[PhysX] Initialized MultithreadedTaskDispatcher with 14 workers.
[PhysX] Initialized MultithreadedTaskDispatcher with 14 workers.
 -> (artifact id: 'a0582f32d9b792df1e6a35d8091b89b5') in 0.0421571 seconds
Number of updated asset objects reloaded before import = 0Number of asset objects unloaded after import = 12

========================================================================
Received Import Request.
  Time since last request: 0.000031 seconds.
  path: Assets/PolygonFantasyKingdom/Prefabs/Environments/SM_Env_Rock_Cliff_05.prefab
  artifactKey: Guid(0558abc42eda771439f8593c7821a2d7) Importer(815301076,1909f56bfc062723c751e8b465ee728b)
Start importing Assets/PolygonFantasyKingdom/Prefabs/Environments/SM_Env_Rock_Cliff_05.prefab using Guid(0558abc42eda771439f8593c7821a2d7) Importer(815301076,1909f56bfc062723c751e8b465ee728b) (PreviewImporter)[PhysX] Initialized MultithreadedTaskDispatcher with 14 workers.
[PhysX] Initialized MultithreadedTaskDispatcher with 14 workers.
 -> (artifact id: '698b2d3127b9b2bae96a50ea45900ff3') in 0.0431706 seconds
Number of updated asset objects reloaded before import = 0Number of asset objects unloaded after import = 12

========================================================================
Received Import Request.
  Time since last request: 0.000034 seconds.
  path: Assets/PolygonFantasyKingdom/Prefabs/Environments/SM_Env_Water_Plane_01.prefab
  artifactKey: Guid(a8a870d55b0a06b4db17cf9263c6ad9d) Importer(815301076,1909f56bfc062723c751e8b465ee728b)
Start importing Assets/PolygonFantasyKingdom/Prefabs/Environments/SM_Env_Water_Plane_01.prefab using Guid(a8a870d55b0a06b4db17cf9263c6ad9d) Importer(815301076,1909f56bfc062723c751e8b465ee728b) (PreviewImporter)[PhysX] Initialized MultithreadedTaskDispatcher with 14 workers.
[PhysX] Initialized MultithreadedTaskDispatcher with 14 workers.
 -> (artifact id: '2b8f2a06829842ea2511bd48e87c294f') in 0.0163598 seconds
Number of updated asset objects reloaded before import = 0Number of asset objects unloaded after import = 8

========================================================================
Received Import Request.
  Time since last request: 4.810280 seconds.
  path: Assets/PolygonFantasyKingdom/Prefabs/Bonus/SM_Item_Bottle_03_Bonus.prefab
  artifactKey: Guid(aecd21783a58e734da5f52bbe4a0b7c7) Importer(815301076,1909f56bfc062723c751e8b465ee728b)
Start importing Assets/PolygonFantasyKingdom/Prefabs/Bonus/SM_Item_Bottle_03_Bonus.prefab using Guid(aecd21783a58e734da5f52bbe4a0b7c7) Importer(815301076,1909f56bfc062723c751e8b465ee728b) (PreviewImporter)[PhysX] Initialized MultithreadedTaskDispatcher with 14 workers.
[PhysX] Initialized MultithreadedTaskDispatcher with 14 workers.
 -> (artifact id: 'c1f4111c212ec4fee7c06831708e57d1') in 0.069051 seconds
Number of updated asset objects reloaded before import = 0Number of asset objects unloaded after import = 11

========================================================================
Received Import Request.
  Time since last request: 0.000035 seconds.
  path: Assets/PolygonFantasyKingdom/Prefabs/Bonus/SM_Prop_Boat_01.prefab
  artifactKey: Guid(0184ddb7446b428488b47bee440efcfa) Importer(815301076,1909f56bfc062723c751e8b465ee728b)
Start importing Assets/PolygonFantasyKingdom/Prefabs/Bonus/SM_Prop_Boat_01.prefab using Guid(0184ddb7446b428488b47bee440efcfa) Importer(815301076,1909f56bfc062723c751e8b465ee728b) (PreviewImporter)[PhysX] Initialized MultithreadedTaskDispatcher with 14 workers.
[PhysX] Initialized MultithreadedTaskDispatcher with 14 workers.
 -> (artifact id: '31f9b7a6791012c5c8f58d2bcbcee1a7') in 0.0629297 seconds
Number of updated asset objects reloaded before import = 0Number of asset objects unloaded after import = 12

========================================================================
Received Import Request.
  Time since last request: 0.000036 seconds.
  path: Assets/PolygonFantasyKingdom/Prefabs/Bonus/SM_Item_Key_04.prefab
  artifactKey: Guid(d045c133103d5524d8942242b9f5600a) Importer(815301076,1909f56bfc062723c751e8b465ee728b)
Start importing Assets/PolygonFantasyKingdom/Prefabs/Bonus/SM_Item_Key_04.prefab using Guid(d045c133103d5524d8942242b9f5600a) Importer(815301076,1909f56bfc062723c751e8b465ee728b) (PreviewImporter)[PhysX] Initialized MultithreadedTaskDispatcher with 14 workers.
[PhysX] Initialized MultithreadedTaskDispatcher with 14 workers.
 -> (artifact id: '9264d0624f271b7d49338317fb731ca2') in 0.049016 seconds
Number of updated asset objects reloaded before import = 0Number of asset objects unloaded after import = 11

========================================================================
Received Import Request.
  Time since last request: 0.000025 seconds.
  path: Assets/PolygonFantasyKingdom/Prefabs/Bonus/SM_Prop_Gravestone_Dirt_01.prefab
  artifactKey: Guid(1d64c5fdb9b76b54081dc2ea190ef807) Importer(815301076,1909f56bfc062723c751e8b465ee728b)
Start importing Assets/PolygonFantasyKingdom/Prefabs/Bonus/SM_Prop_Gravestone_Dirt_01.prefab using Guid(1d64c5fdb9b76b54081dc2ea190ef807) Importer(815301076,1909f56bfc062723c751e8b465ee728b) (PreviewImporter)[PhysX] Initialized MultithreadedTaskDispatcher with 14 workers.
[PhysX] Initialized MultithreadedTaskDispatcher with 14 workers.
 -> (artifact id: 'f4d84b9875e3c72cdbe77d32bcff4885') in 0.0433057 seconds
Number of updated asset objects reloaded before import = 0Number of asset objects unloaded after import = 12

========================================================================
Received Import Request.
  Time since last request: 0.000037 seconds.
  path: Assets/PolygonFantasyKingdom/Prefabs/Bonus/SM_Prop_Gravestone_Broken_01.prefab
  artifactKey: Guid(838f76a5fdc08cd4da81b45cec99d49f) Importer(815301076,1909f56bfc062723c751e8b465ee728b)
Start importing Assets/PolygonFantasyKingdom/Prefabs/Bonus/SM_Prop_Gravestone_Broken_01.prefab using Guid(838f76a5fdc08cd4da81b45cec99d49f) Importer(815301076,1909f56bfc062723c751e8b465ee728b) (PreviewImporter)[PhysX] Initialized MultithreadedTaskDispatcher with 14 workers.
[PhysX] Initialized MultithreadedTaskDispatcher with 14 workers.
 -> (artifact id: '53247f2ef3aa03bbf3c92beee7700f53') in 0.0403238 seconds
Number of updated asset objects reloaded before import = 0Number of asset objects unloaded after import = 12

========================================================================
Received Import Request.
  Time since last request: 6.979389 seconds.
  path: Assets/PolygonFantasyKingdom/Models/SM_Bld_Castle_Battlements_M_Corner_01.fbx
  artifactKey: Guid(f1d1f0d6f34f9564bbe284b009f88836) Importer(815301076,1909f56bfc062723c751e8b465ee728b)
Start importing Assets/PolygonFantasyKingdom/Models/SM_Bld_Castle_Battlements_M_Corner_01.fbx using Guid(f1d1f0d6f34f9564bbe284b009f88836) Importer(815301076,1909f56bfc062723c751e8b465ee728b) (PreviewImporter)[PhysX] Initialized MultithreadedTaskDispatcher with 14 workers.
[PhysX] Initialized MultithreadedTaskDispatcher with 14 workers.
[PhysX] Initialized MultithreadedTaskDispatcher with 14 workers.
 -> (artifact id: 'e1cfb986935498308558ca9d4b4efa8f') in 0.0398283 seconds
Number of updated asset objects reloaded before import = 0Number of asset objects unloaded after import = 7

========================================================================
Received Import Request.
  Time since last request: 0.000024 seconds.
  path: Assets/PolygonFantasyKingdom/Models/SM_Bld_Castle_Battlements_M_Corner_06.fbx
  artifactKey: Guid(274933a9f00b0cf459bcae4749b59f5d) Importer(815301076,1909f56bfc062723c751e8b465ee728b)
Start importing Assets/PolygonFantasyKingdom/Models/SM_Bld_Castle_Battlements_M_Corner_06.fbx using Guid(274933a9f00b0cf459bcae4749b59f5d) Importer(815301076,1909f56bfc062723c751e8b465ee728b) (PreviewImporter)[PhysX] Initialized MultithreadedTaskDispatcher with 14 workers.
[PhysX] Initialized MultithreadedTaskDispatcher with 14 workers.
[PhysX] Initialized MultithreadedTaskDispatcher with 14 workers.
 -> (artifact id: '784e49f75e14c0f84135ca357bac4540') in 0.0640567 seconds
Number of updated asset objects reloaded before import = 0Number of asset objects unloaded after import = 7

========================================================================
Received Import Request.
  Time since last request: 13.626295 seconds.
  path: Assets/PolygonFantasyKingdom/Prefabs/Buildings/SM_Bld_House_Stairs_03_Railing_01.prefab
  artifactKey: Guid(b3d4bc02764f5f64393331cc2258f52a) Importer(815301076,1909f56bfc062723c751e8b465ee728b)
Start importing Assets/PolygonFantasyKingdom/Prefabs/Buildings/SM_Bld_House_Stairs_03_Railing_01.prefab using Guid(b3d4bc02764f5f64393331cc2258f52a) Importer(815301076,1909f56bfc062723c751e8b465ee728b) (PreviewImporter)[PhysX] Initialized MultithreadedTaskDispatcher with 14 workers.
[PhysX] Initialized MultithreadedTaskDispatcher with 14 workers.
 -> (artifact id: '817f74ddb778665d0068cf2c7593fcc9') in 0.0531298 seconds
Number of updated asset objects reloaded before import = 0Number of asset objects unloaded after import = 13

========================================================================
Received Import Request.
  Time since last request: 0.000030 seconds.
  path: Assets/PolygonFantasyKingdom/Prefabs/Buildings/SM_Bld_Tent_Single_01.prefab
  artifactKey: Guid(e0d64ef55673ae34a95e9971018b162e) Importer(815301076,1909f56bfc062723c751e8b465ee728b)
Start importing Assets/PolygonFantasyKingdom/Prefabs/Buildings/SM_Bld_Tent_Single_01.prefab using Guid(e0d64ef55673ae34a95e9971018b162e) Importer(815301076,1909f56bfc062723c751e8b465ee728b) (PreviewImporter)[PhysX] Initialized MultithreadedTaskDispatcher with 14 workers.
[PhysX] Initialized MultithreadedTaskDispatcher with 14 workers.
 -> (artifact id: 'e2377625043528aa29f5957558c0816b') in 0.0470003 seconds
Number of updated asset objects reloaded before import = 0Number of asset objects unloaded after import = 13

========================================================================
Received Import Request.
  Time since last request: 0.000041 seconds.
  path: Assets/PolygonFantasyKingdom/Prefabs/Buildings/SM_Prop_Destroyed_House_Piece_03.prefab
  artifactKey: Guid(d24716d57cb776f48ba0e64fc66d4ab6) Importer(815301076,1909f56bfc062723c751e8b465ee728b)
Start importing Assets/PolygonFantasyKingdom/Prefabs/Buildings/SM_Prop_Destroyed_House_Piece_03.prefab using Guid(d24716d57cb776f48ba0e64fc66d4ab6) Importer(815301076,1909f56bfc062723c751e8b465ee728b) (PreviewImporter)[PhysX] Initialized MultithreadedTaskDispatcher with 14 workers.
[PhysX] Initialized MultithreadedTaskDispatcher with 14 workers.
 -> (artifact id: 'e8b61af4281bb4ec63dfd844efd1cf54') in 0.0466753 seconds
Number of updated asset objects reloaded before import = 0Number of asset objects unloaded after import = 17

========================================================================
Received Import Request.
  Time since last request: 0.000044 seconds.
  path: Assets/PolygonFantasyKingdom/Prefabs/Buildings/SM_Prop_Destroyed_House_Piece_03_Burnt.prefab
  artifactKey: Guid(cb50229cab8d58a4baa1060dd36519a2) Importer(815301076,1909f56bfc062723c751e8b465ee728b)
Start importing Assets/PolygonFantasyKingdom/Prefabs/Buildings/SM_Prop_Destroyed_House_Piece_03_Burnt.prefab using Guid(cb50229cab8d58a4baa1060dd36519a2) Importer(815301076,1909f56bfc062723c751e8b465ee728b) (PreviewImporter)[PhysX] Initialized MultithreadedTaskDispatcher with 14 workers.
[PhysX] Initialized MultithreadedTaskDispatcher with 14 workers.
 -> (artifact id: '1f3729866a71cd69dd32637a78c87c85') in 0.043672 seconds
Number of updated asset objects reloaded before import = 0Number of asset objects unloaded after import = 17

========================================================================
Received Import Request.
  Time since last request: 0.000026 seconds.
  path: Assets/PolygonFantasyKingdom/Prefabs/Buildings/SM_Bld_Wooden_Tower_02.prefab
  artifactKey: Guid(6cc6931132ad2164f88f29ddede19010) Importer(815301076,1909f56bfc062723c751e8b465ee728b)
Start importing Assets/PolygonFantasyKingdom/Prefabs/Buildings/SM_Bld_Wooden_Tower_02.prefab using Guid(6cc6931132ad2164f88f29ddede19010) Importer(815301076,1909f56bfc062723c751e8b465ee728b) (PreviewImporter)[PhysX] Initialized MultithreadedTaskDispatcher with 14 workers.
[PhysX] Initialized MultithreadedTaskDispatcher with 14 workers.
 -> (artifact id: '23ea1349b2e9ceab14b67b8eccaa8eb8') in 0.0426731 seconds
Number of updated asset objects reloaded before import = 0Number of asset objects unloaded after import = 13

========================================================================
Received Import Request.
  Time since last request: 0.000028 seconds.
  path: Assets/PolygonFantasyKingdom/Prefabs/Buildings/SM_Bld_Tent_Large_01_Burnt.prefab
  artifactKey: Guid(9514ae82e1dc92b43be60d380e6db3b0) Importer(815301076,1909f56bfc062723c751e8b465ee728b)
Start importing Assets/PolygonFantasyKingdom/Prefabs/Buildings/SM_Bld_Tent_Large_01_Burnt.prefab using Guid(9514ae82e1dc92b43be60d380e6db3b0) Importer(815301076,1909f56bfc062723c751e8b465ee728b) (PreviewImporter)[PhysX] Initialized MultithreadedTaskDispatcher with 14 workers.
[PhysX] Initialized MultithreadedTaskDispatcher with 14 workers.
 -> (artifact id: 'b0a0625f0ef622b9412188a8033199b3') in 0.0393764 seconds
Number of updated asset objects reloaded before import = 0Number of asset objects unloaded after import = 18

========================================================================
Received Import Request.
  Time since last request: 1.307416 seconds.
  path: Assets/PolygonFantasyKingdom/Prefabs/Buildings/Preset_Houses/SM_Bld_Preset_House_02_A_Optimized.prefab
  artifactKey: Guid(9f650d6799a179d438d3695a1fac84e6) Importer(815301076,1909f56bfc062723c751e8b465ee728b)
Start importing Assets/PolygonFantasyKingdom/Prefabs/Buildings/Preset_Houses/SM_Bld_Preset_House_02_A_Optimized.prefab using Guid(9f650d6799a179d438d3695a1fac84e6) Importer(815301076,1909f56bfc062723c751e8b465ee728b) (PreviewImporter)[PhysX] Initialized MultithreadedTaskDispatcher with 14 workers.
[PhysX] Initialized MultithreadedTaskDispatcher with 14 workers.
 -> (artifact id: '360d020cb73838cdcc180fe58e81df1d') in 0.0534348 seconds
Number of updated asset objects reloaded before import = 0Number of asset objects unloaded after import = 19

========================================================================
Received Import Request.
  Time since last request: 0.000026 seconds.
  path: Assets/PolygonFantasyKingdom/Prefabs/Buildings/Preset_Houses/SM_Bld_Preset_House_07_Optimized.prefab
  artifactKey: Guid(4d3bedae59bad854eac1c80230ab57f0) Importer(815301076,1909f56bfc062723c751e8b465ee728b)
Start importing Assets/PolygonFantasyKingdom/Prefabs/Buildings/Preset_Houses/SM_Bld_Preset_House_07_Optimized.prefab using Guid(4d3bedae59bad854eac1c80230ab57f0) Importer(815301076,1909f56bfc062723c751e8b465ee728b) (PreviewImporter)[PhysX] Initialized MultithreadedTaskDispatcher with 14 workers.
[PhysX] Initialized MultithreadedTaskDispatcher with 14 workers.
 -> (artifact id: '2cdb5d732e13278c26544164dc8703ff') in 0.0590366 seconds
Number of updated asset objects reloaded before import = 0Number of asset objects unloaded after import = 19

========================================================================
Received Import Request.
  Time since last request: 0.000039 seconds.
  path: Assets/PolygonFantasyKingdom/Prefabs/Buildings/Preset_Houses/SM_Bld_Preset_House_Archway_02_Optimized.prefab
  artifactKey: Guid(b2f8206cb656ffa4f89511da5b387e70) Importer(815301076,1909f56bfc062723c751e8b465ee728b)
Start importing Assets/PolygonFantasyKingdom/Prefabs/Buildings/Preset_Houses/SM_Bld_Preset_House_Archway_02_Optimized.prefab using Guid(b2f8206cb656ffa4f89511da5b387e70) Importer(815301076,1909f56bfc062723c751e8b465ee728b) (PreviewImporter)[PhysX] Initialized MultithreadedTaskDispatcher with 14 workers.
[PhysX] Initialized MultithreadedTaskDispatcher with 14 workers.
 -> (artifact id: 'e6276b8eafe28aeec175d3989ec8903f') in 0.0530146 seconds
Number of updated asset objects reloaded before import = 0Number of asset objects unloaded after import = 19

========================================================================
Received Import Request.
  Time since last request: 0.000041 seconds.
  path: Assets/PolygonFantasyKingdom/Prefabs/Buildings/Preset_Houses/SM_Bld_Preset_Hut_02_Optimized.prefab
  artifactKey: Guid(9846eb1612d4fd948bb6738b06cab5af) Importer(815301076,1909f56bfc062723c751e8b465ee728b)
Start importing Assets/PolygonFantasyKingdom/Prefabs/Buildings/Preset_Houses/SM_Bld_Preset_Hut_02_Optimized.prefab using Guid(9846eb1612d4fd948bb6738b06cab5af) Importer(815301076,1909f56bfc062723c751e8b465ee728b) (PreviewImporter)[PhysX] Initialized MultithreadedTaskDispatcher with 14 workers.
[PhysX] Initialized MultithreadedTaskDispatcher with 14 workers.
 -> (artifact id: '9f636d1406fffa2f83e29e59a19dde2b') in 0.041636 seconds
Number of updated asset objects reloaded before import = 0Number of asset objects unloaded after import = 13

========================================================================
Received Prepare
Begin MonoManager ReloadAssembly
Symbol file LoadedFromMemory is not a mono symbol file
- Loaded All Assemblies, in  0.829 seconds
Refreshing native plugins compatible for Editor in 1.30 ms, found 3 plugins.
Native extension for WindowsStandalone target not found
Mono: successfully reloaded assembly
- Finished resetting the current domain, in  1.047 seconds
Domain Reload Profiling: 1873ms
	BeginReloadAssembly (230ms)
		ExecutionOrderSort (0ms)
		DisableScriptedObjects (21ms)
		BackupInstance (0ms)
		ReleaseScriptingObjects (0ms)
		CreateAndSetChildDomain (65ms)
	RebuildCommonClasses (34ms)
	RebuildNativeTypeToScriptingClass (13ms)
	initialDomainReloadingComplete (31ms)
	LoadAllAssembliesAndSetupDomain (517ms)
		LoadAssemblies (421ms)
		RebuildTransferFunctionScriptingTraits (0ms)
		AnalyzeDomain (194ms)
			TypeCache.Refresh (12ms)
				TypeCache.ScanAssembly (0ms)
			BuildScriptInfoCaches (167ms)
			ResolveRequiredComponents (11ms)
	FinalizeReload (1047ms)
		ReleaseScriptCaches (0ms)
		RebuildScriptCaches (0ms)
		SetupLoadedEditorAssemblies (762ms)
			LogAssemblyErrors (0ms)
			InitializePlatformSupportModulesInManaged (2ms)
			SetLoadedEditorAssemblies (6ms)
			BeforeProcessingInitializeOnLoad (114ms)
			ProcessInitializeOnLoadAttributes (377ms)
			ProcessInitializeOnLoadMethodAttributes (253ms)
			AfterProcessingInitializeOnLoad (9ms)
			EditorAssembliesLoaded (0ms)
		ExecutionOrderSort2 (0ms)
		AwakeInstancesAfterBackupRestoration (15ms)
Refreshing native plugins compatible for Editor in 1.30 ms, found 3 plugins.
Preloading 0 native plugins for Editor in 0.00 ms.
Unloading 22 Unused Serialized files (Serialized files now loaded: 0)
Unloading 5893 unused Assets / (3.5 MB). Loaded Objects now: 6725.
Memory consumption went from 199.4 MB to 195.9 MB.
Total: 15.457600 ms (FindLiveObjects: 0.807900 ms CreateObjectMapping: 0.396300 ms MarkObjects: 12.064300 ms  DeleteObjects: 2.187400 ms)

Prepare: number of updated asset objects reloaded= 0
========================================================================
Received Import Request.
  Time since last request: 809.528707 seconds.
  path: Assets/PolygonFantasyKingdom/Prefabs/Buildings/Preset_Houses/SM_Bld_Preset_Blacksmith_01_Optimized.prefab
  artifactKey: Guid(8adfb299be9e7f74c859e0c948e2f4c0) Importer(815301076,1909f56bfc062723c751e8b465ee728b)
Start importing Assets/PolygonFantasyKingdom/Prefabs/Buildings/Preset_Houses/SM_Bld_Preset_Blacksmith_01_Optimized.prefab using Guid(8adfb299be9e7f74c859e0c948e2f4c0) Importer(815301076,1909f56bfc062723c751e8b465ee728b) (PreviewImporter)[PhysX] Initialized MultithreadedTaskDispatcher with 14 workers.
[PhysX] Initialized MultithreadedTaskDispatcher with 14 workers.
 -> (artifact id: '19054cf2cf87026e4191d398319b3195') in 0.6028483 seconds
Number of updated asset objects reloaded before import = 0Number of asset objects unloaded after import = 13

========================================================================
Received Import Request.
  Time since last request: 0.000037 seconds.
  path: Assets/PolygonFantasyKingdom/Prefabs/Buildings/Preset_Houses/SM_Bld_Preset_House_03_Optimized.prefab
  artifactKey: Guid(c004583408826104080451c4b7713ee5) Importer(815301076,1909f56bfc062723c751e8b465ee728b)
Start importing Assets/PolygonFantasyKingdom/Prefabs/Buildings/Preset_Houses/SM_Bld_Preset_House_03_Optimized.prefab using Guid(c004583408826104080451c4b7713ee5) Importer(815301076,1909f56bfc062723c751e8b465ee728b) (PreviewImporter)[PhysX] Initialized MultithreadedTaskDispatcher with 14 workers.
[PhysX] Initialized MultithreadedTaskDispatcher with 14 workers.
 -> (artifact id: '3ebcee20bed48febdb02724c3cbec488') in 0.055944 seconds
Number of updated asset objects reloaded before import = 0Number of asset objects unloaded after import = 20

========================================================================
Received Import Request.
  Time since last request: 0.000027 seconds.
  path: Assets/PolygonFantasyKingdom/Prefabs/Buildings/Preset_Houses/SM_Bld_Preset_House_09_B_Optimized.prefab
  artifactKey: Guid(0f6913eb18aaea041bd79947682a6f55) Importer(815301076,1909f56bfc062723c751e8b465ee728b)
Start importing Assets/PolygonFantasyKingdom/Prefabs/Buildings/Preset_Houses/SM_Bld_Preset_House_09_B_Optimized.prefab using Guid(0f6913eb18aaea041bd79947682a6f55) Importer(815301076,1909f56bfc062723c751e8b465ee728b) (PreviewImporter)[PhysX] Initialized MultithreadedTaskDispatcher with 14 workers.
[PhysX] Initialized MultithreadedTaskDispatcher with 14 workers.
 -> (artifact id: '5c5f17cfa5fadca4e4d0dca9dbbb8764') in 0.0425174 seconds
Number of updated asset objects reloaded before import = 0Number of asset objects unloaded after import = 19

========================================================================
Received Import Request.
  Time since last request: 0.000025 seconds.
  path: Assets/PolygonFantasyKingdom/Prefabs/Buildings/Preset_Houses/SM_Bld_Preset_Church_01_A_Optimized.prefab
  artifactKey: Guid(7038763010482764cadfe26b89e05c78) Importer(815301076,1909f56bfc062723c751e8b465ee728b)
Start importing Assets/PolygonFantasyKingdom/Prefabs/Buildings/Preset_Houses/SM_Bld_Preset_Church_01_A_Optimized.prefab using Guid(7038763010482764cadfe26b89e05c78) Importer(815301076,1909f56bfc062723c751e8b465ee728b) (PreviewImporter)[PhysX] Initialized MultithreadedTaskDispatcher with 14 workers.
[PhysX] Initialized MultithreadedTaskDispatcher with 14 workers.
 -> (artifact id: '7c833d4558caad5bb6cccdb0c0c0c1c5') in 0.0440796 seconds
Number of updated asset objects reloaded before import = 0Number of asset objects unloaded after import = 19

========================================================================
Received Import Request.
  Time since last request: 0.000025 seconds.
  path: Assets/PolygonFantasyKingdom/Prefabs/Buildings/Preset_Houses/SM_Bld_Preset_House_09_A_Optimized.prefab
  artifactKey: Guid(5a78036c065d79a4898f622b141051f0) Importer(815301076,1909f56bfc062723c751e8b465ee728b)
Start importing Assets/PolygonFantasyKingdom/Prefabs/Buildings/Preset_Houses/SM_Bld_Preset_House_09_A_Optimized.prefab using Guid(5a78036c065d79a4898f622b141051f0) Importer(815301076,1909f56bfc062723c751e8b465ee728b) (PreviewImporter)[PhysX] Initialized MultithreadedTaskDispatcher with 14 workers.
[PhysX] Initialized MultithreadedTaskDispatcher with 14 workers.
 -> (artifact id: 'b76f52d07eb4b440a9335431cf4bbe86') in 0.0397258 seconds
Number of updated asset objects reloaded before import = 0Number of asset objects unloaded after import = 19

========================================================================
Received Import Request.
  Time since last request: 0.000045 seconds.
  path: Assets/PolygonFantasyKingdom/Prefabs/Buildings/Preset_Houses/SM_Bld_Preset_House_10_Optimized.prefab
  artifactKey: Guid(84097ddad6d7241409e382738aae22bb) Importer(815301076,1909f56bfc062723c751e8b465ee728b)
Start importing Assets/PolygonFantasyKingdom/Prefabs/Buildings/Preset_Houses/SM_Bld_Preset_House_10_Optimized.prefab using Guid(84097ddad6d7241409e382738aae22bb) Importer(815301076,1909f56bfc062723c751e8b465ee728b) (PreviewImporter)[PhysX] Initialized MultithreadedTaskDispatcher with 14 workers.
[PhysX] Initialized MultithreadedTaskDispatcher with 14 workers.
 -> (artifact id: '4d9476e4c4fbe6ec86d0091a2881f46d') in 0.0734991 seconds
Number of updated asset objects reloaded before import = 0Number of asset objects unloaded after import = 32

========================================================================
Received Import Request.
  Time since last request: 0.000029 seconds.
  path: Assets/PolygonFantasyKingdom/Prefabs/Buildings/Preset_Houses/SM_Bld_Preset_Tavern_01_Optimized.prefab
  artifactKey: Guid(c4acdd3f8bf9cfe4e8db56a2f52a57db) Importer(815301076,1909f56bfc062723c751e8b465ee728b)
Start importing Assets/PolygonFantasyKingdom/Prefabs/Buildings/Preset_Houses/SM_Bld_Preset_Tavern_01_Optimized.prefab using Guid(c4acdd3f8bf9cfe4e8db56a2f52a57db) Importer(815301076,1909f56bfc062723c751e8b465ee728b) (PreviewImporter)[PhysX] Initialized MultithreadedTaskDispatcher with 14 workers.
[PhysX] Initialized MultithreadedTaskDispatcher with 14 workers.
 -> (artifact id: '26d9624205654f2a88897c276db0fd04') in 0.0560624 seconds
Number of updated asset objects reloaded before import = 0Number of asset objects unloaded after import = 30

========================================================================
Received Import Request.
  Time since last request: 0.000034 seconds.
  path: Assets/PolygonFantasyKingdom/Prefabs/Buildings/Preset_Houses/SM_Bld_Preset_Shelter_02_Optimized.prefab
  artifactKey: Guid(d78597ae17d16174487573108082e2d9) Importer(815301076,1909f56bfc062723c751e8b465ee728b)
Start importing Assets/PolygonFantasyKingdom/Prefabs/Buildings/Preset_Houses/SM_Bld_Preset_Shelter_02_Optimized.prefab using Guid(d78597ae17d16174487573108082e2d9) Importer(815301076,1909f56bfc062723c751e8b465ee728b) (PreviewImporter)[PhysX] Initialized MultithreadedTaskDispatcher with 14 workers.
[PhysX] Initialized MultithreadedTaskDispatcher with 14 workers.
 -> (artifact id: 'da206513f1df8f893727b6443f29439a') in 0.0348311 seconds
Number of updated asset objects reloaded before import = 0Number of asset objects unloaded after import = 13

========================================================================
Received Prepare
Refreshing native plugins compatible for Editor in 1.22 ms, found 3 plugins.
Preloading 0 native plugins for Editor in 0.00 ms.
Unloading 15 Unused Serialized files (Serialized files now loaded: 0)
Unloading 5887 unused Assets / (4.3 MB). Loaded Objects now: 6865.
Memory consumption went from 271.7 MB to 267.4 MB.
Total: 10.711800 ms (FindLiveObjects: 0.753200 ms CreateObjectMapping: 0.308400 ms MarkObjects: 7.615900 ms  DeleteObjects: 2.033000 ms)

Prepare: number of updated asset objects reloaded= 0
========================================================================
Received Prepare
Begin MonoManager ReloadAssembly
Symbol file LoadedFromMemory is not a mono symbol file
- Loaded All Assemblies, in  0.850 seconds
Refreshing native plugins compatible for Editor in 0.98 ms, found 3 plugins.
Native extension for WindowsStandalone target not found
Mono: successfully reloaded assembly
- Finished resetting the current domain, in  1.000 seconds
Domain Reload Profiling: 1848ms
	BeginReloadAssembly (222ms)
		ExecutionOrderSort (0ms)
		DisableScriptedObjects (21ms)
		BackupInstance (0ms)
		ReleaseScriptingObjects (0ms)
		CreateAndSetChildDomain (61ms)
	RebuildCommonClasses (33ms)
	RebuildNativeTypeToScriptingClass (13ms)
	initialDomainReloadingComplete (30ms)
	LoadAllAssembliesAndSetupDomain (548ms)
		LoadAssemblies (434ms)
		RebuildTransferFunctionScriptingTraits (0ms)
		AnalyzeDomain (209ms)
			TypeCache.Refresh (13ms)
				TypeCache.ScanAssembly (0ms)
			BuildScriptInfoCaches (181ms)
			ResolveRequiredComponents (11ms)
	FinalizeReload (1000ms)
		ReleaseScriptCaches (0ms)
		RebuildScriptCaches (0ms)
		SetupLoadedEditorAssemblies (735ms)
			LogAssemblyErrors (0ms)
			InitializePlatformSupportModulesInManaged (2ms)
			SetLoadedEditorAssemblies (5ms)
			BeforeProcessingInitializeOnLoad (126ms)
			ProcessInitializeOnLoadAttributes (356ms)
			ProcessInitializeOnLoadMethodAttributes (237ms)
			AfterProcessingInitializeOnLoad (7ms)
			EditorAssembliesLoaded (0ms)
		ExecutionOrderSort2 (0ms)
		AwakeInstancesAfterBackupRestoration (15ms)
Refreshing native plugins compatible for Editor in 1.26 ms, found 3 plugins.
Preloading 0 native plugins for Editor in 0.00 ms.
Unloading 15 Unused Serialized files (Serialized files now loaded: 0)
Unloading 5893 unused Assets / (2.3 MB). Loaded Objects now: 6749.
Memory consumption went from 202.3 MB to 199.9 MB.
Total: 10.230500 ms (FindLiveObjects: 0.738800 ms CreateObjectMapping: 0.326600 ms MarkObjects: 7.546600 ms  DeleteObjects: 1.617200 ms)

Prepare: number of updated asset objects reloaded= 0
========================================================================
Received Prepare
Refreshing native plugins compatible for Editor in 1.22 ms, found 3 plugins.
Preloading 0 native plugins for Editor in 0.00 ms.
Unloading 15 Unused Serialized files (Serialized files now loaded: 0)
Unloading 5886 unused Assets / (3.5 MB). Loaded Objects now: 6749.
Memory consumption went from 202.3 MB to 198.8 MB.
Total: 9.837800 ms (FindLiveObjects: 0.806100 ms CreateObjectMapping: 0.398900 ms MarkObjects: 6.582900 ms  DeleteObjects: 2.048200 ms)

Prepare: number of updated asset objects reloaded= 0
========================================================================
Received Prepare
Refreshing native plugins compatible for Editor in 1.14 ms, found 3 plugins.
Preloading 0 native plugins for Editor in 0.00 ms.
Unloading 15 Unused Serialized files (Serialized files now loaded: 0)
Unloading 5886 unused Assets / (4.2 MB). Loaded Objects now: 6749.
Memory consumption went from 202.3 MB to 198.1 MB.
Total: 19.678300 ms (FindLiveObjects: 0.776900 ms CreateObjectMapping: 0.340900 ms MarkObjects: 15.322500 ms  DeleteObjects: 3.237200 ms)

Prepare: number of updated asset objects reloaded= 0
========================================================================
Received Prepare
Begin MonoManager ReloadAssembly
Symbol file LoadedFromMemory is not a mono symbol file
- Loaded All Assemblies, in  0.840 seconds
Refreshing native plugins compatible for Editor in 1.44 ms, found 3 plugins.
Native extension for WindowsStandalone target not found
Mono: successfully reloaded assembly
- Finished resetting the current domain, in  1.082 seconds
Domain Reload Profiling: 1919ms
	BeginReloadAssembly (204ms)
		ExecutionOrderSort (0ms)
		DisableScriptedObjects (7ms)
		BackupInstance (0ms)
		ReleaseScriptingObjects (0ms)
		CreateAndSetChildDomain (52ms)
	RebuildCommonClasses (34ms)
	RebuildNativeTypeToScriptingClass (13ms)
	initialDomainReloadingComplete (31ms)
	LoadAllAssembliesAndSetupDomain (555ms)
		LoadAssemblies (439ms)
		RebuildTransferFunctionScriptingTraits (0ms)
		AnalyzeDomain (214ms)
			TypeCache.Refresh (11ms)
				TypeCache.ScanAssembly (0ms)
			BuildScriptInfoCaches (185ms)
			ResolveRequiredComponents (13ms)
	FinalizeReload (1082ms)
		ReleaseScriptCaches (0ms)
		RebuildScriptCaches (0ms)
		SetupLoadedEditorAssemblies (798ms)
			LogAssemblyErrors (0ms)
			InitializePlatformSupportModulesInManaged (2ms)
			SetLoadedEditorAssemblies (6ms)
			BeforeProcessingInitializeOnLoad (135ms)
			ProcessInitializeOnLoadAttributes (393ms)
			ProcessInitializeOnLoadMethodAttributes (254ms)
			AfterProcessingInitializeOnLoad (8ms)
			EditorAssembliesLoaded (0ms)
		ExecutionOrderSort2 (0ms)
		AwakeInstancesAfterBackupRestoration (14ms)
Refreshing native plugins compatible for Editor in 1.37 ms, found 3 plugins.
Preloading 0 native plugins for Editor in 0.00 ms.
Unloading 15 Unused Serialized files (Serialized files now loaded: 0)
Unloading 5893 unused Assets / (4.4 MB). Loaded Objects now: 6751.
Memory consumption went from 202.1 MB to 197.7 MB.
Total: 12.910100 ms (FindLiveObjects: 0.763900 ms CreateObjectMapping: 0.531500 ms MarkObjects: 8.578100 ms  DeleteObjects: 3.035200 ms)

Prepare: number of updated asset objects reloaded= 0
========================================================================
Received Prepare
Begin MonoManager ReloadAssembly
Symbol file LoadedFromMemory is not a mono symbol file
- Loaded All Assemblies, in  0.791 seconds
Refreshing native plugins compatible for Editor in 1.08 ms, found 3 plugins.
Native extension for WindowsStandalone target not found
Mono: successfully reloaded assembly
- Finished resetting the current domain, in  1.058 seconds
Domain Reload Profiling: 1845ms
	BeginReloadAssembly (196ms)
		ExecutionOrderSort (0ms)
		DisableScriptedObjects (6ms)
		BackupInstance (0ms)
		ReleaseScriptingObjects (0ms)
		CreateAndSetChildDomain (49ms)
	RebuildCommonClasses (34ms)
	RebuildNativeTypeToScriptingClass (13ms)
	initialDomainReloadingComplete (32ms)
	LoadAllAssembliesAndSetupDomain (511ms)
		LoadAssemblies (413ms)
		RebuildTransferFunctionScriptingTraits (0ms)
		AnalyzeDomain (194ms)
			TypeCache.Refresh (8ms)
				TypeCache.ScanAssembly (0ms)
			BuildScriptInfoCaches (171ms)
			ResolveRequiredComponents (11ms)
	FinalizeReload (1058ms)
		ReleaseScriptCaches (0ms)
		RebuildScriptCaches (0ms)
		SetupLoadedEditorAssemblies (782ms)
			LogAssemblyErrors (0ms)
			InitializePlatformSupportModulesInManaged (2ms)
			SetLoadedEditorAssemblies (5ms)
			BeforeProcessingInitializeOnLoad (127ms)
			ProcessInitializeOnLoadAttributes (374ms)
			ProcessInitializeOnLoadMethodAttributes (265ms)
			AfterProcessingInitializeOnLoad (10ms)
			EditorAssembliesLoaded (0ms)
		ExecutionOrderSort2 (0ms)
		AwakeInstancesAfterBackupRestoration (16ms)
Refreshing native plugins compatible for Editor in 1.26 ms, found 3 plugins.
Preloading 0 native plugins for Editor in 0.00 ms.
Unloading 15 Unused Serialized files (Serialized files now loaded: 0)
Unloading 5893 unused Assets / (4.4 MB). Loaded Objects now: 6753.
Memory consumption went from 202.1 MB to 197.7 MB.
Total: 10.987500 ms (FindLiveObjects: 0.752100 ms CreateObjectMapping: 0.417400 ms MarkObjects: 7.191500 ms  DeleteObjects: 2.625400 ms)

Prepare: number of updated asset objects reloaded= 0
========================================================================
Received Import Request.
  Time since last request: 517.067561 seconds.
  path: Assets/PolygonFantasyKingdom/Scenes/Demo_01.unity
  artifactKey: Guid(23d8661265deed742959416ea58475f7) Importer(2089858483,192608db42251d675da83286b1cce702)
Start importing Assets/PolygonFantasyKingdom/Scenes/Demo_01.unity using Guid(23d8661265deed742959416ea58475f7) Importer(2089858483,192608db42251d675da83286b1cce702) (ScriptedImporter)[PhysX] Initialized MultithreadedTaskDispatcher with 14 workers.
 -> (artifact id: '4b387b59f6deeed09f8938d70ce68406') in 1.0438051 seconds
Number of updated asset objects reloaded before import = 0Number of asset objects unloaded after import = 1

Editor requested this worker to shutdown with reason: Scaling down because of idle timeout
AssetImportWorker is now disconnected from the server
Process exiting
Exiting without the bug reporter. Application will terminate with return code 0