Using pre-set license
Built from 'trunk' branch; Version is '6000.0.2f1 (c36be92430b9) revision 12807145'; Using compiler version '193933522'; Build Type 'Release'
OS: 'Windows 10  (10.0.19045) 64bit Professional' Language: 'en' Physical Memory: 32581 MB
BatchMode: 1, IsHumanControllingUs: 0, StartBugReporterOnCrash: 0, Is64bit: 1, IsPro: 1

COMMAND LINE ARGUMENTS:
C:\Program Files\Unity\Hub\Editor\6000.0.2f1\Editor\Unity.exe
-adb2
-batchMode
-noUpm
-name
AssetImportWorker66
-projectPath
C:/Users/PC/Documents/GitHub/AI-RPG/AI-RPG
-logFile
Logs/AssetImportWorker66.log
-srvPort
57376
-job-worker-count
13
-background-job-worker-count
8
-asset-garbage-collectors
1
Successfully changed project path to: C:/Users/PC/Documents/GitHub/AI-RPG/AI-RPG
C:/Users/PC/Documents/GitHub/AI-RPG/AI-RPG
[UnityMemory] Configuration Parameters - Can be set up in boot.config
    "memorysetup-bucket-allocator-granularity=16"
    "memorysetup-bucket-allocator-bucket-count=8"
    "memorysetup-bucket-allocator-block-size=33554432"
    "memorysetup-bucket-allocator-block-count=8"
    "memorysetup-main-allocator-block-size=16777216"
    "memorysetup-thread-allocator-block-size=16777216"
    "memorysetup-gfx-main-allocator-block-size=16777216"
    "memorysetup-gfx-thread-allocator-block-size=16777216"
    "memorysetup-cache-allocator-block-size=4194304"
    "memorysetup-typetree-allocator-block-size=2097152"
    "memorysetup-profiler-bucket-allocator-granularity=16"
    "memorysetup-profiler-bucket-allocator-bucket-count=8"
    "memorysetup-profiler-bucket-allocator-block-size=33554432"
    "memorysetup-profiler-bucket-allocator-block-count=8"
    "memorysetup-profiler-allocator-block-size=16777216"
    "memorysetup-profiler-editor-allocator-block-size=1048576"
    "memorysetup-temp-allocator-size-main=16777216"
    "memorysetup-job-temp-allocator-block-size=2097152"
    "memorysetup-job-temp-allocator-block-size-background=1048576"
    "memorysetup-job-temp-allocator-reduction-small-platforms=262144"
    "memorysetup-allocator-temp-initial-block-size-main=262144"
    "memorysetup-allocator-temp-initial-block-size-worker=262144"
    "memorysetup-temp-allocator-size-background-worker=32768"
    "memorysetup-temp-allocator-size-job-worker=262144"
    "memorysetup-temp-allocator-size-preload-manager=33554432"
    "memorysetup-temp-allocator-size-nav-mesh-worker=65536"
    "memorysetup-temp-allocator-size-audio-worker=65536"
    "memorysetup-temp-allocator-size-cloud-worker=32768"
    "memorysetup-temp-allocator-size-gi-baking-worker=262144"
    "memorysetup-temp-allocator-size-gi-baking-worker=262144"
    "memorysetup-temp-allocator-size-gi-baking-worker=262144"
    "memorysetup-temp-allocator-size-gi-baking-worker=262144"
    "memorysetup-temp-allocator-size-gi-baking-worker=262144"
    "memorysetup-temp-allocator-size-gfx=262144"
Player connection [41192]  Target information:

Player connection [41192]  * "[IP] 192.168.42.167 [Port] 0 [Flags] 2 [Guid] 510939629 [EditorId] 510939629 [Version] 1048832 [Id] WindowsEditor(7,DESKTOP-2VPR9IB) [Debug] 1 [PackageName] WindowsEditor [ProjectName] Editor" 

Player connection [41192]  * "[IP] 192.168.0.191 [Port] 0 [Flags] 2 [Guid] 510939629 [EditorId] 510939629 [Version] 1048832 [Id] WindowsEditor(7,DESKTOP-2VPR9IB) [Debug] 1 [PackageName] WindowsEditor [ProjectName] Editor" 

Player connection [41192] Host joined multi-casting on [225.0.0.222:54997]...
Player connection [41192] Host joined alternative multi-casting on [225.0.0.222:34997]...
JobSystem: Creating JobQueue using job-worker-count value 13
Library Redirect Path: Library/
[PhysX] Initialized MultithreadedTaskDispatcher with 14 workers.
Refreshing native plugins compatible for Editor in 1.84 ms, found 3 plugins.
Preloading 0 native plugins for Editor in 0.00 ms.
Initialize engine version: 6000.0.2f1 (c36be92430b9)
[Subsystems] Discovering subsystems at path C:/Program Files/Unity/Hub/Editor/6000.0.2f1/Editor/Data/Resources/UnitySubsystems
[Subsystems] Discovering subsystems at path C:/Users/PC/Documents/GitHub/AI-RPG/AI-RPG/Assets
GfxDevice: creating device client; kGfxThreadingModeNonThreaded
Direct3D:
    Version:  Direct3D 11.0 [level 11.1]
    Renderer: NVIDIA GeForce RTX 4070 SUPER (ID=0x2783)
    Vendor:   NVIDIA
    VRAM:     11999 MB
    Driver:   31.0.15.5222
Initialize mono
Mono path[0] = 'C:/Program Files/Unity/Hub/Editor/6000.0.2f1/Editor/Data/Managed'
Mono path[1] = 'C:/Program Files/Unity/Hub/Editor/6000.0.2f1/Editor/Data/MonoBleedingEdge/lib/mono/unityjit-win32'
Mono config path = 'C:/Program Files/Unity/Hub/Editor/6000.0.2f1/Editor/Data/MonoBleedingEdge/etc'
Using monoOptions --debugger-agent=transport=dt_socket,embedding=1,server=y,suspend=n,address=127.0.0.1:56656
Begin MonoManager ReloadAssembly
Registering precompiled unity dll's ...
Register platform support module: C:/Program Files/Unity/Hub/Editor/6000.0.2f1/Editor/Data/PlaybackEngines/WindowsStandaloneSupport/UnityEditor.WindowsStandalone.Extensions.dll
Registered in 0.004742 seconds.
- Loaded All Assemblies, in  0.400 seconds
Native extension for WindowsStandalone target not found
Mono: successfully reloaded assembly
- Finished resetting the current domain, in  0.462 seconds
Domain Reload Profiling: 858ms
	BeginReloadAssembly (137ms)
		ExecutionOrderSort (0ms)
		DisableScriptedObjects (0ms)
		BackupInstance (0ms)
		ReleaseScriptingObjects (0ms)
		CreateAndSetChildDomain (1ms)
	RebuildCommonClasses (37ms)
	RebuildNativeTypeToScriptingClass (13ms)
	initialDomainReloadingComplete (57ms)
	LoadAllAssembliesAndSetupDomain (150ms)
		LoadAssemblies (132ms)
		RebuildTransferFunctionScriptingTraits (0ms)
		AnalyzeDomain (148ms)
			TypeCache.Refresh (146ms)
				TypeCache.ScanAssembly (131ms)
			BuildScriptInfoCaches (0ms)
			ResolveRequiredComponents (0ms)
	FinalizeReload (463ms)
		ReleaseScriptCaches (0ms)
		RebuildScriptCaches (0ms)
		SetupLoadedEditorAssemblies (401ms)
			LogAssemblyErrors (0ms)
			InitializePlatformSupportModulesInManaged (25ms)
			SetLoadedEditorAssemblies (5ms)
			BeforeProcessingInitializeOnLoad (5ms)
			ProcessInitializeOnLoadAttributes (146ms)
			ProcessInitializeOnLoadMethodAttributes (219ms)
			AfterProcessingInitializeOnLoad (0ms)
			EditorAssembliesLoaded (0ms)
		ExecutionOrderSort2 (0ms)
		AwakeInstancesAfterBackupRestoration (0ms)
========================================================================
Worker process is ready to serve import requests
Import Worker Mode flag is 0x00
Begin MonoManager ReloadAssembly
Symbol file LoadedFromMemory is not a mono symbol file
- Loaded All Assemblies, in  1.773 seconds
Refreshing native plugins compatible for Editor in 1.09 ms, found 3 plugins.
Native extension for WindowsStandalone target not found
Mono: successfully reloaded assembly
- Finished resetting the current domain, in  2.483 seconds
Domain Reload Profiling: 4248ms
	BeginReloadAssembly (540ms)
		ExecutionOrderSort (0ms)
		DisableScriptedObjects (7ms)
		BackupInstance (0ms)
		ReleaseScriptingObjects (0ms)
		CreateAndSetChildDomain (100ms)
	RebuildCommonClasses (43ms)
	RebuildNativeTypeToScriptingClass (13ms)
	initialDomainReloadingComplete (53ms)
	LoadAllAssembliesAndSetupDomain (1116ms)
		LoadAssemblies (634ms)
		RebuildTransferFunctionScriptingTraits (0ms)
		AnalyzeDomain (614ms)
			TypeCache.Refresh (412ms)
				TypeCache.ScanAssembly (310ms)
			BuildScriptInfoCaches (137ms)
			ResolveRequiredComponents (62ms)
	FinalizeReload (2484ms)
		ReleaseScriptCaches (0ms)
		RebuildScriptCaches (0ms)
		SetupLoadedEditorAssemblies (2004ms)
			LogAssemblyErrors (0ms)
			InitializePlatformSupportModulesInManaged (9ms)
			SetLoadedEditorAssemblies (16ms)
			BeforeProcessingInitializeOnLoad (228ms)
			ProcessInitializeOnLoadAttributes (731ms)
			ProcessInitializeOnLoadMethodAttributes (976ms)
			AfterProcessingInitializeOnLoad (44ms)
			EditorAssembliesLoaded (1ms)
		ExecutionOrderSort2 (0ms)
		AwakeInstancesAfterBackupRestoration (6ms)
Launched and connected shader compiler UnityShaderCompiler.exe after 0.08 seconds
Refreshing native plugins compatible for Editor in 4.59 ms, found 3 plugins.
Preloading 0 native plugins for Editor in 0.00 ms.
Unloading 330 Unused Serialized files (Serialized files now loaded: 0)
Unloading 6381 unused Assets / (2.5 MB). Loaded Objects now: 7262.
Memory consumption went from 235.4 MB to 232.9 MB.
Total: 14.280300 ms (FindLiveObjects: 1.089100 ms CreateObjectMapping: 0.558800 ms MarkObjects: 10.359400 ms  DeleteObjects: 2.272000 ms)

========================================================================
Received Import Request.
  Time since last request: 50507.493152 seconds.
  path: Assets/Assets/Polaris - Low Poly Ecosystem/Polaris - Low Poly Terrain Engine/Runtime/Scripts/Core/GGeometryGenerationContext.cs
  artifactKey: Guid(048c6de9bdbf90449b521a95d0bdd8c6) Importer(2089858483,192608db42251d675da83286b1cce702)
Start importing Assets/Assets/Polaris - Low Poly Ecosystem/Polaris - Low Poly Terrain Engine/Runtime/Scripts/Core/GGeometryGenerationContext.cs using Guid(048c6de9bdbf90449b521a95d0bdd8c6) Importer(2089858483,192608db42251d675da83286b1cce702) (ScriptedImporter)[PhysX] Initialized MultithreadedTaskDispatcher with 14 workers.
 -> (artifact id: 'bd841390ad68001206e2da94f6bedbf3') in 0.2160189 seconds
Number of updated asset objects reloaded before import = 0Number of asset objects unloaded after import = 0

========================================================================
Received Import Request.
  Time since last request: 0.000026 seconds.
  path: Assets/Assets/Polaris - Low Poly Ecosystem/Polaris - Low Poly Terrain Engine/Editor/Textures/PrefabPrototypeGroupIcon.psd
  artifactKey: Guid(5f9926ffcb356ea4c9d4d0d0be344dbb) Importer(2089858483,192608db42251d675da83286b1cce702)
Start importing Assets/Assets/Polaris - Low Poly Ecosystem/Polaris - Low Poly Terrain Engine/Editor/Textures/PrefabPrototypeGroupIcon.psd using Guid(5f9926ffcb356ea4c9d4d0d0be344dbb) Importer(2089858483,192608db42251d675da83286b1cce702) (ScriptedImporter)[PhysX] Initialized MultithreadedTaskDispatcher with 14 workers.
 -> (artifact id: 'cf821191ff7874d59c491515bbb6820e') in 0.0931116 seconds
Number of updated asset objects reloaded before import = 0Number of asset objects unloaded after import = 1

========================================================================
Received Import Request.
  Time since last request: 0.000034 seconds.
  path: Assets/Assets/Polaris - Low Poly Ecosystem/Polaris - Low Poly Terrain Engine/Editor/Shaders/GrassBaseGraph.asset
  artifactKey: Guid(ad52558deb80624468aa023b05a9535b) Importer(2089858483,192608db42251d675da83286b1cce702)
Start importing Assets/Assets/Polaris - Low Poly Ecosystem/Polaris - Low Poly Terrain Engine/Editor/Shaders/GrassBaseGraph.asset using Guid(ad52558deb80624468aa023b05a9535b) Importer(2089858483,192608db42251d675da83286b1cce702) (ScriptedImporter)[PhysX] Initialized MultithreadedTaskDispatcher with 14 workers.
 -> (artifact id: '2983dc9c84d42a93395a2ae1dd7f4f1b') in 0.0212853 seconds
Number of updated asset objects reloaded before import = 0Number of asset objects unloaded after import = 1

========================================================================
Received Import Request.
  Time since last request: 0.000018 seconds.
  path: Assets/Assets/Polaris - Low Poly Ecosystem/Polaris - Low Poly Terrain Engine/Samples/Distant Lands/Prefabs/Fir Tree 6.prefab
  artifactKey: Guid(a8d0359a40457304797a822fdeb25eab) Importer(2089858483,192608db42251d675da83286b1cce702)
Start importing Assets/Assets/Polaris - Low Poly Ecosystem/Polaris - Low Poly Terrain Engine/Samples/Distant Lands/Prefabs/Fir Tree 6.prefab using Guid(a8d0359a40457304797a822fdeb25eab) Importer(2089858483,192608db42251d675da83286b1cce702) (ScriptedImporter)[PhysX] Initialized MultithreadedTaskDispatcher with 14 workers.
 -> (artifact id: '3cd8258fde0c53fcc37f28ccbdb939a5') in 0.0567716 seconds
Number of updated asset objects reloaded before import = 0Number of asset objects unloaded after import = 8

========================================================================
Received Import Request.
  Time since last request: 0.000020 seconds.
  path: Assets/Assets/Polaris - Low Poly Ecosystem/Polaris - Low Poly Terrain Engine/Runtime/Scripts/Core/GeometryJobs/GStitchSeamLODJob.cs
  artifactKey: Guid(993121c278eabad4287b1f30014b3561) Importer(2089858483,192608db42251d675da83286b1cce702)
Start importing Assets/Assets/Polaris - Low Poly Ecosystem/Polaris - Low Poly Terrain Engine/Runtime/Scripts/Core/GeometryJobs/GStitchSeamLODJob.cs using Guid(993121c278eabad4287b1f30014b3561) Importer(2089858483,192608db42251d675da83286b1cce702) (ScriptedImporter)[PhysX] Initialized MultithreadedTaskDispatcher with 14 workers.
 -> (artifact id: 'cf03ae7a94e8628b32c53499107f2040') in 0.0143612 seconds
Number of updated asset objects reloaded before import = 0Number of asset objects unloaded after import = 0

========================================================================
Received Import Request.
  Time since last request: 0.000022 seconds.
  path: Assets/Assets/Polaris - Low Poly Ecosystem/Polaris - Low Poly Terrain Engine/Runtime/Shaders/BuiltinRP/Terrain/BuiltinRP_PBR_4Splats4Normals.shader
  artifactKey: Guid(0daeea0bdfb38ad45ac38e3e143549fe) Importer(2089858483,192608db42251d675da83286b1cce702)
Start importing Assets/Assets/Polaris - Low Poly Ecosystem/Polaris - Low Poly Terrain Engine/Runtime/Shaders/BuiltinRP/Terrain/BuiltinRP_PBR_4Splats4Normals.shader using Guid(0daeea0bdfb38ad45ac38e3e143549fe) Importer(2089858483,192608db42251d675da83286b1cce702) (ScriptedImporter)[PhysX] Initialized MultithreadedTaskDispatcher with 14 workers.
 -> (artifact id: '0964dca72c1cac4b66ee16decc18f57f') in 0.0208423 seconds
Number of updated asset objects reloaded before import = 0Number of asset objects unloaded after import = 1

========================================================================
Received Import Request.
  Time since last request: 0.000021 seconds.
  path: Assets/Assets/Polaris - Low Poly Ecosystem/Polaris - Low Poly Terrain Engine/Editor/Scripts/ExtensionSystem/GExtensionInfo.cs
  artifactKey: Guid(7e4554abf4131244d846fcc2b3a22ac3) Importer(2089858483,192608db42251d675da83286b1cce702)
Start importing Assets/Assets/Polaris - Low Poly Ecosystem/Polaris - Low Poly Terrain Engine/Editor/Scripts/ExtensionSystem/GExtensionInfo.cs using Guid(7e4554abf4131244d846fcc2b3a22ac3) Importer(2089858483,192608db42251d675da83286b1cce702) (ScriptedImporter)[PhysX] Initialized MultithreadedTaskDispatcher with 14 workers.
 -> (artifact id: '39f824813d3db2e642929437eef4826d') in 0.0133955 seconds
Number of updated asset objects reloaded before import = 0Number of asset objects unloaded after import = 0

========================================================================
Received Import Request.
  Time since last request: 0.000023 seconds.
  path: Assets/Assets/Polaris - Low Poly Ecosystem/Polaris - Low Poly Terrain Engine/Runtime/Scripts/Core/GeometryJobs/GCreateBaseTreeJob.cs
  artifactKey: Guid(8a737aaad43220b4a9635c682c6a3814) Importer(2089858483,192608db42251d675da83286b1cce702)
Start importing Assets/Assets/Polaris - Low Poly Ecosystem/Polaris - Low Poly Terrain Engine/Runtime/Scripts/Core/GeometryJobs/GCreateBaseTreeJob.cs using Guid(8a737aaad43220b4a9635c682c6a3814) Importer(2089858483,192608db42251d675da83286b1cce702) (ScriptedImporter)[PhysX] Initialized MultithreadedTaskDispatcher with 14 workers.
 -> (artifact id: '17231a14e4a924bf060ca6f342ff219c') in 0.0123904 seconds
Number of updated asset objects reloaded before import = 0Number of asset objects unloaded after import = 0

========================================================================
Received Import Request.
  Time since last request: 0.000019 seconds.
  path: Assets/Assets/Polaris - Low Poly Ecosystem/Polaris - Low Poly Terrain Engine/Runtime/Scripts/SplineTool/GSpline.cs
  artifactKey: Guid(1e0e6e19142609a47af208887b94f58a) Importer(2089858483,192608db42251d675da83286b1cce702)
Start importing Assets/Assets/Polaris - Low Poly Ecosystem/Polaris - Low Poly Terrain Engine/Runtime/Scripts/SplineTool/GSpline.cs using Guid(1e0e6e19142609a47af208887b94f58a) Importer(2089858483,192608db42251d675da83286b1cce702) (ScriptedImporter)[PhysX] Initialized MultithreadedTaskDispatcher with 14 workers.
 -> (artifact id: 'f98c1db43f3246f1f42e48adeff2335a') in 0.0184456 seconds
Number of updated asset objects reloaded before import = 0Number of asset objects unloaded after import = 0

========================================================================
Received Import Request.
  Time since last request: 0.000018 seconds.
  path: Assets/Assets/Polaris - Low Poly Ecosystem/Polaris - Low Poly Terrain Engine/Runtime/Scripts/Physics/GTransformTreesToLocalSpaceJob.cs
  artifactKey: Guid(3e4e57fbe2abc264da34072a76bd14d0) Importer(2089858483,192608db42251d675da83286b1cce702)
Start importing Assets/Assets/Polaris - Low Poly Ecosystem/Polaris - Low Poly Terrain Engine/Runtime/Scripts/Physics/GTransformTreesToLocalSpaceJob.cs using Guid(3e4e57fbe2abc264da34072a76bd14d0) Importer(2089858483,192608db42251d675da83286b1cce702) (ScriptedImporter)[PhysX] Initialized MultithreadedTaskDispatcher with 14 workers.
 -> (artifact id: '80ba5f8c24adac54e1ff145f766353df') in 0.0153625 seconds
Number of updated asset objects reloaded before import = 0Number of asset objects unloaded after import = 0

========================================================================
Received Import Request.
  Time since last request: 0.000016 seconds.
  path: Assets/Assets/Polaris - Low Poly Ecosystem/Polaris - Low Poly Terrain Engine/Runtime/Scripts/Utilities/GMath.cs
  artifactKey: Guid(abfe054d8b10dca4b834067088c3e413) Importer(2089858483,192608db42251d675da83286b1cce702)
Start importing Assets/Assets/Polaris - Low Poly Ecosystem/Polaris - Low Poly Terrain Engine/Runtime/Scripts/Utilities/GMath.cs using Guid(abfe054d8b10dca4b834067088c3e413) Importer(2089858483,192608db42251d675da83286b1cce702) (ScriptedImporter)[PhysX] Initialized MultithreadedTaskDispatcher with 14 workers.
 -> (artifact id: '396f10d124ea45a2b966c56372139492') in 0.0135443 seconds
Number of updated asset objects reloaded before import = 0Number of asset objects unloaded after import = 0

========================================================================
Received Import Request.
  Time since last request: 0.000018 seconds.
  path: Assets/Assets/Polaris - Low Poly Ecosystem/Jupiter - Procedural Sky/Runtime/Shaders/Internal/SolidColor.shader
  artifactKey: Guid(3fe9e551ea5d3fe41b879f13cf0e6a1b) Importer(2089858483,192608db42251d675da83286b1cce702)
Start importing Assets/Assets/Polaris - Low Poly Ecosystem/Jupiter - Procedural Sky/Runtime/Shaders/Internal/SolidColor.shader using Guid(3fe9e551ea5d3fe41b879f13cf0e6a1b) Importer(2089858483,192608db42251d675da83286b1cce702) (ScriptedImporter)[PhysX] Initialized MultithreadedTaskDispatcher with 14 workers.
 -> (artifact id: '95610d34df4670f7d99aa39505bd1b44') in 0.0130084 seconds
Number of updated asset objects reloaded before import = 0Number of asset objects unloaded after import = 1

========================================================================
Received Import Request.
  Time since last request: 0.000025 seconds.
  path: Assets/Assets/Polaris - Low Poly Ecosystem/Polaris - Low Poly Terrain Engine/Editor/Textures/PaintGrassIcon.psd
  artifactKey: Guid(76d4675bfad3d734d9932fa98d8f8010) Importer(2089858483,192608db42251d675da83286b1cce702)
Start importing Assets/Assets/Polaris - Low Poly Ecosystem/Polaris - Low Poly Terrain Engine/Editor/Textures/PaintGrassIcon.psd using Guid(76d4675bfad3d734d9932fa98d8f8010) Importer(2089858483,192608db42251d675da83286b1cce702) (ScriptedImporter)[PhysX] Initialized MultithreadedTaskDispatcher with 14 workers.
 -> (artifact id: '2b6d43d0acd8dabdeefd8b4bdcd5940a') in 0.0209151 seconds
Number of updated asset objects reloaded before import = 0Number of asset objects unloaded after import = 1

========================================================================
Received Import Request.
  Time since last request: 2.147755 seconds.
  path: Assets/Assets/Polaris - Low Poly Ecosystem/Polaris - Low Poly Terrain Engine/Runtime/Scripts/Rendering/GGrassRenderer.cs
  artifactKey: Guid(8c1c78d363aaf404d97038e7df1c7572) Importer(2089858483,192608db42251d675da83286b1cce702)
Start importing Assets/Assets/Polaris - Low Poly Ecosystem/Polaris - Low Poly Terrain Engine/Runtime/Scripts/Rendering/GGrassRenderer.cs using Guid(8c1c78d363aaf404d97038e7df1c7572) Importer(2089858483,192608db42251d675da83286b1cce702) (ScriptedImporter)[PhysX] Initialized MultithreadedTaskDispatcher with 14 workers.
 -> (artifact id: '1e51778434106b200228b4f6f8b495cf') in 0.0150666 seconds
Number of updated asset objects reloaded before import = 0Number of asset objects unloaded after import = 0

========================================================================
Received Import Request.
  Time since last request: 0.000015 seconds.
  path: Assets/Assets/Polaris - Low Poly Ecosystem/Polaris - Low Poly Terrain Engine/Editor/Textures/TriangleSamplerIcon.psd
  artifactKey: Guid(245d33fc09f637c498c0ad1596b73e54) Importer(2089858483,192608db42251d675da83286b1cce702)
Start importing Assets/Assets/Polaris - Low Poly Ecosystem/Polaris - Low Poly Terrain Engine/Editor/Textures/TriangleSamplerIcon.psd using Guid(245d33fc09f637c498c0ad1596b73e54) Importer(2089858483,192608db42251d675da83286b1cce702) (ScriptedImporter)[PhysX] Initialized MultithreadedTaskDispatcher with 14 workers.
 -> (artifact id: 'a2856fbd2685157e6597508280d161e2') in 0.0233531 seconds
Number of updated asset objects reloaded before import = 0Number of asset objects unloaded after import = 1

========================================================================
Received Import Request.
  Time since last request: 0.000019 seconds.
  path: Assets/Assets/Polaris - Low Poly Ecosystem/Polaris - Low Poly Terrain Engine/Runtime/Scripts/Core/GCommonGUI.cs
  artifactKey: Guid(fa9a62b0cdcbde94bbc2ef579b40b66e) Importer(2089858483,192608db42251d675da83286b1cce702)
Start importing Assets/Assets/Polaris - Low Poly Ecosystem/Polaris - Low Poly Terrain Engine/Runtime/Scripts/Core/GCommonGUI.cs using Guid(fa9a62b0cdcbde94bbc2ef579b40b66e) Importer(2089858483,192608db42251d675da83286b1cce702) (ScriptedImporter)[PhysX] Initialized MultithreadedTaskDispatcher with 14 workers.
 -> (artifact id: 'e72b585410febf4b1284b19634adb778') in 0.0157427 seconds
Number of updated asset objects reloaded before import = 0Number of asset objects unloaded after import = 0

========================================================================
Received Import Request.
  Time since last request: 0.000021 seconds.
  path: Assets/Assets/Polaris - Low Poly Ecosystem/Polaris - Low Poly Terrain Engine/Runtime/Scripts/StampTool/GFoliageStamper.cs
  artifactKey: Guid(dc2df825bbad26448bbc53968b0fb698) Importer(2089858483,192608db42251d675da83286b1cce702)
Start importing Assets/Assets/Polaris - Low Poly Ecosystem/Polaris - Low Poly Terrain Engine/Runtime/Scripts/StampTool/GFoliageStamper.cs using Guid(dc2df825bbad26448bbc53968b0fb698) Importer(2089858483,192608db42251d675da83286b1cce702) (ScriptedImporter)[PhysX] Initialized MultithreadedTaskDispatcher with 14 workers.
 -> (artifact id: 'f31cc860513e3430270eb0298378c90f') in 0.0141324 seconds
Number of updated asset objects reloaded before import = 0Number of asset objects unloaded after import = 0

========================================================================
Received Import Request.
  Time since last request: 0.000021 seconds.
  path: Assets/Assets/Polaris - Low Poly Ecosystem/Polaris - Low Poly Terrain Engine/Editor/Scripts/TerrainData/GTerrainDataInspector.cs
  artifactKey: Guid(8dd326069e823404ab021406f8e89828) Importer(2089858483,192608db42251d675da83286b1cce702)
Start importing Assets/Assets/Polaris - Low Poly Ecosystem/Polaris - Low Poly Terrain Engine/Editor/Scripts/TerrainData/GTerrainDataInspector.cs using Guid(8dd326069e823404ab021406f8e89828) Importer(2089858483,192608db42251d675da83286b1cce702) (ScriptedImporter)[PhysX] Initialized MultithreadedTaskDispatcher with 14 workers.
 -> (artifact id: '5634800ebf4375ebc40dfb35e648461a') in 0.0134496 seconds
Number of updated asset objects reloaded before import = 0Number of asset objects unloaded after import = 0

========================================================================
Received Import Request.
  Time since last request: 0.000017 seconds.
  path: Assets/Assets/Polaris - Low Poly Ecosystem/Poseidon - Low Poly Water System/Runtime/Shaders/CGIncludes/PWetLensCommon.cginc
  artifactKey: Guid(843f79a9c7d6673439f500f134d25f54) Importer(2089858483,192608db42251d675da83286b1cce702)
Start importing Assets/Assets/Polaris - Low Poly Ecosystem/Poseidon - Low Poly Water System/Runtime/Shaders/CGIncludes/PWetLensCommon.cginc using Guid(843f79a9c7d6673439f500f134d25f54) Importer(2089858483,192608db42251d675da83286b1cce702) (ScriptedImporter)[PhysX] Initialized MultithreadedTaskDispatcher with 14 workers.
 -> (artifact id: '7255c88a4dbd592bc532d3168062dd09') in 0.0161959 seconds
Number of updated asset objects reloaded before import = 0Number of asset objects unloaded after import = 1

========================================================================
Received Import Request.
  Time since last request: 0.000016 seconds.
  path: Assets/Assets/Polaris - Low Poly Ecosystem/Poseidon - Low Poly Water System/Runtime/Resources/PoseidonSettings.asset
  artifactKey: Guid(7c198ce5ad269ba4e91350430382f375) Importer(2089858483,192608db42251d675da83286b1cce702)
Start importing Assets/Assets/Polaris - Low Poly Ecosystem/Poseidon - Low Poly Water System/Runtime/Resources/PoseidonSettings.asset using Guid(7c198ce5ad269ba4e91350430382f375) Importer(2089858483,192608db42251d675da83286b1cce702) (ScriptedImporter)[PhysX] Initialized MultithreadedTaskDispatcher with 14 workers.
 -> (artifact id: '7b603007339f4eeae364dae04b20792e') in 0.0889891 seconds
Number of updated asset objects reloaded before import = 0Number of asset objects unloaded after import = 8

========================================================================
Received Import Request.
  Time since last request: 0.000040 seconds.
  path: Assets/Assets/Polaris - Low Poly Ecosystem/Polaris - Low Poly Terrain Engine/Runtime/Scripts/PaintTool/GeometryTexturePainters/GTexturePainterCustomParams.cs
  artifactKey: Guid(e1c6f07db5b50b1429e5c9bf5274042f) Importer(2089858483,192608db42251d675da83286b1cce702)
Start importing Assets/Assets/Polaris - Low Poly Ecosystem/Polaris - Low Poly Terrain Engine/Runtime/Scripts/PaintTool/GeometryTexturePainters/GTexturePainterCustomParams.cs using Guid(e1c6f07db5b50b1429e5c9bf5274042f) Importer(2089858483,192608db42251d675da83286b1cce702) (ScriptedImporter)[PhysX] Initialized MultithreadedTaskDispatcher with 14 workers.
 -> (artifact id: 'cf5dbe7eccf8bedf24100cfae6f1e9be') in 0.0135815 seconds
Number of updated asset objects reloaded before import = 0Number of asset objects unloaded after import = 0

========================================================================
Received Import Request.
  Time since last request: 0.000028 seconds.
  path: Assets/Assets/Polaris - Low Poly Ecosystem/Jupiter - Procedural Sky/Sample/Scenes/DayNightCycle/SkyProfile-741169173868421736.asset
  artifactKey: Guid(e5bc0ed35fefb0c40a37544c3451413a) Importer(2089858483,192608db42251d675da83286b1cce702)
Start importing Assets/Assets/Polaris - Low Poly Ecosystem/Jupiter - Procedural Sky/Sample/Scenes/DayNightCycle/SkyProfile-741169173868421736.asset using Guid(e5bc0ed35fefb0c40a37544c3451413a) Importer(2089858483,192608db42251d675da83286b1cce702) (ScriptedImporter)[PhysX] Initialized MultithreadedTaskDispatcher with 14 workers.
 -> (artifact id: 'b2ce7d6a059437a1cadff0ce36d6040e') in 0.0760283 seconds
Number of updated asset objects reloaded before import = 0Number of asset objects unloaded after import = 4

========================================================================
Received Import Request.
  Time since last request: 0.000016 seconds.
  path: Assets/Assets/Polaris - Low Poly Ecosystem/Jupiter - Procedural Sky/Runtime/Scripts/Utilities/JInternalShaderSettings.cs
  artifactKey: Guid(70be7075e30f60041a45426680b4f59f) Importer(2089858483,192608db42251d675da83286b1cce702)
Start importing Assets/Assets/Polaris - Low Poly Ecosystem/Jupiter - Procedural Sky/Runtime/Scripts/Utilities/JInternalShaderSettings.cs using Guid(70be7075e30f60041a45426680b4f59f) Importer(2089858483,192608db42251d675da83286b1cce702) (ScriptedImporter)[PhysX] Initialized MultithreadedTaskDispatcher with 14 workers.
 -> (artifact id: 'dbbcc548be8f8da0af0fb83447d52b71') in 0.0128609 seconds
Number of updated asset objects reloaded before import = 0Number of asset objects unloaded after import = 0

========================================================================
Received Import Request.
  Time since last request: 0.000015 seconds.
  path: Assets/Assets/Polaris - Low Poly Ecosystem/Polaris - Low Poly Terrain Engine/Runtime/Shaders/Internal/SplineTool/SplineMask.shader
  artifactKey: Guid(46334cd71331fac4e82d781b8c437a32) Importer(2089858483,192608db42251d675da83286b1cce702)
Start importing Assets/Assets/Polaris - Low Poly Ecosystem/Polaris - Low Poly Terrain Engine/Runtime/Shaders/Internal/SplineTool/SplineMask.shader using Guid(46334cd71331fac4e82d781b8c437a32) Importer(2089858483,192608db42251d675da83286b1cce702) (ScriptedImporter)[PhysX] Initialized MultithreadedTaskDispatcher with 14 workers.
 -> (artifact id: '72360336094b73a8bbe34c2ad5636151') in 0.0132543 seconds
Number of updated asset objects reloaded before import = 0Number of asset objects unloaded after import = 1

========================================================================
Received Import Request.
  Time since last request: 0.000020 seconds.
  path: Assets/Assets/Polaris - Low Poly Ecosystem/Polaris - Low Poly Terrain Engine/Runtime/Scripts/SplineTool/GObjectSpawner.cs
  artifactKey: Guid(492182ded4bf3ca4a8e1877a2a4b2715) Importer(2089858483,192608db42251d675da83286b1cce702)
Start importing Assets/Assets/Polaris - Low Poly Ecosystem/Polaris - Low Poly Terrain Engine/Runtime/Scripts/SplineTool/GObjectSpawner.cs using Guid(492182ded4bf3ca4a8e1877a2a4b2715) Importer(2089858483,192608db42251d675da83286b1cce702) (ScriptedImporter)[PhysX] Initialized MultithreadedTaskDispatcher with 14 workers.
 -> (artifact id: '42d0c660e6c478c9bcace0a242c2f935') in 0.0126908 seconds
Number of updated asset objects reloaded before import = 0Number of asset objects unloaded after import = 0

========================================================================
Received Import Request.
  Time since last request: 0.000033 seconds.
  path: Assets/Assets/Polaris - Low Poly Ecosystem/Polaris - Low Poly Terrain Engine/Runtime/Scripts/PaintTool
  artifactKey: Guid(e04d8a5cd0072b744a3dd58f5ecda0fb) Importer(2089858483,192608db42251d675da83286b1cce702)
Start importing Assets/Assets/Polaris - Low Poly Ecosystem/Polaris - Low Poly Terrain Engine/Runtime/Scripts/PaintTool using Guid(e04d8a5cd0072b744a3dd58f5ecda0fb) Importer(2089858483,192608db42251d675da83286b1cce702) (ScriptedImporter)[PhysX] Initialized MultithreadedTaskDispatcher with 14 workers.
 -> (artifact id: '6eb8f2daecf9fa5f421361274f7a199a') in 0.0114785 seconds
Number of updated asset objects reloaded before import = 0Number of asset objects unloaded after import = 1

========================================================================
Received Import Request.
  Time since last request: 0.000019 seconds.
  path: Assets/Assets/Polaris - Low Poly Ecosystem/Polaris - Low Poly Terrain Engine/Runtime/Shaders/Internal/StampTool
  artifactKey: Guid(e611669ca414c354f8aad7f42729d426) Importer(2089858483,192608db42251d675da83286b1cce702)
Start importing Assets/Assets/Polaris - Low Poly Ecosystem/Polaris - Low Poly Terrain Engine/Runtime/Shaders/Internal/StampTool using Guid(e611669ca414c354f8aad7f42729d426) Importer(2089858483,192608db42251d675da83286b1cce702) (ScriptedImporter)[PhysX] Initialized MultithreadedTaskDispatcher with 14 workers.
 -> (artifact id: '541822fa889edb758f061d11536c5ed2') in 0.0101691 seconds
Number of updated asset objects reloaded before import = 0Number of asset objects unloaded after import = 1

========================================================================
Received Import Request.
  Time since last request: 2.213515 seconds.
  path: Assets/Assets/Polaris - Low Poly Ecosystem/Polaris - Low Poly Terrain Engine/Runtime/Shaders/Internal/PaintTool/RemapPainter.shader
  artifactKey: Guid(68da3dd3b9f265544b7077c9ef316d3f) Importer(2089858483,192608db42251d675da83286b1cce702)
Start importing Assets/Assets/Polaris - Low Poly Ecosystem/Polaris - Low Poly Terrain Engine/Runtime/Shaders/Internal/PaintTool/RemapPainter.shader using Guid(68da3dd3b9f265544b7077c9ef316d3f) Importer(2089858483,192608db42251d675da83286b1cce702) (ScriptedImporter)[PhysX] Initialized MultithreadedTaskDispatcher with 14 workers.
 -> (artifact id: 'd3591a069eab26b02657047fa977a7ea') in 0.0136063 seconds
Number of updated asset objects reloaded before import = 0Number of asset objects unloaded after import = 1

========================================================================
Received Import Request.
  Time since last request: 0.000014 seconds.
  path: Assets/Assets/Polaris - Low Poly Ecosystem/Polaris - Low Poly Terrain Engine/Editor/Textures/NoiseIcon.psd
  artifactKey: Guid(d40864a6805879e4c9e45369718f6199) Importer(2089858483,192608db42251d675da83286b1cce702)
Start importing Assets/Assets/Polaris - Low Poly Ecosystem/Polaris - Low Poly Terrain Engine/Editor/Textures/NoiseIcon.psd using Guid(d40864a6805879e4c9e45369718f6199) Importer(2089858483,192608db42251d675da83286b1cce702) (ScriptedImporter)[PhysX] Initialized MultithreadedTaskDispatcher with 14 workers.
 -> (artifact id: 'c70491b0e27692d3677ebb5878ab8417') in 0.0219233 seconds
Number of updated asset objects reloaded before import = 0Number of asset objects unloaded after import = 1

========================================================================
Received Import Request.
  Time since last request: 0.000016 seconds.
  path: Assets/Assets/Polaris - Low Poly Ecosystem/Polaris - Low Poly Terrain Engine/Samples/Pinwheel Studio/Billboard/Pine_01/Pine_01_Atlas.png
  artifactKey: Guid(2f22d23282394654489671a857befab5) Importer(2089858483,192608db42251d675da83286b1cce702)
Start importing Assets/Assets/Polaris - Low Poly Ecosystem/Polaris - Low Poly Terrain Engine/Samples/Pinwheel Studio/Billboard/Pine_01/Pine_01_Atlas.png using Guid(2f22d23282394654489671a857befab5) Importer(2089858483,192608db42251d675da83286b1cce702) (ScriptedImporter)[PhysX] Initialized MultithreadedTaskDispatcher with 14 workers.
 -> (artifact id: '9cf557d72d418ebea8837ca9337abc75') in 0.0260143 seconds
Number of updated asset objects reloaded before import = 0Number of asset objects unloaded after import = 1

========================================================================
Received Import Request.
  Time since last request: 0.000022 seconds.
  path: Assets/Assets/Polaris - Low Poly Ecosystem/Jupiter - Procedural Sky/Runtime/Scripts/Utilities
  artifactKey: Guid(401fa1ab5d5cfd347912eece9fa7aee9) Importer(2089858483,192608db42251d675da83286b1cce702)
Start importing Assets/Assets/Polaris - Low Poly Ecosystem/Jupiter - Procedural Sky/Runtime/Scripts/Utilities using Guid(401fa1ab5d5cfd347912eece9fa7aee9) Importer(2089858483,192608db42251d675da83286b1cce702) (ScriptedImporter)[PhysX] Initialized MultithreadedTaskDispatcher with 14 workers.
 -> (artifact id: '7178ab1ea975ef1798cbf8c8f0a66277') in 0.0109328 seconds
Number of updated asset objects reloaded before import = 0Number of asset objects unloaded after import = 1

========================================================================
Received Import Request.
  Time since last request: 0.000028 seconds.
  path: Assets/Assets/Polaris - Low Poly Ecosystem/Polaris - Low Poly Terrain Engine/Samples/Pinwheel Studio/Prefabs/WinterBranch.prefab
  artifactKey: Guid(74996c3da7ad92f428bb0e1f1f2da3df) Importer(2089858483,192608db42251d675da83286b1cce702)
Start importing Assets/Assets/Polaris - Low Poly Ecosystem/Polaris - Low Poly Terrain Engine/Samples/Pinwheel Studio/Prefabs/WinterBranch.prefab using Guid(74996c3da7ad92f428bb0e1f1f2da3df) Importer(2089858483,192608db42251d675da83286b1cce702) (ScriptedImporter)[PhysX] Initialized MultithreadedTaskDispatcher with 14 workers.
 -> (artifact id: '46a5d57d7d5c53b8cd02c7b58516ecc1') in 0.0264847 seconds
Number of updated asset objects reloaded before import = 0Number of asset objects unloaded after import = 7

========================================================================
Received Import Request.
  Time since last request: 0.000015 seconds.
  path: Assets/Assets/Polaris - Low Poly Ecosystem/Polaris - Low Poly Terrain Engine/Samples/Pinwheel Studio/Textures/Soil01.psd
  artifactKey: Guid(2d8e2ff64d555e3449179ed733aeb20e) Importer(2089858483,192608db42251d675da83286b1cce702)
Start importing Assets/Assets/Polaris - Low Poly Ecosystem/Polaris - Low Poly Terrain Engine/Samples/Pinwheel Studio/Textures/Soil01.psd using Guid(2d8e2ff64d555e3449179ed733aeb20e) Importer(2089858483,192608db42251d675da83286b1cce702) (ScriptedImporter)[PhysX] Initialized MultithreadedTaskDispatcher with 14 workers.
 -> (artifact id: '6b3354a0665a76fb08aa6adb4a5c283f') in 0.0267045 seconds
Number of updated asset objects reloaded before import = 0Number of asset objects unloaded after import = 1

========================================================================
Received Import Request.
  Time since last request: 0.000019 seconds.
  path: Assets/Assets/Polaris - Low Poly Ecosystem/Poseidon - Low Poly Water System/Runtime/Shaders/UniversalRP
  artifactKey: Guid(07114a01214f3a4429c02bb1484ed0ad) Importer(2089858483,192608db42251d675da83286b1cce702)
Start importing Assets/Assets/Polaris - Low Poly Ecosystem/Poseidon - Low Poly Water System/Runtime/Shaders/UniversalRP using Guid(07114a01214f3a4429c02bb1484ed0ad) Importer(2089858483,192608db42251d675da83286b1cce702) (ScriptedImporter)[PhysX] Initialized MultithreadedTaskDispatcher with 14 workers.
 -> (artifact id: 'd3aca526089450bd7474b156ce833b0a') in 0.0109961 seconds
Number of updated asset objects reloaded before import = 0Number of asset objects unloaded after import = 1

========================================================================
Received Import Request.
  Time since last request: 0.000017 seconds.
  path: Assets/Assets/Polaris - Low Poly Ecosystem/Polaris - Low Poly Terrain Engine/Runtime/Shaders/Internal/Utilities/DrawTextureArraySlice.shader
  artifactKey: Guid(6be8cd4531afb7344a29905068331f1e) Importer(2089858483,192608db42251d675da83286b1cce702)
Start importing Assets/Assets/Polaris - Low Poly Ecosystem/Polaris - Low Poly Terrain Engine/Runtime/Shaders/Internal/Utilities/DrawTextureArraySlice.shader using Guid(6be8cd4531afb7344a29905068331f1e) Importer(2089858483,192608db42251d675da83286b1cce702) (ScriptedImporter)[PhysX] Initialized MultithreadedTaskDispatcher with 14 workers.
 -> (artifact id: '929014ea1d053e3b02c16faf9917daec') in 0.0134141 seconds
Number of updated asset objects reloaded before import = 0Number of asset objects unloaded after import = 1

========================================================================
Received Import Request.
  Time since last request: 0.000017 seconds.
  path: Assets/Assets/Polaris - Low Poly Ecosystem/Polaris - Low Poly Terrain Engine/Samples/Pinwheel Studio/Models/LP_S-Rock_05.fbx
  artifactKey: Guid(2eef5ce709657ae4fbd4f74a88689e08) Importer(2089858483,192608db42251d675da83286b1cce702)
Start importing Assets/Assets/Polaris - Low Poly Ecosystem/Polaris - Low Poly Terrain Engine/Samples/Pinwheel Studio/Models/LP_S-Rock_05.fbx using Guid(2eef5ce709657ae4fbd4f74a88689e08) Importer(2089858483,192608db42251d675da83286b1cce702) (ScriptedImporter)[PhysX] Initialized MultithreadedTaskDispatcher with 14 workers.
 -> (artifact id: '631be1d736d39f38ee5050af74ad2536') in 0.0477575 seconds
Number of updated asset objects reloaded before import = 0Number of asset objects unloaded after import = 7

========================================================================
Received Import Request.
  Time since last request: 0.000016 seconds.
  path: Assets/Assets/Polaris - Low Poly Ecosystem/Polaris - Low Poly Terrain Engine/Editor/Resources/PolarisBrushes/BuiltinShape03.psd
  artifactKey: Guid(d808eb5047a4fa944a7630f13700b837) Importer(2089858483,192608db42251d675da83286b1cce702)
Start importing Assets/Assets/Polaris - Low Poly Ecosystem/Polaris - Low Poly Terrain Engine/Editor/Resources/PolarisBrushes/BuiltinShape03.psd using Guid(d808eb5047a4fa944a7630f13700b837) Importer(2089858483,192608db42251d675da83286b1cce702) (ScriptedImporter)[PhysX] Initialized MultithreadedTaskDispatcher with 14 workers.
 -> (artifact id: 'f7cee1debc37e6d472a6e371334471f9') in 0.023264 seconds
Number of updated asset objects reloaded before import = 0Number of asset objects unloaded after import = 1

========================================================================
Received Import Request.
  Time since last request: 0.000028 seconds.
  path: Assets/Assets/Polaris - Low Poly Ecosystem/Polaris - Low Poly Terrain Engine/Runtime/Scripts/BackupTool/GUndoCompatibleBuffer.cs
  artifactKey: Guid(b2aedad9cacd3b54996f2e6ef60fcff2) Importer(2089858483,192608db42251d675da83286b1cce702)
Start importing Assets/Assets/Polaris - Low Poly Ecosystem/Polaris - Low Poly Terrain Engine/Runtime/Scripts/BackupTool/GUndoCompatibleBuffer.cs using Guid(b2aedad9cacd3b54996f2e6ef60fcff2) Importer(2089858483,192608db42251d675da83286b1cce702) (ScriptedImporter)[PhysX] Initialized MultithreadedTaskDispatcher with 14 workers.
 -> (artifact id: '55a69f5cfd5d7fd681a8410328ba3e59') in 0.0134965 seconds
Number of updated asset objects reloaded before import = 0Number of asset objects unloaded after import = 0

========================================================================
Received Import Request.
  Time since last request: 0.000017 seconds.
  path: Assets/Assets/Polaris - Low Poly Ecosystem/Polaris - Low Poly Terrain Engine/Samples/Pinwheel Studio/Scripts/GRuntimeTexturePainter.cs
  artifactKey: Guid(aa36e202f209fb048ba0123ea0772b23) Importer(2089858483,192608db42251d675da83286b1cce702)
Start importing Assets/Assets/Polaris - Low Poly Ecosystem/Polaris - Low Poly Terrain Engine/Samples/Pinwheel Studio/Scripts/GRuntimeTexturePainter.cs using Guid(aa36e202f209fb048ba0123ea0772b23) Importer(2089858483,192608db42251d675da83286b1cce702) (ScriptedImporter)[PhysX] Initialized MultithreadedTaskDispatcher with 14 workers.
 -> (artifact id: 'c8d6c28b6a39973655c28cf3fc0326b8') in 0.0118898 seconds
Number of updated asset objects reloaded before import = 0Number of asset objects unloaded after import = 0

========================================================================
Received Import Request.
  Time since last request: 0.000034 seconds.
  path: Assets/Assets/Polaris - Low Poly Ecosystem/Polaris - Low Poly Terrain Engine/Samples/Total Game Assets/Prefabs/prefab_polytope_windmill.prefab
  artifactKey: Guid(e6f9cb2853881bb4399d4dbc6399ffe0) Importer(2089858483,192608db42251d675da83286b1cce702)
Start importing Assets/Assets/Polaris - Low Poly Ecosystem/Polaris - Low Poly Terrain Engine/Samples/Total Game Assets/Prefabs/prefab_polytope_windmill.prefab using Guid(e6f9cb2853881bb4399d4dbc6399ffe0) Importer(2089858483,192608db42251d675da83286b1cce702) (ScriptedImporter)[PhysX] Initialized MultithreadedTaskDispatcher with 14 workers.
 -> (artifact id: 'c6f2cd37aba1c2e46e3ae9d7b0206e21') in 0.0202253 seconds
Number of updated asset objects reloaded before import = 0Number of asset objects unloaded after import = 20

========================================================================
Received Import Request.
  Time since last request: 0.000015 seconds.
  path: Assets/Assets/Polaris - Low Poly Ecosystem/Polaris - Low Poly Terrain Engine/Editor/Scripts/HelpTool/GHelpToolDrawer.cs
  artifactKey: Guid(337d18f209556d045a07afadd2b899f0) Importer(2089858483,192608db42251d675da83286b1cce702)
Start importing Assets/Assets/Polaris - Low Poly Ecosystem/Polaris - Low Poly Terrain Engine/Editor/Scripts/HelpTool/GHelpToolDrawer.cs using Guid(337d18f209556d045a07afadd2b899f0) Importer(2089858483,192608db42251d675da83286b1cce702) (ScriptedImporter)[PhysX] Initialized MultithreadedTaskDispatcher with 14 workers.
 -> (artifact id: 'a9198117f378571827ce3f77cf47cad1') in 0.0143537 seconds
Number of updated asset objects reloaded before import = 0Number of asset objects unloaded after import = 0

========================================================================
Received Import Request.
  Time since last request: 0.000017 seconds.
  path: Assets/Assets/Polaris - Low Poly Ecosystem/Polaris - Low Poly Terrain Engine/Runtime/Scripts
  artifactKey: Guid(9408463bb3726524e9a148152c71ab8b) Importer(2089858483,192608db42251d675da83286b1cce702)
Start importing Assets/Assets/Polaris - Low Poly Ecosystem/Polaris - Low Poly Terrain Engine/Runtime/Scripts using Guid(9408463bb3726524e9a148152c71ab8b) Importer(2089858483,192608db42251d675da83286b1cce702) (ScriptedImporter)[PhysX] Initialized MultithreadedTaskDispatcher with 14 workers.
 -> (artifact id: 'a10e8c98866ac5d574bf4695290000f5') in 0.0109436 seconds
Number of updated asset objects reloaded before import = 0Number of asset objects unloaded after import = 1

========================================================================
Received Import Request.
  Time since last request: 2.213345 seconds.
  path: Assets/Assets/Polaris - Low Poly Ecosystem/Polaris - Low Poly Terrain Engine/Samples/Pinwheel Studio/Billboard/WinterBranch/WinterBranch_Normal.png
  artifactKey: Guid(bb1c9d066e3d00d45b4f0a5268a9a043) Importer(2089858483,192608db42251d675da83286b1cce702)
Start importing Assets/Assets/Polaris - Low Poly Ecosystem/Polaris - Low Poly Terrain Engine/Samples/Pinwheel Studio/Billboard/WinterBranch/WinterBranch_Normal.png using Guid(bb1c9d066e3d00d45b4f0a5268a9a043) Importer(2089858483,192608db42251d675da83286b1cce702) (ScriptedImporter)[PhysX] Initialized MultithreadedTaskDispatcher with 14 workers.
 -> (artifact id: '6e34c5074de8f39374ef13b216e4226d') in 0.0277057 seconds
Number of updated asset objects reloaded before import = 0Number of asset objects unloaded after import = 1

========================================================================
Received Import Request.
  Time since last request: 0.000017 seconds.
  path: Assets/Assets/Polaris - Low Poly Ecosystem/Polaris - Low Poly Terrain Engine/Samples/Pinwheel Studio/Textures/GodRay.psd
  artifactKey: Guid(56f8350a4d5aaa14f8cfee81f5168995) Importer(2089858483,192608db42251d675da83286b1cce702)
Start importing Assets/Assets/Polaris - Low Poly Ecosystem/Polaris - Low Poly Terrain Engine/Samples/Pinwheel Studio/Textures/GodRay.psd using Guid(56f8350a4d5aaa14f8cfee81f5168995) Importer(2089858483,192608db42251d675da83286b1cce702) (ScriptedImporter)[PhysX] Initialized MultithreadedTaskDispatcher with 14 workers.
 -> (artifact id: '0045e38924f5db2738636c53fbdb5565') in 0.0272538 seconds
Number of updated asset objects reloaded before import = 0Number of asset objects unloaded after import = 1

========================================================================
Received Import Request.
  Time since last request: 0.000025 seconds.
  path: Assets/Assets/Polaris - Low Poly Ecosystem/Polaris - Low Poly Terrain Engine/Runtime/Scripts/PaintTool/GeometryTexturePainters/GTexturePainterArgs.cs
  artifactKey: Guid(1b70b9405f5d0824cab909b072f86618) Importer(2089858483,192608db42251d675da83286b1cce702)
Start importing Assets/Assets/Polaris - Low Poly Ecosystem/Polaris - Low Poly Terrain Engine/Runtime/Scripts/PaintTool/GeometryTexturePainters/GTexturePainterArgs.cs using Guid(1b70b9405f5d0824cab909b072f86618) Importer(2089858483,192608db42251d675da83286b1cce702) (ScriptedImporter)[PhysX] Initialized MultithreadedTaskDispatcher with 14 workers.
 -> (artifact id: 'e60b9650f73f715a6fd08e5da853a451') in 0.0132786 seconds
Number of updated asset objects reloaded before import = 0Number of asset objects unloaded after import = 0

========================================================================
Received Import Request.
  Time since last request: 0.000016 seconds.
  path: Assets/Assets/Polaris - Low Poly Ecosystem/Poseidon - Low Poly Water System/Runtime/Scripts/Effects/BuiltinRP/PWetLens.cs
  artifactKey: Guid(2ea78e3311d3bc648ac0f3f022f2f307) Importer(2089858483,192608db42251d675da83286b1cce702)
Start importing Assets/Assets/Polaris - Low Poly Ecosystem/Poseidon - Low Poly Water System/Runtime/Scripts/Effects/BuiltinRP/PWetLens.cs using Guid(2ea78e3311d3bc648ac0f3f022f2f307) Importer(2089858483,192608db42251d675da83286b1cce702) (ScriptedImporter)[PhysX] Initialized MultithreadedTaskDispatcher with 14 workers.
 -> (artifact id: '04ee749063fa4096198a910a5d73d274') in 0.0125099 seconds
Number of updated asset objects reloaded before import = 0Number of asset objects unloaded after import = 0

========================================================================
Received Import Request.
  Time since last request: 0.000018 seconds.
  path: Assets/Assets/Polaris - Low Poly Ecosystem/Polaris - Low Poly Terrain Engine/Runtime/Shaders/Internal/PaintTool/MetallicPainter.shader
  artifactKey: Guid(9c0a44a1319a4a44ea982887b6bd405f) Importer(2089858483,192608db42251d675da83286b1cce702)
Start importing Assets/Assets/Polaris - Low Poly Ecosystem/Polaris - Low Poly Terrain Engine/Runtime/Shaders/Internal/PaintTool/MetallicPainter.shader using Guid(9c0a44a1319a4a44ea982887b6bd405f) Importer(2089858483,192608db42251d675da83286b1cce702) (ScriptedImporter)[PhysX] Initialized MultithreadedTaskDispatcher with 14 workers.
 -> (artifact id: '8cbed347680c98c589911194cf732bda') in 0.0132975 seconds
Number of updated asset objects reloaded before import = 0Number of asset objects unloaded after import = 1

========================================================================
Received Import Request.
  Time since last request: 0.000014 seconds.
  path: Assets/Assets/Polaris - Low Poly Ecosystem/Polaris - Low Poly Terrain Engine/Runtime/Shaders/BuiltinRP
  artifactKey: Guid(1b7f70bc6291b94498722200b2fdde98) Importer(2089858483,192608db42251d675da83286b1cce702)
Start importing Assets/Assets/Polaris - Low Poly Ecosystem/Polaris - Low Poly Terrain Engine/Runtime/Shaders/BuiltinRP using Guid(1b7f70bc6291b94498722200b2fdde98) Importer(2089858483,192608db42251d675da83286b1cce702) (ScriptedImporter)[PhysX] Initialized MultithreadedTaskDispatcher with 14 workers.
 -> (artifact id: '2657080c4dabffe876f4ae39060be67d') in 0.0112401 seconds
Number of updated asset objects reloaded before import = 0Number of asset objects unloaded after import = 1

========================================================================
Received Import Request.
  Time since last request: 0.000014 seconds.
  path: Assets/Assets/Polaris - Low Poly Ecosystem/Polaris - Low Poly Terrain Engine/Runtime/Shaders
  artifactKey: Guid(d558f6bce403dc74082d5e62da01e223) Importer(2089858483,192608db42251d675da83286b1cce702)
Start importing Assets/Assets/Polaris - Low Poly Ecosystem/Polaris - Low Poly Terrain Engine/Runtime/Shaders using Guid(d558f6bce403dc74082d5e62da01e223) Importer(2089858483,192608db42251d675da83286b1cce702) (ScriptedImporter)[PhysX] Initialized MultithreadedTaskDispatcher with 14 workers.
 -> (artifact id: 'a69f34b23ede94062c57ab3dcab403da') in 0.009584 seconds
Number of updated asset objects reloaded before import = 0Number of asset objects unloaded after import = 1

========================================================================
Received Import Request.
  Time since last request: 0.000020 seconds.
  path: Assets/Assets/Polaris - Low Poly Ecosystem/Polaris - Low Poly Terrain Engine/Runtime/Shaders/BuiltinRP/Terrain/BuiltinRP_Lambert_VertexColor.shader
  artifactKey: Guid(17d0bc0fd9c32f144bd77b1540c6b405) Importer(2089858483,192608db42251d675da83286b1cce702)
Start importing Assets/Assets/Polaris - Low Poly Ecosystem/Polaris - Low Poly Terrain Engine/Runtime/Shaders/BuiltinRP/Terrain/BuiltinRP_Lambert_VertexColor.shader using Guid(17d0bc0fd9c32f144bd77b1540c6b405) Importer(2089858483,192608db42251d675da83286b1cce702) (ScriptedImporter)[PhysX] Initialized MultithreadedTaskDispatcher with 14 workers.
 -> (artifact id: 'ed9a60b1d5d0d734862d37a29866b450') in 0.0139071 seconds
Number of updated asset objects reloaded before import = 0Number of asset objects unloaded after import = 1

========================================================================
Received Import Request.
  Time since last request: 0.000026 seconds.
  path: Assets/Assets/Polaris - Low Poly Ecosystem/Polaris - Low Poly Terrain Engine/Runtime/Shaders/Internal/ErosionTool/HydraullicErosion.compute
  artifactKey: Guid(5a8f6fd8bb447824185ed7786e38a535) Importer(2089858483,192608db42251d675da83286b1cce702)
Start importing Assets/Assets/Polaris - Low Poly Ecosystem/Polaris - Low Poly Terrain Engine/Runtime/Shaders/Internal/ErosionTool/HydraullicErosion.compute using Guid(5a8f6fd8bb447824185ed7786e38a535) Importer(2089858483,192608db42251d675da83286b1cce702) (ScriptedImporter)[PhysX] Initialized MultithreadedTaskDispatcher with 14 workers.
 -> (artifact id: '49fb1f35703a5934621d199eede85ccd') in 0.0137073 seconds
Number of updated asset objects reloaded before import = 0Number of asset objects unloaded after import = 1

========================================================================
Received Import Request.
  Time since last request: 0.000014 seconds.
  path: Assets/Assets/Polaris - Low Poly Ecosystem/Polaris - Low Poly Terrain Engine/Runtime/Scripts/Core/GCommon.cs
  artifactKey: Guid(5dc35b67709ef0c40b43db9e53709643) Importer(2089858483,192608db42251d675da83286b1cce702)
Start importing Assets/Assets/Polaris - Low Poly Ecosystem/Polaris - Low Poly Terrain Engine/Runtime/Scripts/Core/GCommon.cs using Guid(5dc35b67709ef0c40b43db9e53709643) Importer(2089858483,192608db42251d675da83286b1cce702) (ScriptedImporter)[PhysX] Initialized MultithreadedTaskDispatcher with 14 workers.
 -> (artifact id: 'b64d74c385ff02bec6d546432ee70ccb') in 0.0126464 seconds
Number of updated asset objects reloaded before import = 0Number of asset objects unloaded after import = 0

========================================================================
Received Import Request.
  Time since last request: 0.000020 seconds.
  path: Assets/Assets/Polaris - Low Poly Ecosystem/Polaris - Low Poly Terrain Engine/Samples/Pinwheel Studio/Textures/Thunder.psd
  artifactKey: Guid(bf166121083bb5c44bb9c70787e471f7) Importer(2089858483,192608db42251d675da83286b1cce702)
Start importing Assets/Assets/Polaris - Low Poly Ecosystem/Polaris - Low Poly Terrain Engine/Samples/Pinwheel Studio/Textures/Thunder.psd using Guid(bf166121083bb5c44bb9c70787e471f7) Importer(2089858483,192608db42251d675da83286b1cce702) (ScriptedImporter)[PhysX] Initialized MultithreadedTaskDispatcher with 14 workers.
 -> (artifact id: 'e7c3f537d0207ffc48ebae848f3c6841') in 0.0306222 seconds
Number of updated asset objects reloaded before import = 0Number of asset objects unloaded after import = 1

========================================================================
Received Import Request.
  Time since last request: 0.000014 seconds.
  path: Assets/Assets/Polaris - Low Poly Ecosystem/Poseidon - Low Poly Water System/Sample/Scenes/DemoWaterFX_Profiles
  artifactKey: Guid(79a9b8d1d6c837c4aa6a3b8d4fb76d73) Importer(2089858483,192608db42251d675da83286b1cce702)
Start importing Assets/Assets/Polaris - Low Poly Ecosystem/Poseidon - Low Poly Water System/Sample/Scenes/DemoWaterFX_Profiles using Guid(79a9b8d1d6c837c4aa6a3b8d4fb76d73) Importer(2089858483,192608db42251d675da83286b1cce702) (ScriptedImporter)[PhysX] Initialized MultithreadedTaskDispatcher with 14 workers.
 -> (artifact id: '3989f3b81c92b46b882be4185729365b') in 0.011352 seconds
Number of updated asset objects reloaded before import = 0Number of asset objects unloaded after import = 1

========================================================================
Received Import Request.
  Time since last request: 0.000014 seconds.
  path: Assets/Assets/Polaris - Low Poly Ecosystem/Polaris - Low Poly Terrain Engine/Samples/Pinwheel Studio/Scenes/Demo_00/Generated_TerrainData_e3ea99f6-86fa-4e43-a543-16d7614691c1.asset
  artifactKey: Guid(8b0ee8ba96b27434abe0ecc8b4c5c0d2) Importer(2089858483,192608db42251d675da83286b1cce702)
Start importing Assets/Assets/Polaris - Low Poly Ecosystem/Polaris - Low Poly Terrain Engine/Samples/Pinwheel Studio/Scenes/Demo_00/Generated_TerrainData_e3ea99f6-86fa-4e43-a543-16d7614691c1.asset using Guid(8b0ee8ba96b27434abe0ecc8b4c5c0d2) Importer(2089858483,192608db42251d675da83286b1cce702) (ScriptedImporter)[PhysX] Initialized MultithreadedTaskDispatcher with 14 workers.
 -> (artifact id: 'd098b19de9948754a9b59541d725c3ab') in 0.383855 seconds
Number of updated asset objects reloaded before import = 0Number of asset objects unloaded after import = 76

========================================================================
Received Import Request.
  Time since last request: 0.000019 seconds.
  path: Assets/Assets/Polaris - Low Poly Ecosystem/Polaris - Low Poly Terrain Engine/Runtime/Scripts/Physics
  artifactKey: Guid(012d197cb10a1cb41a2064c8ab6b4ba9) Importer(2089858483,192608db42251d675da83286b1cce702)
Start importing Assets/Assets/Polaris - Low Poly Ecosystem/Polaris - Low Poly Terrain Engine/Runtime/Scripts/Physics using Guid(012d197cb10a1cb41a2064c8ab6b4ba9) Importer(2089858483,192608db42251d675da83286b1cce702) (ScriptedImporter)[PhysX] Initialized MultithreadedTaskDispatcher with 14 workers.
 -> (artifact id: 'd3d58d34c181185d21c1c0a8947642c8') in 0.0108137 seconds
Number of updated asset objects reloaded before import = 0Number of asset objects unloaded after import = 1

========================================================================
Received Import Request.
  Time since last request: 0.000027 seconds.
  path: Assets/Assets/Polaris - Low Poly Ecosystem/Polaris - Low Poly Terrain Engine/Editor/Models/WireframeMeshes.asset
  artifactKey: Guid(8d1a6310726c8af46a654a63d731e1d9) Importer(2089858483,192608db42251d675da83286b1cce702)
Start importing Assets/Assets/Polaris - Low Poly Ecosystem/Polaris - Low Poly Terrain Engine/Editor/Models/WireframeMeshes.asset using Guid(8d1a6310726c8af46a654a63d731e1d9) Importer(2089858483,192608db42251d675da83286b1cce702) (ScriptedImporter)[PhysX] Initialized MultithreadedTaskDispatcher with 14 workers.
 -> (artifact id: '650ac9b4acd95112af1b96363b1e3d31') in 0.0466338 seconds
Number of updated asset objects reloaded before import = 0Number of asset objects unloaded after import = 15

========================================================================
Received Import Request.
  Time since last request: 0.000018 seconds.
  path: Assets/Assets/Polaris - Low Poly Ecosystem/Polaris - Low Poly Terrain Engine/Samples/Pinwheel Studio/Prototypes
  artifactKey: Guid(ea607937652090249b9835f56082dd46) Importer(2089858483,192608db42251d675da83286b1cce702)
Start importing Assets/Assets/Polaris - Low Poly Ecosystem/Polaris - Low Poly Terrain Engine/Samples/Pinwheel Studio/Prototypes using Guid(ea607937652090249b9835f56082dd46) Importer(2089858483,192608db42251d675da83286b1cce702) (ScriptedImporter)[PhysX] Initialized MultithreadedTaskDispatcher with 14 workers.
 -> (artifact id: '261eff80d0615a24d1568c472c92b005') in 0.0133932 seconds
Number of updated asset objects reloaded before import = 0Number of asset objects unloaded after import = 1

========================================================================
Received Import Request.
  Time since last request: 0.000016 seconds.
  path: Assets/Assets/Polaris - Low Poly Ecosystem/Polaris - Low Poly Terrain Engine/Runtime/Scripts/BackupTool/GBackupInternal.cs
  artifactKey: Guid(c489d7a0d42e0c54b970f16c116f49a5) Importer(2089858483,192608db42251d675da83286b1cce702)
Start importing Assets/Assets/Polaris - Low Poly Ecosystem/Polaris - Low Poly Terrain Engine/Runtime/Scripts/BackupTool/GBackupInternal.cs using Guid(c489d7a0d42e0c54b970f16c116f49a5) Importer(2089858483,192608db42251d675da83286b1cce702) (ScriptedImporter)[PhysX] Initialized MultithreadedTaskDispatcher with 14 workers.
 -> (artifact id: '27bc50bebb6a5fbbbb032544dcc7b54f') in 0.0128666 seconds
Number of updated asset objects reloaded before import = 0Number of asset objects unloaded after import = 0

========================================================================
Received Import Request.
  Time since last request: 0.000015 seconds.
  path: Assets/Assets/Polaris - Low Poly Ecosystem/Poseidon - Low Poly Water System/Runtime/Scripts/Utilities/PProgressCancelledException.cs
  artifactKey: Guid(fc5b0a1572a0da346866ab317355eaf2) Importer(2089858483,192608db42251d675da83286b1cce702)
Start importing Assets/Assets/Polaris - Low Poly Ecosystem/Poseidon - Low Poly Water System/Runtime/Scripts/Utilities/PProgressCancelledException.cs using Guid(fc5b0a1572a0da346866ab317355eaf2) Importer(2089858483,192608db42251d675da83286b1cce702) (ScriptedImporter)[PhysX] Initialized MultithreadedTaskDispatcher with 14 workers.
 -> (artifact id: '48f063c036c7fb1ba86652f0cc1bd2c7') in 0.0151311 seconds
Number of updated asset objects reloaded before import = 0Number of asset objects unloaded after import = 0

========================================================================
Received Import Request.
  Time since last request: 0.000017 seconds.
  path: Assets/Assets/Polaris - Low Poly Ecosystem/Polaris - Low Poly Terrain Engine/Runtime/Scripts/TextureTool/Filters/GBlurParams.cs
  artifactKey: Guid(32bcf1dfe09c95e45b552f986ea36f36) Importer(2089858483,192608db42251d675da83286b1cce702)
Start importing Assets/Assets/Polaris - Low Poly Ecosystem/Polaris - Low Poly Terrain Engine/Runtime/Scripts/TextureTool/Filters/GBlurParams.cs using Guid(32bcf1dfe09c95e45b552f986ea36f36) Importer(2089858483,192608db42251d675da83286b1cce702) (ScriptedImporter)[PhysX] Initialized MultithreadedTaskDispatcher with 14 workers.
 -> (artifact id: '2aead447e3131c35765fc9b14247df8e') in 0.011835 seconds
Number of updated asset objects reloaded before import = 0Number of asset objects unloaded after import = 0

========================================================================
Received Prepare
Begin MonoManager ReloadAssembly
Symbol file LoadedFromMemory is not a mono symbol file
- Loaded All Assemblies, in  1.073 seconds
Refreshing native plugins compatible for Editor in 1.19 ms, found 3 plugins.
Native extension for WindowsStandalone target not found
Mono: successfully reloaded assembly
- Finished resetting the current domain, in  1.421 seconds
Domain Reload Profiling: 2490ms
	BeginReloadAssembly (247ms)
		ExecutionOrderSort (0ms)
		DisableScriptedObjects (6ms)
		BackupInstance (0ms)
		ReleaseScriptingObjects (0ms)
		CreateAndSetChildDomain (90ms)
	RebuildCommonClasses (35ms)
	RebuildNativeTypeToScriptingClass (14ms)
	initialDomainReloadingComplete (33ms)
	LoadAllAssembliesAndSetupDomain (738ms)
		LoadAssemblies (633ms)
		RebuildTransferFunctionScriptingTraits (0ms)
		AnalyzeDomain (209ms)
			TypeCache.Refresh (15ms)
				TypeCache.ScanAssembly (0ms)
			BuildScriptInfoCaches (179ms)
			ResolveRequiredComponents (11ms)
	FinalizeReload (1422ms)
		ReleaseScriptCaches (0ms)
		RebuildScriptCaches (0ms)
		SetupLoadedEditorAssemblies (1117ms)
			LogAssemblyErrors (0ms)
			InitializePlatformSupportModulesInManaged (2ms)
			SetLoadedEditorAssemblies (6ms)
			BeforeProcessingInitializeOnLoad (152ms)
			ProcessInitializeOnLoadAttributes (390ms)
			ProcessInitializeOnLoadMethodAttributes (558ms)
			AfterProcessingInitializeOnLoad (9ms)
			EditorAssembliesLoaded (0ms)
		ExecutionOrderSort2 (0ms)
		AwakeInstancesAfterBackupRestoration (13ms)
Refreshing native plugins compatible for Editor in 2.48 ms, found 3 plugins.
Preloading 0 native plugins for Editor in 0.00 ms.
Unloading 27 Unused Serialized files (Serialized files now loaded: 0)
Unloading 6377 unused Assets / (3.2 MB). Loaded Objects now: 7273.
Memory consumption went from 189.6 MB to 186.4 MB.
Total: 10.195900 ms (FindLiveObjects: 0.793400 ms CreateObjectMapping: 0.374500 ms MarkObjects: 6.896800 ms  DeleteObjects: 2.130100 ms)

Prepare: number of updated asset objects reloaded= 0
Editor requested this worker to shutdown with reason: Scaling down because of idle timeout
AssetImportWorker is now disconnected from the server
Process exiting
Exiting without the bug reporter. Application will terminate with return code 0