Using pre-set license
Built from 'trunk' branch; Version is '6000.0.2f1 (c36be92430b9) revision 12807145'; Using compiler version '193933522'; Build Type 'Release'
OS: 'Windows 11  (10.0.22631) 64bit Core' Language: 'en' Physical Memory: 65384 MB
BatchMode: 1, IsHumanControllingUs: 0, StartBugReporterOnCrash: 0, Is64bit: 1, IsPro: 1

COMMAND LINE ARGUMENTS:
C:\Program Files\Unity\Hub\Editor\6000.0.2f1\Editor\Unity.exe
-adb2
-batchMode
-noUpm
-name
AssetImportWorker9
-projectPath
D:/UnityProjects/AI-RPG/AI-RPG
-logFile
Logs/AssetImportWorker9.log
-srvPort
60690
-job-worker-count
9
-background-job-worker-count
8
-asset-garbage-collectors
1
Successfully changed project path to: D:/UnityProjects/AI-RPG/AI-RPG
D:/UnityProjects/AI-RPG/AI-RPG
[UnityMemory] Configuration Parameters - Can be set up in boot.config
    "memorysetup-bucket-allocator-granularity=16"
    "memorysetup-bucket-allocator-bucket-count=8"
    "memorysetup-bucket-allocator-block-size=33554432"
    "memorysetup-bucket-allocator-block-count=8"
    "memorysetup-main-allocator-block-size=16777216"
    "memorysetup-thread-allocator-block-size=16777216"
    "memorysetup-gfx-main-allocator-block-size=16777216"
    "memorysetup-gfx-thread-allocator-block-size=16777216"
    "memorysetup-cache-allocator-block-size=4194304"
    "memorysetup-typetree-allocator-block-size=2097152"
    "memorysetup-profiler-bucket-allocator-granularity=16"
    "memorysetup-profiler-bucket-allocator-bucket-count=8"
    "memorysetup-profiler-bucket-allocator-block-size=33554432"
    "memorysetup-profiler-bucket-allocator-block-count=8"
    "memorysetup-profiler-allocator-block-size=16777216"
    "memorysetup-profiler-editor-allocator-block-size=1048576"
    "memorysetup-temp-allocator-size-main=16777216"
    "memorysetup-job-temp-allocator-block-size=2097152"
    "memorysetup-job-temp-allocator-block-size-background=1048576"
    "memorysetup-job-temp-allocator-reduction-small-platforms=262144"
    "memorysetup-allocator-temp-initial-block-size-main=262144"
    "memorysetup-allocator-temp-initial-block-size-worker=262144"
    "memorysetup-temp-allocator-size-background-worker=32768"
    "memorysetup-temp-allocator-size-job-worker=262144"
    "memorysetup-temp-allocator-size-preload-manager=33554432"
    "memorysetup-temp-allocator-size-nav-mesh-worker=65536"
    "memorysetup-temp-allocator-size-audio-worker=65536"
    "memorysetup-temp-allocator-size-cloud-worker=32768"
    "memorysetup-temp-allocator-size-gi-baking-worker=262144"
    "memorysetup-temp-allocator-size-gi-baking-worker=262144"
    "memorysetup-temp-allocator-size-gi-baking-worker=262144"
    "memorysetup-temp-allocator-size-gi-baking-worker=262144"
    "memorysetup-temp-allocator-size-gi-baking-worker=262144"
    "memorysetup-temp-allocator-size-gfx=262144"
Player connection [41092]  Target information:

Player connection [41092]  * "[IP] 192.168.1.116 [Port] 0 [Flags] 2 [Guid] 2264097310 [EditorId] 2264097310 [Version] 1048832 [Id] WindowsEditor(7,RonsPC) [Debug] 1 [PackageName] WindowsEditor [ProjectName] Editor" 

Player connection [41092] Host joined multi-casting on [225.0.0.222:54997]...
Player connection [41092] Host joined alternative multi-casting on [225.0.0.222:34997]...
JobSystem: Creating JobQueue using job-worker-count value 9
Library Redirect Path: Library/
[PhysX] Initialized MultithreadedTaskDispatcher with 10 workers.
Refreshing native plugins compatible for Editor in 3.23 ms, found 5 plugins.
Preloading 0 native plugins for Editor in 0.00 ms.
Initialize engine version: 6000.0.2f1 (c36be92430b9)
[Subsystems] Discovering subsystems at path C:/Program Files/Unity/Hub/Editor/6000.0.2f1/Editor/Data/Resources/UnitySubsystems
[Subsystems] Discovering subsystems at path D:/UnityProjects/AI-RPG/AI-RPG/Assets
GfxDevice: creating device client; kGfxThreadingModeNonThreaded
Direct3D:
    Version:  Direct3D 11.0 [level 11.1]
    Renderer: NVIDIA GeForce RTX 3080 Ti (ID=0x2208)
    Vendor:   NVIDIA
    VRAM:     12086 MB
    Driver:   31.0.15.5222
Initialize mono
Mono path[0] = 'C:/Program Files/Unity/Hub/Editor/6000.0.2f1/Editor/Data/Managed'
Mono path[1] = 'C:/Program Files/Unity/Hub/Editor/6000.0.2f1/Editor/Data/MonoBleedingEdge/lib/mono/unityjit-win32'
Mono config path = 'C:/Program Files/Unity/Hub/Editor/6000.0.2f1/Editor/Data/MonoBleedingEdge/etc'
Using monoOptions --debugger-agent=transport=dt_socket,embedding=1,server=y,suspend=n,address=127.0.0.1:56392
Begin MonoManager ReloadAssembly
Registering precompiled unity dll's ...
Register platform support module: C:/Program Files/Unity/Hub/Editor/6000.0.2f1/Editor/Data/PlaybackEngines/WindowsStandaloneSupport/UnityEditor.WindowsStandalone.Extensions.dll
Registered in 0.001646 seconds.
- Loaded All Assemblies, in  0.350 seconds
Native extension for WindowsStandalone target not found
Mono: successfully reloaded assembly
- Finished resetting the current domain, in  0.408 seconds
Domain Reload Profiling: 757ms
	BeginReloadAssembly (124ms)
		ExecutionOrderSort (0ms)
		DisableScriptedObjects (0ms)
		BackupInstance (0ms)
		ReleaseScriptingObjects (0ms)
		CreateAndSetChildDomain (1ms)
	RebuildCommonClasses (30ms)
	RebuildNativeTypeToScriptingClass (8ms)
	initialDomainReloadingComplete (40ms)
	LoadAllAssembliesAndSetupDomain (146ms)
		LoadAssemblies (120ms)
		RebuildTransferFunctionScriptingTraits (0ms)
		AnalyzeDomain (144ms)
			TypeCache.Refresh (143ms)
				TypeCache.ScanAssembly (129ms)
			BuildScriptInfoCaches (0ms)
			ResolveRequiredComponents (0ms)
	FinalizeReload (409ms)
		ReleaseScriptCaches (0ms)
		RebuildScriptCaches (0ms)
		SetupLoadedEditorAssemblies (345ms)
			LogAssemblyErrors (0ms)
			InitializePlatformSupportModulesInManaged (24ms)
			SetLoadedEditorAssemblies (5ms)
			BeforeProcessingInitializeOnLoad (5ms)
			ProcessInitializeOnLoadAttributes (156ms)
			ProcessInitializeOnLoadMethodAttributes (155ms)
			AfterProcessingInitializeOnLoad (0ms)
			EditorAssembliesLoaded (0ms)
		ExecutionOrderSort2 (0ms)
		AwakeInstancesAfterBackupRestoration (0ms)
Assembly reference Packages/com.unity.cinemachine/Editor/Samples/ExposeHDRPInternals/HDRP-Editor-ref.asmref has no target assembly definition
========================================================================
Worker process is ready to serve import requests
Import Worker Mode flag is 0x00
Assembly reference Packages/com.unity.cinemachine/Editor/Samples/ExposeHDRPInternals/HDRP-Editor-ref.asmref has no target assembly definition
Assembly reference Packages/com.unity.cinemachine/Editor/Samples/ExposeHDRPInternals/HDRP-Editor-ref.asmref has no target assembly definition
Begin MonoManager ReloadAssembly
Symbol file data-000001A877676830 doesn't match image D:\UnityProjects\AI-RPG\AI-RPG\Assets\Plugins\Sirenix\Assemblies\Sirenix.OdinInspector.Editor.dll
Symbol file LoadedFromMemory is not a mono symbol file
scripting_class_is_subclass_of was called with a NULL parameter. This will crash the game if it happens outside of the editor.
scripting_class_is_subclass_of was called with a NULL parameter. This will crash the game if it happens outside of the editor.
scripting_class_is_subclass_of was called with a NULL parameter. This will crash the game if it happens outside of the editor.
Unloading broken assembly Assets/Packages/Microsoft.Extensions.Options.8.0.0/analyzers/dotnet/roslyn4.4/cs/Microsoft.Extensions.Options.SourceGeneration.dll, this assembly can cause crashes in the runtime
Unloading broken assembly Assets/Packages/Microsoft.Extensions.Logging.Abstractions.8.0.0/analyzers/dotnet/roslyn4.4/cs/Microsoft.Extensions.Logging.Generators.dll, this assembly can cause crashes in the runtime
- Loaded All Assemblies, in  1.168 seconds
Assembly reference Packages/com.unity.cinemachine/Editor/Samples/ExposeHDRPInternals/HDRP-Editor-ref.asmref has no target assembly definition
Refreshing native plugins compatible for Editor in 3.38 ms, found 5 plugins.
Native extension for WindowsStandalone target not found
Assembly reference Packages/com.unity.cinemachine/Editor/Samples/ExposeHDRPInternals/HDRP-Editor-ref.asmref has no target assembly definition
Package Manager log level set to [2]
[Package Manager] Failed to launch server process. Reason: Unity was launched with the -noUpm command-line argument
[Package Manager] Unable to send message (not connected to server process).
[Package Manager] Cannot connect to Unity Package Manager local server
Refreshing native plugins compatible for Editor in 2.15 ms, found 5 plugins.
Launched and connected shader compiler UnityShaderCompiler.exe after 0.01 seconds
System.Reflection.TargetInvocationException: Exception has been thrown by the target of an invocation. ---> System.Reflection.ReflectionTypeLoadException: Exception of type 'System.Reflection.ReflectionTypeLoadException' was thrown.
Could not load type of field 'Microsoft.Extensions.Options.Generators.DiagDescriptors:<CantUseWithGenericTypes>k__BackingField' (1) due to: Could not load file or assembly 'Microsoft.CodeAnalysis, Version=4.4.0.0, Culture=neutral, PublicKeyToken=31bf3856ad364e35' or one of its dependencies.
Could not load file or assembly 'Microsoft.CodeAnalysis, Version=4.4.0.0, Culture=neutral, PublicKeyToken=31bf3856ad364e35' or one of its dependencies.
Could not load type of field 'Microsoft.Extensions.Options.Generators.Parser:_compilation' (2) due to: Could not load file or assembly 'Microsoft.CodeAnalysis, Version=4.4.0.0, Culture=neutral, PublicKeyToken=31bf3856ad364e35' or one of its dependencies.
Could not load type of field 'Microsoft.Extensions.Options.Generators.SymbolHolder:<OptionsValidatorSymbol>k__BackingField' (0) due to: Could not load file or assembly 'Microsoft.CodeAnalysis, Version=4.4.0.0, Culture=neutral, PublicKeyToken=31bf3856ad364e35' or one of its dependencies.
Could not load file or assembly 'Microsoft.CodeAnalysis, Version=4.4.0.0, Culture=neutral, PublicKeyToken=31bf3856ad364e35' or one of its dependencies.
Could not load type of field 'Microsoft.Extensions.Options.Generators.OptionsValidatorGenerator+<>c:<>9__0_0' (1) due to: Could not load file or assembly 'Microsoft.CodeAnalysis, Version=4.4.0.0, Culture=neutral, PublicKeyToken=31bf3856ad364e35' or one of its dependencies.
Could not load type of field 'Microsoft.Extensions.Options.Generators.Parser+<>c:<>9__9_0' (1) due to: Could not load file or assembly 'Microsoft.CodeAnalysis.CSharp, Version=4.4.0.0, Culture=neutral, PublicKeyToken=31bf3856ad364e35' or one of its dependencies.
Could not load type of field 'Microsoft.Extensions.Options.Generators.Parser+<>c__DisplayClass16_0:modelType' (0) due to: Could not load file or assembly 'Microsoft.CodeAnalysis, Version=4.4.0.0, Culture=neutral, PublicKeyToken=31bf3856ad364e35' or one of its dependencies.
Could not load type of field 'Microsoft.Extensions.Options.Generators.Parser+<>c__DisplayClass19_0:<>9__1' (1) due to: Could not load file or assembly 'Microsoft.CodeAnalysis, Version=4.4.0.0, Culture=neutral, PublicKeyToken=31bf3856ad364e35' or one of its dependencies.
Could not load type of field 'Microsoft.Extensions.Options.Generators.ParserUtilities+<>c__DisplayClass1_0:modifierToSearch' (1) due to: Could not load file or assembly 'Microsoft.CodeAnalysis.CSharp, Version=4.4.0.0, Culture=neutral, PublicKeyToken=31bf3856ad364e35' or one of its dependencies.
Could not load type of field 'Microsoft.Extensions.Options.Generators.ParserUtilities+<>c__DisplayClass5_0:returnType' (0) due to: Could not load file or assembly 'Microsoft.CodeAnalysis, Version=4.4.0.0, Culture=neutral, PublicKeyToken=31bf3856ad364e35' or one of its dependencies.
Could not load type of field 'Microsoft.Extensions.Options.Generators.SymbolLoader+<>c__DisplayClass16_0:compilation' (0) due to: Could not load file or assembly 'Microsoft.CodeAnalysis, Version=4.4.0.0, Culture=neutral, PublicKeyToken=31bf3856ad364e35' or one of its dependencies.
  at (wrapper managed-to-native) System.Reflection.Assembly.GetTypes(System.Reflection.Assembly,bool)
  at System.Reflection.Assembly.GetTypes () [0x00000] in <f22cb97e7aa5412ba04225fa1fc145f2>:0 
  at Pinwheel.Griffin.GCommon.GetAllLoadedTypes () [0x0001e] in D:\UnityProjects\AI-RPG\AI-RPG\Assets\Assets\Polaris - Low Poly Ecosystem\Polaris - Low Poly Terrain Engine\Runtime\Scripts\Core\GCommon.cs:702 
  at Pinwheel.Griffin.PaintTool.GSpawnFilterInitializer.InitFilters () [0x00000] in D:\UnityProjects\AI-RPG\AI-RPG\Assets\Assets\Polaris - Low Poly Ecosystem\Polaris - Low Poly Terrain Engine\Runtime\Scripts\PaintTool\SpawnFilters\GSpawnFilterInitializer.cs:23 
  at (wrapper managed-to-native) System.Reflection.RuntimeMethodInfo.InternalInvoke(System.Reflection.RuntimeMethodInfo,object,object[],System.Exception&)
  at System.Reflection.RuntimeMethodInfo.Invoke (System.Object obj, System.Reflection.BindingFlags invokeAttr, System.Reflection.Binder binder, System.Object[] parameters, System.Globalization.CultureInfo culture) [0x0006a] in <f22cb97e7aa5412ba04225fa1fc145f2>:0 
   --- End of inner exception stack trace ---
  at System.Reflection.RuntimeMethodInfo.Invoke (System.Object obj, System.Reflection.BindingFlags invokeAttr, System.Reflection.Binder binder, System.Object[] parameters, System.Globalization.CultureInfo culture) [0x00083] in <f22cb97e7aa5412ba04225fa1fc145f2>:0 
  at System.Reflection.MethodBase.Invoke (System.Object obj, System.Object[] parameters) [0x00000] in <f22cb97e7aa5412ba04225fa1fc145f2>:0 
  at UnityEditor.EditorAssemblies.ProcessInitializeOnLoadMethodAttributes () [0x00056] in <26627f99a7af447db68cd5961117dc4a>:0 
UnityEngine.Debug:ExtractStackTraceNoAlloc (byte*,int,string)
UnityEngine.StackTraceUtility:ExtractStackTrace ()
UnityEngine.DebugLogHandler:Internal_Log (UnityEngine.LogType,UnityEngine.LogOption,string,UnityEngine.Object)
UnityEngine.DebugLogHandler:LogFormat (UnityEngine.LogType,UnityEngine.Object,string,object[])
UnityEngine.Logger:Log (UnityEngine.LogType,object)
UnityEngine.Debug:LogError (object)
UnityEditor.EditorAssemblies:ProcessInitializeOnLoadMethodAttributes ()

Mono: successfully reloaded assembly
- Finished resetting the current domain, in  1.718 seconds
Domain Reload Profiling: 2882ms
	BeginReloadAssembly (377ms)
		ExecutionOrderSort (0ms)
		DisableScriptedObjects (6ms)
		BackupInstance (0ms)
		ReleaseScriptingObjects (0ms)
		CreateAndSetChildDomain (33ms)
	RebuildCommonClasses (37ms)
	RebuildNativeTypeToScriptingClass (12ms)
	initialDomainReloadingComplete (60ms)
	LoadAllAssembliesAndSetupDomain (677ms)
		LoadAssemblies (497ms)
		RebuildTransferFunctionScriptingTraits (0ms)
		AnalyzeDomain (278ms)
			TypeCache.Refresh (202ms)
				TypeCache.ScanAssembly (183ms)
			BuildScriptInfoCaches (62ms)
			ResolveRequiredComponents (11ms)
	FinalizeReload (1719ms)
		ReleaseScriptCaches (0ms)
		RebuildScriptCaches (0ms)
		SetupLoadedEditorAssemblies (1439ms)
			LogAssemblyErrors (0ms)
			InitializePlatformSupportModulesInManaged (2ms)
			SetLoadedEditorAssemblies (5ms)
			BeforeProcessingInitializeOnLoad (56ms)
			ProcessInitializeOnLoadAttributes (795ms)
			ProcessInitializeOnLoadMethodAttributes (575ms)
			AfterProcessingInitializeOnLoad (5ms)
			EditorAssembliesLoaded (0ms)
		ExecutionOrderSort2 (0ms)
		AwakeInstancesAfterBackupRestoration (6ms)
Refreshing native plugins compatible for Editor in 3.90 ms, found 5 plugins.
Preloading 0 native plugins for Editor in 0.00 ms.
Unloading 342 Unused Serialized files (Serialized files now loaded: 0)
Unloading 6735 unused Assets / (5.5 MB). Loaded Objects now: 7603.
Memory consumption went from 256.5 MB to 251.0 MB.
Total: 29.367900 ms (FindLiveObjects: 0.826200 ms CreateObjectMapping: 1.482600 ms MarkObjects: 22.524200 ms  DeleteObjects: 4.533500 ms)

========================================================================
Received Import Request.
  Time since last request: 9569.605406 seconds.
  path: Assets/Assets/PolygonFantasyKingdom/Models/SM_Bld_House_Tower_Angle_HeightCap_01.fbx
  artifactKey: Guid(cdb26d01abc0640459fd724ef603b0f1) Importer(815301076,1909f56bfc062723c751e8b465ee728b)
Start importing Assets/Assets/PolygonFantasyKingdom/Models/SM_Bld_House_Tower_Angle_HeightCap_01.fbx using Guid(cdb26d01abc0640459fd724ef603b0f1) Importer(815301076,1909f56bfc062723c751e8b465ee728b) (PreviewImporter)[PhysX] Initialized MultithreadedTaskDispatcher with 10 workers.
[PhysX] Initialized MultithreadedTaskDispatcher with 10 workers.
[PhysX] Initialized MultithreadedTaskDispatcher with 10 workers.
 -> (artifact id: 'a12d6598d63e5a8a8e31637b808bf623') in 0.4491625 seconds
Number of updated asset objects reloaded before import = 0Number of asset objects unloaded after import = 7

========================================================================
Received Import Request.
  Time since last request: 1.335547 seconds.
  path: Assets/Assets/PolygonFantasyKingdom/Models/Convex/SM_Bld_House_Wall_Half_Height_01_Convex.asset
  artifactKey: Guid(e5bd138d3a8f67f4c85b69d9b4947337) Importer(815301076,1909f56bfc062723c751e8b465ee728b)
Start importing Assets/Assets/PolygonFantasyKingdom/Models/Convex/SM_Bld_House_Wall_Half_Height_01_Convex.asset using Guid(e5bd138d3a8f67f4c85b69d9b4947337) Importer(815301076,1909f56bfc062723c751e8b465ee728b) (PreviewImporter)[PhysX] Initialized MultithreadedTaskDispatcher with 10 workers.
[PhysX] Initialized MultithreadedTaskDispatcher with 10 workers.
 -> (artifact id: 'f169710bdb02de4342bfa17360cc9c49') in 0.020478 seconds
Number of updated asset objects reloaded before import = 0Number of asset objects unloaded after import = 2

========================================================================
Received Import Request.
  Time since last request: 0.000027 seconds.
  path: Assets/Assets/PolygonFantasyKingdom/Models/SM_Bld_House_Wall_HeightCap_01.fbx
  artifactKey: Guid(7e20ce9898513d04893407f8260ff4df) Importer(815301076,1909f56bfc062723c751e8b465ee728b)
Start importing Assets/Assets/PolygonFantasyKingdom/Models/SM_Bld_House_Wall_HeightCap_01.fbx using Guid(7e20ce9898513d04893407f8260ff4df) Importer(815301076,1909f56bfc062723c751e8b465ee728b) (PreviewImporter)[PhysX] Initialized MultithreadedTaskDispatcher with 10 workers.
[PhysX] Initialized MultithreadedTaskDispatcher with 10 workers.
[PhysX] Initialized MultithreadedTaskDispatcher with 10 workers.
 -> (artifact id: 'ea3d5bc0cbaa4f8c8b206a716bf90cfb') in 0.0189229 seconds
Number of updated asset objects reloaded before import = 0Number of asset objects unloaded after import = 7

========================================================================
Received Import Request.
  Time since last request: 0.000022 seconds.
  path: Assets/Assets/PolygonFantasyKingdom/Models/SM_Bld_House_Wall_Half_Height_Window_01.fbx
  artifactKey: Guid(d8e8a13441b9a6340830098f09bb4498) Importer(815301076,1909f56bfc062723c751e8b465ee728b)
Start importing Assets/Assets/PolygonFantasyKingdom/Models/SM_Bld_House_Wall_Half_Height_Window_01.fbx using Guid(d8e8a13441b9a6340830098f09bb4498) Importer(815301076,1909f56bfc062723c751e8b465ee728b) (PreviewImporter)[PhysX] Initialized MultithreadedTaskDispatcher with 10 workers.
[PhysX] Initialized MultithreadedTaskDispatcher with 10 workers.
[PhysX] Initialized MultithreadedTaskDispatcher with 10 workers.
[PhysX] Initialized MultithreadedTaskDispatcher with 10 workers.
[PhysX] Initialized MultithreadedTaskDispatcher with 10 workers.
 -> (artifact id: '4a4a8a536af6c774a735f893fb56ad6b') in 0.0288947 seconds
Number of updated asset objects reloaded before import = 0Number of asset objects unloaded after import = 12

========================================================================
Received Import Request.
  Time since last request: 0.000040 seconds.
  path: Assets/Assets/PolygonFantasyKingdom/Models/Convex/SM_Bld_House_Wall_HeightCap_01_Convex.asset
  artifactKey: Guid(d8f2e456fb7bb10418c2586adb9b6247) Importer(815301076,1909f56bfc062723c751e8b465ee728b)
Start importing Assets/Assets/PolygonFantasyKingdom/Models/Convex/SM_Bld_House_Wall_HeightCap_01_Convex.asset using Guid(d8f2e456fb7bb10418c2586adb9b6247) Importer(815301076,1909f56bfc062723c751e8b465ee728b) (PreviewImporter)[PhysX] Initialized MultithreadedTaskDispatcher with 10 workers.
[PhysX] Initialized MultithreadedTaskDispatcher with 10 workers.
 -> (artifact id: '8e26764076fe0038d80b3909679e5304') in 0.0152806 seconds
Number of updated asset objects reloaded before import = 0Number of asset objects unloaded after import = 2

========================================================================
Received Import Request.
  Time since last request: 0.000029 seconds.
  path: Assets/Assets/PolygonFantasyKingdom/Models/SM_Bld_House_Wall_Peak_02.fbx
  artifactKey: Guid(9825efa87d3efd54f8adeb2285b6fe75) Importer(815301076,1909f56bfc062723c751e8b465ee728b)
Start importing Assets/Assets/PolygonFantasyKingdom/Models/SM_Bld_House_Wall_Peak_02.fbx using Guid(9825efa87d3efd54f8adeb2285b6fe75) Importer(815301076,1909f56bfc062723c751e8b465ee728b) (PreviewImporter)[PhysX] Initialized MultithreadedTaskDispatcher with 10 workers.
[PhysX] Initialized MultithreadedTaskDispatcher with 10 workers.
[PhysX] Initialized MultithreadedTaskDispatcher with 10 workers.
 -> (artifact id: '36ff00abfad83e8508ad50b3f8765493') in 0.0205249 seconds
Number of updated asset objects reloaded before import = 0Number of asset objects unloaded after import = 7

========================================================================
Received Import Request.
  Time since last request: 0.000027 seconds.
  path: Assets/Assets/PolygonFantasyKingdom/Models/Convex/SM_Bld_House_Wall_Peak_01_Convex.asset
  artifactKey: Guid(be3e78602f932ee4d82a2371afaf5c69) Importer(815301076,1909f56bfc062723c751e8b465ee728b)
Start importing Assets/Assets/PolygonFantasyKingdom/Models/Convex/SM_Bld_House_Wall_Peak_01_Convex.asset using Guid(be3e78602f932ee4d82a2371afaf5c69) Importer(815301076,1909f56bfc062723c751e8b465ee728b) (PreviewImporter)[PhysX] Initialized MultithreadedTaskDispatcher with 10 workers.
[PhysX] Initialized MultithreadedTaskDispatcher with 10 workers.
 -> (artifact id: '1b327faf726810962bf8f8bf007c6060') in 0.0147992 seconds
Number of updated asset objects reloaded before import = 0Number of asset objects unloaded after import = 2

========================================================================
Received Import Request.
  Time since last request: 2.609973 seconds.
  path: Assets/Assets/PolygonFantasyKingdom/Models/SM_Bld_Castle_Wall_Corner_M_Door_01.fbx
  artifactKey: Guid(8b7ad8bc968a5e740a7223dd75dafe74) Importer(815301076,1909f56bfc062723c751e8b465ee728b)
Start importing Assets/Assets/PolygonFantasyKingdom/Models/SM_Bld_Castle_Wall_Corner_M_Door_01.fbx using Guid(8b7ad8bc968a5e740a7223dd75dafe74) Importer(815301076,1909f56bfc062723c751e8b465ee728b) (PreviewImporter)[PhysX] Initialized MultithreadedTaskDispatcher with 10 workers.
[PhysX] Initialized MultithreadedTaskDispatcher with 10 workers.
[PhysX] Initialized MultithreadedTaskDispatcher with 10 workers.
 -> (artifact id: 'b03ffdb0247fd0b2d2a565c573ca08d0') in 0.0219401 seconds
Number of updated asset objects reloaded before import = 0Number of asset objects unloaded after import = 7

========================================================================
Received Import Request.
  Time since last request: 0.000021 seconds.
  path: Assets/Assets/PolygonFantasyKingdom/Models/Convex/SM_Bld_Castle_Wall_Corner_S_Door_01_Convex.asset
  artifactKey: Guid(9135cd053df9f0741a9fc2aeb2eb80a2) Importer(815301076,1909f56bfc062723c751e8b465ee728b)
Start importing Assets/Assets/PolygonFantasyKingdom/Models/Convex/SM_Bld_Castle_Wall_Corner_S_Door_01_Convex.asset using Guid(9135cd053df9f0741a9fc2aeb2eb80a2) Importer(815301076,1909f56bfc062723c751e8b465ee728b) (PreviewImporter)[PhysX] Initialized MultithreadedTaskDispatcher with 10 workers.
[PhysX] Initialized MultithreadedTaskDispatcher with 10 workers.
 -> (artifact id: '17711b380647d2eb12449830acf8170b') in 0.0146705 seconds
Number of updated asset objects reloaded before import = 0Number of asset objects unloaded after import = 2

========================================================================
Received Import Request.
  Time since last request: 12.738769 seconds.
  path: Assets/Assets/Vendors_and_Customers/Models/Dishes/StaticMesh_CookingSpoon.fbx
  artifactKey: Guid(83a34ec7e2392ec49bdb5d7c18064f83) Importer(815301076,1909f56bfc062723c751e8b465ee728b)
Start importing Assets/Assets/Vendors_and_Customers/Models/Dishes/StaticMesh_CookingSpoon.fbx using Guid(83a34ec7e2392ec49bdb5d7c18064f83) Importer(815301076,1909f56bfc062723c751e8b465ee728b) (PreviewImporter)[PhysX] Initialized MultithreadedTaskDispatcher with 10 workers.
[PhysX] Initialized MultithreadedTaskDispatcher with 10 workers.
[PhysX] Initialized MultithreadedTaskDispatcher with 10 workers.
 -> (artifact id: '5d7f9c6578ded8973d3ca2191408662b') in 0.0215648 seconds
Number of updated asset objects reloaded before import = 0Number of asset objects unloaded after import = 7

========================================================================
Received Import Request.
  Time since last request: 0.000031 seconds.
  path: Assets/Assets/Polaris - Low Poly Ecosystem/Polaris - Low Poly Terrain Engine/Samples/Total Game Assets/Models/model_polytope_water_tower.fbx
  artifactKey: Guid(e60510e54ecca8847922f444973440f4) Importer(815301076,1909f56bfc062723c751e8b465ee728b)
Start importing Assets/Assets/Polaris - Low Poly Ecosystem/Polaris - Low Poly Terrain Engine/Samples/Total Game Assets/Models/model_polytope_water_tower.fbx using Guid(e60510e54ecca8847922f444973440f4) Importer(815301076,1909f56bfc062723c751e8b465ee728b) (PreviewImporter)[PhysX] Initialized MultithreadedTaskDispatcher with 10 workers.
[PhysX] Initialized MultithreadedTaskDispatcher with 10 workers.
[PhysX] Initialized MultithreadedTaskDispatcher with 10 workers.
 -> (artifact id: 'b734742cbd1daeb3ffa6655df2713488') in 0.0219654 seconds
Number of updated asset objects reloaded before import = 0Number of asset objects unloaded after import = 9

========================================================================
Received Import Request.
  Time since last request: 0.000027 seconds.
  path: Assets/Assets/Polaris - Low Poly Ecosystem/Polaris - Low Poly Terrain Engine/Samples/Total Game Assets/Models/model_polytope_windmill.fbx
  artifactKey: Guid(6737b8e99723d044880ed5b87c7d71ae) Importer(815301076,1909f56bfc062723c751e8b465ee728b)
Start importing Assets/Assets/Polaris - Low Poly Ecosystem/Polaris - Low Poly Terrain Engine/Samples/Total Game Assets/Models/model_polytope_windmill.fbx using Guid(6737b8e99723d044880ed5b87c7d71ae) Importer(815301076,1909f56bfc062723c751e8b465ee728b) (PreviewImporter)[PhysX] Initialized MultithreadedTaskDispatcher with 10 workers.
[PhysX] Initialized MultithreadedTaskDispatcher with 10 workers.
[PhysX] Initialized MultithreadedTaskDispatcher with 10 workers.
[PhysX] Initialized MultithreadedTaskDispatcher with 10 workers.
[PhysX] Initialized MultithreadedTaskDispatcher with 10 workers.
[PhysX] Initialized MultithreadedTaskDispatcher with 10 workers.
 -> (artifact id: 'a620519b8eee425a079506b7031b027f') in 0.0304265 seconds
Number of updated asset objects reloaded before import = 0Number of asset objects unloaded after import = 18

========================================================================
Received Import Request.
  Time since last request: 2.659492 seconds.
  path: Assets/Assets/Low-Poly Medieval Market/Models/FBX Weapon market/armor.fbx
  artifactKey: Guid(1faa42e8152413b478ba3f56597e6e6c) Importer(815301076,1909f56bfc062723c751e8b465ee728b)
Start importing Assets/Assets/Low-Poly Medieval Market/Models/FBX Weapon market/armor.fbx using Guid(1faa42e8152413b478ba3f56597e6e6c) Importer(815301076,1909f56bfc062723c751e8b465ee728b) (PreviewImporter)[PhysX] Initialized MultithreadedTaskDispatcher with 10 workers.
[PhysX] Initialized MultithreadedTaskDispatcher with 10 workers.
[PhysX] Initialized MultithreadedTaskDispatcher with 10 workers.
 -> (artifact id: 'a24c27e814c5e55714bb93017a919bb4') in 0.0276338 seconds
Number of updated asset objects reloaded before import = 0Number of asset objects unloaded after import = 7

========================================================================
Received Import Request.
  Time since last request: 0.000021 seconds.
  path: Assets/Assets/Low-Poly Medieval Market/Models/banana_connector.fbx
  artifactKey: Guid(fc2afaebf3afa3142ab237e09bf98ea3) Importer(815301076,1909f56bfc062723c751e8b465ee728b)
Start importing Assets/Assets/Low-Poly Medieval Market/Models/banana_connector.fbx using Guid(fc2afaebf3afa3142ab237e09bf98ea3) Importer(815301076,1909f56bfc062723c751e8b465ee728b) (PreviewImporter)[PhysX] Initialized MultithreadedTaskDispatcher with 10 workers.
[PhysX] Initialized MultithreadedTaskDispatcher with 10 workers.
[PhysX] Initialized MultithreadedTaskDispatcher with 10 workers.
 -> (artifact id: '6d3fd4ceb673f54c4bc7efa256d54ec1') in 0.0211333 seconds
Number of updated asset objects reloaded before import = 0Number of asset objects unloaded after import = 7

========================================================================
Received Import Request.
  Time since last request: 0.000030 seconds.
  path: Assets/Assets/Low-Poly Medieval Market/Models/beet.fbx
  artifactKey: Guid(e30b7966333f8454188c9463d54e0f53) Importer(815301076,1909f56bfc062723c751e8b465ee728b)
Start importing Assets/Assets/Low-Poly Medieval Market/Models/beet.fbx using Guid(e30b7966333f8454188c9463d54e0f53) Importer(815301076,1909f56bfc062723c751e8b465ee728b) (PreviewImporter)[PhysX] Initialized MultithreadedTaskDispatcher with 10 workers.
[PhysX] Initialized MultithreadedTaskDispatcher with 10 workers.
[PhysX] Initialized MultithreadedTaskDispatcher with 10 workers.
 -> (artifact id: '9429364bf89b89088b19b26c2038b8d0') in 0.018721 seconds
Number of updated asset objects reloaded before import = 0Number of asset objects unloaded after import = 7

========================================================================
Received Import Request.
  Time since last request: 0.000024 seconds.
  path: Assets/Assets/Vendors_and_Customers/Models/Bar_Table/StaticMesh_Bar_Table.fbx
  artifactKey: Guid(b6f8e807c5045b34eb0ef73328d8b475) Importer(815301076,1909f56bfc062723c751e8b465ee728b)
Start importing Assets/Assets/Vendors_and_Customers/Models/Bar_Table/StaticMesh_Bar_Table.fbx using Guid(b6f8e807c5045b34eb0ef73328d8b475) Importer(815301076,1909f56bfc062723c751e8b465ee728b) (PreviewImporter)[PhysX] Initialized MultithreadedTaskDispatcher with 10 workers.
[PhysX] Initialized MultithreadedTaskDispatcher with 10 workers.
[PhysX] Initialized MultithreadedTaskDispatcher with 10 workers.
 -> (artifact id: 'f6fde0e73f5916d7a468d8b3a9499446') in 0.024673 seconds
Number of updated asset objects reloaded before import = 0Number of asset objects unloaded after import = 7

========================================================================
Received Import Request.
  Time since last request: 0.000024 seconds.
  path: Assets/Assets/Low-Poly Medieval Market/Models/bag_of_gold.fbx
  artifactKey: Guid(7cb2c82d5615e92438e691aee458fe7c) Importer(815301076,1909f56bfc062723c751e8b465ee728b)
Start importing Assets/Assets/Low-Poly Medieval Market/Models/bag_of_gold.fbx using Guid(7cb2c82d5615e92438e691aee458fe7c) Importer(815301076,1909f56bfc062723c751e8b465ee728b) (PreviewImporter)[PhysX] Initialized MultithreadedTaskDispatcher with 10 workers.
[PhysX] Initialized MultithreadedTaskDispatcher with 10 workers.
[PhysX] Initialized MultithreadedTaskDispatcher with 10 workers.
 -> (artifact id: 'f22e900f9988b1f624e7454d8b02ab14') in 0.0189675 seconds
Number of updated asset objects reloaded before import = 0Number of asset objects unloaded after import = 7

========================================================================
Received Import Request.
  Time since last request: 2.884643 seconds.
  path: Assets/Assets/PolygonFantasyKingdom/Models/SM_Bld_House_Wall_SupportBeams_02.fbx
  artifactKey: Guid(1be5ad0d21113864d8c0478846381fff) Importer(815301076,1909f56bfc062723c751e8b465ee728b)
Start importing Assets/Assets/PolygonFantasyKingdom/Models/SM_Bld_House_Wall_SupportBeams_02.fbx using Guid(1be5ad0d21113864d8c0478846381fff) Importer(815301076,1909f56bfc062723c751e8b465ee728b) (PreviewImporter)[PhysX] Initialized MultithreadedTaskDispatcher with 10 workers.
[PhysX] Initialized MultithreadedTaskDispatcher with 10 workers.
[PhysX] Initialized MultithreadedTaskDispatcher with 10 workers.
 -> (artifact id: '16e537efdcccf5803daa97874313ed20') in 0.0229388 seconds
Number of updated asset objects reloaded before import = 0Number of asset objects unloaded after import = 7

========================================================================
Received Import Request.
  Time since last request: 0.000034 seconds.
  path: Assets/Assets/Vendors_and_Customers/Models/Dishes/StaticMesh_Spatula.fbx
  artifactKey: Guid(b69d1052941f0fe4a8e343296eb3cfe8) Importer(815301076,1909f56bfc062723c751e8b465ee728b)
Start importing Assets/Assets/Vendors_and_Customers/Models/Dishes/StaticMesh_Spatula.fbx using Guid(b69d1052941f0fe4a8e343296eb3cfe8) Importer(815301076,1909f56bfc062723c751e8b465ee728b) (PreviewImporter)[PhysX] Initialized MultithreadedTaskDispatcher with 10 workers.
[PhysX] Initialized MultithreadedTaskDispatcher with 10 workers.
[PhysX] Initialized MultithreadedTaskDispatcher with 10 workers.
 -> (artifact id: '0ba9eaa7accd92914713f1faee8ed506') in 0.0207389 seconds
Number of updated asset objects reloaded before import = 0Number of asset objects unloaded after import = 7

========================================================================
Received Import Request.
  Time since last request: 2.085549 seconds.
  path: Assets/Assets/Polaris - Low Poly Ecosystem/Polaris - Low Poly Terrain Engine/Samples/Pinwheel Studio/Models/cactus.fbx
  artifactKey: Guid(76f5a0a68221c434683585b8845ec5ab) Importer(815301076,1909f56bfc062723c751e8b465ee728b)
Start importing Assets/Assets/Polaris - Low Poly Ecosystem/Polaris - Low Poly Terrain Engine/Samples/Pinwheel Studio/Models/cactus.fbx using Guid(76f5a0a68221c434683585b8845ec5ab) Importer(815301076,1909f56bfc062723c751e8b465ee728b) (PreviewImporter)[PhysX] Initialized MultithreadedTaskDispatcher with 10 workers.
[PhysX] Initialized MultithreadedTaskDispatcher with 10 workers.
[PhysX] Initialized MultithreadedTaskDispatcher with 10 workers.
 -> (artifact id: 'ae650b7cb19074dff62b97af7fff4815') in 0.0289993 seconds
Number of updated asset objects reloaded before import = 0Number of asset objects unloaded after import = 8

========================================================================
Received Import Request.
  Time since last request: 0.000017 seconds.
  path: Assets/Assets/Low-Poly Medieval Market/Models/fishing_rod.fbx
  artifactKey: Guid(095c7254214cf304ea29b3561adb1351) Importer(815301076,1909f56bfc062723c751e8b465ee728b)
Start importing Assets/Assets/Low-Poly Medieval Market/Models/fishing_rod.fbx using Guid(095c7254214cf304ea29b3561adb1351) Importer(815301076,1909f56bfc062723c751e8b465ee728b) (PreviewImporter)[PhysX] Initialized MultithreadedTaskDispatcher with 10 workers.
[PhysX] Initialized MultithreadedTaskDispatcher with 10 workers.
[PhysX] Initialized MultithreadedTaskDispatcher with 10 workers.
 -> (artifact id: 'e264927e5efd7e28946eb7e00e103103') in 0.0185072 seconds
Number of updated asset objects reloaded before import = 0Number of asset objects unloaded after import = 7

========================================================================
Received Import Request.
  Time since last request: 0.000018 seconds.
  path: Assets/Assets/PolygonFantasyKingdom/Models/FX_Prop_Candle_Melted_Group_01.fbx
  artifactKey: Guid(faec5845d07b04f459d3be8977a5c552) Importer(815301076,1909f56bfc062723c751e8b465ee728b)
Start importing Assets/Assets/PolygonFantasyKingdom/Models/FX_Prop_Candle_Melted_Group_01.fbx using Guid(faec5845d07b04f459d3be8977a5c552) Importer(815301076,1909f56bfc062723c751e8b465ee728b) (PreviewImporter)[PhysX] Initialized MultithreadedTaskDispatcher with 10 workers.
[PhysX] Initialized MultithreadedTaskDispatcher with 10 workers.
[PhysX] Initialized MultithreadedTaskDispatcher with 10 workers.
 -> (artifact id: 'ee332e9ea505d4ff5c99eff25010f670') in 0.0195695 seconds
Number of updated asset objects reloaded before import = 0Number of asset objects unloaded after import = 7

========================================================================
Received Import Request.
  Time since last request: 0.000025 seconds.
  path: Assets/Assets/PolygonFantasyKingdom/Models/Convex/SM_Bld_Stairs_Wood_Straight_02_Convex 6.asset
  artifactKey: Guid(a0a378f28ec58f34f8d349a5a5a7c256) Importer(815301076,1909f56bfc062723c751e8b465ee728b)
Start importing Assets/Assets/PolygonFantasyKingdom/Models/Convex/SM_Bld_Stairs_Wood_Straight_02_Convex 6.asset using Guid(a0a378f28ec58f34f8d349a5a5a7c256) Importer(815301076,1909f56bfc062723c751e8b465ee728b) (PreviewImporter)[PhysX] Initialized MultithreadedTaskDispatcher with 10 workers.
[PhysX] Initialized MultithreadedTaskDispatcher with 10 workers.
[PhysX] Initialized MultithreadedTaskDispatcher with 10 workers.
[PhysX] Initialized MultithreadedTaskDispatcher with 10 workers.
[PhysX] Initialized MultithreadedTaskDispatcher with 10 workers.
[PhysX] Initialized MultithreadedTaskDispatcher with 10 workers.
[PhysX] Initialized MultithreadedTaskDispatcher with 10 workers.
[PhysX] Initialized MultithreadedTaskDispatcher with 10 workers.
[PhysX] Initialized MultithreadedTaskDispatcher with 10 workers.
 -> (artifact id: '96b5b79ca446ffff797b765fd9509948') in 0.0529565 seconds
Number of updated asset objects reloaded before import = 0Number of asset objects unloaded after import = 9

Editor requested this worker to shutdown with reason: Scaling down because of idle timeout
AssetImportWorker is now disconnected from the server
Process exiting
Exiting without the bug reporter. Application will terminate with return code 0