Using pre-set license
Built from 'trunk' branch; Version is '6000.0.2f1 (c36be92430b9) revision 12807145'; Using compiler version '193933522'; Build Type 'Release'
OS: 'Windows 11  (10.0.22631) 64bit Core' Language: 'en' Physical Memory: 65384 MB
BatchMode: 1, IsHumanControllingUs: 0, StartBugReporterOnCrash: 0, Is64bit: 1, IsPro: 1

COMMAND LINE ARGUMENTS:
C:\Program Files\Unity\Hub\Editor\6000.0.2f1\Editor\Unity.exe
-adb2
-batchMode
-noUpm
-name
AssetImportWorker16
-projectPath
D:/UnityProjects/AI-RPG/AI-RPG
-logFile
Logs/AssetImportWorker16.log
-srvPort
60690
-job-worker-count
9
-background-job-worker-count
8
-asset-garbage-collectors
1
Successfully changed project path to: D:/UnityProjects/AI-RPG/AI-RPG
D:/UnityProjects/AI-RPG/AI-RPG
[UnityMemory] Configuration Parameters - Can be set up in boot.config
    "memorysetup-bucket-allocator-granularity=16"
    "memorysetup-bucket-allocator-bucket-count=8"
    "memorysetup-bucket-allocator-block-size=33554432"
    "memorysetup-bucket-allocator-block-count=8"
    "memorysetup-main-allocator-block-size=16777216"
    "memorysetup-thread-allocator-block-size=16777216"
    "memorysetup-gfx-main-allocator-block-size=16777216"
    "memorysetup-gfx-thread-allocator-block-size=16777216"
    "memorysetup-cache-allocator-block-size=4194304"
    "memorysetup-typetree-allocator-block-size=2097152"
    "memorysetup-profiler-bucket-allocator-granularity=16"
    "memorysetup-profiler-bucket-allocator-bucket-count=8"
    "memorysetup-profiler-bucket-allocator-block-size=33554432"
    "memorysetup-profiler-bucket-allocator-block-count=8"
    "memorysetup-profiler-allocator-block-size=16777216"
    "memorysetup-profiler-editor-allocator-block-size=1048576"
    "memorysetup-temp-allocator-size-main=16777216"
    "memorysetup-job-temp-allocator-block-size=2097152"
    "memorysetup-job-temp-allocator-block-size-background=1048576"
    "memorysetup-job-temp-allocator-reduction-small-platforms=262144"
    "memorysetup-allocator-temp-initial-block-size-main=262144"
    "memorysetup-allocator-temp-initial-block-size-worker=262144"
    "memorysetup-temp-allocator-size-background-worker=32768"
    "memorysetup-temp-allocator-size-job-worker=262144"
    "memorysetup-temp-allocator-size-preload-manager=33554432"
    "memorysetup-temp-allocator-size-nav-mesh-worker=65536"
    "memorysetup-temp-allocator-size-audio-worker=65536"
    "memorysetup-temp-allocator-size-cloud-worker=32768"
    "memorysetup-temp-allocator-size-gi-baking-worker=262144"
    "memorysetup-temp-allocator-size-gi-baking-worker=262144"
    "memorysetup-temp-allocator-size-gi-baking-worker=262144"
    "memorysetup-temp-allocator-size-gi-baking-worker=262144"
    "memorysetup-temp-allocator-size-gi-baking-worker=262144"
    "memorysetup-temp-allocator-size-gfx=262144"
Player connection [24196]  Target information:

Player connection [24196]  * "[IP] 192.168.1.116 [Port] 0 [Flags] 2 [Guid] 3169525403 [EditorId] 3169525403 [Version] 1048832 [Id] WindowsEditor(7,RonsPC) [Debug] 1 [PackageName] WindowsEditor [ProjectName] Editor" 

Player connection [24196] Host joined multi-casting on [225.0.0.222:54997]...
Player connection [24196] Host joined alternative multi-casting on [225.0.0.222:34997]...
JobSystem: Creating JobQueue using job-worker-count value 9
Library Redirect Path: Library/
[PhysX] Initialized MultithreadedTaskDispatcher with 10 workers.
Refreshing native plugins compatible for Editor in 3.28 ms, found 5 plugins.
Preloading 0 native plugins for Editor in 0.00 ms.
Initialize engine version: 6000.0.2f1 (c36be92430b9)
[Subsystems] Discovering subsystems at path C:/Program Files/Unity/Hub/Editor/6000.0.2f1/Editor/Data/Resources/UnitySubsystems
[Subsystems] Discovering subsystems at path D:/UnityProjects/AI-RPG/AI-RPG/Assets
GfxDevice: creating device client; kGfxThreadingModeNonThreaded
Direct3D:
    Version:  Direct3D 11.0 [level 11.1]
    Renderer: NVIDIA GeForce RTX 3080 Ti (ID=0x2208)
    Vendor:   NVIDIA
    VRAM:     12086 MB
    Driver:   31.0.15.5222
Initialize mono
Mono path[0] = 'C:/Program Files/Unity/Hub/Editor/6000.0.2f1/Editor/Data/Managed'
Mono path[1] = 'C:/Program Files/Unity/Hub/Editor/6000.0.2f1/Editor/Data/MonoBleedingEdge/lib/mono/unityjit-win32'
Mono config path = 'C:/Program Files/Unity/Hub/Editor/6000.0.2f1/Editor/Data/MonoBleedingEdge/etc'
Using monoOptions --debugger-agent=transport=dt_socket,embedding=1,server=y,suspend=n,address=127.0.0.1:56152
Begin MonoManager ReloadAssembly
Registering precompiled unity dll's ...
Register platform support module: C:/Program Files/Unity/Hub/Editor/6000.0.2f1/Editor/Data/PlaybackEngines/WindowsStandaloneSupport/UnityEditor.WindowsStandalone.Extensions.dll
Registered in 0.002622 seconds.
- Loaded All Assemblies, in  0.416 seconds
Native extension for WindowsStandalone target not found
Mono: successfully reloaded assembly
- Finished resetting the current domain, in  0.462 seconds
Domain Reload Profiling: 876ms
	BeginReloadAssembly (132ms)
		ExecutionOrderSort (0ms)
		DisableScriptedObjects (0ms)
		BackupInstance (0ms)
		ReleaseScriptingObjects (0ms)
		CreateAndSetChildDomain (1ms)
	RebuildCommonClasses (43ms)
	RebuildNativeTypeToScriptingClass (13ms)
	initialDomainReloadingComplete (54ms)
	LoadAllAssembliesAndSetupDomain (170ms)
		LoadAssemblies (130ms)
		RebuildTransferFunctionScriptingTraits (0ms)
		AnalyzeDomain (167ms)
			TypeCache.Refresh (164ms)
				TypeCache.ScanAssembly (150ms)
			BuildScriptInfoCaches (0ms)
			ResolveRequiredComponents (1ms)
	FinalizeReload (463ms)
		ReleaseScriptCaches (0ms)
		RebuildScriptCaches (0ms)
		SetupLoadedEditorAssemblies (395ms)
			LogAssemblyErrors (0ms)
			InitializePlatformSupportModulesInManaged (29ms)
			SetLoadedEditorAssemblies (6ms)
			BeforeProcessingInitializeOnLoad (6ms)
			ProcessInitializeOnLoadAttributes (170ms)
			ProcessInitializeOnLoadMethodAttributes (185ms)
			AfterProcessingInitializeOnLoad (0ms)
			EditorAssembliesLoaded (0ms)
		ExecutionOrderSort2 (0ms)
		AwakeInstancesAfterBackupRestoration (0ms)
Assembly reference Packages/com.unity.cinemachine/Editor/Samples/ExposeHDRPInternals/HDRP-Editor-ref.asmref has no target assembly definition
========================================================================
Worker process is ready to serve import requests
Import Worker Mode flag is 0x00
Assembly reference Packages/com.unity.cinemachine/Editor/Samples/ExposeHDRPInternals/HDRP-Editor-ref.asmref has no target assembly definition
Assembly reference Packages/com.unity.cinemachine/Editor/Samples/ExposeHDRPInternals/HDRP-Editor-ref.asmref has no target assembly definition
Begin MonoManager ReloadAssembly
Symbol file data-00000267C413A630 doesn't match image D:\UnityProjects\AI-RPG\AI-RPG\Assets\Plugins\Sirenix\Assemblies\Sirenix.OdinInspector.Editor.dll
Symbol file LoadedFromMemory is not a mono symbol file
scripting_class_is_subclass_of was called with a NULL parameter. This will crash the game if it happens outside of the editor.
scripting_class_is_subclass_of was called with a NULL parameter. This will crash the game if it happens outside of the editor.
scripting_class_is_subclass_of was called with a NULL parameter. This will crash the game if it happens outside of the editor.
Unloading broken assembly Assets/Packages/Microsoft.Extensions.Options.8.0.0/analyzers/dotnet/roslyn4.4/cs/Microsoft.Extensions.Options.SourceGeneration.dll, this assembly can cause crashes in the runtime
Unloading broken assembly Assets/Packages/Microsoft.Extensions.Logging.Abstractions.8.0.0/analyzers/dotnet/roslyn4.4/cs/Microsoft.Extensions.Logging.Generators.dll, this assembly can cause crashes in the runtime
- Loaded All Assemblies, in  1.278 seconds
Assembly reference Packages/com.unity.cinemachine/Editor/Samples/ExposeHDRPInternals/HDRP-Editor-ref.asmref has no target assembly definition
Refreshing native plugins compatible for Editor in 1.82 ms, found 5 plugins.
Native extension for WindowsStandalone target not found
Assembly reference Packages/com.unity.cinemachine/Editor/Samples/ExposeHDRPInternals/HDRP-Editor-ref.asmref has no target assembly definition
Package Manager log level set to [2]
[Package Manager] Failed to launch server process. Reason: Unity was launched with the -noUpm command-line argument
[Package Manager] Unable to send message (not connected to server process).
[Package Manager] Cannot connect to Unity Package Manager local server
Refreshing native plugins compatible for Editor in 3.26 ms, found 5 plugins.
Launched and connected shader compiler UnityShaderCompiler.exe after 0.02 seconds
System.Reflection.TargetInvocationException: Exception has been thrown by the target of an invocation. ---> System.Reflection.ReflectionTypeLoadException: Exception of type 'System.Reflection.ReflectionTypeLoadException' was thrown.
Could not load type of field 'Microsoft.Extensions.Options.Generators.DiagDescriptors:<CantUseWithGenericTypes>k__BackingField' (1) due to: Could not load file or assembly 'Microsoft.CodeAnalysis, Version=4.4.0.0, Culture=neutral, PublicKeyToken=31bf3856ad364e35' or one of its dependencies.
Could not load file or assembly 'Microsoft.CodeAnalysis, Version=4.4.0.0, Culture=neutral, PublicKeyToken=31bf3856ad364e35' or one of its dependencies.
Could not load type of field 'Microsoft.Extensions.Options.Generators.Parser:_compilation' (2) due to: Could not load file or assembly 'Microsoft.CodeAnalysis, Version=4.4.0.0, Culture=neutral, PublicKeyToken=31bf3856ad364e35' or one of its dependencies.
Could not load type of field 'Microsoft.Extensions.Options.Generators.SymbolHolder:<OptionsValidatorSymbol>k__BackingField' (0) due to: Could not load file or assembly 'Microsoft.CodeAnalysis, Version=4.4.0.0, Culture=neutral, PublicKeyToken=31bf3856ad364e35' or one of its dependencies.
Could not load file or assembly 'Microsoft.CodeAnalysis, Version=4.4.0.0, Culture=neutral, PublicKeyToken=31bf3856ad364e35' or one of its dependencies.
Could not load type of field 'Microsoft.Extensions.Options.Generators.OptionsValidatorGenerator+<>c:<>9__0_0' (1) due to: Could not load file or assembly 'Microsoft.CodeAnalysis, Version=4.4.0.0, Culture=neutral, PublicKeyToken=31bf3856ad364e35' or one of its dependencies.
Could not load type of field 'Microsoft.Extensions.Options.Generators.Parser+<>c:<>9__9_0' (1) due to: Could not load file or assembly 'Microsoft.CodeAnalysis.CSharp, Version=4.4.0.0, Culture=neutral, PublicKeyToken=31bf3856ad364e35' or one of its dependencies.
Could not load type of field 'Microsoft.Extensions.Options.Generators.Parser+<>c__DisplayClass16_0:modelType' (0) due to: Could not load file or assembly 'Microsoft.CodeAnalysis, Version=4.4.0.0, Culture=neutral, PublicKeyToken=31bf3856ad364e35' or one of its dependencies.
Could not load type of field 'Microsoft.Extensions.Options.Generators.Parser+<>c__DisplayClass19_0:<>9__1' (1) due to: Could not load file or assembly 'Microsoft.CodeAnalysis, Version=4.4.0.0, Culture=neutral, PublicKeyToken=31bf3856ad364e35' or one of its dependencies.
Could not load type of field 'Microsoft.Extensions.Options.Generators.ParserUtilities+<>c__DisplayClass1_0:modifierToSearch' (1) due to: Could not load file or assembly 'Microsoft.CodeAnalysis.CSharp, Version=4.4.0.0, Culture=neutral, PublicKeyToken=31bf3856ad364e35' or one of its dependencies.
Could not load type of field 'Microsoft.Extensions.Options.Generators.ParserUtilities+<>c__DisplayClass5_0:returnType' (0) due to: Could not load file or assembly 'Microsoft.CodeAnalysis, Version=4.4.0.0, Culture=neutral, PublicKeyToken=31bf3856ad364e35' or one of its dependencies.
Could not load type of field 'Microsoft.Extensions.Options.Generators.SymbolLoader+<>c__DisplayClass16_0:compilation' (0) due to: Could not load file or assembly 'Microsoft.CodeAnalysis, Version=4.4.0.0, Culture=neutral, PublicKeyToken=31bf3856ad364e35' or one of its dependencies.
  at (wrapper managed-to-native) System.Reflection.Assembly.GetTypes(System.Reflection.Assembly,bool)
  at System.Reflection.Assembly.GetTypes () [0x00000] in <f22cb97e7aa5412ba04225fa1fc145f2>:0 
  at Pinwheel.Griffin.GCommon.GetAllLoadedTypes () [0x0001e] in D:\UnityProjects\AI-RPG\AI-RPG\Assets\Assets\Polaris - Low Poly Ecosystem\Polaris - Low Poly Terrain Engine\Runtime\Scripts\Core\GCommon.cs:702 
  at Pinwheel.Griffin.PaintTool.GSpawnFilterInitializer.InitFilters () [0x00000] in D:\UnityProjects\AI-RPG\AI-RPG\Assets\Assets\Polaris - Low Poly Ecosystem\Polaris - Low Poly Terrain Engine\Runtime\Scripts\PaintTool\SpawnFilters\GSpawnFilterInitializer.cs:23 
  at (wrapper managed-to-native) System.Reflection.RuntimeMethodInfo.InternalInvoke(System.Reflection.RuntimeMethodInfo,object,object[],System.Exception&)
  at System.Reflection.RuntimeMethodInfo.Invoke (System.Object obj, System.Reflection.BindingFlags invokeAttr, System.Reflection.Binder binder, System.Object[] parameters, System.Globalization.CultureInfo culture) [0x0006a] in <f22cb97e7aa5412ba04225fa1fc145f2>:0 
   --- End of inner exception stack trace ---
  at System.Reflection.RuntimeMethodInfo.Invoke (System.Object obj, System.Reflection.BindingFlags invokeAttr, System.Reflection.Binder binder, System.Object[] parameters, System.Globalization.CultureInfo culture) [0x00083] in <f22cb97e7aa5412ba04225fa1fc145f2>:0 
  at System.Reflection.MethodBase.Invoke (System.Object obj, System.Object[] parameters) [0x00000] in <f22cb97e7aa5412ba04225fa1fc145f2>:0 
  at UnityEditor.EditorAssemblies.ProcessInitializeOnLoadMethodAttributes () [0x00056] in <26627f99a7af447db68cd5961117dc4a>:0 
UnityEngine.Debug:ExtractStackTraceNoAlloc (byte*,int,string)
UnityEngine.StackTraceUtility:ExtractStackTrace ()
UnityEngine.DebugLogHandler:Internal_Log (UnityEngine.LogType,UnityEngine.LogOption,string,UnityEngine.Object)
UnityEngine.DebugLogHandler:LogFormat (UnityEngine.LogType,UnityEngine.Object,string,object[])
UnityEngine.Logger:Log (UnityEngine.LogType,object)
UnityEngine.Debug:LogError (object)
UnityEditor.EditorAssemblies:ProcessInitializeOnLoadMethodAttributes ()

Mono: successfully reloaded assembly
- Finished resetting the current domain, in  2.126 seconds
Domain Reload Profiling: 3402ms
	BeginReloadAssembly (414ms)
		ExecutionOrderSort (0ms)
		DisableScriptedObjects (7ms)
		BackupInstance (0ms)
		ReleaseScriptingObjects (0ms)
		CreateAndSetChildDomain (40ms)
	RebuildCommonClasses (39ms)
	RebuildNativeTypeToScriptingClass (14ms)
	initialDomainReloadingComplete (58ms)
	LoadAllAssembliesAndSetupDomain (750ms)
		LoadAssemblies (541ms)
		RebuildTransferFunctionScriptingTraits (0ms)
		AnalyzeDomain (321ms)
			TypeCache.Refresh (229ms)
				TypeCache.ScanAssembly (209ms)
			BuildScriptInfoCaches (75ms)
			ResolveRequiredComponents (13ms)
	FinalizeReload (2127ms)
		ReleaseScriptCaches (0ms)
		RebuildScriptCaches (0ms)
		SetupLoadedEditorAssemblies (1823ms)
			LogAssemblyErrors (0ms)
			InitializePlatformSupportModulesInManaged (3ms)
			SetLoadedEditorAssemblies (6ms)
			BeforeProcessingInitializeOnLoad (64ms)
			ProcessInitializeOnLoadAttributes (965ms)
			ProcessInitializeOnLoadMethodAttributes (780ms)
			AfterProcessingInitializeOnLoad (5ms)
			EditorAssembliesLoaded (0ms)
		ExecutionOrderSort2 (0ms)
		AwakeInstancesAfterBackupRestoration (10ms)
Refreshing native plugins compatible for Editor in 3.02 ms, found 5 plugins.
Preloading 0 native plugins for Editor in 0.00 ms.
Unloading 342 Unused Serialized files (Serialized files now loaded: 0)
Unloading 6735 unused Assets / (5.3 MB). Loaded Objects now: 7603.
Memory consumption went from 256.6 MB to 251.2 MB.
Total: 29.507000 ms (FindLiveObjects: 0.800900 ms CreateObjectMapping: 1.174100 ms MarkObjects: 23.258300 ms  DeleteObjects: 4.272000 ms)

========================================================================
Received Import Request.
  Time since last request: 9908.469842 seconds.
  path: Assets/Assets/Polaris - Low Poly Ecosystem/Jupiter - Procedural Sky/Runtime/DefaultProfiles/SunnyDay.asset
  artifactKey: Guid(b4b856d2b3d3c164fbcf5c87fc2abee2) Importer(815301076,1909f56bfc062723c751e8b465ee728b)
Start importing Assets/Assets/Polaris - Low Poly Ecosystem/Jupiter - Procedural Sky/Runtime/DefaultProfiles/SunnyDay.asset using Guid(b4b856d2b3d3c164fbcf5c87fc2abee2) Importer(815301076,1909f56bfc062723c751e8b465ee728b) (PreviewImporter)[PhysX] Initialized MultithreadedTaskDispatcher with 10 workers.
[PhysX] Initialized MultithreadedTaskDispatcher with 10 workers.
 -> (artifact id: '4b75a4ffe41ebf49771fed0f3eec2e9e') in 1.106252 seconds
Number of updated asset objects reloaded before import = 0Number of asset objects unloaded after import = 2

========================================================================
Received Import Request.
  Time since last request: 0.000049 seconds.
  path: Assets/Assets/PolygonFantasyKingdom/Materials/Flags/PolygonFantasyKingdom_Mat_Flag_Symbol_01.mat
  artifactKey: Guid(605002c00b1bb4544b219b379301f6b1) Importer(815301076,1909f56bfc062723c751e8b465ee728b)
Start importing Assets/Assets/PolygonFantasyKingdom/Materials/Flags/PolygonFantasyKingdom_Mat_Flag_Symbol_01.mat using Guid(605002c00b1bb4544b219b379301f6b1) Importer(815301076,1909f56bfc062723c751e8b465ee728b) (PreviewImporter)[PhysX] Initialized MultithreadedTaskDispatcher with 10 workers.
[PhysX] Initialized MultithreadedTaskDispatcher with 10 workers.
 -> (artifact id: 'b2afaeebb032c0a670760bffb6292df3') in 0.0399046 seconds
Number of updated asset objects reloaded before import = 0Number of asset objects unloaded after import = 2

========================================================================
Received Import Request.
  Time since last request: 0.000050 seconds.
  path: Assets/Assets/Polaris - Low Poly Ecosystem/Polaris - Low Poly Terrain Engine/Samples/Pinwheel Studio/Scenes/Demo_04/TerrainMaterial_816030578723965736.mat
  artifactKey: Guid(d36f13ec55df42a46ad4fd95d511afb6) Importer(815301076,1909f56bfc062723c751e8b465ee728b)
Start importing Assets/Assets/Polaris - Low Poly Ecosystem/Polaris - Low Poly Terrain Engine/Samples/Pinwheel Studio/Scenes/Demo_04/TerrainMaterial_816030578723965736.mat using Guid(d36f13ec55df42a46ad4fd95d511afb6) Importer(815301076,1909f56bfc062723c751e8b465ee728b) (PreviewImporter)[PhysX] Initialized MultithreadedTaskDispatcher with 10 workers.
[PhysX] Initialized MultithreadedTaskDispatcher with 10 workers.
 -> (artifact id: 'dee8b00317f71d49e576931fa6277a80') in 0.0214441 seconds
Number of updated asset objects reloaded before import = 0Number of asset objects unloaded after import = 6

========================================================================
Received Import Request.
  Time since last request: 0.000041 seconds.
  path: Assets/Assets/PolygonFantasyKingdom/Materials/Ground_Mat/PolygonFantasyKingdom_Mat_Ground_Sand_02.mat
  artifactKey: Guid(2d642affbdd28134c8977e416f9b1f93) Importer(815301076,1909f56bfc062723c751e8b465ee728b)
Start importing Assets/Assets/PolygonFantasyKingdom/Materials/Ground_Mat/PolygonFantasyKingdom_Mat_Ground_Sand_02.mat using Guid(2d642affbdd28134c8977e416f9b1f93) Importer(815301076,1909f56bfc062723c751e8b465ee728b) (PreviewImporter)[PhysX] Initialized MultithreadedTaskDispatcher with 10 workers.
[PhysX] Initialized MultithreadedTaskDispatcher with 10 workers.
 -> (artifact id: '7c7b83598d2497814e8eb1a205ce74d5') in 0.0711142 seconds
Number of updated asset objects reloaded before import = 0Number of asset objects unloaded after import = 3

========================================================================
Received Import Request.
  Time since last request: 0.000041 seconds.
  path: Assets/Assets/PolygonFantasyKingdom/Materials/FX_Materials/Smoke_Mat_04.mat
  artifactKey: Guid(71f79b99270ddff4ba1d0f78da459746) Importer(815301076,1909f56bfc062723c751e8b465ee728b)
Start importing Assets/Assets/PolygonFantasyKingdom/Materials/FX_Materials/Smoke_Mat_04.mat using Guid(71f79b99270ddff4ba1d0f78da459746) Importer(815301076,1909f56bfc062723c751e8b465ee728b) (PreviewImporter)[PhysX] Initialized MultithreadedTaskDispatcher with 10 workers.
[PhysX] Initialized MultithreadedTaskDispatcher with 10 workers.
 -> (artifact id: 'e75fdd77d697a645713819f1fcdd137d') in 3.5514921 seconds
Number of updated asset objects reloaded before import = 0Number of asset objects unloaded after import = 2

========================================================================
Received Import Request.
  Time since last request: 0.000045 seconds.
  path: Assets/Assets/PolygonFantasyKingdom/Materials/Ground_Mat/PolygonFantasyKingdom_Mat_Ground_Mud_02.mat
  artifactKey: Guid(b534cefea3af45d4faa9f3387e945ea4) Importer(815301076,1909f56bfc062723c751e8b465ee728b)
Start importing Assets/Assets/PolygonFantasyKingdom/Materials/Ground_Mat/PolygonFantasyKingdom_Mat_Ground_Mud_02.mat using Guid(b534cefea3af45d4faa9f3387e945ea4) Importer(815301076,1909f56bfc062723c751e8b465ee728b) (PreviewImporter)[PhysX] Initialized MultithreadedTaskDispatcher with 10 workers.
[PhysX] Initialized MultithreadedTaskDispatcher with 10 workers.
 -> (artifact id: 'f23d0de63d2068ec0db1434c952d3cc5') in 0.0254911 seconds
Number of updated asset objects reloaded before import = 0Number of asset objects unloaded after import = 3

========================================================================
Received Import Request.
  Time since last request: 0.000050 seconds.
  path: Assets/Assets/TextMesh Pro/Shaders/TMP_SDF-URP Lit.shadergraph
  artifactKey: Guid(a3d800b099a06e0478fb790c5e79057a) Importer(815301076,1909f56bfc062723c751e8b465ee728b)
Start importing Assets/Assets/TextMesh Pro/Shaders/TMP_SDF-URP Lit.shadergraph using Guid(a3d800b099a06e0478fb790c5e79057a) Importer(815301076,1909f56bfc062723c751e8b465ee728b) (PreviewImporter)[PhysX] Initialized MultithreadedTaskDispatcher with 10 workers.
[PhysX] Initialized MultithreadedTaskDispatcher with 10 workers.
 -> (artifact id: '7ee1ff5c67b07dcfca4f8158ae61ba02') in 4.1806037 seconds
Number of updated asset objects reloaded before import = 0Number of asset objects unloaded after import = 3

========================================================================
Received Import Request.
  Time since last request: 845.492551 seconds.
  path: Packages/com.unity.render-pipelines.universal/Shaders/AutodeskInteractive/AutodeskInteractiveTransparent.shadergraph
  artifactKey: Guid(5c81372d981403744adbdda4433c9c11) Importer(815301076,1909f56bfc062723c751e8b465ee728b)
Start importing Packages/com.unity.render-pipelines.universal/Shaders/AutodeskInteractive/AutodeskInteractiveTransparent.shadergraph using Guid(5c81372d981403744adbdda4433c9c11) Importer(815301076,1909f56bfc062723c751e8b465ee728b) (PreviewImporter)[PhysX] Initialized MultithreadedTaskDispatcher with 10 workers.
[PhysX] Initialized MultithreadedTaskDispatcher with 10 workers.
 -> (artifact id: 'def14e44130c926b3281a31679405117') in 2.7219004 seconds
Number of updated asset objects reloaded before import = 0Number of asset objects unloaded after import = 0

========================================================================
Received Import Request.
  Time since last request: 32.881853 seconds.
  path: Assets/Assets/Vendors_and_Customers/Materials/Wall.mat
  artifactKey: Guid(893d5162db35ac14e94ce6087d9bbc48) Importer(815301076,1909f56bfc062723c751e8b465ee728b)
Start importing Assets/Assets/Vendors_and_Customers/Materials/Wall.mat using Guid(893d5162db35ac14e94ce6087d9bbc48) Importer(815301076,1909f56bfc062723c751e8b465ee728b) (PreviewImporter)[PhysX] Initialized MultithreadedTaskDispatcher with 10 workers.
[PhysX] Initialized MultithreadedTaskDispatcher with 10 workers.
 -> (artifact id: 'c2afcc0f63d546668e79e1f77db1b0f6') in 0.206492 seconds
Number of updated asset objects reloaded before import = 0Number of asset objects unloaded after import = 1

========================================================================
Received Import Request.
  Time since last request: 0.000037 seconds.
  path: Assets/Assets/Polaris - Low Poly Ecosystem/Poseidon - Low Poly Water System/Sample/Models/WaterPlane.fbx
  artifactKey: Guid(86d8315615075464a80ed706d7df78e3) Importer(815301076,1909f56bfc062723c751e8b465ee728b)
Start importing Assets/Assets/Polaris - Low Poly Ecosystem/Poseidon - Low Poly Water System/Sample/Models/WaterPlane.fbx using Guid(86d8315615075464a80ed706d7df78e3) Importer(815301076,1909f56bfc062723c751e8b465ee728b) (PreviewImporter)[PhysX] Initialized MultithreadedTaskDispatcher with 10 workers.
[PhysX] Initialized MultithreadedTaskDispatcher with 10 workers.
[PhysX] Initialized MultithreadedTaskDispatcher with 10 workers.
[PhysX] Initialized MultithreadedTaskDispatcher with 10 workers.
 -> (artifact id: 'b82be1c714da94167fae420348deec13') in 0.0626071 seconds
Number of updated asset objects reloaded before import = 0Number of asset objects unloaded after import = 8

========================================================================
Received Import Request.
  Time since last request: 0.000036 seconds.
  path: Assets/Assets/Polaris - Low Poly Ecosystem/Polaris - Low Poly Terrain Engine/Samples/Pinwheel Studio/Materials/WinterBranch.mat
  artifactKey: Guid(f4003bec18117a34b85209e63e111c03) Importer(815301076,1909f56bfc062723c751e8b465ee728b)
Start importing Assets/Assets/Polaris - Low Poly Ecosystem/Polaris - Low Poly Terrain Engine/Samples/Pinwheel Studio/Materials/WinterBranch.mat using Guid(f4003bec18117a34b85209e63e111c03) Importer(815301076,1909f56bfc062723c751e8b465ee728b) (PreviewImporter)[PhysX] Initialized MultithreadedTaskDispatcher with 10 workers.
[PhysX] Initialized MultithreadedTaskDispatcher with 10 workers.
 -> (artifact id: '235125fd0dbcd4f243912d7f9d4d0307') in 0.0185239 seconds
Number of updated asset objects reloaded before import = 0Number of asset objects unloaded after import = 1

========================================================================
Received Import Request.
  Time since last request: 0.000028 seconds.
  path: Assets/Assets/Vendors_and_Customers/Materials/Water.mat
  artifactKey: Guid(696fdf9cb7357724d83d1b3fe3409768) Importer(815301076,1909f56bfc062723c751e8b465ee728b)
Start importing Assets/Assets/Vendors_and_Customers/Materials/Water.mat using Guid(696fdf9cb7357724d83d1b3fe3409768) Importer(815301076,1909f56bfc062723c751e8b465ee728b) (PreviewImporter)[PhysX] Initialized MultithreadedTaskDispatcher with 10 workers.
[PhysX] Initialized MultithreadedTaskDispatcher with 10 workers.
 -> (artifact id: 'c1e6d34d83b27c7ce20f0e11955e58a2') in 0.0285027 seconds
Number of updated asset objects reloaded before import = 0Number of asset objects unloaded after import = 1

========================================================================
Received Import Request.
  Time since last request: 0.000029 seconds.
  path: Assets/Assets/Polaris - Low Poly Ecosystem/Polaris - Low Poly Terrain Engine/Samples/Pinwheel Studio/Materials/Water.mat
  artifactKey: Guid(76a744d72fa84474397198c81fa41777) Importer(815301076,1909f56bfc062723c751e8b465ee728b)
Start importing Assets/Assets/Polaris - Low Poly Ecosystem/Polaris - Low Poly Terrain Engine/Samples/Pinwheel Studio/Materials/Water.mat using Guid(76a744d72fa84474397198c81fa41777) Importer(815301076,1909f56bfc062723c751e8b465ee728b) (PreviewImporter)[PhysX] Initialized MultithreadedTaskDispatcher with 10 workers.
[PhysX] Initialized MultithreadedTaskDispatcher with 10 workers.
 -> (artifact id: '8d578d5b80ff10e74c9b97bfb5ec0e47') in 0.0490063 seconds
Number of updated asset objects reloaded before import = 0Number of asset objects unloaded after import = 1

Editor requested this worker to shutdown with reason: Scaling down because of idle timeout
AssetImportWorker is now disconnected from the server
Process exiting
Exiting without the bug reporter. Application will terminate with return code 0