Using pre-set license
Built from 'trunk' branch; Version is '6000.0.2f1 (c36be92430b9) revision 12807145'; Using compiler version '193933522'; Build Type 'Release'
OS: 'Windows 10  (10.0.19045) 64bit Professional' Language: 'en' Physical Memory: 32581 MB
BatchMode: 1, IsHumanControllingUs: 0, StartBugReporterOnCrash: 0, Is64bit: 1, IsPro: 1

COMMAND LINE ARGUMENTS:
C:\Program Files\Unity\Hub\Editor\6000.0.2f1\Editor\Unity.exe
-adb2
-batchMode
-noUpm
-name
AssetImportWorker2
-projectPath
C:/Users/PC/Documents/GitHub/AI-RPG/AI-RPG
-logFile
Logs/AssetImportWorker2.log
-srvPort
57734
-job-worker-count
13
-background-job-worker-count
8
-asset-garbage-collectors
1
Successfully changed project path to: C:/Users/PC/Documents/GitHub/AI-RPG/AI-RPG
C:/Users/PC/Documents/GitHub/AI-RPG/AI-RPG
[UnityMemory] Configuration Parameters - Can be set up in boot.config
    "memorysetup-bucket-allocator-granularity=16"
    "memorysetup-bucket-allocator-bucket-count=8"
    "memorysetup-bucket-allocator-block-size=33554432"
    "memorysetup-bucket-allocator-block-count=8"
    "memorysetup-main-allocator-block-size=16777216"
    "memorysetup-thread-allocator-block-size=16777216"
    "memorysetup-gfx-main-allocator-block-size=16777216"
    "memorysetup-gfx-thread-allocator-block-size=16777216"
    "memorysetup-cache-allocator-block-size=4194304"
    "memorysetup-typetree-allocator-block-size=2097152"
    "memorysetup-profiler-bucket-allocator-granularity=16"
    "memorysetup-profiler-bucket-allocator-bucket-count=8"
    "memorysetup-profiler-bucket-allocator-block-size=33554432"
    "memorysetup-profiler-bucket-allocator-block-count=8"
    "memorysetup-profiler-allocator-block-size=16777216"
    "memorysetup-profiler-editor-allocator-block-size=1048576"
    "memorysetup-temp-allocator-size-main=16777216"
    "memorysetup-job-temp-allocator-block-size=2097152"
    "memorysetup-job-temp-allocator-block-size-background=1048576"
    "memorysetup-job-temp-allocator-reduction-small-platforms=262144"
    "memorysetup-allocator-temp-initial-block-size-main=262144"
    "memorysetup-allocator-temp-initial-block-size-worker=262144"
    "memorysetup-temp-allocator-size-background-worker=32768"
    "memorysetup-temp-allocator-size-job-worker=262144"
    "memorysetup-temp-allocator-size-preload-manager=33554432"
    "memorysetup-temp-allocator-size-nav-mesh-worker=65536"
    "memorysetup-temp-allocator-size-audio-worker=65536"
    "memorysetup-temp-allocator-size-cloud-worker=32768"
    "memorysetup-temp-allocator-size-gi-baking-worker=262144"
    "memorysetup-temp-allocator-size-gi-baking-worker=262144"
    "memorysetup-temp-allocator-size-gi-baking-worker=262144"
    "memorysetup-temp-allocator-size-gi-baking-worker=262144"
    "memorysetup-temp-allocator-size-gi-baking-worker=262144"
    "memorysetup-temp-allocator-size-gfx=262144"
Player connection [42836]  Target information:

Player connection [42836]  * "[IP] 192.168.42.167 [Port] 0 [Flags] 2 [Guid] 3791527861 [EditorId] 3791527861 [Version] 1048832 [Id] WindowsEditor(7,DESKTOP-2VPR9IB) [Debug] 1 [PackageName] WindowsEditor [ProjectName] Editor" 

Player connection [42836]  * "[IP] 192.168.0.185 [Port] 0 [Flags] 2 [Guid] 3791527861 [EditorId] 3791527861 [Version] 1048832 [Id] WindowsEditor(7,DESKTOP-2VPR9IB) [Debug] 1 [PackageName] WindowsEditor [ProjectName] Editor" 

Player connection [42836] Host joined multi-casting on [225.0.0.222:54997]...
Player connection [42836] Host joined alternative multi-casting on [225.0.0.222:34997]...
JobSystem: Creating JobQueue using job-worker-count value 13
Library Redirect Path: Library/
[PhysX] Initialized MultithreadedTaskDispatcher with 14 workers.
Refreshing native plugins compatible for Editor in 4.46 ms, found 5 plugins.
Preloading 0 native plugins for Editor in 0.00 ms.
Initialize engine version: 6000.0.2f1 (c36be92430b9)
[Subsystems] Discovering subsystems at path C:/Program Files/Unity/Hub/Editor/6000.0.2f1/Editor/Data/Resources/UnitySubsystems
[Subsystems] Discovering subsystems at path C:/Users/PC/Documents/GitHub/AI-RPG/AI-RPG/Assets
GfxDevice: creating device client; kGfxThreadingModeNonThreaded
Direct3D:
    Version:  Direct3D 11.0 [level 11.1]
    Renderer: NVIDIA GeForce RTX 4070 SUPER (ID=0x2783)
    Vendor:   NVIDIA
    VRAM:     11999 MB
    Driver:   31.0.15.5222
Initialize mono
Mono path[0] = 'C:/Program Files/Unity/Hub/Editor/6000.0.2f1/Editor/Data/Managed'
Mono path[1] = 'C:/Program Files/Unity/Hub/Editor/6000.0.2f1/Editor/Data/MonoBleedingEdge/lib/mono/unityjit-win32'
Mono config path = 'C:/Program Files/Unity/Hub/Editor/6000.0.2f1/Editor/Data/MonoBleedingEdge/etc'
Using monoOptions --debugger-agent=transport=dt_socket,embedding=1,server=y,suspend=n,address=127.0.0.1:56480
Begin MonoManager ReloadAssembly
Registering precompiled unity dll's ...
Register platform support module: C:/Program Files/Unity/Hub/Editor/6000.0.2f1/Editor/Data/PlaybackEngines/WindowsStandaloneSupport/UnityEditor.WindowsStandalone.Extensions.dll
Registered in 0.003469 seconds.
- Loaded All Assemblies, in  0.416 seconds
Native extension for WindowsStandalone target not found
Mono: successfully reloaded assembly
- Finished resetting the current domain, in  0.508 seconds
Domain Reload Profiling: 921ms
	BeginReloadAssembly (141ms)
		ExecutionOrderSort (0ms)
		DisableScriptedObjects (0ms)
		BackupInstance (0ms)
		ReleaseScriptingObjects (0ms)
		CreateAndSetChildDomain (1ms)
	RebuildCommonClasses (38ms)
	RebuildNativeTypeToScriptingClass (13ms)
	initialDomainReloadingComplete (56ms)
	LoadAllAssembliesAndSetupDomain (164ms)
		LoadAssemblies (137ms)
		RebuildTransferFunctionScriptingTraits (0ms)
		AnalyzeDomain (161ms)
			TypeCache.Refresh (159ms)
				TypeCache.ScanAssembly (145ms)
			BuildScriptInfoCaches (0ms)
			ResolveRequiredComponents (1ms)
	FinalizeReload (509ms)
		ReleaseScriptCaches (0ms)
		RebuildScriptCaches (0ms)
		SetupLoadedEditorAssemblies (433ms)
			LogAssemblyErrors (0ms)
			InitializePlatformSupportModulesInManaged (27ms)
			SetLoadedEditorAssemblies (6ms)
			BeforeProcessingInitializeOnLoad (6ms)
			ProcessInitializeOnLoadAttributes (158ms)
			ProcessInitializeOnLoadMethodAttributes (236ms)
			AfterProcessingInitializeOnLoad (0ms)
			EditorAssembliesLoaded (0ms)
		ExecutionOrderSort2 (0ms)
		AwakeInstancesAfterBackupRestoration (0ms)
Assembly reference Packages/com.unity.cinemachine/Editor/Samples/ExposeHDRPInternals/HDRP-Editor-ref.asmref has no target assembly definition
========================================================================
Worker process is ready to serve import requests
Import Worker Mode flag is 0x00
Assembly reference Packages/com.unity.cinemachine/Editor/Samples/ExposeHDRPInternals/HDRP-Editor-ref.asmref has no target assembly definition
Assembly reference Packages/com.unity.cinemachine/Editor/Samples/ExposeHDRPInternals/HDRP-Editor-ref.asmref has no target assembly definition
Begin MonoManager ReloadAssembly
scripting_class_is_subclass_of was called with a NULL parameter. This will crash the game if it happens outside of the editor.
scripting_class_is_subclass_of was called with a NULL parameter. This will crash the game if it happens outside of the editor.
scripting_class_is_subclass_of was called with a NULL parameter. This will crash the game if it happens outside of the editor.
Unloading broken assembly Assets/Packages/Microsoft.Extensions.Options.8.0.0/analyzers/dotnet/roslyn4.4/cs/Microsoft.Extensions.Options.SourceGeneration.dll, this assembly can cause crashes in the runtime
Unloading broken assembly Assets/Packages/Microsoft.Extensions.Logging.Abstractions.8.0.0/analyzers/dotnet/roslyn4.4/cs/Microsoft.Extensions.Logging.Generators.dll, this assembly can cause crashes in the runtime
- Loaded All Assemblies, in  1.609 seconds
Assembly reference Packages/com.unity.cinemachine/Editor/Samples/ExposeHDRPInternals/HDRP-Editor-ref.asmref has no target assembly definition
Refreshing native plugins compatible for Editor in 2.86 ms, found 5 plugins.
Native extension for WindowsStandalone target not found
Assembly reference Packages/com.unity.cinemachine/Editor/Samples/ExposeHDRPInternals/HDRP-Editor-ref.asmref has no target assembly definition
Package Manager log level set to [2]
[Package Manager] Failed to launch server process. Reason: Unity was launched with the -noUpm command-line argument
[Package Manager] Unable to send message (not connected to server process).
[Package Manager] Cannot connect to Unity Package Manager local server
Refreshing native plugins compatible for Editor in 2.91 ms, found 5 plugins.
System.Reflection.TargetInvocationException: Exception has been thrown by the target of an invocation. ---> System.Reflection.ReflectionTypeLoadException: Exception of type 'System.Reflection.ReflectionTypeLoadException' was thrown.
Could not load type of field 'Microsoft.Extensions.Options.Generators.DiagDescriptors:<CantUseWithGenericTypes>k__BackingField' (1) due to: Could not load file or assembly 'Microsoft.CodeAnalysis, Version=4.4.0.0, Culture=neutral, PublicKeyToken=31bf3856ad364e35' or one of its dependencies.
Could not load file or assembly 'Microsoft.CodeAnalysis, Version=4.4.0.0, Culture=neutral, PublicKeyToken=31bf3856ad364e35' or one of its dependencies.
Could not load type of field 'Microsoft.Extensions.Options.Generators.Parser:_compilation' (2) due to: Could not load file or assembly 'Microsoft.CodeAnalysis, Version=4.4.0.0, Culture=neutral, PublicKeyToken=31bf3856ad364e35' or one of its dependencies.
Could not load type of field 'Microsoft.Extensions.Options.Generators.SymbolHolder:<OptionsValidatorSymbol>k__BackingField' (0) due to: Could not load file or assembly 'Microsoft.CodeAnalysis, Version=4.4.0.0, Culture=neutral, PublicKeyToken=31bf3856ad364e35' or one of its dependencies.
Could not load file or assembly 'Microsoft.CodeAnalysis, Version=4.4.0.0, Culture=neutral, PublicKeyToken=31bf3856ad364e35' or one of its dependencies.
Could not load type of field 'Microsoft.Extensions.Options.Generators.OptionsValidatorGenerator+<>c:<>9__0_0' (1) due to: Could not load file or assembly 'Microsoft.CodeAnalysis, Version=4.4.0.0, Culture=neutral, PublicKeyToken=31bf3856ad364e35' or one of its dependencies.
Could not load type of field 'Microsoft.Extensions.Options.Generators.Parser+<>c:<>9__9_0' (1) due to: Could not load file or assembly 'Microsoft.CodeAnalysis.CSharp, Version=4.4.0.0, Culture=neutral, PublicKeyToken=31bf3856ad364e35' or one of its dependencies.
Could not load type of field 'Microsoft.Extensions.Options.Generators.Parser+<>c__DisplayClass16_0:modelType' (0) due to: Could not load file or assembly 'Microsoft.CodeAnalysis, Version=4.4.0.0, Culture=neutral, PublicKeyToken=31bf3856ad364e35' or one of its dependencies.
Could not load type of field 'Microsoft.Extensions.Options.Generators.Parser+<>c__DisplayClass19_0:<>9__1' (1) due to: Could not load file or assembly 'Microsoft.CodeAnalysis, Version=4.4.0.0, Culture=neutral, PublicKeyToken=31bf3856ad364e35' or one of its dependencies.
Could not load type of field 'Microsoft.Extensions.Options.Generators.ParserUtilities+<>c__DisplayClass1_0:modifierToSearch' (1) due to: Could not load file or assembly 'Microsoft.CodeAnalysis.CSharp, Version=4.4.0.0, Culture=neutral, PublicKeyToken=31bf3856ad364e35' or one of its dependencies.
Could not load type of field 'Microsoft.Extensions.Options.Generators.ParserUtilities+<>c__DisplayClass5_0:returnType' (0) due to: Could not load file or assembly 'Microsoft.CodeAnalysis, Version=4.4.0.0, Culture=neutral, PublicKeyToken=31bf3856ad364e35' or one of its dependencies.
Could not load type of field 'Microsoft.Extensions.Options.Generators.SymbolLoader+<>c__DisplayClass16_0:compilation' (0) due to: Could not load file or assembly 'Microsoft.CodeAnalysis, Version=4.4.0.0, Culture=neutral, PublicKeyToken=31bf3856ad364e35' or one of its dependencies.
  at (wrapper managed-to-native) System.Reflection.Assembly.GetTypes(System.Reflection.Assembly,bool)
  at System.Reflection.Assembly.GetTypes () [0x00000] in <f22cb97e7aa5412ba04225fa1fc145f2>:0 
  at Pinwheel.Griffin.GCommon.GetAllLoadedTypes () [0x00024] in C:\Users\PC\Documents\GitHub\AI-RPG\AI-RPG\Assets\Assets\Polaris - Low Poly Ecosystem\Polaris - Low Poly Terrain Engine\Runtime\Scripts\Core\GCommon.cs:702 
  at Pinwheel.Griffin.PaintTool.GSpawnFilterInitializer.InitFilters () [0x00001] in C:\Users\PC\Documents\GitHub\AI-RPG\AI-RPG\Assets\Assets\Polaris - Low Poly Ecosystem\Polaris - Low Poly Terrain Engine\Runtime\Scripts\PaintTool\SpawnFilters\GSpawnFilterInitializer.cs:23 
  at (wrapper managed-to-native) System.Reflection.RuntimeMethodInfo.InternalInvoke(System.Reflection.RuntimeMethodInfo,object,object[],System.Exception&)
  at System.Reflection.RuntimeMethodInfo.Invoke (System.Object obj, System.Reflection.BindingFlags invokeAttr, System.Reflection.Binder binder, System.Object[] parameters, System.Globalization.CultureInfo culture) [0x0006a] in <f22cb97e7aa5412ba04225fa1fc145f2>:0 
   --- End of inner exception stack trace ---
  at System.Reflection.RuntimeMethodInfo.Invoke (System.Object obj, System.Reflection.BindingFlags invokeAttr, System.Reflection.Binder binder, System.Object[] parameters, System.Globalization.CultureInfo culture) [0x00083] in <f22cb97e7aa5412ba04225fa1fc145f2>:0 
  at System.Reflection.MethodBase.Invoke (System.Object obj, System.Object[] parameters) [0x00000] in <f22cb97e7aa5412ba04225fa1fc145f2>:0 
  at UnityEditor.EditorAssemblies.ProcessInitializeOnLoadMethodAttributes () [0x00056] in <26627f99a7af447db68cd5961117dc4a>:0 
UnityEngine.Debug:ExtractStackTraceNoAlloc (byte*,int,string)
UnityEngine.StackTraceUtility:ExtractStackTrace ()
UnityEngine.DebugLogHandler:Internal_Log (UnityEngine.LogType,UnityEngine.LogOption,string,UnityEngine.Object)
UnityEngine.DebugLogHandler:LogFormat (UnityEngine.LogType,UnityEngine.Object,string,object[])
UnityEngine.Logger:Log (UnityEngine.LogType,object)
UnityEngine.Debug:LogError (object)
UnityEditor.EditorAssemblies:ProcessInitializeOnLoadMethodAttributes ()

Mono: successfully reloaded assembly
- Finished resetting the current domain, in  1.417 seconds
Domain Reload Profiling: 3018ms
	BeginReloadAssembly (413ms)
		ExecutionOrderSort (0ms)
		DisableScriptedObjects (7ms)
		BackupInstance (0ms)
		ReleaseScriptingObjects (0ms)
		CreateAndSetChildDomain (39ms)
	RebuildCommonClasses (39ms)
	RebuildNativeTypeToScriptingClass (13ms)
	initialDomainReloadingComplete (63ms)
	LoadAllAssembliesAndSetupDomain (1072ms)
		LoadAssemblies (884ms)
		RebuildTransferFunctionScriptingTraits (0ms)
		AnalyzeDomain (302ms)
			TypeCache.Refresh (200ms)
				TypeCache.ScanAssembly (179ms)
			BuildScriptInfoCaches (86ms)
			ResolveRequiredComponents (13ms)
	FinalizeReload (1418ms)
		ReleaseScriptCaches (0ms)
		RebuildScriptCaches (0ms)
		SetupLoadedEditorAssemblies (1139ms)
			LogAssemblyErrors (0ms)
			InitializePlatformSupportModulesInManaged (3ms)
			SetLoadedEditorAssemblies (7ms)
			BeforeProcessingInitializeOnLoad (150ms)
			ProcessInitializeOnLoadAttributes (504ms)
			ProcessInitializeOnLoadMethodAttributes (468ms)
			AfterProcessingInitializeOnLoad (7ms)
			EditorAssembliesLoaded (0ms)
		ExecutionOrderSort2 (0ms)
		AwakeInstancesAfterBackupRestoration (6ms)
Launched and connected shader compiler UnityShaderCompiler.exe after 0.01 seconds
Refreshing native plugins compatible for Editor in 3.26 ms, found 5 plugins.
Preloading 0 native plugins for Editor in 0.00 ms.
Unloading 341 Unused Serialized files (Serialized files now loaded: 0)
Unloading 6718 unused Assets / (2.9 MB). Loaded Objects now: 7542.
Memory consumption went from 244.4 MB to 241.5 MB.
Total: 9.230500 ms (FindLiveObjects: 0.841300 ms CreateObjectMapping: 0.388500 ms MarkObjects: 5.938300 ms  DeleteObjects: 2.060900 ms)

========================================================================
Received Import Request.
  Time since last request: 20213.151476 seconds.
  path: Assets/Assets/PolygonFantasyKingdom/Models/SM_Item_Meat_Fish_03.fbx
  artifactKey: Guid(29cdf5d2987f20843a3adbc2c425a605) Importer(815301076,1909f56bfc062723c751e8b465ee728b)
Start importing Assets/Assets/PolygonFantasyKingdom/Models/SM_Item_Meat_Fish_03.fbx using Guid(29cdf5d2987f20843a3adbc2c425a605) Importer(815301076,1909f56bfc062723c751e8b465ee728b) (PreviewImporter)[PhysX] Initialized MultithreadedTaskDispatcher with 14 workers.
[PhysX] Initialized MultithreadedTaskDispatcher with 14 workers.
[PhysX] Initialized MultithreadedTaskDispatcher with 14 workers.
 -> (artifact id: 'bb98adeea5c039a1e10e9ca3b53bc027') in 0.7124759 seconds
Number of updated asset objects reloaded before import = 0Number of asset objects unloaded after import = 7

========================================================================
Received Import Request.
  Time since last request: 0.000029 seconds.
  path: Assets/Assets/PolygonFantasyKingdom/Models/SM_Item_Pitchfork_01.fbx
  artifactKey: Guid(b09fd4b212e56524b84c5196216e91ee) Importer(815301076,1909f56bfc062723c751e8b465ee728b)
Start importing Assets/Assets/PolygonFantasyKingdom/Models/SM_Item_Pitchfork_01.fbx using Guid(b09fd4b212e56524b84c5196216e91ee) Importer(815301076,1909f56bfc062723c751e8b465ee728b) (PreviewImporter)[PhysX] Initialized MultithreadedTaskDispatcher with 14 workers.
[PhysX] Initialized MultithreadedTaskDispatcher with 14 workers.
[PhysX] Initialized MultithreadedTaskDispatcher with 14 workers.
 -> (artifact id: '45f3ca6a041622a105eda2cf6c035458') in 0.0426368 seconds
Number of updated asset objects reloaded before import = 0Number of asset objects unloaded after import = 7

========================================================================
Received Import Request.
  Time since last request: 0.000035 seconds.
  path: Assets/Assets/PolygonFantasyKingdom/Models/SM_Wep_Mod_Sword_Blade_15.fbx
  artifactKey: Guid(619d373329032e24b8197c609495c52a) Importer(815301076,1909f56bfc062723c751e8b465ee728b)
Start importing Assets/Assets/PolygonFantasyKingdom/Models/SM_Wep_Mod_Sword_Blade_15.fbx using Guid(619d373329032e24b8197c609495c52a) Importer(815301076,1909f56bfc062723c751e8b465ee728b) (PreviewImporter)[PhysX] Initialized MultithreadedTaskDispatcher with 14 workers.
[PhysX] Initialized MultithreadedTaskDispatcher with 14 workers.
[PhysX] Initialized MultithreadedTaskDispatcher with 14 workers.
 -> (artifact id: '5c39369457995d8ba3307679b78305e8') in 0.0429499 seconds
Number of updated asset objects reloaded before import = 0Number of asset objects unloaded after import = 7

========================================================================
Received Import Request.
  Time since last request: 0.000025 seconds.
  path: Assets/Assets/PolygonFantasyKingdom/Models/SM_Item_Meat_Hook_02.fbx
  artifactKey: Guid(eab79bc406ab15c4abc5a13d84767fb5) Importer(815301076,1909f56bfc062723c751e8b465ee728b)
Start importing Assets/Assets/PolygonFantasyKingdom/Models/SM_Item_Meat_Hook_02.fbx using Guid(eab79bc406ab15c4abc5a13d84767fb5) Importer(815301076,1909f56bfc062723c751e8b465ee728b) (PreviewImporter)[PhysX] Initialized MultithreadedTaskDispatcher with 14 workers.
[PhysX] Initialized MultithreadedTaskDispatcher with 14 workers.
[PhysX] Initialized MultithreadedTaskDispatcher with 14 workers.
 -> (artifact id: 'eb92c810f285554122d88f0e760a4ba6') in 0.0247177 seconds
Number of updated asset objects reloaded before import = 0Number of asset objects unloaded after import = 7

========================================================================
Received Import Request.
  Time since last request: 0.000048 seconds.
  path: Assets/Assets/PolygonFantasyKingdom/Models/SM_Bld_House_Roof_Thatch_Cover_Corner_02.fbx
  artifactKey: Guid(55773cb0a2bdbd546ab8b8b0564a1d81) Importer(815301076,1909f56bfc062723c751e8b465ee728b)
Start importing Assets/Assets/PolygonFantasyKingdom/Models/SM_Bld_House_Roof_Thatch_Cover_Corner_02.fbx using Guid(55773cb0a2bdbd546ab8b8b0564a1d81) Importer(815301076,1909f56bfc062723c751e8b465ee728b) (PreviewImporter)[PhysX] Initialized MultithreadedTaskDispatcher with 14 workers.
[PhysX] Initialized MultithreadedTaskDispatcher with 14 workers.
[PhysX] Initialized MultithreadedTaskDispatcher with 14 workers.
 -> (artifact id: '22b0c7ec25dcd8bed69813d3d7c0eb31') in 0.1917835 seconds
Number of updated asset objects reloaded before import = 0Number of asset objects unloaded after import = 7

========================================================================
Received Import Request.
  Time since last request: 0.000031 seconds.
  path: Assets/Assets/PolygonFantasyKingdom/Models/SM_Wep_Mod_Dagger_Hilt_03.fbx
  artifactKey: Guid(eedf69c3b4e8bbc46ad7a8065ac04785) Importer(815301076,1909f56bfc062723c751e8b465ee728b)
Start importing Assets/Assets/PolygonFantasyKingdom/Models/SM_Wep_Mod_Dagger_Hilt_03.fbx using Guid(eedf69c3b4e8bbc46ad7a8065ac04785) Importer(815301076,1909f56bfc062723c751e8b465ee728b) (PreviewImporter)[PhysX] Initialized MultithreadedTaskDispatcher with 14 workers.
[PhysX] Initialized MultithreadedTaskDispatcher with 14 workers.
[PhysX] Initialized MultithreadedTaskDispatcher with 14 workers.
 -> (artifact id: '228ed5d5a092350526c4a1144d41ffe5') in 0.0320664 seconds
Number of updated asset objects reloaded before import = 0Number of asset objects unloaded after import = 7

========================================================================
Received Import Request.
  Time since last request: 0.000038 seconds.
  path: Assets/Assets/PolygonFantasyKingdom/Models/SM_Prop_Pumpkin_Plant_01.fbx
  artifactKey: Guid(bcd0098a47fc93442b73b23b8edf8829) Importer(815301076,1909f56bfc062723c751e8b465ee728b)
Start importing Assets/Assets/PolygonFantasyKingdom/Models/SM_Prop_Pumpkin_Plant_01.fbx using Guid(bcd0098a47fc93442b73b23b8edf8829) Importer(815301076,1909f56bfc062723c751e8b465ee728b) (PreviewImporter)[PhysX] Initialized MultithreadedTaskDispatcher with 14 workers.
[PhysX] Initialized MultithreadedTaskDispatcher with 14 workers.
[PhysX] Initialized MultithreadedTaskDispatcher with 14 workers.
 -> (artifact id: 'b6cce06bd86bd93043bcdd55d41132be') in 0.0323065 seconds
Number of updated asset objects reloaded before import = 0Number of asset objects unloaded after import = 7

========================================================================
Received Import Request.
  Time since last request: 0.000023 seconds.
  path: Assets/Assets/PolygonFantasyKingdom/Models/SM_Prop_Sign_Bracket_01.fbx
  artifactKey: Guid(d50abe5919b4bc54ba4d51b4d999d26f) Importer(815301076,1909f56bfc062723c751e8b465ee728b)
Start importing Assets/Assets/PolygonFantasyKingdom/Models/SM_Prop_Sign_Bracket_01.fbx using Guid(d50abe5919b4bc54ba4d51b4d999d26f) Importer(815301076,1909f56bfc062723c751e8b465ee728b) (PreviewImporter)[PhysX] Initialized MultithreadedTaskDispatcher with 14 workers.
[PhysX] Initialized MultithreadedTaskDispatcher with 14 workers.
[PhysX] Initialized MultithreadedTaskDispatcher with 14 workers.
 -> (artifact id: '5197444734e3abd8f38c5d939954a5ee') in 0.0205402 seconds
Number of updated asset objects reloaded before import = 0Number of asset objects unloaded after import = 7

========================================================================
Received Import Request.
  Time since last request: 0.000023 seconds.
  path: Assets/Assets/PolygonFantasyKingdom/Models/SM_Wep_Mace_04.fbx
  artifactKey: Guid(1208edff91dc3ef4988ee761170dd47d) Importer(815301076,1909f56bfc062723c751e8b465ee728b)
Start importing Assets/Assets/PolygonFantasyKingdom/Models/SM_Wep_Mace_04.fbx using Guid(1208edff91dc3ef4988ee761170dd47d) Importer(815301076,1909f56bfc062723c751e8b465ee728b) (PreviewImporter)[PhysX] Initialized MultithreadedTaskDispatcher with 14 workers.
[PhysX] Initialized MultithreadedTaskDispatcher with 14 workers.
[PhysX] Initialized MultithreadedTaskDispatcher with 14 workers.
 -> (artifact id: '76d92fd27bbdebf6067875b7e044eea4') in 0.0585121 seconds
Number of updated asset objects reloaded before import = 0Number of asset objects unloaded after import = 7

========================================================================
Received Import Request.
  Time since last request: 0.000024 seconds.
  path: Assets/Assets/PolygonFantasyKingdom/Models/SM_Wep_Mod_Sword_Hilt_13.fbx
  artifactKey: Guid(0dd3f3654ed276342bfbe8873935df18) Importer(815301076,1909f56bfc062723c751e8b465ee728b)
Start importing Assets/Assets/PolygonFantasyKingdom/Models/SM_Wep_Mod_Sword_Hilt_13.fbx using Guid(0dd3f3654ed276342bfbe8873935df18) Importer(815301076,1909f56bfc062723c751e8b465ee728b) (PreviewImporter)[PhysX] Initialized MultithreadedTaskDispatcher with 14 workers.
[PhysX] Initialized MultithreadedTaskDispatcher with 14 workers.
[PhysX] Initialized MultithreadedTaskDispatcher with 14 workers.
 -> (artifact id: '392bd30036dc0c8a03760e7fc003c871') in 0.0226388 seconds
Number of updated asset objects reloaded before import = 0Number of asset objects unloaded after import = 7

========================================================================
Received Import Request.
  Time since last request: 0.000033 seconds.
  path: Assets/Assets/PolygonFantasyKingdom/Models/SM_Wep_Mod_Dagger_Blade_02.fbx
  artifactKey: Guid(0260dbc548238154ea4c7faa5b120039) Importer(815301076,1909f56bfc062723c751e8b465ee728b)
Start importing Assets/Assets/PolygonFantasyKingdom/Models/SM_Wep_Mod_Dagger_Blade_02.fbx using Guid(0260dbc548238154ea4c7faa5b120039) Importer(815301076,1909f56bfc062723c751e8b465ee728b) (PreviewImporter)[PhysX] Initialized MultithreadedTaskDispatcher with 14 workers.
[PhysX] Initialized MultithreadedTaskDispatcher with 14 workers.
[PhysX] Initialized MultithreadedTaskDispatcher with 14 workers.
 -> (artifact id: '9df2405c45536fcf3a0f456c508cd6c1') in 0.0191799 seconds
Number of updated asset objects reloaded before import = 0Number of asset objects unloaded after import = 7

========================================================================
Received Import Request.
  Time since last request: 0.000025 seconds.
  path: Assets/Assets/PolygonFantasyKingdom/Models/SM_Bld_House_Roof_Plinth_01.fbx
  artifactKey: Guid(69346f7a07f8d7240b0eeb6b2fa209aa) Importer(815301076,1909f56bfc062723c751e8b465ee728b)
Start importing Assets/Assets/PolygonFantasyKingdom/Models/SM_Bld_House_Roof_Plinth_01.fbx using Guid(69346f7a07f8d7240b0eeb6b2fa209aa) Importer(815301076,1909f56bfc062723c751e8b465ee728b) (PreviewImporter)[PhysX] Initialized MultithreadedTaskDispatcher with 14 workers.
[PhysX] Initialized MultithreadedTaskDispatcher with 14 workers.
[PhysX] Initialized MultithreadedTaskDispatcher with 14 workers.
 -> (artifact id: '456aeca21a526ec2e6b6dc4df1baa0a2') in 0.019328 seconds
Number of updated asset objects reloaded before import = 0Number of asset objects unloaded after import = 7

========================================================================
Received Import Request.
  Time since last request: 0.000023 seconds.
  path: Assets/Assets/PolygonFantasyKingdom/Models/SM_Wep_Hammer_03.fbx
  artifactKey: Guid(f8b2e32b2055de547a62ba0f81dbe055) Importer(815301076,1909f56bfc062723c751e8b465ee728b)
Start importing Assets/Assets/PolygonFantasyKingdom/Models/SM_Wep_Hammer_03.fbx using Guid(f8b2e32b2055de547a62ba0f81dbe055) Importer(815301076,1909f56bfc062723c751e8b465ee728b) (PreviewImporter)[PhysX] Initialized MultithreadedTaskDispatcher with 14 workers.
[PhysX] Initialized MultithreadedTaskDispatcher with 14 workers.
[PhysX] Initialized MultithreadedTaskDispatcher with 14 workers.
 -> (artifact id: '93b26620700d6aba09de73fe916662df') in 0.0278569 seconds
Number of updated asset objects reloaded before import = 0Number of asset objects unloaded after import = 7

========================================================================
Received Import Request.
  Time since last request: 0.000022 seconds.
  path: Assets/Assets/PolygonFantasyKingdom/Models/SM_Bld_House_Chimney_Stone_Base_01.fbx
  artifactKey: Guid(bded980eaf812e940900b33a4bd2add7) Importer(815301076,1909f56bfc062723c751e8b465ee728b)
Start importing Assets/Assets/PolygonFantasyKingdom/Models/SM_Bld_House_Chimney_Stone_Base_01.fbx using Guid(bded980eaf812e940900b33a4bd2add7) Importer(815301076,1909f56bfc062723c751e8b465ee728b) (PreviewImporter)[PhysX] Initialized MultithreadedTaskDispatcher with 14 workers.
[PhysX] Initialized MultithreadedTaskDispatcher with 14 workers.
[PhysX] Initialized MultithreadedTaskDispatcher with 14 workers.
 -> (artifact id: 'b971905c8c9377d61b2254eda13c3ff0') in 0.0238109 seconds
Number of updated asset objects reloaded before import = 0Number of asset objects unloaded after import = 7

========================================================================
Received Import Request.
  Time since last request: 0.000028 seconds.
  path: Assets/Assets/PolygonFantasyKingdom/Models/SM_Wep_Mod_Sword_Hilt_12.fbx
  artifactKey: Guid(c23bcaf7108fa054fb75ff142667f84d) Importer(815301076,1909f56bfc062723c751e8b465ee728b)
Start importing Assets/Assets/PolygonFantasyKingdom/Models/SM_Wep_Mod_Sword_Hilt_12.fbx using Guid(c23bcaf7108fa054fb75ff142667f84d) Importer(815301076,1909f56bfc062723c751e8b465ee728b) (PreviewImporter)[PhysX] Initialized MultithreadedTaskDispatcher with 14 workers.
[PhysX] Initialized MultithreadedTaskDispatcher with 14 workers.
[PhysX] Initialized MultithreadedTaskDispatcher with 14 workers.
 -> (artifact id: 'd3973cc8c629a10c774c3a0b93a75056') in 0.0286443 seconds
Number of updated asset objects reloaded before import = 0Number of asset objects unloaded after import = 7

========================================================================
Received Import Request.
  Time since last request: 0.000038 seconds.
  path: Assets/Assets/PolygonFantasyKingdom/Models/SM_Prop_Sign_Wood_08.fbx
  artifactKey: Guid(baa7201a0becc7a459eb6784d481732d) Importer(815301076,1909f56bfc062723c751e8b465ee728b)
Start importing Assets/Assets/PolygonFantasyKingdom/Models/SM_Prop_Sign_Wood_08.fbx using Guid(baa7201a0becc7a459eb6784d481732d) Importer(815301076,1909f56bfc062723c751e8b465ee728b) (PreviewImporter)[PhysX] Initialized MultithreadedTaskDispatcher with 14 workers.
[PhysX] Initialized MultithreadedTaskDispatcher with 14 workers.
[PhysX] Initialized MultithreadedTaskDispatcher with 14 workers.
 -> (artifact id: '7a90dca1b99c4ec87d747df2a71df68c') in 0.0212549 seconds
Number of updated asset objects reloaded before import = 0Number of asset objects unloaded after import = 7

========================================================================
Received Import Request.
  Time since last request: 0.000022 seconds.
  path: Assets/Assets/PolygonFantasyKingdom/Models/SM_Bld_House_Floor_Stone_03.fbx
  artifactKey: Guid(b7fbca833b647554286fc1bc398487c3) Importer(815301076,1909f56bfc062723c751e8b465ee728b)
Start importing Assets/Assets/PolygonFantasyKingdom/Models/SM_Bld_House_Floor_Stone_03.fbx using Guid(b7fbca833b647554286fc1bc398487c3) Importer(815301076,1909f56bfc062723c751e8b465ee728b) (PreviewImporter)[PhysX] Initialized MultithreadedTaskDispatcher with 14 workers.
[PhysX] Initialized MultithreadedTaskDispatcher with 14 workers.
[PhysX] Initialized MultithreadedTaskDispatcher with 14 workers.
 -> (artifact id: 'bc50e0e99dab5e30b93f76ddc88c2574') in 0.0679722 seconds
Number of updated asset objects reloaded before import = 0Number of asset objects unloaded after import = 7

========================================================================
Received Import Request.
  Time since last request: 0.000024 seconds.
  path: Assets/Assets/PolygonFantasyKingdom/Models/SM_Bld_Castle_Wall_Cut_06.fbx
  artifactKey: Guid(eba1483f26c20ec438a0d98b5cd2ba47) Importer(815301076,1909f56bfc062723c751e8b465ee728b)
Start importing Assets/Assets/PolygonFantasyKingdom/Models/SM_Bld_Castle_Wall_Cut_06.fbx using Guid(eba1483f26c20ec438a0d98b5cd2ba47) Importer(815301076,1909f56bfc062723c751e8b465ee728b) (PreviewImporter)[PhysX] Initialized MultithreadedTaskDispatcher with 14 workers.
[PhysX] Initialized MultithreadedTaskDispatcher with 14 workers.
[PhysX] Initialized MultithreadedTaskDispatcher with 14 workers.
 -> (artifact id: '21e2e97826b47f3e7a91a2abce385a60') in 0.0250173 seconds
Number of updated asset objects reloaded before import = 0Number of asset objects unloaded after import = 7

========================================================================
Received Import Request.
  Time since last request: 0.000024 seconds.
  path: Assets/Assets/PolygonFantasyKingdom/Models/SM_Prop_Sink_02.fbx
  artifactKey: Guid(30c489fb7b764e24f800d5f4cccd2aa1) Importer(815301076,1909f56bfc062723c751e8b465ee728b)
Start importing Assets/Assets/PolygonFantasyKingdom/Models/SM_Prop_Sink_02.fbx using Guid(30c489fb7b764e24f800d5f4cccd2aa1) Importer(815301076,1909f56bfc062723c751e8b465ee728b) (PreviewImporter)[PhysX] Initialized MultithreadedTaskDispatcher with 14 workers.
[PhysX] Initialized MultithreadedTaskDispatcher with 14 workers.
[PhysX] Initialized MultithreadedTaskDispatcher with 14 workers.
 -> (artifact id: 'dba140a3e44d2101f03a1d392201def2') in 0.0201849 seconds
Number of updated asset objects reloaded before import = 0Number of asset objects unloaded after import = 7

========================================================================
Received Import Request.
  Time since last request: 0.000031 seconds.
  path: Assets/Assets/PolygonFantasyKingdom/Models/SM_Bld_Castle_Roof_Short_Half_End_01.fbx
  artifactKey: Guid(c271de47e387fb740bd0de21a47bb115) Importer(815301076,1909f56bfc062723c751e8b465ee728b)
Start importing Assets/Assets/PolygonFantasyKingdom/Models/SM_Bld_Castle_Roof_Short_Half_End_01.fbx using Guid(c271de47e387fb740bd0de21a47bb115) Importer(815301076,1909f56bfc062723c751e8b465ee728b) (PreviewImporter)[PhysX] Initialized MultithreadedTaskDispatcher with 14 workers.
[PhysX] Initialized MultithreadedTaskDispatcher with 14 workers.
[PhysX] Initialized MultithreadedTaskDispatcher with 14 workers.
 -> (artifact id: 'bc9fd6e434f1b72986016e04ac47cd96') in 0.0182811 seconds
Number of updated asset objects reloaded before import = 0Number of asset objects unloaded after import = 7

========================================================================
Received Import Request.
  Time since last request: 0.000023 seconds.
  path: Assets/Assets/PolygonFantasyKingdom/Models/SM_Prop_Sign_Wood_13.fbx
  artifactKey: Guid(44edad8996c42b44c8e9ec3ea55ba3ad) Importer(815301076,1909f56bfc062723c751e8b465ee728b)
Start importing Assets/Assets/PolygonFantasyKingdom/Models/SM_Prop_Sign_Wood_13.fbx using Guid(44edad8996c42b44c8e9ec3ea55ba3ad) Importer(815301076,1909f56bfc062723c751e8b465ee728b) (PreviewImporter)[PhysX] Initialized MultithreadedTaskDispatcher with 14 workers.
[PhysX] Initialized MultithreadedTaskDispatcher with 14 workers.
[PhysX] Initialized MultithreadedTaskDispatcher with 14 workers.
 -> (artifact id: '8e742d5c8c4feb2bc6b90cb1e4f59134') in 0.0205024 seconds
Number of updated asset objects reloaded before import = 0Number of asset objects unloaded after import = 7

========================================================================
Received Import Request.
  Time since last request: 0.000022 seconds.
  path: Assets/Assets/PolygonFantasyKingdom/Models/SM_Prop_Zulu_Shield_01.fbx
  artifactKey: Guid(90f0b39caf3cf1a4ab504fcd5987dc30) Importer(815301076,1909f56bfc062723c751e8b465ee728b)
Start importing Assets/Assets/PolygonFantasyKingdom/Models/SM_Prop_Zulu_Shield_01.fbx using Guid(90f0b39caf3cf1a4ab504fcd5987dc30) Importer(815301076,1909f56bfc062723c751e8b465ee728b) (PreviewImporter)[PhysX] Initialized MultithreadedTaskDispatcher with 14 workers.
[PhysX] Initialized MultithreadedTaskDispatcher with 14 workers.
[PhysX] Initialized MultithreadedTaskDispatcher with 14 workers.
 -> (artifact id: 'ba8dd4908ee7a87921890c8856f60aff') in 0.0260589 seconds
Number of updated asset objects reloaded before import = 0Number of asset objects unloaded after import = 7

========================================================================
Received Import Request.
  Time since last request: 0.000023 seconds.
  path: Assets/Assets/PolygonFantasyKingdom/Models/SM_Bld_House_Roof_Thatch_End_01.fbx
  artifactKey: Guid(2085ad199a7676c4182b1309893ba581) Importer(815301076,1909f56bfc062723c751e8b465ee728b)
Start importing Assets/Assets/PolygonFantasyKingdom/Models/SM_Bld_House_Roof_Thatch_End_01.fbx using Guid(2085ad199a7676c4182b1309893ba581) Importer(815301076,1909f56bfc062723c751e8b465ee728b) (PreviewImporter)[PhysX] Initialized MultithreadedTaskDispatcher with 14 workers.
[PhysX] Initialized MultithreadedTaskDispatcher with 14 workers.
[PhysX] Initialized MultithreadedTaskDispatcher with 14 workers.
 -> (artifact id: '156dda070c3db5b584f329b06e7caf2f') in 0.0212947 seconds
Number of updated asset objects reloaded before import = 0Number of asset objects unloaded after import = 7

========================================================================
Received Import Request.
  Time since last request: 0.000025 seconds.
  path: Assets/Assets/PolygonFantasyKingdom/Models/SM_Bld_House_Roof_Thatch_Angled_02.fbx
  artifactKey: Guid(9f10394357a86c94fbe830db8676de90) Importer(815301076,1909f56bfc062723c751e8b465ee728b)
Start importing Assets/Assets/PolygonFantasyKingdom/Models/SM_Bld_House_Roof_Thatch_Angled_02.fbx using Guid(9f10394357a86c94fbe830db8676de90) Importer(815301076,1909f56bfc062723c751e8b465ee728b) (PreviewImporter)[PhysX] Initialized MultithreadedTaskDispatcher with 14 workers.
[PhysX] Initialized MultithreadedTaskDispatcher with 14 workers.
[PhysX] Initialized MultithreadedTaskDispatcher with 14 workers.
 -> (artifact id: 'ae3d075fcd4f935af5eb969f17db2cb4') in 0.0234693 seconds
Number of updated asset objects reloaded before import = 0Number of asset objects unloaded after import = 7

========================================================================
Received Import Request.
  Time since last request: 0.000036 seconds.
  path: Assets/Assets/PolygonFantasyKingdom/Models/SM_Bld_House_Floor_Wood_01.fbx
  artifactKey: Guid(ea5b8cf1f1b22574c86879a68d0a04e1) Importer(815301076,1909f56bfc062723c751e8b465ee728b)
Start importing Assets/Assets/PolygonFantasyKingdom/Models/SM_Bld_House_Floor_Wood_01.fbx using Guid(ea5b8cf1f1b22574c86879a68d0a04e1) Importer(815301076,1909f56bfc062723c751e8b465ee728b) (PreviewImporter)[PhysX] Initialized MultithreadedTaskDispatcher with 14 workers.
[PhysX] Initialized MultithreadedTaskDispatcher with 14 workers.
[PhysX] Initialized MultithreadedTaskDispatcher with 14 workers.
 -> (artifact id: 'be3780c5fef82c098e3bbbca14526053') in 0.0265742 seconds
Number of updated asset objects reloaded before import = 0Number of asset objects unloaded after import = 7

========================================================================
Received Import Request.
  Time since last request: 0.000025 seconds.
  path: Assets/Assets/PolygonFantasyKingdom/Models/SM_Wep_Staff_05.fbx
  artifactKey: Guid(c8e075dc0b29ef8458f59177470472f1) Importer(815301076,1909f56bfc062723c751e8b465ee728b)
Start importing Assets/Assets/PolygonFantasyKingdom/Models/SM_Wep_Staff_05.fbx using Guid(c8e075dc0b29ef8458f59177470472f1) Importer(815301076,1909f56bfc062723c751e8b465ee728b) (PreviewImporter)[PhysX] Initialized MultithreadedTaskDispatcher with 14 workers.
[PhysX] Initialized MultithreadedTaskDispatcher with 14 workers.
[PhysX] Initialized MultithreadedTaskDispatcher with 14 workers.
 -> (artifact id: '09a98d4b00b5331b33d49dabb5550fb8') in 0.0203794 seconds
Number of updated asset objects reloaded before import = 0Number of asset objects unloaded after import = 7

========================================================================
Received Import Request.
  Time since last request: 0.000021 seconds.
  path: Assets/Assets/PolygonFantasyKingdom/Models/SM_Prop_Sign_Wood_02.fbx
  artifactKey: Guid(ff71ebcc723a153408d05b5d05c2771f) Importer(815301076,1909f56bfc062723c751e8b465ee728b)
Start importing Assets/Assets/PolygonFantasyKingdom/Models/SM_Prop_Sign_Wood_02.fbx using Guid(ff71ebcc723a153408d05b5d05c2771f) Importer(815301076,1909f56bfc062723c751e8b465ee728b) (PreviewImporter)[PhysX] Initialized MultithreadedTaskDispatcher with 14 workers.
[PhysX] Initialized MultithreadedTaskDispatcher with 14 workers.
[PhysX] Initialized MultithreadedTaskDispatcher with 14 workers.
 -> (artifact id: 'd7bd7a60769e8904d8138af1f6088e54') in 0.018502 seconds
Number of updated asset objects reloaded before import = 0Number of asset objects unloaded after import = 7

========================================================================
Received Import Request.
  Time since last request: 0.000022 seconds.
  path: Assets/Assets/PolygonFantasyKingdom/Models/SM_Veh_Cart_Fireworks_01_Preset.fbx
  artifactKey: Guid(ba8f30cf358b7dd47b656cfe02f9b485) Importer(815301076,1909f56bfc062723c751e8b465ee728b)
Start importing Assets/Assets/PolygonFantasyKingdom/Models/SM_Veh_Cart_Fireworks_01_Preset.fbx using Guid(ba8f30cf358b7dd47b656cfe02f9b485) Importer(815301076,1909f56bfc062723c751e8b465ee728b) (PreviewImporter)[PhysX] Initialized MultithreadedTaskDispatcher with 14 workers.
[PhysX] Initialized MultithreadedTaskDispatcher with 14 workers.
[PhysX] Initialized MultithreadedTaskDispatcher with 14 workers.
[PhysX] Initialized MultithreadedTaskDispatcher with 14 workers.
[PhysX] Initialized MultithreadedTaskDispatcher with 14 workers.
 -> (artifact id: '78ebff165868159fd2525a0d35e6ece2') in 0.0319105 seconds
Number of updated asset objects reloaded before import = 0Number of asset objects unloaded after import = 12

========================================================================
Received Import Request.
  Time since last request: 0.000025 seconds.
  path: Assets/Assets/PolygonFantasyKingdom/Models/SM_Prop_Workbench_Forge_01_Preset.fbx
  artifactKey: Guid(240edaaf8b9381242b0a2d5dd885ed17) Importer(815301076,1909f56bfc062723c751e8b465ee728b)
Start importing Assets/Assets/PolygonFantasyKingdom/Models/SM_Prop_Workbench_Forge_01_Preset.fbx using Guid(240edaaf8b9381242b0a2d5dd885ed17) Importer(815301076,1909f56bfc062723c751e8b465ee728b) (PreviewImporter)[PhysX] Initialized MultithreadedTaskDispatcher with 14 workers.
[PhysX] Initialized MultithreadedTaskDispatcher with 14 workers.
[PhysX] Initialized MultithreadedTaskDispatcher with 14 workers.
 -> (artifact id: '7a0998fce4a18bf46f847bb4087920d5') in 0.0202516 seconds
Number of updated asset objects reloaded before import = 0Number of asset objects unloaded after import = 7

========================================================================
Received Import Request.
  Time since last request: 0.000032 seconds.
  path: Assets/Assets/PolygonFantasyKingdom/Models/SM_Wep_Mod_Sword_Hilt_01.fbx
  artifactKey: Guid(ed433a9af42c3334eafabbbb25e40f72) Importer(815301076,1909f56bfc062723c751e8b465ee728b)
Start importing Assets/Assets/PolygonFantasyKingdom/Models/SM_Wep_Mod_Sword_Hilt_01.fbx using Guid(ed433a9af42c3334eafabbbb25e40f72) Importer(815301076,1909f56bfc062723c751e8b465ee728b) (PreviewImporter)[PhysX] Initialized MultithreadedTaskDispatcher with 14 workers.
[PhysX] Initialized MultithreadedTaskDispatcher with 14 workers.
[PhysX] Initialized MultithreadedTaskDispatcher with 14 workers.
 -> (artifact id: 'd5aa10221882748953de619c193c9248') in 0.0172586 seconds
Number of updated asset objects reloaded before import = 0Number of asset objects unloaded after import = 7

========================================================================
Received Import Request.
  Time since last request: 0.000020 seconds.
  path: Assets/Assets/PolygonFantasyKingdom/Models/SM_Prop_TableCloth_10.fbx
  artifactKey: Guid(3d549dba04fab0b40a4c2892cbb8948a) Importer(815301076,1909f56bfc062723c751e8b465ee728b)
Start importing Assets/Assets/PolygonFantasyKingdom/Models/SM_Prop_TableCloth_10.fbx using Guid(3d549dba04fab0b40a4c2892cbb8948a) Importer(815301076,1909f56bfc062723c751e8b465ee728b) (PreviewImporter)[PhysX] Initialized MultithreadedTaskDispatcher with 14 workers.
[PhysX] Initialized MultithreadedTaskDispatcher with 14 workers.
[PhysX] Initialized MultithreadedTaskDispatcher with 14 workers.
 -> (artifact id: '0e2a3c2ff41d17026e6fed87f3fb1eff') in 0.0193823 seconds
Number of updated asset objects reloaded before import = 0Number of asset objects unloaded after import = 7

========================================================================
Received Import Request.
  Time since last request: 0.000020 seconds.
  path: Assets/Assets/PolygonFantasyKingdom/Models/SM_Wep_Axe_08.fbx
  artifactKey: Guid(b0628c47f4884184880658d992781408) Importer(815301076,1909f56bfc062723c751e8b465ee728b)
Start importing Assets/Assets/PolygonFantasyKingdom/Models/SM_Wep_Axe_08.fbx using Guid(b0628c47f4884184880658d992781408) Importer(815301076,1909f56bfc062723c751e8b465ee728b) (PreviewImporter)[PhysX] Initialized MultithreadedTaskDispatcher with 14 workers.
[PhysX] Initialized MultithreadedTaskDispatcher with 14 workers.
[PhysX] Initialized MultithreadedTaskDispatcher with 14 workers.
 -> (artifact id: '651440fd1d90ac250135ccf6939b645e') in 0.019912 seconds
Number of updated asset objects reloaded before import = 0Number of asset objects unloaded after import = 7

========================================================================
Received Import Request.
  Time since last request: 0.000022 seconds.
  path: Assets/Assets/PolygonFantasyKingdom/Models/SM_Wep_Mod_Sword_Hilt_08.fbx
  artifactKey: Guid(c264301e8243de64eafa522112ec3480) Importer(815301076,1909f56bfc062723c751e8b465ee728b)
Start importing Assets/Assets/PolygonFantasyKingdom/Models/SM_Wep_Mod_Sword_Hilt_08.fbx using Guid(c264301e8243de64eafa522112ec3480) Importer(815301076,1909f56bfc062723c751e8b465ee728b) (PreviewImporter)[PhysX] Initialized MultithreadedTaskDispatcher with 14 workers.
[PhysX] Initialized MultithreadedTaskDispatcher with 14 workers.
[PhysX] Initialized MultithreadedTaskDispatcher with 14 workers.
 -> (artifact id: '8a598ed09cd326b89645bbc54ba6cedc') in 0.0171021 seconds
Number of updated asset objects reloaded before import = 0Number of asset objects unloaded after import = 7

========================================================================
Received Import Request.
  Time since last request: 0.000020 seconds.
  path: Assets/Assets/PolygonFantasyKingdom/Models/SM_Item_Pitchfork_02.fbx
  artifactKey: Guid(5451bcd6138a79b4ab1ad12959ffb6d8) Importer(815301076,1909f56bfc062723c751e8b465ee728b)
Start importing Assets/Assets/PolygonFantasyKingdom/Models/SM_Item_Pitchfork_02.fbx using Guid(5451bcd6138a79b4ab1ad12959ffb6d8) Importer(815301076,1909f56bfc062723c751e8b465ee728b) (PreviewImporter)[PhysX] Initialized MultithreadedTaskDispatcher with 14 workers.
[PhysX] Initialized MultithreadedTaskDispatcher with 14 workers.
[PhysX] Initialized MultithreadedTaskDispatcher with 14 workers.
 -> (artifact id: '0a47ac754ca7204fa2ce39b69a9262cb') in 0.0176249 seconds
Number of updated asset objects reloaded before import = 0Number of asset objects unloaded after import = 7

========================================================================
Received Import Request.
  Time since last request: 0.000024 seconds.
  path: Assets/Assets/PolygonFantasyKingdom/Models/SM_Wep_Mod_Sword_Blade_06.fbx
  artifactKey: Guid(fb7c47b6e9c9f2648a7322685ee864d3) Importer(815301076,1909f56bfc062723c751e8b465ee728b)
Start importing Assets/Assets/PolygonFantasyKingdom/Models/SM_Wep_Mod_Sword_Blade_06.fbx using Guid(fb7c47b6e9c9f2648a7322685ee864d3) Importer(815301076,1909f56bfc062723c751e8b465ee728b) (PreviewImporter)[PhysX] Initialized MultithreadedTaskDispatcher with 14 workers.
[PhysX] Initialized MultithreadedTaskDispatcher with 14 workers.
[PhysX] Initialized MultithreadedTaskDispatcher with 14 workers.
 -> (artifact id: '5eb59d235024baab4ce053f4e9116e27') in 0.0190362 seconds
Number of updated asset objects reloaded before import = 0Number of asset objects unloaded after import = 7

========================================================================
Received Import Request.
  Time since last request: 0.000030 seconds.
  path: Assets/Assets/PolygonFantasyKingdom/Models/SM_Wep_Shield_04.fbx
  artifactKey: Guid(a7bf52685075d9c4c8d24b0f121b15b8) Importer(815301076,1909f56bfc062723c751e8b465ee728b)
Start importing Assets/Assets/PolygonFantasyKingdom/Models/SM_Wep_Shield_04.fbx using Guid(a7bf52685075d9c4c8d24b0f121b15b8) Importer(815301076,1909f56bfc062723c751e8b465ee728b) (PreviewImporter)[PhysX] Initialized MultithreadedTaskDispatcher with 14 workers.
[PhysX] Initialized MultithreadedTaskDispatcher with 14 workers.
[PhysX] Initialized MultithreadedTaskDispatcher with 14 workers.
 -> (artifact id: '8e6c17e43d5a2e47c069c6796a389db0') in 0.0205448 seconds
Number of updated asset objects reloaded before import = 0Number of asset objects unloaded after import = 7

========================================================================
Received Import Request.
  Time since last request: 0.000021 seconds.
  path: Assets/Assets/PolygonFantasyKingdom/Models/SM_Prop_Statue_Plinth_02.fbx
  artifactKey: Guid(a5d17d17414bde54da25698709c615e8) Importer(815301076,1909f56bfc062723c751e8b465ee728b)
Start importing Assets/Assets/PolygonFantasyKingdom/Models/SM_Prop_Statue_Plinth_02.fbx using Guid(a5d17d17414bde54da25698709c615e8) Importer(815301076,1909f56bfc062723c751e8b465ee728b) (PreviewImporter)[PhysX] Initialized MultithreadedTaskDispatcher with 14 workers.
[PhysX] Initialized MultithreadedTaskDispatcher with 14 workers.
[PhysX] Initialized MultithreadedTaskDispatcher with 14 workers.
 -> (artifact id: '45b728ae775850cdd8ac135af1959e4a') in 0.0208011 seconds
Number of updated asset objects reloaded before import = 0Number of asset objects unloaded after import = 7

========================================================================
Received Import Request.
  Time since last request: 0.000022 seconds.
  path: Assets/Assets/PolygonFantasyKingdom/Models/SM_Prop_Sign_Ornate_02.fbx
  artifactKey: Guid(182af27405a5503409b93cc65ffe9417) Importer(815301076,1909f56bfc062723c751e8b465ee728b)
Start importing Assets/Assets/PolygonFantasyKingdom/Models/SM_Prop_Sign_Ornate_02.fbx using Guid(182af27405a5503409b93cc65ffe9417) Importer(815301076,1909f56bfc062723c751e8b465ee728b) (PreviewImporter)[PhysX] Initialized MultithreadedTaskDispatcher with 14 workers.
[PhysX] Initialized MultithreadedTaskDispatcher with 14 workers.
[PhysX] Initialized MultithreadedTaskDispatcher with 14 workers.
 -> (artifact id: '0ea2eb03646d725c7ae0cc458a55e884') in 0.017475 seconds
Number of updated asset objects reloaded before import = 0Number of asset objects unloaded after import = 7

========================================================================
Received Import Request.
  Time since last request: 0.000022 seconds.
  path: Assets/Assets/PolygonFantasyKingdom/Models/SM_Prop_Plank_01.fbx
  artifactKey: Guid(097b842a330824f4685c366403e1a865) Importer(815301076,1909f56bfc062723c751e8b465ee728b)
Start importing Assets/Assets/PolygonFantasyKingdom/Models/SM_Prop_Plank_01.fbx using Guid(097b842a330824f4685c366403e1a865) Importer(815301076,1909f56bfc062723c751e8b465ee728b) (PreviewImporter)[PhysX] Initialized MultithreadedTaskDispatcher with 14 workers.
[PhysX] Initialized MultithreadedTaskDispatcher with 14 workers.
[PhysX] Initialized MultithreadedTaskDispatcher with 14 workers.
 -> (artifact id: 'a3678a5a154910ca4801bcc230b60324') in 0.0171745 seconds
Number of updated asset objects reloaded before import = 0Number of asset objects unloaded after import = 7

========================================================================
Received Import Request.
  Time since last request: 0.000020 seconds.
  path: Assets/Assets/PolygonFantasyKingdom/Models/SM_Prop_PlanterBox_Preset_04.fbx
  artifactKey: Guid(0c387ae5e3c3496448553c2c1a53a62b) Importer(815301076,1909f56bfc062723c751e8b465ee728b)
Start importing Assets/Assets/PolygonFantasyKingdom/Models/SM_Prop_PlanterBox_Preset_04.fbx using Guid(0c387ae5e3c3496448553c2c1a53a62b) Importer(815301076,1909f56bfc062723c751e8b465ee728b) (PreviewImporter)[PhysX] Initialized MultithreadedTaskDispatcher with 14 workers.
[PhysX] Initialized MultithreadedTaskDispatcher with 14 workers.
[PhysX] Initialized MultithreadedTaskDispatcher with 14 workers.
 -> (artifact id: 'ed85d7fbe23813e23f60da5b48792e23') in 0.0185899 seconds
Number of updated asset objects reloaded before import = 0Number of asset objects unloaded after import = 7

========================================================================
Received Import Request.
  Time since last request: 0.000024 seconds.
  path: Assets/Assets/PolygonFantasyKingdom/Models/SM_Prop_Poster_08.fbx
  artifactKey: Guid(8b7a9fe07e4a84646b0c6424fc50f0eb) Importer(815301076,1909f56bfc062723c751e8b465ee728b)
Start importing Assets/Assets/PolygonFantasyKingdom/Models/SM_Prop_Poster_08.fbx using Guid(8b7a9fe07e4a84646b0c6424fc50f0eb) Importer(815301076,1909f56bfc062723c751e8b465ee728b) (PreviewImporter)[PhysX] Initialized MultithreadedTaskDispatcher with 14 workers.
[PhysX] Initialized MultithreadedTaskDispatcher with 14 workers.
[PhysX] Initialized MultithreadedTaskDispatcher with 14 workers.
 -> (artifact id: 'e8774ec6912eb69ddb368cd06f57a856') in 0.0178363 seconds
Number of updated asset objects reloaded before import = 0Number of asset objects unloaded after import = 7

========================================================================
Received Import Request.
  Time since last request: 0.000034 seconds.
  path: Assets/Assets/PolygonFantasyKingdom/Models/SM_Prop_Flag_Pole_03.fbx
  artifactKey: Guid(d2c88834543f33049a09fb764b8834da) Importer(815301076,1909f56bfc062723c751e8b465ee728b)
Start importing Assets/Assets/PolygonFantasyKingdom/Models/SM_Prop_Flag_Pole_03.fbx using Guid(d2c88834543f33049a09fb764b8834da) Importer(815301076,1909f56bfc062723c751e8b465ee728b) (PreviewImporter)[PhysX] Initialized MultithreadedTaskDispatcher with 14 workers.
[PhysX] Initialized MultithreadedTaskDispatcher with 14 workers.
[PhysX] Initialized MultithreadedTaskDispatcher with 14 workers.
 -> (artifact id: 'c182948f2492123441342deab1153744') in 0.0179384 seconds
Number of updated asset objects reloaded before import = 0Number of asset objects unloaded after import = 7

========================================================================
Received Import Request.
  Time since last request: 0.000025 seconds.
  path: Assets/Assets/PolygonFantasyKingdom/Models/SM_Prop_Forge_03.fbx
  artifactKey: Guid(0e641ca45595eee4e96d0ee8624cb0a9) Importer(815301076,1909f56bfc062723c751e8b465ee728b)
Start importing Assets/Assets/PolygonFantasyKingdom/Models/SM_Prop_Forge_03.fbx using Guid(0e641ca45595eee4e96d0ee8624cb0a9) Importer(815301076,1909f56bfc062723c751e8b465ee728b) (PreviewImporter)[PhysX] Initialized MultithreadedTaskDispatcher with 14 workers.
[PhysX] Initialized MultithreadedTaskDispatcher with 14 workers.
[PhysX] Initialized MultithreadedTaskDispatcher with 14 workers.
[PhysX] Initialized MultithreadedTaskDispatcher with 14 workers.
[PhysX] Initialized MultithreadedTaskDispatcher with 14 workers.
 -> (artifact id: '4b9eee545f93680cc4b8ee88b8daf059') in 0.0237931 seconds
Number of updated asset objects reloaded before import = 0Number of asset objects unloaded after import = 12

========================================================================
Received Import Request.
  Time since last request: 0.000025 seconds.
  path: Assets/Assets/PolygonFantasyKingdom/Models/SM_Prop_Hanging_Clothes_02.fbx
  artifactKey: Guid(e08d2f99d034d294383ae1c7754dc734) Importer(815301076,1909f56bfc062723c751e8b465ee728b)
Start importing Assets/Assets/PolygonFantasyKingdom/Models/SM_Prop_Hanging_Clothes_02.fbx using Guid(e08d2f99d034d294383ae1c7754dc734) Importer(815301076,1909f56bfc062723c751e8b465ee728b) (PreviewImporter)[PhysX] Initialized MultithreadedTaskDispatcher with 14 workers.
[PhysX] Initialized MultithreadedTaskDispatcher with 14 workers.
[PhysX] Initialized MultithreadedTaskDispatcher with 14 workers.
 -> (artifact id: '5c98ffbcd7e9204cb61373e685787831') in 0.017809 seconds
Number of updated asset objects reloaded before import = 0Number of asset objects unloaded after import = 7

========================================================================
Received Import Request.
  Time since last request: 0.000021 seconds.
  path: Assets/Assets/PolygonFantasyKingdom/Models/SM_Prop_Gallows_Single_01.fbx
  artifactKey: Guid(e44442028d358f943ae818d6d90852e3) Importer(815301076,1909f56bfc062723c751e8b465ee728b)
Start importing Assets/Assets/PolygonFantasyKingdom/Models/SM_Prop_Gallows_Single_01.fbx using Guid(e44442028d358f943ae818d6d90852e3) Importer(815301076,1909f56bfc062723c751e8b465ee728b) (PreviewImporter)[PhysX] Initialized MultithreadedTaskDispatcher with 14 workers.
[PhysX] Initialized MultithreadedTaskDispatcher with 14 workers.
[PhysX] Initialized MultithreadedTaskDispatcher with 14 workers.
 -> (artifact id: '643a743628c0b804263d25894ab430e4') in 0.0173181 seconds
Number of updated asset objects reloaded before import = 0Number of asset objects unloaded after import = 7

========================================================================
Received Import Request.
  Time since last request: 0.000024 seconds.
  path: Assets/Assets/PolygonFantasyKingdom/Models/SM_Prop_Fence_02.fbx
  artifactKey: Guid(41aa3d31e4f4a224d9725e414df08bf2) Importer(815301076,1909f56bfc062723c751e8b465ee728b)
Start importing Assets/Assets/PolygonFantasyKingdom/Models/SM_Prop_Fence_02.fbx using Guid(41aa3d31e4f4a224d9725e414df08bf2) Importer(815301076,1909f56bfc062723c751e8b465ee728b) (PreviewImporter)[PhysX] Initialized MultithreadedTaskDispatcher with 14 workers.
[PhysX] Initialized MultithreadedTaskDispatcher with 14 workers.
[PhysX] Initialized MultithreadedTaskDispatcher with 14 workers.
 -> (artifact id: 'b63a11220809685c54c894ab987f9d7a') in 0.0168171 seconds
Number of updated asset objects reloaded before import = 0Number of asset objects unloaded after import = 7

========================================================================
Received Import Request.
  Time since last request: 0.000026 seconds.
  path: Assets/Assets/PolygonFantasyKingdom/Models/SM_Prop_Dishes_Stack_01.fbx
  artifactKey: Guid(ec145544266e75942a884197d4b03746) Importer(815301076,1909f56bfc062723c751e8b465ee728b)
Start importing Assets/Assets/PolygonFantasyKingdom/Models/SM_Prop_Dishes_Stack_01.fbx using Guid(ec145544266e75942a884197d4b03746) Importer(815301076,1909f56bfc062723c751e8b465ee728b) (PreviewImporter)[PhysX] Initialized MultithreadedTaskDispatcher with 14 workers.
[PhysX] Initialized MultithreadedTaskDispatcher with 14 workers.
[PhysX] Initialized MultithreadedTaskDispatcher with 14 workers.
 -> (artifact id: 'd482736a7bdab4448812f6a05225666e') in 0.0172401 seconds
Number of updated asset objects reloaded before import = 0Number of asset objects unloaded after import = 7

========================================================================
Received Import Request.
  Time since last request: 0.000032 seconds.
  path: Assets/Assets/PolygonFantasyKingdom/Models/SM_Item_Hammer_02.fbx
  artifactKey: Guid(a8ffd0e8d7bda65479d45a9e263df21f) Importer(815301076,1909f56bfc062723c751e8b465ee728b)
Start importing Assets/Assets/PolygonFantasyKingdom/Models/SM_Item_Hammer_02.fbx using Guid(a8ffd0e8d7bda65479d45a9e263df21f) Importer(815301076,1909f56bfc062723c751e8b465ee728b) (PreviewImporter)[PhysX] Initialized MultithreadedTaskDispatcher with 14 workers.
[PhysX] Initialized MultithreadedTaskDispatcher with 14 workers.
[PhysX] Initialized MultithreadedTaskDispatcher with 14 workers.
 -> (artifact id: '0eead62f300fba5bd29103e87581d5ec') in 0.0179578 seconds
Number of updated asset objects reloaded before import = 0Number of asset objects unloaded after import = 7

========================================================================
Received Import Request.
  Time since last request: 0.000023 seconds.
  path: Assets/Assets/PolygonFantasyKingdom/Models/SM_Item_Jug_02.fbx
  artifactKey: Guid(602f0820136cf754c81415917c63e72a) Importer(815301076,1909f56bfc062723c751e8b465ee728b)
Start importing Assets/Assets/PolygonFantasyKingdom/Models/SM_Item_Jug_02.fbx using Guid(602f0820136cf754c81415917c63e72a) Importer(815301076,1909f56bfc062723c751e8b465ee728b) (PreviewImporter)[PhysX] Initialized MultithreadedTaskDispatcher with 14 workers.
[PhysX] Initialized MultithreadedTaskDispatcher with 14 workers.
[PhysX] Initialized MultithreadedTaskDispatcher with 14 workers.
[PhysX] Initialized MultithreadedTaskDispatcher with 14 workers.
[PhysX] Initialized MultithreadedTaskDispatcher with 14 workers.
 -> (artifact id: 'b1b6c46d2a18eb119b43b3d5192cd6de') in 0.0281776 seconds
Number of updated asset objects reloaded before import = 0Number of asset objects unloaded after import = 12

========================================================================
Received Import Request.
  Time since last request: 0.000024 seconds.
  path: Assets/Assets/PolygonFantasyKingdom/Models/SM_Prop_Dresser_01.fbx
  artifactKey: Guid(8d7d199332e9d81429c29e94da22e495) Importer(815301076,1909f56bfc062723c751e8b465ee728b)
Start importing Assets/Assets/PolygonFantasyKingdom/Models/SM_Prop_Dresser_01.fbx using Guid(8d7d199332e9d81429c29e94da22e495) Importer(815301076,1909f56bfc062723c751e8b465ee728b) (PreviewImporter)[PhysX] Initialized MultithreadedTaskDispatcher with 14 workers.
[PhysX] Initialized MultithreadedTaskDispatcher with 14 workers.
[PhysX] Initialized MultithreadedTaskDispatcher with 14 workers.
 -> (artifact id: '959ebfce7d3343eb127d75cb1a3d257c') in 0.0182947 seconds
Number of updated asset objects reloaded before import = 0Number of asset objects unloaded after import = 7

========================================================================
Received Import Request.
  Time since last request: 0.000023 seconds.
  path: Assets/Assets/PolygonFantasyKingdom/Models/SM_Prop_Garlic_Rope_01.fbx
  artifactKey: Guid(9aa7504a5a59ab248929f54df87c1517) Importer(815301076,1909f56bfc062723c751e8b465ee728b)
Start importing Assets/Assets/PolygonFantasyKingdom/Models/SM_Prop_Garlic_Rope_01.fbx using Guid(9aa7504a5a59ab248929f54df87c1517) Importer(815301076,1909f56bfc062723c751e8b465ee728b) (PreviewImporter)[PhysX] Initialized MultithreadedTaskDispatcher with 14 workers.
[PhysX] Initialized MultithreadedTaskDispatcher with 14 workers.
[PhysX] Initialized MultithreadedTaskDispatcher with 14 workers.
 -> (artifact id: '5e0551a2218936a1f0473ad44b7f8328') in 0.0189816 seconds
Number of updated asset objects reloaded before import = 0Number of asset objects unloaded after import = 7

========================================================================
Received Import Request.
  Time since last request: 0.000023 seconds.
  path: Assets/Assets/PolygonFantasyKingdom/Models/SM_Item_Hammer_04.fbx
  artifactKey: Guid(595c557aa3e458c4c9f6030e5eba98eb) Importer(815301076,1909f56bfc062723c751e8b465ee728b)
Start importing Assets/Assets/PolygonFantasyKingdom/Models/SM_Item_Hammer_04.fbx using Guid(595c557aa3e458c4c9f6030e5eba98eb) Importer(815301076,1909f56bfc062723c751e8b465ee728b) (PreviewImporter)[PhysX] Initialized MultithreadedTaskDispatcher with 14 workers.
[PhysX] Initialized MultithreadedTaskDispatcher with 14 workers.
[PhysX] Initialized MultithreadedTaskDispatcher with 14 workers.
 -> (artifact id: '014d1c7fb515732d9cc2d905990584e0') in 0.0198685 seconds
Number of updated asset objects reloaded before import = 0Number of asset objects unloaded after import = 7

========================================================================
Received Import Request.
  Time since last request: 0.000034 seconds.
  path: Assets/Assets/PolygonFantasyKingdom/Models/SM_Prop_Fireworks_01.fbx
  artifactKey: Guid(ffd502ca7ed8ecd418ee2c7306896cf8) Importer(815301076,1909f56bfc062723c751e8b465ee728b)
Start importing Assets/Assets/PolygonFantasyKingdom/Models/SM_Prop_Fireworks_01.fbx using Guid(ffd502ca7ed8ecd418ee2c7306896cf8) Importer(815301076,1909f56bfc062723c751e8b465ee728b) (PreviewImporter)[PhysX] Initialized MultithreadedTaskDispatcher with 14 workers.
[PhysX] Initialized MultithreadedTaskDispatcher with 14 workers.
[PhysX] Initialized MultithreadedTaskDispatcher with 14 workers.
 -> (artifact id: '36636b46743881d4704a09c858f5d9a0') in 0.0211749 seconds
Number of updated asset objects reloaded before import = 0Number of asset objects unloaded after import = 7

========================================================================
Received Import Request.
  Time since last request: 0.000026 seconds.
  path: Assets/Assets/PolygonFantasyKingdom/Models/SM_Prop_Fireworks_08.fbx
  artifactKey: Guid(9f90ed63aee48624c9b65aa2531bac52) Importer(815301076,1909f56bfc062723c751e8b465ee728b)
Start importing Assets/Assets/PolygonFantasyKingdom/Models/SM_Prop_Fireworks_08.fbx using Guid(9f90ed63aee48624c9b65aa2531bac52) Importer(815301076,1909f56bfc062723c751e8b465ee728b) (PreviewImporter)[PhysX] Initialized MultithreadedTaskDispatcher with 14 workers.
[PhysX] Initialized MultithreadedTaskDispatcher with 14 workers.
[PhysX] Initialized MultithreadedTaskDispatcher with 14 workers.
 -> (artifact id: '000c52d6aff67da7ffabd043f6eb220b') in 0.0183555 seconds
Number of updated asset objects reloaded before import = 0Number of asset objects unloaded after import = 7

========================================================================
Received Import Request.
  Time since last request: 0.000022 seconds.
  path: Assets/Assets/PolygonFantasyKingdom/Models/SM_Prop_Pot_02.fbx
  artifactKey: Guid(89a2cbb22ccb68a49b60c62c68adae5c) Importer(815301076,1909f56bfc062723c751e8b465ee728b)
Start importing Assets/Assets/PolygonFantasyKingdom/Models/SM_Prop_Pot_02.fbx using Guid(89a2cbb22ccb68a49b60c62c68adae5c) Importer(815301076,1909f56bfc062723c751e8b465ee728b) (PreviewImporter)[PhysX] Initialized MultithreadedTaskDispatcher with 14 workers.
[PhysX] Initialized MultithreadedTaskDispatcher with 14 workers.
[PhysX] Initialized MultithreadedTaskDispatcher with 14 workers.
 -> (artifact id: 'ea64df612ad46f6cd6fd48c096f67d92') in 0.0192181 seconds
Number of updated asset objects reloaded before import = 0Number of asset objects unloaded after import = 7

========================================================================
Received Import Request.
  Time since last request: 0.000022 seconds.
  path: Assets/Assets/PolygonFantasyKingdom/Models/SM_Prop_Table_Preset_02.fbx
  artifactKey: Guid(858fd88a974fb314d9a2981c46a8942b) Importer(815301076,1909f56bfc062723c751e8b465ee728b)
Start importing Assets/Assets/PolygonFantasyKingdom/Models/SM_Prop_Table_Preset_02.fbx using Guid(858fd88a974fb314d9a2981c46a8942b) Importer(815301076,1909f56bfc062723c751e8b465ee728b) (PreviewImporter)[PhysX] Initialized MultithreadedTaskDispatcher with 14 workers.
[PhysX] Initialized MultithreadedTaskDispatcher with 14 workers.
[PhysX] Initialized MultithreadedTaskDispatcher with 14 workers.
 -> (artifact id: '8c9b057fc0ecc4a2e8bb4d7f1754f533') in 0.0198517 seconds
Number of updated asset objects reloaded before import = 0Number of asset objects unloaded after import = 7

========================================================================
Received Import Request.
  Time since last request: 0.000025 seconds.
  path: Assets/Assets/PolygonFantasyKingdom/Models/SM_Prop_Sign_Chain_01.fbx
  artifactKey: Guid(17ec0471c155a8e43a18af1856a5f61a) Importer(815301076,1909f56bfc062723c751e8b465ee728b)
Start importing Assets/Assets/PolygonFantasyKingdom/Models/SM_Prop_Sign_Chain_01.fbx using Guid(17ec0471c155a8e43a18af1856a5f61a) Importer(815301076,1909f56bfc062723c751e8b465ee728b) (PreviewImporter)[PhysX] Initialized MultithreadedTaskDispatcher with 14 workers.
[PhysX] Initialized MultithreadedTaskDispatcher with 14 workers.
[PhysX] Initialized MultithreadedTaskDispatcher with 14 workers.
 -> (artifact id: '74ebd10579307cee4b1411da1d6c8812') in 0.019834 seconds
Number of updated asset objects reloaded before import = 0Number of asset objects unloaded after import = 7

========================================================================
Received Import Request.
  Time since last request: 0.000032 seconds.
  path: Assets/Assets/PolygonFantasyKingdom/Models/SM_Wep_Mod_Spear_Head_04.fbx
  artifactKey: Guid(f30f5cfdc9419784287841887995ccce) Importer(815301076,1909f56bfc062723c751e8b465ee728b)
Start importing Assets/Assets/PolygonFantasyKingdom/Models/SM_Wep_Mod_Spear_Head_04.fbx using Guid(f30f5cfdc9419784287841887995ccce) Importer(815301076,1909f56bfc062723c751e8b465ee728b) (PreviewImporter)[PhysX] Initialized MultithreadedTaskDispatcher with 14 workers.
[PhysX] Initialized MultithreadedTaskDispatcher with 14 workers.
[PhysX] Initialized MultithreadedTaskDispatcher with 14 workers.
 -> (artifact id: '38ff39e68a5a9aec27218305114f92ac') in 0.0176813 seconds
Number of updated asset objects reloaded before import = 0Number of asset objects unloaded after import = 7

========================================================================
Received Import Request.
  Time since last request: 0.000020 seconds.
  path: Assets/Assets/PolygonFantasyKingdom/Models/SM_Prop_Table_Fancy_03.fbx
  artifactKey: Guid(2483917b45c01d847af779f40ab79981) Importer(815301076,1909f56bfc062723c751e8b465ee728b)
Start importing Assets/Assets/PolygonFantasyKingdom/Models/SM_Prop_Table_Fancy_03.fbx using Guid(2483917b45c01d847af779f40ab79981) Importer(815301076,1909f56bfc062723c751e8b465ee728b) (PreviewImporter)[PhysX] Initialized MultithreadedTaskDispatcher with 14 workers.
[PhysX] Initialized MultithreadedTaskDispatcher with 14 workers.
[PhysX] Initialized MultithreadedTaskDispatcher with 14 workers.
 -> (artifact id: '99958557f074faee7cbdbc6e347b4447') in 0.020051 seconds
Number of updated asset objects reloaded before import = 0Number of asset objects unloaded after import = 7

========================================================================
Received Import Request.
  Time since last request: 0.000021 seconds.
  path: Assets/Assets/PolygonFantasyKingdom/Models/SM_Wep_Dagger_06.fbx
  artifactKey: Guid(91e60d8009c161f459b43d78c4134b47) Importer(815301076,1909f56bfc062723c751e8b465ee728b)
Start importing Assets/Assets/PolygonFantasyKingdom/Models/SM_Wep_Dagger_06.fbx using Guid(91e60d8009c161f459b43d78c4134b47) Importer(815301076,1909f56bfc062723c751e8b465ee728b) (PreviewImporter)[PhysX] Initialized MultithreadedTaskDispatcher with 14 workers.
[PhysX] Initialized MultithreadedTaskDispatcher with 14 workers.
[PhysX] Initialized MultithreadedTaskDispatcher with 14 workers.
 -> (artifact id: '6f1c56ab44c621e9f94a5f90ce5fdd5d') in 0.0214682 seconds
Number of updated asset objects reloaded before import = 0Number of asset objects unloaded after import = 7

========================================================================
Received Import Request.
  Time since last request: 0.000025 seconds.
  path: Assets/Assets/PolygonFantasyKingdom/Models/SM_Item_Meat_Turkey_Raw_01.fbx
  artifactKey: Guid(627135715d527064b95c81b3745d7280) Importer(815301076,1909f56bfc062723c751e8b465ee728b)
Start importing Assets/Assets/PolygonFantasyKingdom/Models/SM_Item_Meat_Turkey_Raw_01.fbx using Guid(627135715d527064b95c81b3745d7280) Importer(815301076,1909f56bfc062723c751e8b465ee728b) (PreviewImporter)[PhysX] Initialized MultithreadedTaskDispatcher with 14 workers.
[PhysX] Initialized MultithreadedTaskDispatcher with 14 workers.
[PhysX] Initialized MultithreadedTaskDispatcher with 14 workers.
 -> (artifact id: '1d1964d73715b7f37d5c296af62038a9') in 0.0203175 seconds
Number of updated asset objects reloaded before import = 0Number of asset objects unloaded after import = 7

========================================================================
Received Import Request.
  Time since last request: 0.000022 seconds.
  path: Assets/Assets/PolygonFantasyKingdom/Models/SM_Wep_Mod_Sword_Hilt_03.fbx
  artifactKey: Guid(d0d978555a33aa44aa51b6a4f3d0814f) Importer(815301076,1909f56bfc062723c751e8b465ee728b)
Start importing Assets/Assets/PolygonFantasyKingdom/Models/SM_Wep_Mod_Sword_Hilt_03.fbx using Guid(d0d978555a33aa44aa51b6a4f3d0814f) Importer(815301076,1909f56bfc062723c751e8b465ee728b) (PreviewImporter)[PhysX] Initialized MultithreadedTaskDispatcher with 14 workers.
[PhysX] Initialized MultithreadedTaskDispatcher with 14 workers.
[PhysX] Initialized MultithreadedTaskDispatcher with 14 workers.
 -> (artifact id: 'c93a5de163066ebf4fcaf24e117c276c') in 0.0164735 seconds
Number of updated asset objects reloaded before import = 0Number of asset objects unloaded after import = 7

========================================================================
Received Import Request.
  Time since last request: 0.000034 seconds.
  path: Assets/Assets/PolygonFantasyKingdom/Models/SM_Veh_Cart_Fireworks_01.fbx
  artifactKey: Guid(74de638f9e45a5846ab6e6e2ec87cba6) Importer(815301076,1909f56bfc062723c751e8b465ee728b)
Start importing Assets/Assets/PolygonFantasyKingdom/Models/SM_Veh_Cart_Fireworks_01.fbx using Guid(74de638f9e45a5846ab6e6e2ec87cba6) Importer(815301076,1909f56bfc062723c751e8b465ee728b) (PreviewImporter)[PhysX] Initialized MultithreadedTaskDispatcher with 14 workers.
[PhysX] Initialized MultithreadedTaskDispatcher with 14 workers.
[PhysX] Initialized MultithreadedTaskDispatcher with 14 workers.
[PhysX] Initialized MultithreadedTaskDispatcher with 14 workers.
[PhysX] Initialized MultithreadedTaskDispatcher with 14 workers.
 -> (artifact id: '95c683b239f94e13e0dbc560fd223e27') in 0.0306213 seconds
Number of updated asset objects reloaded before import = 0Number of asset objects unloaded after import = 12

========================================================================
Received Import Request.
  Time since last request: 0.000023 seconds.
  path: Assets/Assets/PolygonFantasyKingdom/Models/SM_Wep_Knife_02.fbx
  artifactKey: Guid(66a670426360a4f48aab0d3a4d3d8a6b) Importer(815301076,1909f56bfc062723c751e8b465ee728b)
Start importing Assets/Assets/PolygonFantasyKingdom/Models/SM_Wep_Knife_02.fbx using Guid(66a670426360a4f48aab0d3a4d3d8a6b) Importer(815301076,1909f56bfc062723c751e8b465ee728b) (PreviewImporter)[PhysX] Initialized MultithreadedTaskDispatcher with 14 workers.
[PhysX] Initialized MultithreadedTaskDispatcher with 14 workers.
[PhysX] Initialized MultithreadedTaskDispatcher with 14 workers.
 -> (artifact id: 'cce193e043e1e5248ec70b570097dd4b') in 0.0191384 seconds
Number of updated asset objects reloaded before import = 0Number of asset objects unloaded after import = 7

========================================================================
Received Import Request.
  Time since last request: 0.000025 seconds.
  path: Assets/Assets/PolygonFantasyKingdom/Models/SM_Item_Meat_Fish_02.fbx
  artifactKey: Guid(47b040f600a933f49a46a01f0d87c577) Importer(815301076,1909f56bfc062723c751e8b465ee728b)
Start importing Assets/Assets/PolygonFantasyKingdom/Models/SM_Item_Meat_Fish_02.fbx using Guid(47b040f600a933f49a46a01f0d87c577) Importer(815301076,1909f56bfc062723c751e8b465ee728b) (PreviewImporter)[PhysX] Initialized MultithreadedTaskDispatcher with 14 workers.
[PhysX] Initialized MultithreadedTaskDispatcher with 14 workers.
[PhysX] Initialized MultithreadedTaskDispatcher with 14 workers.
 -> (artifact id: '554b793c8b7cecba349b2a7c4ef09ff4') in 0.0186961 seconds
Number of updated asset objects reloaded before import = 0Number of asset objects unloaded after import = 7

========================================================================
Received Import Request.
  Time since last request: 0.000025 seconds.
  path: Assets/Assets/PolygonFantasyKingdom/Models/SM_Bld_House_Roof_Thatch_Corner_01.fbx
  artifactKey: Guid(79624eb34931fef489e331d99a04d1d1) Importer(815301076,1909f56bfc062723c751e8b465ee728b)
Start importing Assets/Assets/PolygonFantasyKingdom/Models/SM_Bld_House_Roof_Thatch_Corner_01.fbx using Guid(79624eb34931fef489e331d99a04d1d1) Importer(815301076,1909f56bfc062723c751e8b465ee728b) (PreviewImporter)[PhysX] Initialized MultithreadedTaskDispatcher with 14 workers.
[PhysX] Initialized MultithreadedTaskDispatcher with 14 workers.
[PhysX] Initialized MultithreadedTaskDispatcher with 14 workers.
 -> (artifact id: '93d9d09f4124ddac3e9107defe7f24bd') in 0.0183263 seconds
Number of updated asset objects reloaded before import = 0Number of asset objects unloaded after import = 7

========================================================================
Received Import Request.
  Time since last request: 0.000033 seconds.
  path: Assets/Assets/PolygonFantasyKingdom/Models/SM_Prop_Pumpkin_02.fbx
  artifactKey: Guid(cce693dde7936df4fa312a327d38c1e1) Importer(815301076,1909f56bfc062723c751e8b465ee728b)
Start importing Assets/Assets/PolygonFantasyKingdom/Models/SM_Prop_Pumpkin_02.fbx using Guid(cce693dde7936df4fa312a327d38c1e1) Importer(815301076,1909f56bfc062723c751e8b465ee728b) (PreviewImporter)[PhysX] Initialized MultithreadedTaskDispatcher with 14 workers.
[PhysX] Initialized MultithreadedTaskDispatcher with 14 workers.
[PhysX] Initialized MultithreadedTaskDispatcher with 14 workers.
 -> (artifact id: '6fd21cfd86b1871b09404513bd5792e7') in 0.0163548 seconds
Number of updated asset objects reloaded before import = 0Number of asset objects unloaded after import = 7

========================================================================
Received Import Request.
  Time since last request: 0.000035 seconds.
  path: Assets/Assets/PolygonFantasyKingdom/Models/SM_Prop_Wood_Pile_01.fbx
  artifactKey: Guid(21b0196472a30e348aacba5c3ee2e43d) Importer(815301076,1909f56bfc062723c751e8b465ee728b)
Start importing Assets/Assets/PolygonFantasyKingdom/Models/SM_Prop_Wood_Pile_01.fbx using Guid(21b0196472a30e348aacba5c3ee2e43d) Importer(815301076,1909f56bfc062723c751e8b465ee728b) (PreviewImporter)[PhysX] Initialized MultithreadedTaskDispatcher with 14 workers.
[PhysX] Initialized MultithreadedTaskDispatcher with 14 workers.
[PhysX] Initialized MultithreadedTaskDispatcher with 14 workers.
 -> (artifact id: 'e6b215e1453209776f58db158f5355b6') in 0.0172307 seconds
Number of updated asset objects reloaded before import = 0Number of asset objects unloaded after import = 7

========================================================================
Received Import Request.
  Time since last request: 0.000024 seconds.
  path: Assets/Assets/PolygonFantasyKingdom/Models/SM_Prop_Weapon_Rack_02.fbx
  artifactKey: Guid(4336174a3091349468cd2af17aaeec9b) Importer(815301076,1909f56bfc062723c751e8b465ee728b)
Start importing Assets/Assets/PolygonFantasyKingdom/Models/SM_Prop_Weapon_Rack_02.fbx using Guid(4336174a3091349468cd2af17aaeec9b) Importer(815301076,1909f56bfc062723c751e8b465ee728b) (PreviewImporter)[PhysX] Initialized MultithreadedTaskDispatcher with 14 workers.
[PhysX] Initialized MultithreadedTaskDispatcher with 14 workers.
[PhysX] Initialized MultithreadedTaskDispatcher with 14 workers.
 -> (artifact id: 'f91a6198969f592084533e90c89de14c') in 0.0191426 seconds
Number of updated asset objects reloaded before import = 0Number of asset objects unloaded after import = 7

========================================================================
Received Import Request.
  Time since last request: 0.000026 seconds.
  path: Assets/Assets/PolygonFantasyKingdom/Models/SM_Wep_Mace_03.fbx
  artifactKey: Guid(36f8487e35319c345b724c432f423504) Importer(815301076,1909f56bfc062723c751e8b465ee728b)
Start importing Assets/Assets/PolygonFantasyKingdom/Models/SM_Wep_Mace_03.fbx using Guid(36f8487e35319c345b724c432f423504) Importer(815301076,1909f56bfc062723c751e8b465ee728b) (PreviewImporter)[PhysX] Initialized MultithreadedTaskDispatcher with 14 workers.
[PhysX] Initialized MultithreadedTaskDispatcher with 14 workers.
[PhysX] Initialized MultithreadedTaskDispatcher with 14 workers.
 -> (artifact id: 'f5b292814b62d9ae8181ecc61563ba13') in 0.0171309 seconds
Number of updated asset objects reloaded before import = 0Number of asset objects unloaded after import = 7

========================================================================
Received Import Request.
  Time since last request: 0.000022 seconds.
  path: Assets/Assets/PolygonFantasyKingdom/Models/SM_Wep_IcePick_02.fbx
  artifactKey: Guid(4c591b7e07097994b905ad92a95fc2a2) Importer(815301076,1909f56bfc062723c751e8b465ee728b)
Start importing Assets/Assets/PolygonFantasyKingdom/Models/SM_Wep_IcePick_02.fbx using Guid(4c591b7e07097994b905ad92a95fc2a2) Importer(815301076,1909f56bfc062723c751e8b465ee728b) (PreviewImporter)[PhysX] Initialized MultithreadedTaskDispatcher with 14 workers.
[PhysX] Initialized MultithreadedTaskDispatcher with 14 workers.
[PhysX] Initialized MultithreadedTaskDispatcher with 14 workers.
 -> (artifact id: 'c9517f7ecd2d7eeb79248e21950d9e62') in 0.0185947 seconds
Number of updated asset objects reloaded before import = 0Number of asset objects unloaded after import = 7

========================================================================
Received Import Request.
  Time since last request: 0.000023 seconds.
  path: Assets/Assets/PolygonFantasyKingdom/Models/SM_Prop_Sign_Bracket_07.fbx
  artifactKey: Guid(afba5a427be24414abdc727e489bf688) Importer(815301076,1909f56bfc062723c751e8b465ee728b)
Start importing Assets/Assets/PolygonFantasyKingdom/Models/SM_Prop_Sign_Bracket_07.fbx using Guid(afba5a427be24414abdc727e489bf688) Importer(815301076,1909f56bfc062723c751e8b465ee728b) (PreviewImporter)[PhysX] Initialized MultithreadedTaskDispatcher with 14 workers.
[PhysX] Initialized MultithreadedTaskDispatcher with 14 workers.
[PhysX] Initialized MultithreadedTaskDispatcher with 14 workers.
 -> (artifact id: 'e7108a18bea49c99cbeec95ae10ff527') in 0.0186338 seconds
Number of updated asset objects reloaded before import = 0Number of asset objects unloaded after import = 7

========================================================================
Received Import Request.
  Time since last request: 0.000028 seconds.
  path: Assets/Assets/PolygonFantasyKingdom/Models/SM_Prop_Table_Log_01.fbx
  artifactKey: Guid(b96282b92e47a8941a58de2421385ba1) Importer(815301076,1909f56bfc062723c751e8b465ee728b)
Start importing Assets/Assets/PolygonFantasyKingdom/Models/SM_Prop_Table_Log_01.fbx using Guid(b96282b92e47a8941a58de2421385ba1) Importer(815301076,1909f56bfc062723c751e8b465ee728b) (PreviewImporter)[PhysX] Initialized MultithreadedTaskDispatcher with 14 workers.
[PhysX] Initialized MultithreadedTaskDispatcher with 14 workers.
[PhysX] Initialized MultithreadedTaskDispatcher with 14 workers.
 -> (artifact id: '4b0b83b9bdc683d33f75ea5174a4afc9') in 0.0202677 seconds
Number of updated asset objects reloaded before import = 0Number of asset objects unloaded after import = 7

========================================================================
Received Import Request.
  Time since last request: 0.000037 seconds.
  path: Assets/Assets/PolygonFantasyKingdom/Models/SM_Wep_Elephant_Gun_01.fbx
  artifactKey: Guid(2124ed22d8fc14b42a4d50e55cfdbef4) Importer(815301076,1909f56bfc062723c751e8b465ee728b)
Start importing Assets/Assets/PolygonFantasyKingdom/Models/SM_Wep_Elephant_Gun_01.fbx using Guid(2124ed22d8fc14b42a4d50e55cfdbef4) Importer(815301076,1909f56bfc062723c751e8b465ee728b) (PreviewImporter)[PhysX] Initialized MultithreadedTaskDispatcher with 14 workers.
[PhysX] Initialized MultithreadedTaskDispatcher with 14 workers.
[PhysX] Initialized MultithreadedTaskDispatcher with 14 workers.
[PhysX] Initialized MultithreadedTaskDispatcher with 14 workers.
[PhysX] Initialized MultithreadedTaskDispatcher with 14 workers.
[PhysX] Initialized MultithreadedTaskDispatcher with 14 workers.
[PhysX] Initialized MultithreadedTaskDispatcher with 14 workers.
 -> (artifact id: '40282198d25788fedabf094d78d0a0f1') in 0.0334051 seconds
Number of updated asset objects reloaded before import = 0Number of asset objects unloaded after import = 17

========================================================================
Received Import Request.
  Time since last request: 0.000024 seconds.
  path: Assets/Assets/PolygonFantasyKingdom/Models/SM_Item_Pie_01.fbx
  artifactKey: Guid(c681d115ff868d2478166eabdadb6eef) Importer(815301076,1909f56bfc062723c751e8b465ee728b)
Start importing Assets/Assets/PolygonFantasyKingdom/Models/SM_Item_Pie_01.fbx using Guid(c681d115ff868d2478166eabdadb6eef) Importer(815301076,1909f56bfc062723c751e8b465ee728b) (PreviewImporter)[PhysX] Initialized MultithreadedTaskDispatcher with 14 workers.
[PhysX] Initialized MultithreadedTaskDispatcher with 14 workers.
[PhysX] Initialized MultithreadedTaskDispatcher with 14 workers.
 -> (artifact id: 'ef92b3989e32ccc927894c21c33bd7e8') in 0.018278 seconds
Number of updated asset objects reloaded before import = 0Number of asset objects unloaded after import = 7

========================================================================
Received Import Request.
  Time since last request: 0.000025 seconds.
  path: Assets/Assets/PolygonFantasyKingdom/Models/SM_Prop_Pot_Spice_01.fbx
  artifactKey: Guid(2d96de0fa2072f649b5aef05777ed7eb) Importer(815301076,1909f56bfc062723c751e8b465ee728b)
Start importing Assets/Assets/PolygonFantasyKingdom/Models/SM_Prop_Pot_Spice_01.fbx using Guid(2d96de0fa2072f649b5aef05777ed7eb) Importer(815301076,1909f56bfc062723c751e8b465ee728b) (PreviewImporter)[PhysX] Initialized MultithreadedTaskDispatcher with 14 workers.
[PhysX] Initialized MultithreadedTaskDispatcher with 14 workers.
[PhysX] Initialized MultithreadedTaskDispatcher with 14 workers.
 -> (artifact id: 'a50e316ede26d30f7818373a9bf73a79') in 0.0221204 seconds
Number of updated asset objects reloaded before import = 0Number of asset objects unloaded after import = 7

========================================================================
Received Import Request.
  Time since last request: 0.000022 seconds.
  path: Assets/Assets/PolygonFantasyKingdom/Models/SM_Bld_House_Roof_Plinth_03.fbx
  artifactKey: Guid(2f72f2e7bb2a4ed439d7ce4e04e8173b) Importer(815301076,1909f56bfc062723c751e8b465ee728b)
Start importing Assets/Assets/PolygonFantasyKingdom/Models/SM_Bld_House_Roof_Plinth_03.fbx using Guid(2f72f2e7bb2a4ed439d7ce4e04e8173b) Importer(815301076,1909f56bfc062723c751e8b465ee728b) (PreviewImporter)[PhysX] Initialized MultithreadedTaskDispatcher with 14 workers.
[PhysX] Initialized MultithreadedTaskDispatcher with 14 workers.
[PhysX] Initialized MultithreadedTaskDispatcher with 14 workers.
 -> (artifact id: '42ca6f9f4ef1f9d20023761c994e4379') in 0.0198961 seconds
Number of updated asset objects reloaded before import = 0Number of asset objects unloaded after import = 7

========================================================================
Received Import Request.
  Time since last request: 0.000026 seconds.
  path: Assets/Assets/PolygonFantasyKingdom/Models/SM_Bld_House_Floor_Wood_04.fbx
  artifactKey: Guid(e563532ada440524488673a70abe90e8) Importer(815301076,1909f56bfc062723c751e8b465ee728b)
Start importing Assets/Assets/PolygonFantasyKingdom/Models/SM_Bld_House_Floor_Wood_04.fbx using Guid(e563532ada440524488673a70abe90e8) Importer(815301076,1909f56bfc062723c751e8b465ee728b) (PreviewImporter)[PhysX] Initialized MultithreadedTaskDispatcher with 14 workers.
[PhysX] Initialized MultithreadedTaskDispatcher with 14 workers.
[PhysX] Initialized MultithreadedTaskDispatcher with 14 workers.
 -> (artifact id: '225870bf43b44786c618fbe55c4d7100') in 0.0196811 seconds
Number of updated asset objects reloaded before import = 0Number of asset objects unloaded after import = 7

========================================================================
Received Import Request.
  Time since last request: 0.000035 seconds.
  path: Assets/Assets/PolygonFantasyKingdom/Models/SM_Wep_Shield_02.fbx
  artifactKey: Guid(e2b395c537782434993e8f5f3a7637ba) Importer(815301076,1909f56bfc062723c751e8b465ee728b)
Start importing Assets/Assets/PolygonFantasyKingdom/Models/SM_Wep_Shield_02.fbx using Guid(e2b395c537782434993e8f5f3a7637ba) Importer(815301076,1909f56bfc062723c751e8b465ee728b) (PreviewImporter)[PhysX] Initialized MultithreadedTaskDispatcher with 14 workers.
[PhysX] Initialized MultithreadedTaskDispatcher with 14 workers.
[PhysX] Initialized MultithreadedTaskDispatcher with 14 workers.
 -> (artifact id: '3a1f35c51c5d5ba58e1ec23bc84a2874') in 0.0180646 seconds
Number of updated asset objects reloaded before import = 0Number of asset objects unloaded after import = 7

========================================================================
Received Import Request.
  Time since last request: 0.000023 seconds.
  path: Assets/Assets/PolygonFantasyKingdom/Models/SM_Prop_Spike_Wall_02.fbx
  artifactKey: Guid(c757ea12a0ab79444ad80f4b183a6dae) Importer(815301076,1909f56bfc062723c751e8b465ee728b)
Start importing Assets/Assets/PolygonFantasyKingdom/Models/SM_Prop_Spike_Wall_02.fbx using Guid(c757ea12a0ab79444ad80f4b183a6dae) Importer(815301076,1909f56bfc062723c751e8b465ee728b) (PreviewImporter)[PhysX] Initialized MultithreadedTaskDispatcher with 14 workers.
[PhysX] Initialized MultithreadedTaskDispatcher with 14 workers.
[PhysX] Initialized MultithreadedTaskDispatcher with 14 workers.
 -> (artifact id: '916536ef00657b9eb45a2893864d448e') in 0.0192842 seconds
Number of updated asset objects reloaded before import = 0Number of asset objects unloaded after import = 7

========================================================================
Received Import Request.
  Time since last request: 0.000021 seconds.
  path: Assets/Assets/PolygonFantasyKingdom/Models/SM_Bld_House_Floor_Wood_02.fbx
  artifactKey: Guid(b52b81b030ecb374b8bd4d13693f428d) Importer(815301076,1909f56bfc062723c751e8b465ee728b)
Start importing Assets/Assets/PolygonFantasyKingdom/Models/SM_Bld_House_Floor_Wood_02.fbx using Guid(b52b81b030ecb374b8bd4d13693f428d) Importer(815301076,1909f56bfc062723c751e8b465ee728b) (PreviewImporter)[PhysX] Initialized MultithreadedTaskDispatcher with 14 workers.
[PhysX] Initialized MultithreadedTaskDispatcher with 14 workers.
[PhysX] Initialized MultithreadedTaskDispatcher with 14 workers.
 -> (artifact id: '98748a1b0d9210fda4f39d2d19f48c08') in 0.018899 seconds
Number of updated asset objects reloaded before import = 0Number of asset objects unloaded after import = 7

========================================================================
Received Import Request.
  Time since last request: 0.000023 seconds.
  path: Assets/Assets/PolygonFantasyKingdom/Models/SM_Prop_Flag_Pole_02.fbx
  artifactKey: Guid(065887b5b0665dc4d968701b7764bb9f) Importer(815301076,1909f56bfc062723c751e8b465ee728b)
Start importing Assets/Assets/PolygonFantasyKingdom/Models/SM_Prop_Flag_Pole_02.fbx using Guid(065887b5b0665dc4d968701b7764bb9f) Importer(815301076,1909f56bfc062723c751e8b465ee728b) (PreviewImporter)[PhysX] Initialized MultithreadedTaskDispatcher with 14 workers.
[PhysX] Initialized MultithreadedTaskDispatcher with 14 workers.
[PhysX] Initialized MultithreadedTaskDispatcher with 14 workers.
 -> (artifact id: '25a05ff1c646811ef44d5ce25a6f8b7c') in 0.017742 seconds
Number of updated asset objects reloaded before import = 0Number of asset objects unloaded after import = 7

========================================================================
Received Import Request.
  Time since last request: 0.000026 seconds.
  path: Assets/Assets/PolygonFantasyKingdom/Models/SM_Prop_Sink_01.fbx
  artifactKey: Guid(11e564506bd362c4496d12166063d946) Importer(815301076,1909f56bfc062723c751e8b465ee728b)
Start importing Assets/Assets/PolygonFantasyKingdom/Models/SM_Prop_Sink_01.fbx using Guid(11e564506bd362c4496d12166063d946) Importer(815301076,1909f56bfc062723c751e8b465ee728b) (PreviewImporter)[PhysX] Initialized MultithreadedTaskDispatcher with 14 workers.
[PhysX] Initialized MultithreadedTaskDispatcher with 14 workers.
[PhysX] Initialized MultithreadedTaskDispatcher with 14 workers.
 -> (artifact id: '9d2d658c553e8bc483996e1bc5d3ce29') in 0.0171408 seconds
Number of updated asset objects reloaded before import = 0Number of asset objects unloaded after import = 7

========================================================================
Received Import Request.
  Time since last request: 0.000032 seconds.
  path: Assets/Assets/PolygonFantasyKingdom/Models/SM_Item_Necklace_Flat_01.fbx
  artifactKey: Guid(3858bdcb8b9cc0e48ac002271ed74e57) Importer(815301076,1909f56bfc062723c751e8b465ee728b)
Start importing Assets/Assets/PolygonFantasyKingdom/Models/SM_Item_Necklace_Flat_01.fbx using Guid(3858bdcb8b9cc0e48ac002271ed74e57) Importer(815301076,1909f56bfc062723c751e8b465ee728b) (PreviewImporter)[PhysX] Initialized MultithreadedTaskDispatcher with 14 workers.
[PhysX] Initialized MultithreadedTaskDispatcher with 14 workers.
[PhysX] Initialized MultithreadedTaskDispatcher with 14 workers.
 -> (artifact id: '09703c53912c75605da73b9b62dbc955') in 0.0179441 seconds
Number of updated asset objects reloaded before import = 0Number of asset objects unloaded after import = 7

========================================================================
Received Import Request.
  Time since last request: 0.000022 seconds.
  path: Assets/Assets/PolygonFantasyKingdom/Models/SM_Prop_Rug_06.fbx
  artifactKey: Guid(0d60a19361e13b947a1f84830695c2da) Importer(815301076,1909f56bfc062723c751e8b465ee728b)
Start importing Assets/Assets/PolygonFantasyKingdom/Models/SM_Prop_Rug_06.fbx using Guid(0d60a19361e13b947a1f84830695c2da) Importer(815301076,1909f56bfc062723c751e8b465ee728b) (PreviewImporter)[PhysX] Initialized MultithreadedTaskDispatcher with 14 workers.
[PhysX] Initialized MultithreadedTaskDispatcher with 14 workers.
[PhysX] Initialized MultithreadedTaskDispatcher with 14 workers.
 -> (artifact id: 'fff030f9f85511203f95dd7cff6a51f7') in 0.0210209 seconds
Number of updated asset objects reloaded before import = 0Number of asset objects unloaded after import = 7

========================================================================
Received Import Request.
  Time since last request: 9.077647 seconds.
  path: Assets/Assets/PolygonFantasyKingdom/Models/Bonus/SM_Env_Tree_Burnt_02.fbx
  artifactKey: Guid(b1c263d02dcd0634f9ec1af15ce29ba6) Importer(815301076,1909f56bfc062723c751e8b465ee728b)
Start importing Assets/Assets/PolygonFantasyKingdom/Models/Bonus/SM_Env_Tree_Burnt_02.fbx using Guid(b1c263d02dcd0634f9ec1af15ce29ba6) Importer(815301076,1909f56bfc062723c751e8b465ee728b) (PreviewImporter)[PhysX] Initialized MultithreadedTaskDispatcher with 14 workers.
[PhysX] Initialized MultithreadedTaskDispatcher with 14 workers.
[PhysX] Initialized MultithreadedTaskDispatcher with 14 workers.
 -> (artifact id: 'a8311fd545659606fbfa37361fdf56af') in 0.0150223 seconds
Number of updated asset objects reloaded before import = 0Number of asset objects unloaded after import = 7

========================================================================
Received Import Request.
  Time since last request: 0.000021 seconds.
  path: Assets/Assets/PolygonFantasyKingdom/Models/Bonus/SM_Item_Key_01.fbx
  artifactKey: Guid(aec5792100f4af94497c0ce890cfc686) Importer(815301076,1909f56bfc062723c751e8b465ee728b)
Start importing Assets/Assets/PolygonFantasyKingdom/Models/Bonus/SM_Item_Key_01.fbx using Guid(aec5792100f4af94497c0ce890cfc686) Importer(815301076,1909f56bfc062723c751e8b465ee728b) (PreviewImporter)[PhysX] Initialized MultithreadedTaskDispatcher with 14 workers.
[PhysX] Initialized MultithreadedTaskDispatcher with 14 workers.
[PhysX] Initialized MultithreadedTaskDispatcher with 14 workers.
 -> (artifact id: '361cddb3155b57e891bed80930320cf3') in 0.0151122 seconds
Number of updated asset objects reloaded before import = 0Number of asset objects unloaded after import = 7

========================================================================
Received Import Request.
  Time since last request: 0.000024 seconds.
  path: Assets/Assets/PolygonFantasyKingdom/Models/Bonus/SM_Item_Lock_01.fbx
  artifactKey: Guid(8f0633d4db6315348954604a0b611349) Importer(815301076,1909f56bfc062723c751e8b465ee728b)
Start importing Assets/Assets/PolygonFantasyKingdom/Models/Bonus/SM_Item_Lock_01.fbx using Guid(8f0633d4db6315348954604a0b611349) Importer(815301076,1909f56bfc062723c751e8b465ee728b) (PreviewImporter)[PhysX] Initialized MultithreadedTaskDispatcher with 14 workers.
[PhysX] Initialized MultithreadedTaskDispatcher with 14 workers.
[PhysX] Initialized MultithreadedTaskDispatcher with 14 workers.
[PhysX] Initialized MultithreadedTaskDispatcher with 14 workers.
[PhysX] Initialized MultithreadedTaskDispatcher with 14 workers.
 -> (artifact id: 'cd2e9f86feba44f65ac7a7842bf6f321') in 0.0242971 seconds
Number of updated asset objects reloaded before import = 0Number of asset objects unloaded after import = 12

========================================================================
Received Import Request.
  Time since last request: 0.000025 seconds.
  path: Assets/Assets/PolygonFantasyKingdom/Models/Bonus/SM_Prop_Gravestone_Broken_02.fbx
  artifactKey: Guid(d8aa8e5c734c57946a686826f1c1c505) Importer(815301076,1909f56bfc062723c751e8b465ee728b)
Start importing Assets/Assets/PolygonFantasyKingdom/Models/Bonus/SM_Prop_Gravestone_Broken_02.fbx using Guid(d8aa8e5c734c57946a686826f1c1c505) Importer(815301076,1909f56bfc062723c751e8b465ee728b) (PreviewImporter)[PhysX] Initialized MultithreadedTaskDispatcher with 14 workers.
[PhysX] Initialized MultithreadedTaskDispatcher with 14 workers.
[PhysX] Initialized MultithreadedTaskDispatcher with 14 workers.
 -> (artifact id: '5b4a17262675f57b8fe1e728ca96d430') in 0.0175642 seconds
Number of updated asset objects reloaded before import = 0Number of asset objects unloaded after import = 7

========================================================================
Received Import Request.
  Time since last request: 0.000031 seconds.
  path: Assets/Assets/PolygonFantasyKingdom/Models/Bonus/SM_Prop_Scarecrow_01.fbx
  artifactKey: Guid(e4d384a23cb839e4482c79adbc00011b) Importer(815301076,1909f56bfc062723c751e8b465ee728b)
Start importing Assets/Assets/PolygonFantasyKingdom/Models/Bonus/SM_Prop_Scarecrow_01.fbx using Guid(e4d384a23cb839e4482c79adbc00011b) Importer(815301076,1909f56bfc062723c751e8b465ee728b) (PreviewImporter)[PhysX] Initialized MultithreadedTaskDispatcher with 14 workers.
[PhysX] Initialized MultithreadedTaskDispatcher with 14 workers.
[PhysX] Initialized MultithreadedTaskDispatcher with 14 workers.
 -> (artifact id: '572373f9d22c9564b92be56e8cd166c7') in 0.0188199 seconds
Number of updated asset objects reloaded before import = 0Number of asset objects unloaded after import = 7

Editor requested this worker to shutdown with reason: Scaling down because of idle timeout
AssetImportWorker is now disconnected from the server
Process exiting
Exiting without the bug reporter. Application will terminate with return code 0