Using pre-set license
Built from 'trunk' branch; Version is '6000.0.2f1 (c36be92430b9) revision 12807145'; Using compiler version '193933522'; Build Type 'Release'
OS: 'Windows 11  (10.0.22631) 64bit Core' Language: 'en' Physical Memory: 65384 MB
BatchMode: 1, IsHumanControllingUs: 0, StartBugReporterOnCrash: 0, Is64bit: 1, IsPro: 1

COMMAND LINE ARGUMENTS:
C:\Program Files\Unity\Hub\Editor\6000.0.2f1\Editor\Unity.exe
-adb2
-batchMode
-noUpm
-name
AssetImportWorker16
-projectPath
D:/UnityProjects/AI-RPG/AI-RPG
-logFile
Logs/AssetImportWorker16.log
-srvPort
60466
-job-worker-count
9
-background-job-worker-count
8
-asset-garbage-collectors
1
Successfully changed project path to: D:/UnityProjects/AI-RPG/AI-RPG
D:/UnityProjects/AI-RPG/AI-RPG
[UnityMemory] Configuration Parameters - Can be set up in boot.config
    "memorysetup-bucket-allocator-granularity=16"
    "memorysetup-bucket-allocator-bucket-count=8"
    "memorysetup-bucket-allocator-block-size=33554432"
    "memorysetup-bucket-allocator-block-count=8"
    "memorysetup-main-allocator-block-size=16777216"
    "memorysetup-thread-allocator-block-size=16777216"
    "memorysetup-gfx-main-allocator-block-size=16777216"
    "memorysetup-gfx-thread-allocator-block-size=16777216"
    "memorysetup-cache-allocator-block-size=4194304"
    "memorysetup-typetree-allocator-block-size=2097152"
    "memorysetup-profiler-bucket-allocator-granularity=16"
    "memorysetup-profiler-bucket-allocator-bucket-count=8"
    "memorysetup-profiler-bucket-allocator-block-size=33554432"
    "memorysetup-profiler-bucket-allocator-block-count=8"
    "memorysetup-profiler-allocator-block-size=16777216"
    "memorysetup-profiler-editor-allocator-block-size=1048576"
    "memorysetup-temp-allocator-size-main=16777216"
    "memorysetup-job-temp-allocator-block-size=2097152"
    "memorysetup-job-temp-allocator-block-size-background=1048576"
    "memorysetup-job-temp-allocator-reduction-small-platforms=262144"
    "memorysetup-allocator-temp-initial-block-size-main=262144"
    "memorysetup-allocator-temp-initial-block-size-worker=262144"
    "memorysetup-temp-allocator-size-background-worker=32768"
    "memorysetup-temp-allocator-size-job-worker=262144"
    "memorysetup-temp-allocator-size-preload-manager=33554432"
    "memorysetup-temp-allocator-size-nav-mesh-worker=65536"
    "memorysetup-temp-allocator-size-audio-worker=65536"
    "memorysetup-temp-allocator-size-cloud-worker=32768"
    "memorysetup-temp-allocator-size-gi-baking-worker=262144"
    "memorysetup-temp-allocator-size-gi-baking-worker=262144"
    "memorysetup-temp-allocator-size-gi-baking-worker=262144"
    "memorysetup-temp-allocator-size-gi-baking-worker=262144"
    "memorysetup-temp-allocator-size-gi-baking-worker=262144"
    "memorysetup-temp-allocator-size-gfx=262144"
Player connection [46696]  Target information:

Player connection [46696]  * "[IP] 192.168.1.116 [Port] 0 [Flags] 2 [Guid] 3778563234 [EditorId] 3778563234 [Version] 1048832 [Id] WindowsEditor(7,RonsPC) [Debug] 1 [PackageName] WindowsEditor [ProjectName] Editor" 

Player connection [46696] Host joined multi-casting on [225.0.0.222:54997]...
Player connection [46696] Host joined alternative multi-casting on [225.0.0.222:34997]...
JobSystem: Creating JobQueue using job-worker-count value 9
Library Redirect Path: Library/
[PhysX] Initialized MultithreadedTaskDispatcher with 10 workers.
Refreshing native plugins compatible for Editor in 2.98 ms, found 5 plugins.
Preloading 0 native plugins for Editor in 0.00 ms.
Initialize engine version: 6000.0.2f1 (c36be92430b9)
[Subsystems] Discovering subsystems at path C:/Program Files/Unity/Hub/Editor/6000.0.2f1/Editor/Data/Resources/UnitySubsystems
[Subsystems] Discovering subsystems at path D:/UnityProjects/AI-RPG/AI-RPG/Assets
GfxDevice: creating device client; kGfxThreadingModeNonThreaded
Direct3D:
    Version:  Direct3D 11.0 [level 11.1]
    Renderer: NVIDIA GeForce RTX 3080 Ti (ID=0x2208)
    Vendor:   NVIDIA
    VRAM:     12086 MB
    Driver:   31.0.15.5222
Initialize mono
Mono path[0] = 'C:/Program Files/Unity/Hub/Editor/6000.0.2f1/Editor/Data/Managed'
Mono path[1] = 'C:/Program Files/Unity/Hub/Editor/6000.0.2f1/Editor/Data/MonoBleedingEdge/lib/mono/unityjit-win32'
Mono config path = 'C:/Program Files/Unity/Hub/Editor/6000.0.2f1/Editor/Data/MonoBleedingEdge/etc'
Using monoOptions --debugger-agent=transport=dt_socket,embedding=1,server=y,suspend=n,address=127.0.0.1:56992
Begin MonoManager ReloadAssembly
Registering precompiled unity dll's ...
Register platform support module: C:/Program Files/Unity/Hub/Editor/6000.0.2f1/Editor/Data/PlaybackEngines/WindowsStandaloneSupport/UnityEditor.WindowsStandalone.Extensions.dll
Registered in 0.002774 seconds.
- Loaded All Assemblies, in  0.422 seconds
Native extension for WindowsStandalone target not found
Mono: successfully reloaded assembly
- Finished resetting the current domain, in  0.384 seconds
Domain Reload Profiling: 803ms
	BeginReloadAssembly (139ms)
		ExecutionOrderSort (0ms)
		DisableScriptedObjects (0ms)
		BackupInstance (0ms)
		ReleaseScriptingObjects (0ms)
		CreateAndSetChildDomain (1ms)
	RebuildCommonClasses (40ms)
	RebuildNativeTypeToScriptingClass (13ms)
	initialDomainReloadingComplete (53ms)
	LoadAllAssembliesAndSetupDomain (174ms)
		LoadAssemblies (137ms)
		RebuildTransferFunctionScriptingTraits (0ms)
		AnalyzeDomain (171ms)
			TypeCache.Refresh (170ms)
				TypeCache.ScanAssembly (151ms)
			BuildScriptInfoCaches (0ms)
			ResolveRequiredComponents (1ms)
	FinalizeReload (385ms)
		ReleaseScriptCaches (0ms)
		RebuildScriptCaches (0ms)
		SetupLoadedEditorAssemblies (320ms)
			LogAssemblyErrors (0ms)
			InitializePlatformSupportModulesInManaged (23ms)
			SetLoadedEditorAssemblies (5ms)
			BeforeProcessingInitializeOnLoad (6ms)
			ProcessInitializeOnLoadAttributes (138ms)
			ProcessInitializeOnLoadMethodAttributes (148ms)
			AfterProcessingInitializeOnLoad (0ms)
			EditorAssembliesLoaded (0ms)
		ExecutionOrderSort2 (0ms)
		AwakeInstancesAfterBackupRestoration (0ms)
Assembly reference Packages/com.unity.cinemachine/Editor/Samples/ExposeHDRPInternals/HDRP-Editor-ref.asmref has no target assembly definition
========================================================================
Worker process is ready to serve import requests
Import Worker Mode flag is 0x00
Assembly reference Packages/com.unity.cinemachine/Editor/Samples/ExposeHDRPInternals/HDRP-Editor-ref.asmref has no target assembly definition
Assembly reference Packages/com.unity.cinemachine/Editor/Samples/ExposeHDRPInternals/HDRP-Editor-ref.asmref has no target assembly definition
Begin MonoManager ReloadAssembly
scripting_class_is_subclass_of was called with a NULL parameter. This will crash the game if it happens outside of the editor.
scripting_class_is_subclass_of was called with a NULL parameter. This will crash the game if it happens outside of the editor.
scripting_class_is_subclass_of was called with a NULL parameter. This will crash the game if it happens outside of the editor.
Unloading broken assembly Assets/Packages/Microsoft.Extensions.Options.8.0.0/analyzers/dotnet/roslyn4.4/cs/Microsoft.Extensions.Options.SourceGeneration.dll, this assembly can cause crashes in the runtime
Unloading broken assembly Assets/Packages/Microsoft.Extensions.Logging.Abstractions.8.0.0/analyzers/dotnet/roslyn4.4/cs/Microsoft.Extensions.Logging.Generators.dll, this assembly can cause crashes in the runtime
- Loaded All Assemblies, in  1.160 seconds
Assembly reference Packages/com.unity.cinemachine/Editor/Samples/ExposeHDRPInternals/HDRP-Editor-ref.asmref has no target assembly definition
Script 'Tree' has the same name as built-in Unity component.
AddComponent and GetComponent will not work with this script.
Refreshing native plugins compatible for Editor in 1.64 ms, found 5 plugins.
Native extension for WindowsStandalone target not found
Assembly reference Packages/com.unity.cinemachine/Editor/Samples/ExposeHDRPInternals/HDRP-Editor-ref.asmref has no target assembly definition
Package Manager log level set to [2]
[Package Manager] Failed to launch server process. Reason: Unity was launched with the -noUpm command-line argument
[Package Manager] Unable to send message (not connected to server process).
[Package Manager] Cannot connect to Unity Package Manager local server
Refreshing native plugins compatible for Editor in 2.33 ms, found 5 plugins.
Launched and connected shader compiler UnityShaderCompiler.exe after 0.01 seconds
System.Reflection.TargetInvocationException: Exception has been thrown by the target of an invocation. ---> System.Reflection.ReflectionTypeLoadException: Exception of type 'System.Reflection.ReflectionTypeLoadException' was thrown.
Could not load type of field 'Microsoft.Extensions.Options.Generators.DiagDescriptors:<CantUseWithGenericTypes>k__BackingField' (1) due to: Could not load file or assembly 'Microsoft.CodeAnalysis, Version=4.4.0.0, Culture=neutral, PublicKeyToken=31bf3856ad364e35' or one of its dependencies.
Could not load file or assembly 'Microsoft.CodeAnalysis, Version=4.4.0.0, Culture=neutral, PublicKeyToken=31bf3856ad364e35' or one of its dependencies.
Could not load type of field 'Microsoft.Extensions.Options.Generators.Parser:_compilation' (2) due to: Could not load file or assembly 'Microsoft.CodeAnalysis, Version=4.4.0.0, Culture=neutral, PublicKeyToken=31bf3856ad364e35' or one of its dependencies.
Could not load type of field 'Microsoft.Extensions.Options.Generators.SymbolHolder:<OptionsValidatorSymbol>k__BackingField' (0) due to: Could not load file or assembly 'Microsoft.CodeAnalysis, Version=4.4.0.0, Culture=neutral, PublicKeyToken=31bf3856ad364e35' or one of its dependencies.
Could not load file or assembly 'Microsoft.CodeAnalysis, Version=4.4.0.0, Culture=neutral, PublicKeyToken=31bf3856ad364e35' or one of its dependencies.
Could not load type of field 'Microsoft.Extensions.Options.Generators.OptionsValidatorGenerator+<>c:<>9__0_0' (1) due to: Could not load file or assembly 'Microsoft.CodeAnalysis, Version=4.4.0.0, Culture=neutral, PublicKeyToken=31bf3856ad364e35' or one of its dependencies.
Could not load type of field 'Microsoft.Extensions.Options.Generators.Parser+<>c:<>9__9_0' (1) due to: Could not load file or assembly 'Microsoft.CodeAnalysis.CSharp, Version=4.4.0.0, Culture=neutral, PublicKeyToken=31bf3856ad364e35' or one of its dependencies.
Could not load type of field 'Microsoft.Extensions.Options.Generators.Parser+<>c__DisplayClass16_0:modelType' (0) due to: Could not load file or assembly 'Microsoft.CodeAnalysis, Version=4.4.0.0, Culture=neutral, PublicKeyToken=31bf3856ad364e35' or one of its dependencies.
Could not load type of field 'Microsoft.Extensions.Options.Generators.Parser+<>c__DisplayClass19_0:<>9__1' (1) due to: Could not load file or assembly 'Microsoft.CodeAnalysis, Version=4.4.0.0, Culture=neutral, PublicKeyToken=31bf3856ad364e35' or one of its dependencies.
Could not load type of field 'Microsoft.Extensions.Options.Generators.ParserUtilities+<>c__DisplayClass1_0:modifierToSearch' (1) due to: Could not load file or assembly 'Microsoft.CodeAnalysis.CSharp, Version=4.4.0.0, Culture=neutral, PublicKeyToken=31bf3856ad364e35' or one of its dependencies.
Could not load type of field 'Microsoft.Extensions.Options.Generators.ParserUtilities+<>c__DisplayClass5_0:returnType' (0) due to: Could not load file or assembly 'Microsoft.CodeAnalysis, Version=4.4.0.0, Culture=neutral, PublicKeyToken=31bf3856ad364e35' or one of its dependencies.
Could not load type of field 'Microsoft.Extensions.Options.Generators.SymbolLoader+<>c__DisplayClass16_0:compilation' (0) due to: Could not load file or assembly 'Microsoft.CodeAnalysis, Version=4.4.0.0, Culture=neutral, PublicKeyToken=31bf3856ad364e35' or one of its dependencies.
  at (wrapper managed-to-native) System.Reflection.Assembly.GetTypes(System.Reflection.Assembly,bool)
  at System.Reflection.Assembly.GetTypes () [0x00000] in <f22cb97e7aa5412ba04225fa1fc145f2>:0 
  at Pinwheel.Griffin.GCommon.GetAllLoadedTypes () [0x0001e] in D:\UnityProjects\AI-RPG\AI-RPG\Assets\Assets\Polaris - Low Poly Ecosystem\Polaris - Low Poly Terrain Engine\Runtime\Scripts\Core\GCommon.cs:702 
  at Pinwheel.Griffin.PaintTool.GSpawnFilterInitializer.InitFilters () [0x00000] in D:\UnityProjects\AI-RPG\AI-RPG\Assets\Assets\Polaris - Low Poly Ecosystem\Polaris - Low Poly Terrain Engine\Runtime\Scripts\PaintTool\SpawnFilters\GSpawnFilterInitializer.cs:23 
  at (wrapper managed-to-native) System.Reflection.RuntimeMethodInfo.InternalInvoke(System.Reflection.RuntimeMethodInfo,object,object[],System.Exception&)
  at System.Reflection.RuntimeMethodInfo.Invoke (System.Object obj, System.Reflection.BindingFlags invokeAttr, System.Reflection.Binder binder, System.Object[] parameters, System.Globalization.CultureInfo culture) [0x0006a] in <f22cb97e7aa5412ba04225fa1fc145f2>:0 
   --- End of inner exception stack trace ---
  at System.Reflection.RuntimeMethodInfo.Invoke (System.Object obj, System.Reflection.BindingFlags invokeAttr, System.Reflection.Binder binder, System.Object[] parameters, System.Globalization.CultureInfo culture) [0x00083] in <f22cb97e7aa5412ba04225fa1fc145f2>:0 
  at System.Reflection.MethodBase.Invoke (System.Object obj, System.Object[] parameters) [0x00000] in <f22cb97e7aa5412ba04225fa1fc145f2>:0 
  at UnityEditor.EditorAssemblies.ProcessInitializeOnLoadMethodAttributes () [0x00056] in <26627f99a7af447db68cd5961117dc4a>:0 
UnityEngine.Debug:ExtractStackTraceNoAlloc (byte*,int,string)
UnityEngine.StackTraceUtility:ExtractStackTrace ()
UnityEngine.DebugLogHandler:Internal_Log (UnityEngine.LogType,UnityEngine.LogOption,string,UnityEngine.Object)
UnityEngine.DebugLogHandler:LogFormat (UnityEngine.LogType,UnityEngine.Object,string,object[])
UnityEngine.Logger:Log (UnityEngine.LogType,object)
UnityEngine.Debug:LogError (object)
UnityEditor.EditorAssemblies:ProcessInitializeOnLoadMethodAttributes ()

Mono: successfully reloaded assembly
- Finished resetting the current domain, in  1.457 seconds
Domain Reload Profiling: 2615ms
	BeginReloadAssembly (349ms)
		ExecutionOrderSort (0ms)
		DisableScriptedObjects (4ms)
		BackupInstance (0ms)
		ReleaseScriptingObjects (0ms)
		CreateAndSetChildDomain (30ms)
	RebuildCommonClasses (32ms)
	RebuildNativeTypeToScriptingClass (9ms)
	initialDomainReloadingComplete (54ms)
	LoadAllAssembliesAndSetupDomain (712ms)
		LoadAssemblies (498ms)
		RebuildTransferFunctionScriptingTraits (0ms)
		AnalyzeDomain (305ms)
			TypeCache.Refresh (229ms)
				TypeCache.ScanAssembly (209ms)
			BuildScriptInfoCaches (61ms)
			ResolveRequiredComponents (12ms)
	FinalizeReload (1457ms)
		ReleaseScriptCaches (0ms)
		RebuildScriptCaches (0ms)
		SetupLoadedEditorAssemblies (1204ms)
			LogAssemblyErrors (0ms)
			InitializePlatformSupportModulesInManaged (2ms)
			SetLoadedEditorAssemblies (4ms)
			BeforeProcessingInitializeOnLoad (54ms)
			ProcessInitializeOnLoadAttributes (704ms)
			ProcessInitializeOnLoadMethodAttributes (436ms)
			AfterProcessingInitializeOnLoad (4ms)
			EditorAssembliesLoaded (0ms)
		ExecutionOrderSort2 (0ms)
		AwakeInstancesAfterBackupRestoration (9ms)
Refreshing native plugins compatible for Editor in 3.40 ms, found 5 plugins.
Preloading 0 native plugins for Editor in 0.00 ms.
Unloading 344 Unused Serialized files (Serialized files now loaded: 0)
Unloading 6806 unused Assets / (5.2 MB). Loaded Objects now: 7695.
Memory consumption went from 268.4 MB to 263.2 MB.
Total: 27.970500 ms (FindLiveObjects: 0.813700 ms CreateObjectMapping: 0.984000 ms MarkObjects: 22.585000 ms  DeleteObjects: 3.585300 ms)

========================================================================
Received Import Request.
  Time since last request: 85275.796501 seconds.
  path: Assets/Assets/PolygonFantasyKingdom/Prefabs/Generic/SM_Generic_Grass_Patch_01.prefab
  artifactKey: Guid(c97249061602607499e14777fbd7b065) Importer(815301076,1909f56bfc062723c751e8b465ee728b)
Start importing Assets/Assets/PolygonFantasyKingdom/Prefabs/Generic/SM_Generic_Grass_Patch_01.prefab using Guid(c97249061602607499e14777fbd7b065) Importer(815301076,1909f56bfc062723c751e8b465ee728b) (PreviewImporter)[PhysX] Initialized MultithreadedTaskDispatcher with 10 workers.
[PhysX] Initialized MultithreadedTaskDispatcher with 10 workers.
 -> (artifact id: '5e1483f2c6243f1501d212d42776aa74') in 0.5530737 seconds
Number of updated asset objects reloaded before import = 0Number of asset objects unloaded after import = 11

========================================================================
Received Import Request.
  Time since last request: 0.000034 seconds.
  path: Assets/Assets/PolygonFantasyKingdom/Prefabs/Generic/SM_Generic_Ground_02.prefab
  artifactKey: Guid(c0220a584e159304d8540ba6ad34766b) Importer(815301076,1909f56bfc062723c751e8b465ee728b)
Start importing Assets/Assets/PolygonFantasyKingdom/Prefabs/Generic/SM_Generic_Ground_02.prefab using Guid(c0220a584e159304d8540ba6ad34766b) Importer(815301076,1909f56bfc062723c751e8b465ee728b) (PreviewImporter)[PhysX] Initialized MultithreadedTaskDispatcher with 10 workers.
[PhysX] Initialized MultithreadedTaskDispatcher with 10 workers.
 -> (artifact id: 'd23bbd571c776f2d629472a96fcef65c') in 0.0527099 seconds
Number of updated asset objects reloaded before import = 0Number of asset objects unloaded after import = 11

========================================================================
Received Import Request.
  Time since last request: 0.000061 seconds.
  path: Assets/Assets/PolygonFantasyKingdom/Prefabs/Generic/SM_Generic_Mountains_Grass_01.prefab
  artifactKey: Guid(9558b56ef0b89dd408cb6b1e57367887) Importer(815301076,1909f56bfc062723c751e8b465ee728b)
Start importing Assets/Assets/PolygonFantasyKingdom/Prefabs/Generic/SM_Generic_Mountains_Grass_01.prefab using Guid(9558b56ef0b89dd408cb6b1e57367887) Importer(815301076,1909f56bfc062723c751e8b465ee728b) (PreviewImporter)[PhysX] Initialized MultithreadedTaskDispatcher with 10 workers.
[PhysX] Initialized MultithreadedTaskDispatcher with 10 workers.
 -> (artifact id: '997ab94bc07d3587724b8da4dbe753e5') in 0.043731 seconds
Number of updated asset objects reloaded before import = 0Number of asset objects unloaded after import = 12

========================================================================
Received Import Request.
  Time since last request: 1.815249 seconds.
  path: Assets/Assets/PolygonFantasyKingdom/Prefabs/Weapons/SM_Prop_Bow_02.prefab
  artifactKey: Guid(540a4181c60e5d24eb2e496a2cd4916c) Importer(815301076,1909f56bfc062723c751e8b465ee728b)
Start importing Assets/Assets/PolygonFantasyKingdom/Prefabs/Weapons/SM_Prop_Bow_02.prefab using Guid(540a4181c60e5d24eb2e496a2cd4916c) Importer(815301076,1909f56bfc062723c751e8b465ee728b) (PreviewImporter)[PhysX] Initialized MultithreadedTaskDispatcher with 10 workers.
[PhysX] Initialized MultithreadedTaskDispatcher with 10 workers.
 -> (artifact id: 'bb8b076450f5f97dec23672a652686c0') in 0.1337227 seconds
Number of updated asset objects reloaded before import = 0Number of asset objects unloaded after import = 13

========================================================================
Received Import Request.
  Time since last request: 0.738521 seconds.
  path: Assets/Assets/PolygonFantasyKingdom/Prefabs/Weapons/SM_Wep_Dagger_02.prefab
  artifactKey: Guid(be4857adbcd32de43aae6cd49a1a3245) Importer(815301076,1909f56bfc062723c751e8b465ee728b)
Start importing Assets/Assets/PolygonFantasyKingdom/Prefabs/Weapons/SM_Wep_Dagger_02.prefab using Guid(be4857adbcd32de43aae6cd49a1a3245) Importer(815301076,1909f56bfc062723c751e8b465ee728b) (PreviewImporter)[PhysX] Initialized MultithreadedTaskDispatcher with 10 workers.
[PhysX] Initialized MultithreadedTaskDispatcher with 10 workers.
 -> (artifact id: '3bfb88500aff46de32dee379d73c21f4') in 0.0282486 seconds
Number of updated asset objects reloaded before import = 0Number of asset objects unloaded after import = 13

========================================================================
Received Import Request.
  Time since last request: 0.001007 seconds.
  path: Assets/Assets/PolygonFantasyKingdom/Prefabs/Weapons/SM_Wep_Dagger_05.prefab
  artifactKey: Guid(962713b2326338e4396dfc9634c72b91) Importer(815301076,1909f56bfc062723c751e8b465ee728b)
Start importing Assets/Assets/PolygonFantasyKingdom/Prefabs/Weapons/SM_Wep_Dagger_05.prefab using Guid(962713b2326338e4396dfc9634c72b91) Importer(815301076,1909f56bfc062723c751e8b465ee728b) (PreviewImporter)[PhysX] Initialized MultithreadedTaskDispatcher with 10 workers.
[PhysX] Initialized MultithreadedTaskDispatcher with 10 workers.
 -> (artifact id: 'a737edb41c83c296ad5ec63f2c0ea9e9') in 0.0923342 seconds
Number of updated asset objects reloaded before import = 0Number of asset objects unloaded after import = 13

========================================================================
Received Import Request.
  Time since last request: 1.931593 seconds.
  path: Assets/Assets/PolygonFantasyKingdom/Prefabs/Weapons/SM_Wep_Hammer_05.prefab
  artifactKey: Guid(efe9aff527910ec48866a9de4bd0ef34) Importer(815301076,1909f56bfc062723c751e8b465ee728b)
Start importing Assets/Assets/PolygonFantasyKingdom/Prefabs/Weapons/SM_Wep_Hammer_05.prefab using Guid(efe9aff527910ec48866a9de4bd0ef34) Importer(815301076,1909f56bfc062723c751e8b465ee728b) (PreviewImporter)[PhysX] Initialized MultithreadedTaskDispatcher with 10 workers.
[PhysX] Initialized MultithreadedTaskDispatcher with 10 workers.
 -> (artifact id: 'e962a756f4406de5ca640f1f82cc9200') in 0.0775953 seconds
Number of updated asset objects reloaded before import = 0Number of asset objects unloaded after import = 13

========================================================================
Received Import Request.
  Time since last request: 0.379967 seconds.
  path: Assets/Assets/PolygonFantasyKingdom/Prefabs/Weapons/SM_Wep_Sceptre_02.prefab
  artifactKey: Guid(4431544ce8669554484541bb31d3a17d) Importer(815301076,1909f56bfc062723c751e8b465ee728b)
Start importing Assets/Assets/PolygonFantasyKingdom/Prefabs/Weapons/SM_Wep_Sceptre_02.prefab using Guid(4431544ce8669554484541bb31d3a17d) Importer(815301076,1909f56bfc062723c751e8b465ee728b) (PreviewImporter)[PhysX] Initialized MultithreadedTaskDispatcher with 10 workers.
[PhysX] Initialized MultithreadedTaskDispatcher with 10 workers.
 -> (artifact id: '6801043810b78737a0eb89ceec11ef18') in 0.0810474 seconds
Number of updated asset objects reloaded before import = 0Number of asset objects unloaded after import = 13

========================================================================
Received Import Request.
  Time since last request: 0.063662 seconds.
  path: Assets/Assets/PolygonFantasyKingdom/Prefabs/Weapons/SM_Wep_Sceptre_07.prefab
  artifactKey: Guid(e6a632e36b540b24aa74d53ac89e38f8) Importer(815301076,1909f56bfc062723c751e8b465ee728b)
Start importing Assets/Assets/PolygonFantasyKingdom/Prefabs/Weapons/SM_Wep_Sceptre_07.prefab using Guid(e6a632e36b540b24aa74d53ac89e38f8) Importer(815301076,1909f56bfc062723c751e8b465ee728b) (PreviewImporter)[PhysX] Initialized MultithreadedTaskDispatcher with 10 workers.
[PhysX] Initialized MultithreadedTaskDispatcher with 10 workers.
 -> (artifact id: '9a080b31a39f37525489cc51d0d4b9d4') in 0.0709094 seconds
Number of updated asset objects reloaded before import = 0Number of asset objects unloaded after import = 13

========================================================================
Received Import Request.
  Time since last request: 0.484140 seconds.
  path: Assets/Assets/PolygonFantasyKingdom/Prefabs/Weapons/SM_Wep_Shield_05.prefab
  artifactKey: Guid(24088ade532cd2748addb0fca54f85f9) Importer(815301076,1909f56bfc062723c751e8b465ee728b)
Start importing Assets/Assets/PolygonFantasyKingdom/Prefabs/Weapons/SM_Wep_Shield_05.prefab using Guid(24088ade532cd2748addb0fca54f85f9) Importer(815301076,1909f56bfc062723c751e8b465ee728b) (PreviewImporter)[PhysX] Initialized MultithreadedTaskDispatcher with 10 workers.
[PhysX] Initialized MultithreadedTaskDispatcher with 10 workers.
 -> (artifact id: '60a915081ae00130c73faea6f7f6484c') in 0.0890457 seconds
Number of updated asset objects reloaded before import = 0Number of asset objects unloaded after import = 13

========================================================================
Received Import Request.
  Time since last request: 1.055045 seconds.
  path: Assets/Assets/PolygonFantasyKingdom/Prefabs/Weapons/SM_Wep_Staff_02.prefab
  artifactKey: Guid(c2dd40164096b6e4580abdd7d7679766) Importer(815301076,1909f56bfc062723c751e8b465ee728b)
Start importing Assets/Assets/PolygonFantasyKingdom/Prefabs/Weapons/SM_Wep_Staff_02.prefab using Guid(c2dd40164096b6e4580abdd7d7679766) Importer(815301076,1909f56bfc062723c751e8b465ee728b) (PreviewImporter)[PhysX] Initialized MultithreadedTaskDispatcher with 10 workers.
[PhysX] Initialized MultithreadedTaskDispatcher with 10 workers.
 -> (artifact id: '4543d07dad520ff88ca1648cb0694bbc') in 0.0627618 seconds
Number of updated asset objects reloaded before import = 0Number of asset objects unloaded after import = 13

Editor requested this worker to shutdown with reason: Scaling down because of idle timeout
AssetImportWorker is now disconnected from the server
Process exiting
Exiting without the bug reporter. Application will terminate with return code 0